* demlistz.rpt
* demlistz.rpt is generated from D:\asya\acugt.ytl\otel\demlistz.Psf
* This is a generated file. DO NOT modify this file directly.

 Acu-Report1-HTML-HEADER.
     MOVE '<HTML>' TO PRINT-BUF.
     WRITE PRINTF-R FROM PRINT-BUF AFTER 001
     INITIALIZE PRINT-BUF
     MOVE '<HEAD><TITLE>  </TITLE></HEAD>' 
        TO PRINT-BUF
     WRITE PRINTF-R FROM PRINT-BUF AFTER 001
     INITIALIZE PRINT-BUF
     PERFORM Acu-Report1-HTML-CSS
     MOVE '<BODY STYLE="BACKGROUND-COLOR:#FFFFFF;">' TO PRINT-BUF
     WRITE PRINTF-R FROM PRINT-BUF AFTER 001
     INITIALIZE PRINT-BUF
     .

 Acu-Report1-HTML-FOOTER.
     MOVE '</BODY>' TO PRINT-BUF
     WRITE PRINTF-R FROM PRINT-BUF AFTER 001
     INITIALIZE PRINT-BUF
     MOVE '</HTML>' TO PRINT-BUF
     WRITE PRINTF-R FROM PRINT-BUF AFTER 001
     INITIALIZE PRINT-BUF
     .

 Acu-Report1-HTML-CSS.
     MOVE '<STYLE TYPE="TEXT/CSS">' TO PRINT-BUF
     WRITE PRINTF-R FROM PRINT-BUF AFTER 001
     INITIALIZE PRINT-BUF
* Report1-RwLa-2aa'S CSS SETTING
     MOVE 
        '   .Report1-RwLa-2aa {POSITION:ABSOLUTE; TOP:75; LEFT:40; WIDTH
-       ':74; HEIGHT:12; TEXT-ALIGN:RIGHT; FONT-SIZE:10pt; FONT-FAMILY:L
-       'ucida Console; BACKGROUND-COLOR:TRANSPARENT; }' TO PRINT-BUF
     WRITE PRINTF-R FROM PRINT-BUF AFTER 001
     INITIALIZE PRINT-BUF
* Report1-RwLa-2aaa'S CSS SETTING
     MOVE 
        '   .Report1-RwLa-2aaa {POSITION:ABSOLUTE; TOP:91; LEFT:48; WIDT
-       'H:65; HEIGHT:12; TEXT-ALIGN:RIGHT; FONT-SIZE:10pt; FONT-FAMILY:
-       'Lucida Console; BACKGROUND-COLOR:TRANSPARENT; }' TO PRINT-BUF
     WRITE PRINTF-R FROM PRINT-BUF AFTER 001
     INITIALIZE PRINT-BUF
* Report1-RwDtTm-1'S CSS Setting
     MOVE 
        '   .Report1-RwDtTm-1 {POSITION:ABSOLUTE; TOP:0; LEFT:399; WIDTH
-       ':153; HEIGHT:12; TEXT-ALIGN:CENTER; COLOR:#800000; BACKGROUND-C
-       'OLOR:#FFFFFF; }' TO PRINT-BUF
     WRITE PRINTF-R FROM PRINT-BUF AFTER 001
     INITIALIZE PRINT-BUF
* Report1-RwLa-2b'S CSS SETTING
     MOVE 
        '   .Report1-RwLa-2b {POSITION:ABSOLUTE; TOP:30; LEFT:142; WIDTH
-       ':138; HEIGHT:12; FONT-SIZE:10pt; FONT-FAMILY:Lucida Console; BA
-       'CKGROUND-COLOR:TRANSPARENT; }' TO PRINT-BUF
     WRITE PRINTF-R FROM PRINT-BUF AFTER 001
     INITIALIZE PRINT-BUF
* Report1-RwLa-2ba'S CSS SETTING
     MOVE 
        '   .Report1-RwLa-2ba {POSITION:ABSOLUTE; TOP:30; LEFT:287; WIDT
-       'H:264; HEIGHT:12; FONT-SIZE:10pt; FONT-FAMILY:Lucida Console; B
-       'ACKGROUND-COLOR:TRANSPARENT; }' TO PRINT-BUF
     WRITE PRINTF-R FROM PRINT-BUF AFTER 001
     INITIALIZE PRINT-BUF
* Report1-RwLa-2aaaa'S CSS SETTING
     MOVE 
        '   .Report1-RwLa-2aaaa {POSITION:ABSOLUTE; TOP:47; LEFT:185; WI
-       'DTH:324; HEIGHT:12; TEXT-ALIGN:LEFT; FONT-SIZE:10pt; FONT-FAMIL
-       'Y:Lucida Console; BACKGROUND-COLOR:TRANSPARENT; }' TO PRINT-BUF
     WRITE PRINTF-R FROM PRINT-BUF AFTER 001
     INITIALIZE PRINT-BUF
* Report1-RwLn-1a'S CSS SETTING
     MOVE 
        '   .Report1-RwLn-1a {POSITION:ABSOLUTE; TOP:178; LEFT:51; WIDTH
-       ':510; HEIGHT:1; BORDER-TOP: 1px solid; COLOR:#000000; }'
         TO PRINT-BUF
     WRITE PRINTF-R FROM PRINT-BUF AFTER 001
     INITIALIZE PRINT-BUF
* Report1-RwLa-2aab'S CSS SETTING
     MOVE 
        '   .Report1-RwLa-2aab {POSITION:ABSOLUTE; TOP:75; LEFT:124; WID
-       'TH:64; HEIGHT:12; TEXT-ALIGN:LEFT; FONT-SIZE:10pt; FONT-FAMILY:
-       'Lucida Console; BACKGROUND-COLOR:TRANSPARENT; }' TO PRINT-BUF
     WRITE PRINTF-R FROM PRINT-BUF AFTER 001
     INITIALIZE PRINT-BUF
* Report1-RwLa-2aaab'S CSS SETTING
     MOVE 
        '   .Report1-RwLa-2aaab {POSITION:ABSOLUTE; TOP:108; LEFT:48; WI
-       'DTH:65; HEIGHT:12; TEXT-ALIGN:RIGHT; FONT-SIZE:10pt; FONT-FAMIL
-       'Y:Lucida Console; BACKGROUND-COLOR:TRANSPARENT; }' TO PRINT-BUF
     WRITE PRINTF-R FROM PRINT-BUF AFTER 001
     INITIALIZE PRINT-BUF
* Report1-RwLa-2baaabab'S CSS SETTING
     MOVE 
        '   .Report1-RwLa-2baaabab {POSITION:ABSOLUTE; TOP:150; LEFT:51;
-       ' WIDTH:419; HEIGHT:18; TEXT-ALIGN:LEFT; FONT-SIZE:9pt; FONT-FAM
-       'ILY:Lucida Console; BACKGROUND-COLOR:TRANSPARENT; }'
         TO PRINT-BUF
     WRITE PRINTF-R FROM PRINT-BUF AFTER 001
     INITIALIZE PRINT-BUF
* Report1-RwLa-2aaba'S CSS SETTING
     MOVE 
        '   .Report1-RwLa-2aaba {POSITION:ABSOLUTE; TOP:90; LEFT:124; WI
-       'DTH:107; HEIGHT:12; TEXT-ALIGN:LEFT; FONT-SIZE:10pt; FONT-FAMIL
-       'Y:Lucida Console; BACKGROUND-COLOR:TRANSPARENT; }' TO PRINT-BUF
     WRITE PRINTF-R FROM PRINT-BUF AFTER 001
     INITIALIZE PRINT-BUF
* Report1-RwLa-2aabaa'S CSS SETTING
     MOVE 
        '   .Report1-RwLa-2aabaa {POSITION:ABSOLUTE; TOP:109; LEFT:124; 
-       'WIDTH:107; HEIGHT:13; TEXT-ALIGN:LEFT; FONT-SIZE:10pt; FONT-FAM
-       'ILY:Lucida Console; BACKGROUND-COLOR:TRANSPARENT; }'
         TO PRINT-BUF
     WRITE PRINTF-R FROM PRINT-BUF AFTER 001
     INITIALIZE PRINT-BUF
* Report1-RwLn-2'S CSS SETTING
     MOVE 
        '   .Report1-RwLn-2 {POSITION:ABSOLUTE; TOP:178; LEFT:51; WIDTH=
-       '1; HEIGHT:20; BORDER-LEFT: 1px solid; COLOR:#000000; }'
         TO PRINT-BUF
     WRITE PRINTF-R FROM PRINT-BUF AFTER 001
     INITIALIZE PRINT-BUF
* Report1-RwLn-1'S CSS SETTING
     MOVE 
        '   .Report1-RwLn-1 {POSITION:ABSOLUTE; TOP:198; LEFT:51; WIDTH:
-       '510; HEIGHT:1; BORDER-TOP: 1px solid; COLOR:#000000; }'
         TO PRINT-BUF
     WRITE PRINTF-R FROM PRINT-BUF AFTER 001
     INITIALIZE PRINT-BUF
* Report1-RwLa-2baaab'S CSS SETTING
     MOVE 
        '   .Report1-RwLa-2baaab {POSITION:ABSOLUTE; TOP:184; LEFT:60; W
-       'IDTH:24; HEIGHT:8; FONT-SIZE:9pt; FONT-FAMILY:Lucida Console; B
-       'ACKGROUND-COLOR:TRANSPARENT; }' TO PRINT-BUF
     WRITE PRINTF-R FROM PRINT-BUF AFTER 001
     INITIALIZE PRINT-BUF
* Report1-RwLa-2baaabaa'S CSS SETTING
     MOVE 
        '   .Report1-RwLa-2baaabaa {POSITION:ABSOLUTE; TOP:184; LEFT:310
-       '; WIDTH:50; HEIGHT:9; TEXT-ALIGN:CENTER; FONT-SIZE:9pt; FONT-FA
-       'MILY:Lucida Console; BACKGROUND-COLOR:TRANSPARENT; }'
         TO PRINT-BUF
     WRITE PRINTF-R FROM PRINT-BUF AFTER 001
     INITIALIZE PRINT-BUF
* Report1-RwLn-2aa'S CSS SETTING
     MOVE 
        '   .Report1-RwLn-2aa {POSITION:ABSOLUTE; TOP:178; LEFT:88; WIDT
-       'H=1; HEIGHT:20; BORDER-LEFT: 1px solid; COLOR:#000000; }'
         TO PRINT-BUF
     WRITE PRINTF-R FROM PRINT-BUF AFTER 001
     INITIALIZE PRINT-BUF
* Report1-RwLn-2aaa'S CSS SETTING
     MOVE 
        '   .Report1-RwLn-2aaa {POSITION:ABSOLUTE; TOP:178; LEFT:306; WI
-       'DTH=1; HEIGHT:20; BORDER-LEFT: 1px solid; COLOR:#000000; }'
         TO PRINT-BUF
     WRITE PRINTF-R FROM PRINT-BUF AFTER 001
     INITIALIZE PRINT-BUF
* Report1-RwLn-2aaaa'S CSS SETTING
     MOVE 
        '   .Report1-RwLn-2aaaa {POSITION:ABSOLUTE; TOP:178; LEFT:358; W
-       'IDTH=1; HEIGHT:20; BORDER-LEFT: 1px solid; COLOR:#000000; }'
         TO PRINT-BUF
     WRITE PRINTF-R FROM PRINT-BUF AFTER 001
     INITIALIZE PRINT-BUF
* Report1-RwLn-2ba'S CSS SETTING
     MOVE 
        '   .Report1-RwLn-2ba {POSITION:ABSOLUTE; TOP:178; LEFT:450; WID
-       'TH=1; HEIGHT:20; BORDER-LEFT: 1px solid; COLOR:#000000; }'
         TO PRINT-BUF
     WRITE PRINTF-R FROM PRINT-BUF AFTER 001
     INITIALIZE PRINT-BUF
* Report1-RwLa-2baaabaab'S CSS SETTING
     MOVE 
        '   .Report1-RwLa-2baaabaab {POSITION:ABSOLUTE; TOP:184; LEFT:36
-       '4; WIDTH:80; HEIGHT:8; TEXT-ALIGN:CENTER; FONT-SIZE:9pt; FONT-F
-       'AMILY:Lucida Console; BACKGROUND-COLOR:TRANSPARENT; }'
         TO PRINT-BUF
     WRITE PRINTF-R FROM PRINT-BUF AFTER 001
     INITIALIZE PRINT-BUF
* Report1-RwLn-2baa'S CSS SETTING
     MOVE 
        '   .Report1-RwLn-2baa {POSITION:ABSOLUTE; TOP:178; LEFT:558; WI
-       'DTH=1; HEIGHT:20; BORDER-LEFT: 1px solid; COLOR:#000000; }'
         TO PRINT-BUF
     WRITE PRINTF-R FROM PRINT-BUF AFTER 001
     INITIALIZE PRINT-BUF
* Report1-RwLa-2baaaba'S CSS SETTING
     MOVE 
        '   .Report1-RwLa-2baaaba {POSITION:ABSOLUTE; TOP:184; LEFT:88; 
-       'WIDTH:219; HEIGHT:9; TEXT-ALIGN:CENTER; FONT-SIZE:9pt; FONT-FAM
-       'ILY:Lucida Console; BACKGROUND-COLOR:TRANSPARENT; }'
         TO PRINT-BUF
     WRITE PRINTF-R FROM PRINT-BUF AFTER 001
     INITIALIZE PRINT-BUF
* Report1-RwLa-2baaabaaba'S CSS SETTING
     MOVE 
        '   .Report1-RwLa-2baaabaaba {POSITION:ABSOLUTE; TOP:184; LEFT:4
-       '54; WIDTH:98; HEIGHT:8; TEXT-ALIGN:CENTER; FONT-SIZE:9pt; FONT-
-       'FAMILY:Lucida Console; BACKGROUND-COLOR:TRANSPARENT; }'
         TO PRINT-BUF
     WRITE PRINTF-R FROM PRINT-BUF AFTER 001
     INITIALIZE PRINT-BUF
* Report1-RwLn-1b'S CSS SETTING
     MOVE 
        '   .Report1-RwLn-1b {POSITION:ABSOLUTE; TOP:219; LEFT:51; WIDTH
-       ':510; HEIGHT:1; BORDER-TOP: 1px solid; COLOR:#000000; }'
         TO PRINT-BUF
     WRITE PRINTF-R FROM PRINT-BUF AFTER 001
     INITIALIZE PRINT-BUF
* Report1-RwLa-3aaa'S CSS SETTING
     MOVE 
        '   .Report1-RwLa-3aaa {POSITION:ABSOLUTE; TOP:5; LEFT:366; WIDT
-       'H:81; HEIGHT:13; TEXT-ALIGN:RIGHT; FONT-SIZE:9pt; FONT-FAMILY:L
-       'ucida Console; BACKGROUND-COLOR:TRANSPARENT; }' TO PRINT-BUF
     WRITE PRINTF-R FROM PRINT-BUF AFTER 001
     INITIALIZE PRINT-BUF
* Report1-RwLa-3aaaab'S CSS SETTING
     MOVE 
        '   .Report1-RwLa-3aaaab {POSITION:ABSOLUTE; TOP:5; LEFT:307; WI
-       'DTH:51; HEIGHT:13; TEXT-ALIGN:CENTER; FONT-SIZE:9pt; FONT-FAMIL
-       'Y:Lucida Console; BACKGROUND-COLOR:TRANSPARENT; }' TO PRINT-BUF
     WRITE PRINTF-R FROM PRINT-BUF AFTER 001
     INITIALIZE PRINT-BUF
* Report1-RwLa-3a'S CSS SETTING
     MOVE 
        '   .Report1-RwLa-3a {POSITION:ABSOLUTE; TOP:5; LEFT:96; WIDTH:2
-       '07; HEIGHT:13; TEXT-ALIGN:LEFT; FONT-SIZE:9pt; FONT-FAMILY:Luci
-       'da Console; BACKGROUND-COLOR:TRANSPARENT; }' TO PRINT-BUF
     WRITE PRINTF-R FROM PRINT-BUF AFTER 001
     INITIALIZE PRINT-BUF
* Report1-RwLa-3'S CSS SETTING
     MOVE 
        '   .Report1-RwLa-3 {POSITION:ABSOLUTE; TOP:5; LEFT:57; WIDTH:36
-       '; HEIGHT:10; TEXT-ALIGN:LEFT; FONT-SIZE:9pt; FONT-FAMILY:Lucida
-       ' Console; BACKGROUND-COLOR:TRANSPARENT; }' TO PRINT-BUF
     WRITE PRINTF-R FROM PRINT-BUF AFTER 001
     INITIALIZE PRINT-BUF
* Report1-RwLa-3b'S CSS SETTING
     MOVE 
        '   .Report1-RwLa-3b {POSITION:ABSOLUTE; TOP:5; LEFT:456; WIDTH:
-       '93; HEIGHT:10; TEXT-ALIGN:RIGHT; FONT-SIZE:9pt; FONT-FAMILY:Luc
-       'ida Console; BACKGROUND-COLOR:TRANSPARENT; }' TO PRINT-BUF
     WRITE PRINTF-R FROM PRINT-BUF AFTER 001
     INITIALIZE PRINT-BUF
* Report1-RwLn-1d'S CSS SETTING
     MOVE 
        '   .Report1-RwLn-1d {POSITION:ABSOLUTE; TOP:18; LEFT:51; WIDTH:
-       '510; HEIGHT:1; BORDER-TOP: 1px solid; COLOR:#000000; }'
         TO PRINT-BUF
     WRITE PRINTF-R FROM PRINT-BUF AFTER 001
     INITIALIZE PRINT-BUF
* Report1-RwLn-2a'S CSS SETTING
     MOVE 
        '   .Report1-RwLn-2a {POSITION:ABSOLUTE; TOP:0; LEFT:51; WIDTH=1
-       '; HEIGHT:18; BORDER-LEFT: 1px solid; COLOR:#000000; }'
         TO PRINT-BUF
     WRITE PRINTF-R FROM PRINT-BUF AFTER 001
     INITIALIZE PRINT-BUF
* Report1-RwLn-2ab'S CSS SETTING
     MOVE 
        '   .Report1-RwLn-2ab {POSITION:ABSOLUTE; TOP:0; LEFT:90; WIDTH=
-       '1; HEIGHT:18; BORDER-LEFT: 1px solid; COLOR:#000000; }'
         TO PRINT-BUF
     WRITE PRINTF-R FROM PRINT-BUF AFTER 001
     INITIALIZE PRINT-BUF
* Report1-RwLn-2aba'S CSS SETTING
     MOVE 
        '   .Report1-RwLn-2aba {POSITION:ABSOLUTE; TOP:0; LEFT:310; WIDT
-       'H=1; HEIGHT:18; BORDER-LEFT: 1px solid; COLOR:#000000; }'
         TO PRINT-BUF
     WRITE PRINTF-R FROM PRINT-BUF AFTER 001
     INITIALIZE PRINT-BUF
* Report1-RwLn-2abb'S CSS SETTING
     MOVE 
        '   .Report1-RwLn-2abb {POSITION:ABSOLUTE; TOP:0; LEFT:360; WIDT
-       'H=1; HEIGHT:18; BORDER-LEFT: 1px solid; COLOR:#000000; }'
         TO PRINT-BUF
     WRITE PRINTF-R FROM PRINT-BUF AFTER 001
     INITIALIZE PRINT-BUF
* Report1-RwLn-2abc'S CSS SETTING
     MOVE 
        '   .Report1-RwLn-2abc {POSITION:ABSOLUTE; TOP:0; LEFT:450; WIDT
-       'H=1; HEIGHT:18; BORDER-LEFT: 1px solid; COLOR:#000000; }'
         TO PRINT-BUF
     WRITE PRINTF-R FROM PRINT-BUF AFTER 001
     INITIALIZE PRINT-BUF
* Report1-RwLn-2abd'S CSS SETTING
     MOVE 
        '   .Report1-RwLn-2abd {POSITION:ABSOLUTE; TOP:0; LEFT:558; WIDT
-       'H=1; HEIGHT:18; BORDER-LEFT: 1px solid; COLOR:#000000; }'
         TO PRINT-BUF
     WRITE PRINTF-R FROM PRINT-BUF AFTER 001
     INITIALIZE PRINT-BUF
* Report1-RwLa-3ba'S CSS SETTING
     MOVE 
        '   .Report1-RwLa-3ba {POSITION:ABSOLUTE; TOP:5; LEFT:456; WIDTH
-       ':93; HEIGHT:10; TEXT-ALIGN:RIGHT; FONT-SIZE:9pt; FONT-FAMILY:Lu
-       'cida Console; BACKGROUND-COLOR:TRANSPARENT; }' TO PRINT-BUF
     WRITE PRINTF-R FROM PRINT-BUF AFTER 001
     INITIALIZE PRINT-BUF
* Report1-RwLn-1da'S CSS SETTING
     MOVE 
        '   .Report1-RwLn-1da {POSITION:ABSOLUTE; TOP:18; LEFT:51; WIDTH
-       ':510; HEIGHT:1; BORDER-TOP: 1px solid; COLOR:#000000; }'
         TO PRINT-BUF
     WRITE PRINTF-R FROM PRINT-BUF AFTER 001
     INITIALIZE PRINT-BUF
* Report1-RwLn-2ac'S CSS SETTING
     MOVE 
        '   .Report1-RwLn-2ac {POSITION:ABSOLUTE; TOP:0; LEFT:51; WIDTH=
-       '1; HEIGHT:18; BORDER-LEFT: 1px solid; COLOR:#000000; }'
         TO PRINT-BUF
     WRITE PRINTF-R FROM PRINT-BUF AFTER 001
     INITIALIZE PRINT-BUF
* Report1-RwLn-2abca'S CSS SETTING
     MOVE 
        '   .Report1-RwLn-2abca {POSITION:ABSOLUTE; TOP:0; LEFT:450; WID
-       'TH=1; HEIGHT:18; BORDER-LEFT: 1px solid; COLOR:#000000; }'
         TO PRINT-BUF
     WRITE PRINTF-R FROM PRINT-BUF AFTER 001
     INITIALIZE PRINT-BUF
* Report1-RwLn-2abda'S CSS SETTING
     MOVE 
        '   .Report1-RwLn-2abda {POSITION:ABSOLUTE; TOP:0; LEFT:558; WID
-       'TH=1; HEIGHT:18; BORDER-LEFT: 1px solid; COLOR:#000000; }'
         TO PRINT-BUF
     WRITE PRINTF-R FROM PRINT-BUF AFTER 001
     INITIALIZE PRINT-BUF
* Report1-RwLa-3baa'S CSS SETTING
     MOVE 
        '   .Report1-RwLa-3baa {POSITION:ABSOLUTE; TOP:5; LEFT:347; WIDT
-       'H:92; HEIGHT:10; TEXT-ALIGN:RIGHT; FONT-SIZE:9pt; FONT-FAMILY:L
-       'ucida Console; BACKGROUND-COLOR:TRANSPARENT; }' TO PRINT-BUF
     WRITE PRINTF-R FROM PRINT-BUF AFTER 001
     INITIALIZE PRINT-BUF
* Report1-RwLa-3aba'S CSS SETTING
     MOVE 
        '   .Report1-RwLa-3aba {POSITION:ABSOLUTE; TOP:100; LEFT:40; WID
-       'TH:126; HEIGHT:12; FONT-SIZE:10pt; FONT-FAMILY:Lucida Console; 
-       'BACKGROUND-COLOR:TRANSPARENT; }' TO PRINT-BUF
     WRITE PRINTF-R FROM PRINT-BUF AFTER 001
     INITIALIZE PRINT-BUF
* Report1-RwLa-3abaa'S CSS SETTING
     MOVE 
        '   .Report1-RwLa-3abaa {POSITION:ABSOLUTE; TOP:100; LEFT:349; W
-       'IDTH:167; HEIGHT:12; FONT-SIZE:10pt; FONT-FAMILY:Lucida Console
-       '; BACKGROUND-COLOR:TRANSPARENT; }' TO PRINT-BUF
     WRITE PRINTF-R FROM PRINT-BUF AFTER 001
     INITIALIZE PRINT-BUF
* Report1-RwLa-3abaaa'S CSS SETTING
     MOVE 
        '   .Report1-RwLa-3abaaa {POSITION:ABSOLUTE; TOP:100; LEFT:540; 
-       'WIDTH:45; HEIGHT:12; FONT-SIZE:10pt; FONT-FAMILY:Lucida Console
-       '; BACKGROUND-COLOR:TRANSPARENT; }' TO PRINT-BUF
     WRITE PRINTF-R FROM PRINT-BUF AFTER 001
     INITIALIZE PRINT-BUF
* Report1-RwLa-3abaab'S CSS SETTING
     MOVE 
        '   .Report1-RwLa-3abaab {POSITION:ABSOLUTE; TOP:139; LEFT:330; 
-       'WIDTH:165; HEIGHT:12; FONT-SIZE:10pt; FONT-FAMILY:Lucida Consol
-       'e; BACKGROUND-COLOR:TRANSPARENT; }' TO PRINT-BUF
     WRITE PRINTF-R FROM PRINT-BUF AFTER 001
     INITIALIZE PRINT-BUF
* Report1-RwLa-3abaaba'S CSS SETTING
     MOVE 
        '   .Report1-RwLa-3abaaba {POSITION:ABSOLUTE; TOP:139; LEFT:520;
-       ' WIDTH:96; HEIGHT:12; FONT-SIZE:10pt; FONT-FAMILY:Lucida Consol
-       'e; BACKGROUND-COLOR:TRANSPARENT; }' TO PRINT-BUF
     WRITE PRINTF-R FROM PRINT-BUF AFTER 001
     INITIALIZE PRINT-BUF
* Report1-RwLa-3abaabb'S CSS SETTING
     MOVE 
        '   .Report1-RwLa-3abaabb {POSITION:ABSOLUTE; TOP:139; LEFT:40; 
-       'WIDTH:150; HEIGHT:12; FONT-SIZE:10pt; FONT-FAMILY:Lucida Consol
-       'e; BACKGROUND-COLOR:TRANSPARENT; }' TO PRINT-BUF
     WRITE PRINTF-R FROM PRINT-BUF AFTER 001
     INITIALIZE PRINT-BUF
* Report1-RwLa-3abaabaa'S CSS SETTING
     MOVE 
        '   .Report1-RwLa-3abaabaa {POSITION:ABSOLUTE; TOP:139; LEFT:210
-       '; WIDTH:76; HEIGHT:12; FONT-SIZE:10pt; FONT-FAMILY:Lucida Conso
-       'le; BACKGROUND-COLOR:TRANSPARENT; }' TO PRINT-BUF
     WRITE PRINTF-R FROM PRINT-BUF AFTER 001
     INITIALIZE PRINT-BUF
* Report1-RwDtTm-1a'S CSS Setting
     MOVE 
        '   .Report1-RwDtTm-1a {POSITION:ABSOLUTE; TOP:83; LEFT:100; WID
-       'TH:93; HEIGHT:11; TEXT-ALIGN:CENTER; FONT-SIZE:9pt; FONT-FAMILY
-       ':Lucida Console; BACKGROUND-COLOR:TRANSPARENT; }' TO PRINT-BUF
     WRITE PRINTF-R FROM PRINT-BUF AFTER 001
     INITIALIZE PRINT-BUF
* Report1-RwLa-3abaac'S CSS SETTING
     MOVE 
        '   .Report1-RwLa-3abaac {POSITION:ABSOLUTE; TOP:82; LEFT:36; WI
-       'DTH:66; HEIGHT:12; FONT-SIZE:10pt; FONT-FAMILY:Lucida Console; 
-       'BACKGROUND-COLOR:TRANSPARENT; }' TO PRINT-BUF
     WRITE PRINTF-R FROM PRINT-BUF AFTER 001
     INITIALIZE PRINT-BUF
* Report1-RwLa-3abaaaa'S CSS SETTING
     MOVE 
        '   .Report1-RwLa-3abaaaa {POSITION:ABSOLUTE; TOP:100; LEFT:210;
-       ' WIDTH:84; HEIGHT:12; FONT-SIZE:10pt; FONT-FAMILY:Lucida Consol
-       'e; BACKGROUND-COLOR:TRANSPARENT; }' TO PRINT-BUF
     WRITE PRINTF-R FROM PRINT-BUF AFTER 001
     INITIALIZE PRINT-BUF
     MOVE '</STYLE>' TO PRINT-BUF
     WRITE PRINTF-R FROM PRINT-BUF AFTER 001
     INITIALIZE PRINT-BUF
     .    

 Acu-Report1-PRINT-PARA.
     MOVE SPACES TO PRINT-FULLNAME
     CALL "C$FULLNAME" USING rapor-dosya, PRINT-FULLNAME,
          GIVING ACU-STATUS-CODE
     IF ACU-STATUS-CODE = 1
        MOVE 0 TO ACU-SETUPPRINT
        EXIT PARAGRAPH
     END-IF
     MOVE 0 TO ACU-IDX1
     INSPECT PRINT-FULLNAME TALLYING ACU-IDX1 FOR ALL "\"
     INSPECT PRINT-FULLNAME REPLACING TRAILING SPACE BY "*"
     IF ACU-IDX1 <= 0
        MOVE SPACES TO DUMY-LINE
        CALL "C$CHDIR" USING DUMY-LINE
        INSPECT DUMY-LINE REPLACING TRAILING SPACE BY "*"
        MOVE 0 TO ACU-STATUS-CODE
        PERFORM VARYING ACU-IDX2 FROM 1 BY 1 UNTIL
        ACU-STATUS-CODE = 1
           IF DUMY-LINE(ACU-IDX2:1) = "*"
              MOVE 1 TO ACU-STATUS-CODE
           END-IF
        END-PERFORM
        IF DUMY-LINE(ACU-IDX2 - 2:1) = "\"
           STRING DUMY-LINE, PRINT-FULLNAME, X"00"
              DELIMITED BY "*" INTO PRT-FULLFILENAME
        ELSE
           STRING DUMY-LINE, "\", PRINT-FULLNAME, X"00"
              DELIMITED BY "*" INTO PRT-FULLFILENAME
        END-IF
     ELSE
        STRING PRINT-FULLNAME , X"00" DELIMITED BY "*" INTO 
           PRT-FULLFILENAME
     END-IF

     STRING "A4", X"00" DELIMITED BY SIZE INTO 
        ACU-PAPER-SIZE
     STRING 
     "&w&bPage &p of &P"
     , X"00" DELIMITED BY SIZE INTO ACU-PAPER-HEADER
     MOVE X"00" TO ACU-PAPER-FOOTER
     MOVE "PORTRAIT" TO ACU-PAPER-ORIENTATION
     IF ACU-PAPER-ORIENTATION = "LANDSCAPE"
        MOVE 2 TO ACU-PAPER-ORIENTATIONINT
     ELSE
        MOVE 1 TO ACU-PAPER-ORIENTATIONINT
     END-IF
     STRING "PORTRAIT", X"00" DELIMITED BY SIZE INTO
        ACU-PAPER-ORIENTATION
     MOVE "20" to ACU-MARGIN-LEFT
     MOVE "20" to ACU-MARGIN-RIGHT
     MOVE "75" to ACU-MARGIN-TOP
     MOVE "75" to ACU-MARGIN-BOTTOM
     STRING ACU-PAPER-MARGIN, X"00" DELIMITED BY SIZE INTO 
        PRINT-BROWSER-PARA
     IF ACU-PAPER-COPIES = 0 
        OR ACU-PAPER-COPIES(1:) = spaces
           MOVE 1 to ACU-PAPER-COPIES
     END-IF
     MOVE SPACES TO DUMY-LINE
     .

 Acu-Report1-SETUP-PRINT.
     MOVE 1 TO ACU-SETUPPRINT
     PERFORM Acu-Report1-PRINT-PARA
     SET ENVIRONMENT "DLL_CONVENTION" to "1"
     CALL "AcuBenchPrintDummy"
        ON EXCEPTION CALL "AcuBenchPrint.dll" END-CALL
     END-CALL
     CALL "AcuBenchPrintExecWBPageSetup" USING
          BY CONTENT PRINT-BROWSER-PARA,
          BY CONTENT ACU-PAPER-SIZE, 
          BY VALUE   ACU-PAPER-ORIENTATIONINT,
          BY CONTENT ACU-PRINTER-NAME
          GIVING ACUPRINTDLL-STATUS
     END-CALL
     IF ACUPRINTDLL-SUCCESS
        MOVE 1 TO PRINT-UNIT-TYPE
        SET PRINT-PTR TO ADDRESS OF ACU-PAPER-MARGIN
        CALL "AcuBenchPrintGetMargins" USING BY 
           VALUE PRINT-UNIT-TYPE, PRINT-PTR
        SET PRINT-PTR TO ADDRESS OF ACU-PAPER-SIZEINT
        CALL "AcuBenchPrintGetPaperSize" USING BY 
           VALUE PRINT-UNIT-TYPE, PRINT-PTR
        COMPUTE PAGE-HEIGHT OF Report1-HEIGHT = 
           ACU-PAPER-HEIGHT - ACU-MARGIN-TOP 
           - ACU-MARGIN-BOTTOM
        COMPUTE PAGE-WIDTH OF Report1-HEIGHT = 
           ACU-PAPER-WIDTH - ACU-MARGIN-LEFT
           - ACU-MARGIN-RIGHT

        MOVE 2 TO PRINT-UNIT-TYPE
        SET PRINT-PTR TO ADDRESS OF ACU-PAPER-MARGIN
        CALL "AcuBenchPrintGetMargins" USING BY VALUE
           PRINT-UNIT-TYPE, PRINT-PTR
        STRING ACU-PAPER-MARGIN, X"00" DELIMITED BY SIZE INTO
           PRINT-BROWSER-PARA

        SET PRINT-PTR TO ADDRESS OF ACU-PAPER-SIZE
        CALL "AcuBenchPrintGetPaperName" USING BY VALUE PRINT-PTR
        CALL "AcuBenchPrintGetOrientation" GIVING 
           ACU-PAPER-ORIENTATIONINT
        CALL "AcuBenchPrintGetCopies" GIVING ACU-PAPER-COPIES
        SET PRINT-PTR TO ADDRESS OF ACU-PRINTER-NAME
        CALL "AcuBenchPrintGetPrinterName" USING BY VALUE 
           PRINT-PTR

        PERFORM Acu-Report1-PRINT-TOFILE
        PERFORM Acu-Report1-DO-PRINT
     END-IF
     .

 Acu-Report1-PRINT.
     MOVE 0 TO ACU-SETUPPRINT
     PERFORM Acu-Report1-PRINT-TOFILE
     PERFORM Acu-Report1-DO-PRINT
     .

 Acu-Report1-DO-PRINT.
     IF ACU-SETUPPRINT = 0
        PERFORM Acu-Report1-PRINT-PARA
        SET ENVIRONMENT "DLL_CONVENTION" to "1"
        CALL "AcuBenchPrintDummy"
           ON EXCEPTION CALL "AcuBenchPrint.dll" END-CALL
        END-CALL
     END-IF
     CALL "AcuBenchPrintExecWBPrint" USING
          BY CONTENT PRT-FULLFILENAME,
          OMITTED,
          BY CONTENT PRINT-BROWSER-PARA,
          BY CONTENT ACU-PAPER-HEADER, 
          BY CONTENT ACU-PAPER-FOOTER, 
          BY CONTENT ACU-PAPER-SIZE, 
          BY VALUE ACU-PAPER-ORIENTATIONINT,
          BY VALUE ACU-PAPER-COPIES,
          BY CONTENT ACU-PRINTER-NAME
     END-CALL
     MOVE 0 TO ACU-SETUPPRINT
     .

 Acu-Report1-PREVIEW.
     PERFORM Acu-Report1-PRINT-TOFILE
     PERFORM Acu-Report1-PRINT-PARA
     SET ENVIRONMENT "DLL_CONVENTION" to "1"
     CALL "AcuBenchPrintDummy"
        ON EXCEPTION CALL "AcuBenchPrint.dll" END-CALL
     END-CALL
     CALL "AcuBenchPrintExecWBPreview" USING
          BY CONTENT PRT-FULLFILENAME,
          BY CONTENT PRINT-BROWSER-PARA,
          BY CONTENT ACU-PAPER-HEADER, 
          BY CONTENT ACU-PAPER-FOOTER, 
          BY CONTENT ACU-PAPER-SIZE, 
          BY VALUE ACU-PAPER-ORIENTATIONINT,
          BY CONTENT ACU-PRINTER-NAME
     END-CALL
     .

 Acu-Report1-PRINT-TOFILE.
     MOVE rapor-dosya TO PTR-DEV-NAME.
     MOVE 1 TO CURRENT-COL
     MOVE 0 TO Report1-CLEFTOFFSET
     MOVE 0 TO CNT-PIXELS
     MOVE 1 TO NTOPCOLUMNNUM
     PERFORM Acu-PRINTF-OPEN-ROUTINE.
*    BeforePrint           
     PERFORM Acu-Report1-HTML-HEADER.
     PERFORM Acu-Report1-HTML-PAGE-HEADER.
     PERFORM Acu-RPT-Report1-PRINT-LOOP.
     PERFORM Acu-Report1-HTML-FOOTER.
*    AfterPrint
     PERFORM Acu-PRINTF-CLOSE-ROUTINE
     .

 Acu-RPT-Report1-PRINT-LOOP.
     MOVE 1 TO TMP-PRINTORNOT
     MOVE 0 TO CNT-INPAGEPIXELS
     MOVE 1 TO ACU-PAGENUM
     MOVE 1 TO ACU-PAGENUM-SYS
     MOVE 0 TO SYS-ENDPRIMARYFD
     MOVE 0 TO REPORT-FOOTER-PRINT-AFTER-PAGE
     PERFORM Acu-RPT-Report1-ALL-RESET
* Check Report Header
     PERFORM Acu-RPT-Report1-REPORT-HEADER
* Start Normal (Page H/F, Group H/F, Detail)
     PERFORM Acu-RPT-Report1-MASTER-PRINT-LOOP
* End Normal (Page H/F, Group H/F, Detail)
     PERFORM Acu-RPT-Report1-PAGE-HEADER
* Check Last Group Footer
     PERFORM Acu-RPT-Report1-GROUP-MUSTDSP
     PERFORM Acu-RPT-Report1-GROUP-FOOTER
* Check Report Footer
     IF ( REPORT-FOOTER-PRINT-AFTER-PAGE = 0 )
        PERFORM Acu-RPT-Report1-REPORT-FOOTER
     END-IF
* Normal Ending
     PERFORM Acu-Report1-FILL-DETAIL-FOR-ZEBRA
     IF ( REPORT-FOOTER-PRINT-AFTER-PAGE = 0 )
        MOVE 1 TO SYS-ENDPRIMARYFD   
        
        MOVE PAGE-HEIGHT OF Report1-HEIGHT TO CNT-INPAGEPIXELS
        PERFORM Acu-RPT-Report1-PAGE-FOOTER
     END-IF
* Check Report Footer
     IF ( REPORT-FOOTER-PRINT-AFTER-PAGE = 1 )
        PERFORM Acu-RPT-Report1-REPORT-FOOTER
     END-IF
     .

 Acu-Report1-HTML-PAGE-HEADER.
     MOVE ' <!-- Page DIV -->' TO PRINT-BUF
     WRITE PRINTF-R FROM PRINT-BUF AFTER 001
     INITIALIZE PRINT-BUF
     STRING ' <DIV STYLE="POSITION:ABSOLUTE; TOP:', 
            CNT-PIXELS, 
            '; LEFT:',
            Report1-CLEFTOFFSET,
            '; HEIGHT:', PAGE-HEIGHT OF Report1-HEIGHT, 
            '; WIDTH:', PAGE-WIDTH OF Report1-HEIGHT,
            ' ;">'
         DELIMITED BY SIZE INTO PRINT-BUF.
     WRITE PRINTF-R FROM PRINT-BUF AFTER 001
     INITIALIZE PRINT-BUF
     .

 Acu-Report1-HTML-PAGE-FOOTER.
     MOVE ' <!-- End(Page) --></DIV>' TO PRINT-BUF
     WRITE PRINTF-R FROM PRINT-BUF AFTER 001
     INITIALIZE PRINT-BUF
     .

 Acu-RPT-Report1-REPORT-HEADER.
     .

 Acu-RPT-Report1-REPORT-FOOTER.
*    BeforePrint
     MOVE Report1-RF-1-DEF-HEIGHT OF Report1-HEIGHT TO CURRENT-HEIGHT
     PERFORM Acu-RPT-Report1-PAGE-FOOTER
     PERFORM Acu-RPT-Report1-PAGE-HEADER
     PERFORM Acu-Report1-RF-1-PRINT-RTN
     ADD Report1-RF-1-HEIGHT OF Report1-HEIGHT TO CNT-PIXELS
     ADD Report1-RF-1-HEIGHT OF Report1-HEIGHT TO CNT-INPAGEPIXELS
*    AfterPrint
     .

 Acu-RPT-Report1-PAGE-HEADER.
*    BeforePrint
* Visible Variable Checking
     IF rapor-vis-0 = 0
        EXIT PARAGRAPH
     END-IF
     IF ( CNT-INPAGEPIXELS < Report1-PH-1-HEIGHT OF Report1-HEIGHT )
        OR ( REPORT-HEADER-PRINT-BEFORE-PAGE = 1 )
        PERFORM Acu-Report1-PH-1-PRINT-RTN
        ADD  Report1-PH-1-HEIGHT OF Report1-HEIGHT TO CNT-PIXELS
        IF ( REPORT-HEADER-PRINT-BEFORE-PAGE = 1 )
           ADD Report1-PH-1-HEIGHT OF Report1-HEIGHT TO CNT-INPAGEPIXELS
        ELSE
           MOVE Report1-PH-1-HEIGHT OF Report1-HEIGHT TO
        CNT-INPAGEPIXELS
        END-IF
     END-IF
*    AfterPrint
     .

 Acu-RPT-Report1-PAGE-FOOTER.         
     .

 Acu-RPT-Report1-PAGE-FOOTER-OVERPAGE.
     .

 Acu-RPT-Report1-DETAIL.
     PERFORM Acu-Report1-Dtl-1-DETAIL-PRINT.
     .

 Acu-RPT-Report1-GROUP-HEADER.
* Cause there're possibly several Group.
     .

 Acu-RPT-Report1-GROUP-FOOTER.
     .

 Acu-RPT-Report1-GROUP-MUSTDSP.
     .

 Acu-RPT-Report1-GROUP-NOMUSTDSP.
     .

 Acu-RPT-Report1-ALL-RESET.
* Group Reset
     .

 Acu-RPT-Report1-DO-PRINT-RTN.
     MOVE 1 TO TMP-PRINTORNOT
* Check Group Footer
     PERFORM Acu-RPT-Report1-GROUP-FOOTER
* Init Detail's Height
     MOVE Report1-Dtl-1-HEIGHT OF Report1-HEIGHT TO CURRENT-HEIGHT
     PERFORM Acu-RPT-Report1-PAGE-FOOTER
     PERFORM Acu-RPT-Report1-PAGE-HEADER
* Check Group Header
     PERFORM Acu-RPT-Report1-GROUP-HEADER
* Detail
     PERFORM Acu-RPT-Report1-DETAIL
     .

 Acu-Report1-Page-BREAK-RTN.
     IF CURRENT-COL < NTOPCOLUMNNUM
        COMPUTE CNT-PIXELS = (ACU-PAGENUM-SYS - 1) 
           * PAGE-HEIGHT OF Report1-HEIGHT
        COMPUTE Report1-CLEFTOFFSET = 
           Report1-CLEFTOFFSET + DETAIL-WIDTH
        MOVE 0 TO CNT-INPAGEPIXELS
        ADD 1 TO CURRENT-COL
     ELSE
        COMPUTE CNT-PIXELS = ACU-PAGENUM-SYS 
           * PAGE-HEIGHT OF Report1-HEIGHT
        MOVE 0 TO Report1-CLEFTOFFSET
        MOVE 0 TO CNT-INPAGEPIXELS
        ADD 1 TO ACU-PAGENUM-SYS
        ADD 1 TO ACU-PAGENUM
        MOVE 1 TO CURRENT-COL
     END-IF
     PERFORM Acu-Report1-HTML-PAGE-FOOTER
     IF SYS-ENDPRIMARYFD = 0
        PERFORM Acu-Report1-HTML-PAGE-HEADER
     END-IF
     .           

 Acu-Report1-FILL-DETAIL-FOR-ZEBRA.
     .

 Acu-Report1-ZEBRA-COLOR-CHANGE.
     .

 Acu-Report1-Dtl-1-DETAIL-PRINT.
     MOVE 693 TO DETAIL-WIDTH
*    BeforePrint
* Visible Variable Checking
     IF rapor-vis-1 = 0
        EXIT PARAGRAPH
     END-IF
     MOVE Report1-Dtl-1-HEIGHT OF Report1-HEIGHT TO CURRENT-HEIGHT
     PERFORM Acu-RPT-Report1-PAGE-FOOTER
     PERFORM Acu-RPT-Report1-PAGE-HEADER
     PERFORM Acu-Report1-Dtl-1-PRINT-RTN
     ADD Report1-Dtl-1-HEIGHT OF Report1-HEIGHT TO CNT-PIXELS
     ADD Report1-Dtl-1-HEIGHT OF Report1-HEIGHT TO CNT-INPAGEPIXELS
     MOVE Report1-Dtl-1-DEF-HEIGHT OF Report1-HEIGHT TO
        Report1-Dtl-1-HEIGHT OF Report1-HEIGHT
     PERFORM Acu-Report1-ZEBRA-COLOR-CHANGE
*    AfterPrint
     .

 Acu-Report1-PH-1-SEC-HEAD.
     MOVE '   <!-- Section (Report1-PH-1) -->' TO PRINT-BUF
     WRITE PRINTF-R FROM PRINT-BUF AFTER 001
     INITIALIZE PRINT-BUF
     COMPUTE TMP-PIXELS = CNT-INPAGEPIXELS - HIGH-OFFSET-IN
     STRING '   <DIV STYLE="',
            'POSITION:ABSOLUTE; TOP:', 
            TMP-PIXELS,
            '; LEFT:0',
            '; WIDTH:693; ',
            'FONT-SIZE:9pt; ',
            'FONT-FAMILY:MS Sans Serif; ',
            'COLOR:#000000; ',
            'BACKGROUND-COLOR:#FFFFFF; ',
            '">'
        DELIMITED BY SIZE INTO PRINT-BUF.
     WRITE PRINTF-R FROM PRINT-BUF AFTER 001
     INITIALIZE PRINT-BUF
     .

 Acu-Report1-PH-1-SEC-FOOT.
     MOVE '      <!-- Ending DIV : to fill the Div Height -->' TO
        PRINT-BUF
     WRITE PRINTF-R FROM PRINT-BUF AFTER 001
     INITIALIZE PRINT-BUF
     STRING '      <DIV STYLE="POSITION:RELATIVE; HEIGHT:',
            Report1-PH-1-HEIGHT OF Report1-HEIGHT, 
            ';"> </DIV>'
        DELIMITED BY SIZE INTO PRINT-BUF.
     WRITE PRINTF-R FROM PRINT-BUF AFTER 001
     INITIALIZE PRINT-BUF
     MOVE '   <!-- End(Section) --></DIV>' TO PRINT-BUF
     WRITE PRINTF-R FROM PRINT-BUF AFTER 001
     .

 Acu-Report1-PH-1-PRINT-RTN.
     MOVE 0 TO SECTION-HIGH-STACK
     MOVE Report1-PH-1-DEF-HEIGHT TO Report1-PH-1-HEIGHT
     PERFORM Acu-Report1-PH-1-SEC-HEAD
* RPT.Label : Report1-RwLa-2aa
*    BeforePrint
     MOVE '      <!-- Label (Report1-RwLa-2aa) -->' TO PRINT-BUF
     WRITE PRINTF-R FROM PRINT-BUF AFTER 001
     INITIALIZE PRINT-BUF
     MOVE '      <DIV CLASS="Report1-RwLa-2aa" >' TO PRINT-BUF
     WRITE PRINTF-R FROM PRINT-BUF AFTER 001
     INITIALIZE PRINT-BUF
     STRING '         <P><STRONG>',
            'Oda&nbsp;:',
            '</STRONG></P></DIV>'
        DELIMITED BY SIZE INTO PRINT-BUF
     WRITE PRINTF-R FROM PRINT-BUF AFTER 001
     INITIALIZE PRINT-BUF
*    AfterPrint
* RPT.Label : Report1-RwLa-2aaa
*    BeforePrint
     MOVE '      <!-- Label (Report1-RwLa-2aaa) -->' TO PRINT-BUF
     WRITE PRINTF-R FROM PRINT-BUF AFTER 001
     INITIALIZE PRINT-BUF
     MOVE '      <DIV CLASS="Report1-RwLa-2aaa" >' TO PRINT-BUF
     WRITE PRINTF-R FROM PRINT-BUF AFTER 001
     INITIALIZE PRINT-BUF
     STRING '         <P><STRONG>',
            'Konum&nbsp;:',
            '</STRONG></P></DIV>'
        DELIMITED BY SIZE INTO PRINT-BUF
     WRITE PRINTF-R FROM PRINT-BUF AFTER 001
     INITIALIZE PRINT-BUF
*    AfterPrint
* RPT.Date-Time : Report1-RwDtTm-1
*    BeforePrint
     MOVE '      <!-- Date-Time (Report1-RwDtTm-1) -->' TO PRINT-BUF
     WRITE PRINTF-R FROM PRINT-BUF AFTER 001
     INITIALIZE PRINT-BUF
     MOVE '      <DIV CLASS="Report1-RwDtTm-1" >' TO PRINT-BUF
     WRITE PRINTF-R FROM PRINT-BUF AFTER 001
     INITIALIZE PRINT-BUF
     MOVE '         <P><STRONG>' TO PRINT-BUF
     WRITE PRINTF-R FROM PRINT-BUF AFTER 001
     INITIALIZE PRINT-BUF
     PERFORM Acu-Report1-RwDtTm-1-FORMAT-CONVERT
     STRING WRK-DATE-REF OF Report1-RwDtTm-1-DATEBUF,
            " ",
            WRK-TIME-REF OF Report1-RwDtTm-1-DATEBUF
        DELIMITED BY SIZE INTO PRINT-BUF
     WRITE PRINTF-R FROM PRINT-BUF AFTER 001
     INITIALIZE PRINT-BUF
     MOVE '         </STRONG></P></DIV>' TO PRINT-BUF
     WRITE PRINTF-R FROM PRINT-BUF AFTER 001
     INITIALIZE PRINT-BUF
*    AfterPrint
* RPT.Label : Report1-RwLa-2b
*    BeforePrint
     MOVE '      <!-- Label (Report1-RwLa-2b) -->' TO PRINT-BUF
     WRITE PRINTF-R FROM PRINT-BUF AFTER 001
     INITIALIZE PRINT-BUF
     MOVE '      <DIV CLASS="Report1-RwLa-2b" >' TO PRINT-BUF
     WRITE PRINTF-R FROM PRINT-BUF AFTER 001
     INITIALIZE PRINT-BUF
     STRING '         <P><STRONG>',
            'ÇÝFTEHAN&nbsp;TERMAL',
            '</STRONG></P></DIV>'
        DELIMITED BY SIZE INTO PRINT-BUF
     WRITE PRINTF-R FROM PRINT-BUF AFTER 001
     INITIALIZE PRINT-BUF
*    AfterPrint
* RPT.Label : Report1-RwLa-2ba
*    BeforePrint
     MOVE '      <!-- Label (Report1-RwLa-2ba) -->' TO PRINT-BUF
     WRITE PRINTF-R FROM PRINT-BUF AFTER 001
     INITIALIZE PRINT-BUF
     MOVE '      <DIV CLASS="Report1-RwLa-2ba" >' TO PRINT-BUF
     WRITE PRINTF-R FROM PRINT-BUF AFTER 001
     INITIALIZE PRINT-BUF
     STRING '         <P><STRONG>',
            'TURÝZM&nbsp;ÝNÞAAT&nbsp;SAN.VE&nbsp;TÝC.A.Þ.',
            '</STRONG></P></DIV>'
        DELIMITED BY SIZE INTO PRINT-BUF
     WRITE PRINTF-R FROM PRINT-BUF AFTER 001
     INITIALIZE PRINT-BUF
*    AfterPrint
* RPT.Label : Report1-RwLa-2aaaa
*    BeforePrint
     MOVE '      <!-- Label (Report1-RwLa-2aaaa) -->' TO PRINT-BUF
     WRITE PRINTF-R FROM PRINT-BUF AFTER 001
     INITIALIZE PRINT-BUF
     MOVE '      <DIV CLASS="Report1-RwLa-2aaaa" >' TO PRINT-BUF
     WRITE PRINTF-R FROM PRINT-BUF AFTER 001
     INITIALIZE PRINT-BUF
     STRING '         <P><STRONG>',
            'TAHSILATI&nbsp;YAPILAN&nbsp;DEMIRBAS&nbsp;LISTESI',
            '</STRONG></P></DIV>'
        DELIMITED BY SIZE INTO PRINT-BUF
     WRITE PRINTF-R FROM PRINT-BUF AFTER 001
     INITIALIZE PRINT-BUF
*    AfterPrint
* RPT.Line : Report1-RwLn-1a
*    BeforePrint
     MOVE '      <!-- Line (Report1-RwLn-1a) -->' TO PRINT-BUF
     WRITE PRINTF-R FROM PRINT-BUF AFTER 001
     INITIALIZE PRINT-BUF
     MOVE '      <DIV CLASS="Report1-RwLn-1a"></DIV>' TO PRINT-BUF
     WRITE PRINTF-R FROM PRINT-BUF AFTER 001
     INITIALIZE PRINT-BUF
*    AfterPrint
* RPT.Label : Report1-RwLa-2aab
*    BeforePrint
     MOVE '      <!-- Label (Report1-RwLa-2aab) -->' TO PRINT-BUF
     WRITE PRINTF-R FROM PRINT-BUF AFTER 001
     INITIALIZE PRINT-BUF
     MOVE '      <DIV CLASS="Report1-RwLa-2aab" >' TO PRINT-BUF
     WRITE PRINTF-R FROM PRINT-BUF AFTER 001
     INITIALIZE PRINT-BUF
     STRING '         <P><STRONG>',
            html-oda-no,
            '</STRONG></P></DIV>'
        DELIMITED BY SIZE INTO PRINT-BUF
     WRITE PRINTF-R FROM PRINT-BUF AFTER 001
     INITIALIZE PRINT-BUF
*    AfterPrint
* RPT.Label : Report1-RwLa-2aaab
*    BeforePrint
     MOVE '      <!-- Label (Report1-RwLa-2aaab) -->' TO PRINT-BUF
     WRITE PRINTF-R FROM PRINT-BUF AFTER 001
     INITIALIZE PRINT-BUF
     MOVE '      <DIV CLASS="Report1-RwLa-2aaab" >' TO PRINT-BUF
     WRITE PRINTF-R FROM PRINT-BUF AFTER 001
     INITIALIZE PRINT-BUF
     STRING '         <P><STRONG>',
            'Folio&nbsp;:',
            '</STRONG></P></DIV>'
        DELIMITED BY SIZE INTO PRINT-BUF
     WRITE PRINTF-R FROM PRINT-BUF AFTER 001
     INITIALIZE PRINT-BUF
*    AfterPrint
* RPT.Label : Report1-RwLa-2baaabab
*    BeforePrint
     MOVE '      <!-- Label (Report1-RwLa-2baaabab) -->' TO PRINT-BUF
     WRITE PRINTF-R FROM PRINT-BUF AFTER 001
     INITIALIZE PRINT-BUF
     MOVE '      <DIV CLASS="Report1-RwLa-2baaabab" >' TO PRINT-BUF
     WRITE PRINTF-R FROM PRINT-BUF AFTER 001
     INITIALIZE PRINT-BUF
     STRING '         <P><STRONG>',
            'UCRETI&nbsp;ALINANN&nbsp;DEMIRBAS&nbsp;LISTESI',
            '</STRONG></P></DIV>'
        DELIMITED BY SIZE INTO PRINT-BUF
     WRITE PRINTF-R FROM PRINT-BUF AFTER 001
     INITIALIZE PRINT-BUF
*    AfterPrint
* RPT.Label : Report1-RwLa-2aaba
*    BeforePrint
     MOVE '      <!-- Label (Report1-RwLa-2aaba) -->' TO PRINT-BUF
     WRITE PRINTF-R FROM PRINT-BUF AFTER 001
     INITIALIZE PRINT-BUF
     MOVE '      <DIV CLASS="Report1-RwLa-2aaba" >' TO PRINT-BUF
     WRITE PRINTF-R FROM PRINT-BUF AFTER 001
     INITIALIZE PRINT-BUF
     STRING '         <P><STRONG>',
            html-konum,
            '</STRONG></P></DIV>'
        DELIMITED BY SIZE INTO PRINT-BUF
     WRITE PRINTF-R FROM PRINT-BUF AFTER 001
     INITIALIZE PRINT-BUF
*    AfterPrint
* RPT.Label : Report1-RwLa-2aabaa
*    BeforePrint
     MOVE '      <!-- Label (Report1-RwLa-2aabaa) -->' TO PRINT-BUF
     WRITE PRINTF-R FROM PRINT-BUF AFTER 001
     INITIALIZE PRINT-BUF
     MOVE '      <DIV CLASS="Report1-RwLa-2aabaa" >' TO PRINT-BUF
     WRITE PRINTF-R FROM PRINT-BUF AFTER 001
     INITIALIZE PRINT-BUF
     STRING '         <P><STRONG>',
            link-dem-folio,
            '</STRONG></P></DIV>'
        DELIMITED BY SIZE INTO PRINT-BUF
     WRITE PRINTF-R FROM PRINT-BUF AFTER 001
     INITIALIZE PRINT-BUF
*    AfterPrint
* RPT.Line : Report1-RwLn-2
*    BeforePrint
     MOVE '      <!-- Line (Report1-RwLn-2) -->' TO PRINT-BUF
     WRITE PRINTF-R FROM PRINT-BUF AFTER 001
     INITIALIZE PRINT-BUF
     MOVE '      <DIV CLASS="Report1-RwLn-2"></DIV>' TO PRINT-BUF
     WRITE PRINTF-R FROM PRINT-BUF AFTER 001
     INITIALIZE PRINT-BUF
*    AfterPrint
* RPT.Line : Report1-RwLn-1
*    BeforePrint
     MOVE '      <!-- Line (Report1-RwLn-1) -->' TO PRINT-BUF
     WRITE PRINTF-R FROM PRINT-BUF AFTER 001
     INITIALIZE PRINT-BUF
     MOVE '      <DIV CLASS="Report1-RwLn-1"></DIV>' TO PRINT-BUF
     WRITE PRINTF-R FROM PRINT-BUF AFTER 001
     INITIALIZE PRINT-BUF
*    AfterPrint
* RPT.Label : Report1-RwLa-2baaab
*    BeforePrint
     MOVE '      <!-- Label (Report1-RwLa-2baaab) -->' TO PRINT-BUF
     WRITE PRINTF-R FROM PRINT-BUF AFTER 001
     INITIALIZE PRINT-BUF
     MOVE '      <DIV CLASS="Report1-RwLa-2baaab" >' TO PRINT-BUF
     WRITE PRINTF-R FROM PRINT-BUF AFTER 001
     INITIALIZE PRINT-BUF
     STRING '         <P><U>',
            'No',
            '</U></P></DIV>'
        DELIMITED BY SIZE INTO PRINT-BUF
     WRITE PRINTF-R FROM PRINT-BUF AFTER 001
     INITIALIZE PRINT-BUF
*    AfterPrint
* RPT.Label : Report1-RwLa-2baaabaa
*    BeforePrint
     MOVE '      <!-- Label (Report1-RwLa-2baaabaa) -->' TO PRINT-BUF
     WRITE PRINTF-R FROM PRINT-BUF AFTER 001
     INITIALIZE PRINT-BUF
     MOVE '      <DIV CLASS="Report1-RwLa-2baaabaa" >' TO PRINT-BUF
     WRITE PRINTF-R FROM PRINT-BUF AFTER 001
     INITIALIZE PRINT-BUF
     STRING '         <P><U>',
            'ADET',
            '</U></P></DIV>'
        DELIMITED BY SIZE INTO PRINT-BUF
     WRITE PRINTF-R FROM PRINT-BUF AFTER 001
     INITIALIZE PRINT-BUF
*    AfterPrint
* RPT.Line : Report1-RwLn-2aa
*    BeforePrint
     MOVE '      <!-- Line (Report1-RwLn-2aa) -->' TO PRINT-BUF
     WRITE PRINTF-R FROM PRINT-BUF AFTER 001
     INITIALIZE PRINT-BUF
     MOVE '      <DIV CLASS="Report1-RwLn-2aa"></DIV>' TO PRINT-BUF
     WRITE PRINTF-R FROM PRINT-BUF AFTER 001
     INITIALIZE PRINT-BUF
*    AfterPrint
* RPT.Line : Report1-RwLn-2aaa
*    BeforePrint
     MOVE '      <!-- Line (Report1-RwLn-2aaa) -->' TO PRINT-BUF
     WRITE PRINTF-R FROM PRINT-BUF AFTER 001
     INITIALIZE PRINT-BUF
     MOVE '      <DIV CLASS="Report1-RwLn-2aaa"></DIV>' TO PRINT-BUF
     WRITE PRINTF-R FROM PRINT-BUF AFTER 001
     INITIALIZE PRINT-BUF
*    AfterPrint
* RPT.Line : Report1-RwLn-2aaaa
*    BeforePrint
     MOVE '      <!-- Line (Report1-RwLn-2aaaa) -->' TO PRINT-BUF
     WRITE PRINTF-R FROM PRINT-BUF AFTER 001
     INITIALIZE PRINT-BUF
     MOVE '      <DIV CLASS="Report1-RwLn-2aaaa"></DIV>' TO PRINT-BUF
     WRITE PRINTF-R FROM PRINT-BUF AFTER 001
     INITIALIZE PRINT-BUF
*    AfterPrint
* RPT.Line : Report1-RwLn-2ba
*    BeforePrint
     MOVE '      <!-- Line (Report1-RwLn-2ba) -->' TO PRINT-BUF
     WRITE PRINTF-R FROM PRINT-BUF AFTER 001
     INITIALIZE PRINT-BUF
     MOVE '      <DIV CLASS="Report1-RwLn-2ba"></DIV>' TO PRINT-BUF
     WRITE PRINTF-R FROM PRINT-BUF AFTER 001
     INITIALIZE PRINT-BUF
*    AfterPrint
* RPT.Label : Report1-RwLa-2baaabaab
*    BeforePrint
     MOVE '      <!-- Label (Report1-RwLa-2baaabaab) -->' TO PRINT-BUF
     WRITE PRINTF-R FROM PRINT-BUF AFTER 001
     INITIALIZE PRINT-BUF
     MOVE '      <DIV CLASS="Report1-RwLa-2baaabaab" >' TO PRINT-BUF
     WRITE PRINTF-R FROM PRINT-BUF AFTER 001
     INITIALIZE PRINT-BUF
     STRING '         <P><U>',
            'BRIM&nbsp;FIYATI',
            '</U></P></DIV>'
        DELIMITED BY SIZE INTO PRINT-BUF
     WRITE PRINTF-R FROM PRINT-BUF AFTER 001
     INITIALIZE PRINT-BUF
*    AfterPrint
* RPT.Line : Report1-RwLn-2baa
*    BeforePrint
     MOVE '      <!-- Line (Report1-RwLn-2baa) -->' TO PRINT-BUF
     WRITE PRINTF-R FROM PRINT-BUF AFTER 001
     INITIALIZE PRINT-BUF
     MOVE '      <DIV CLASS="Report1-RwLn-2baa"></DIV>' TO PRINT-BUF
     WRITE PRINTF-R FROM PRINT-BUF AFTER 001
     INITIALIZE PRINT-BUF
*    AfterPrint
* RPT.Label : Report1-RwLa-2baaaba
*    BeforePrint
     MOVE '      <!-- Label (Report1-RwLa-2baaaba) -->' TO PRINT-BUF
     WRITE PRINTF-R FROM PRINT-BUF AFTER 001
     INITIALIZE PRINT-BUF
     MOVE '      <DIV CLASS="Report1-RwLa-2baaaba" >' TO PRINT-BUF
     WRITE PRINTF-R FROM PRINT-BUF AFTER 001
     INITIALIZE PRINT-BUF
     STRING '         <P><U>',
            'URUN&nbsp;ADI',
            '</U></P></DIV>'
        DELIMITED BY SIZE INTO PRINT-BUF
     WRITE PRINTF-R FROM PRINT-BUF AFTER 001
     INITIALIZE PRINT-BUF
*    AfterPrint
* RPT.Label : Report1-RwLa-2baaabaaba
*    BeforePrint
     MOVE '      <!-- Label (Report1-RwLa-2baaabaaba) -->' TO PRINT-BUF
     WRITE PRINTF-R FROM PRINT-BUF AFTER 001
     INITIALIZE PRINT-BUF
     MOVE '      <DIV CLASS="Report1-RwLa-2baaabaaba" >' TO PRINT-BUF
     WRITE PRINTF-R FROM PRINT-BUF AFTER 001
     INITIALIZE PRINT-BUF
     STRING '         <P><U>',
            'TUTAR',
            '</U></P></DIV>'
        DELIMITED BY SIZE INTO PRINT-BUF
     WRITE PRINTF-R FROM PRINT-BUF AFTER 001
     INITIALIZE PRINT-BUF
*    AfterPrint
* RPT.Line : Report1-RwLn-1b
*    BeforePrint
     MOVE '      <!-- Line (Report1-RwLn-1b) -->' TO PRINT-BUF
     WRITE PRINTF-R FROM PRINT-BUF AFTER 001
     INITIALIZE PRINT-BUF
     MOVE '      <DIV CLASS="Report1-RwLn-1b"></DIV>' TO PRINT-BUF
     WRITE PRINTF-R FROM PRINT-BUF AFTER 001
     INITIALIZE PRINT-BUF
*    AfterPrint
     PERFORM Acu-Report1-PH-1-SEC-FOOT
     .

 Acu-Report1-Dtl-1-SEC-HEAD.
     MOVE '   <!-- Section (Report1-Dtl-1) -->' TO PRINT-BUF
     WRITE PRINTF-R FROM PRINT-BUF AFTER 001
     INITIALIZE PRINT-BUF
     COMPUTE TMP-PIXELS = CNT-INPAGEPIXELS - HIGH-OFFSET-IN
     STRING '   <DIV STYLE="',
            'POSITION:ABSOLUTE; TOP:', 
            TMP-PIXELS,
            '; LEFT:0',
            '; WIDTH:693; ',
            'FONT-SIZE:9pt; ',
            'FONT-FAMILY:Lucida Console; ',
            'COLOR:#000000; ',
            'BACKGROUND-COLOR:', Report1-Dtl-1-BGCOLOR ,
            '">'
        DELIMITED BY SIZE INTO PRINT-BUF.
     WRITE PRINTF-R FROM PRINT-BUF AFTER 001
     INITIALIZE PRINT-BUF
     .

 Acu-Report1-Dtl-1-SEC-FOOT.
     MOVE '      <!-- Ending DIV : to fill the Div Height -->' TO
        PRINT-BUF
     WRITE PRINTF-R FROM PRINT-BUF AFTER 001
     INITIALIZE PRINT-BUF
     STRING '      <DIV STYLE="POSITION:RELATIVE; HEIGHT:',
            Report1-Dtl-1-HEIGHT OF Report1-HEIGHT, 
            ';"> </DIV>'
        DELIMITED BY SIZE INTO PRINT-BUF.
     WRITE PRINTF-R FROM PRINT-BUF AFTER 001
     INITIALIZE PRINT-BUF
     MOVE '   <!-- End(Section) --></DIV>' TO PRINT-BUF
     WRITE PRINTF-R FROM PRINT-BUF AFTER 001
     .

 Acu-Report1-Dtl-1-PRINT-RTN.
     MOVE 0 TO SECTION-HIGH-STACK
     MOVE Report1-Dtl-1-DEF-HEIGHT TO Report1-Dtl-1-HEIGHT
     PERFORM Acu-Report1-Dtl-1-SEC-HEAD
* RPT.Label : Report1-RwLa-3aaa
*    BeforePrint
     MOVE '      <!-- Label (Report1-RwLa-3aaa) -->' TO PRINT-BUF
     WRITE PRINTF-R FROM PRINT-BUF AFTER 001
     INITIALIZE PRINT-BUF
     MOVE '      <DIV CLASS="Report1-RwLa-3aaa" >' TO PRINT-BUF
     WRITE PRINTF-R FROM PRINT-BUF AFTER 001
     INITIALIZE PRINT-BUF
     STRING '         <P>',
            html-dem-fiyat,
            '</P></DIV>'
        DELIMITED BY SIZE INTO PRINT-BUF
     WRITE PRINTF-R FROM PRINT-BUF AFTER 001
     INITIALIZE PRINT-BUF
*    AfterPrint
* RPT.Label : Report1-RwLa-3aaaab
*    BeforePrint
     MOVE '      <!-- Label (Report1-RwLa-3aaaab) -->' TO PRINT-BUF
     WRITE PRINTF-R FROM PRINT-BUF AFTER 001
     INITIALIZE PRINT-BUF
     MOVE '      <DIV CLASS="Report1-RwLa-3aaaab" >' TO PRINT-BUF
     WRITE PRINTF-R FROM PRINT-BUF AFTER 001
     INITIALIZE PRINT-BUF
     STRING '         <P>',
            html-dem-adet,
            '</P></DIV>'
        DELIMITED BY SIZE INTO PRINT-BUF
     WRITE PRINTF-R FROM PRINT-BUF AFTER 001
     INITIALIZE PRINT-BUF
*    AfterPrint
* RPT.Label : Report1-RwLa-3a
*    BeforePrint
     MOVE '      <!-- Label (Report1-RwLa-3a) -->' TO PRINT-BUF
     WRITE PRINTF-R FROM PRINT-BUF AFTER 001
     INITIALIZE PRINT-BUF
     MOVE '      <DIV CLASS="Report1-RwLa-3a" >' TO PRINT-BUF
     WRITE PRINTF-R FROM PRINT-BUF AFTER 001
     INITIALIZE PRINT-BUF
     STRING '         <P>',
            html-dem-adi,
            '</P></DIV>'
        DELIMITED BY SIZE INTO PRINT-BUF
     WRITE PRINTF-R FROM PRINT-BUF AFTER 001
     INITIALIZE PRINT-BUF
*    AfterPrint
* RPT.Label : Report1-RwLa-3
*    BeforePrint
     MOVE '      <!-- Label (Report1-RwLa-3) -->' TO PRINT-BUF
     WRITE PRINTF-R FROM PRINT-BUF AFTER 001
     INITIALIZE PRINT-BUF
     MOVE '      <DIV CLASS="Report1-RwLa-3" >' TO PRINT-BUF
     WRITE PRINTF-R FROM PRINT-BUF AFTER 001
     INITIALIZE PRINT-BUF
     STRING '         <P>',
            html-dem-no,
            '</P></DIV>'
        DELIMITED BY SIZE INTO PRINT-BUF
     WRITE PRINTF-R FROM PRINT-BUF AFTER 001
     INITIALIZE PRINT-BUF
*    AfterPrint
* RPT.Label : Report1-RwLa-3b
*    BeforePrint
     MOVE '      <!-- Label (Report1-RwLa-3b) -->' TO PRINT-BUF
     WRITE PRINTF-R FROM PRINT-BUF AFTER 001
     INITIALIZE PRINT-BUF
     MOVE '      <DIV CLASS="Report1-RwLa-3b" >' TO PRINT-BUF
     WRITE PRINTF-R FROM PRINT-BUF AFTER 001
     INITIALIZE PRINT-BUF
     STRING '         <P>',
            html-tutar,
            '</P></DIV>'
        DELIMITED BY SIZE INTO PRINT-BUF
     WRITE PRINTF-R FROM PRINT-BUF AFTER 001
     INITIALIZE PRINT-BUF
*    AfterPrint
* RPT.Line : Report1-RwLn-1d
*    BeforePrint
     MOVE '      <!-- Line (Report1-RwLn-1d) -->' TO PRINT-BUF
     WRITE PRINTF-R FROM PRINT-BUF AFTER 001
     INITIALIZE PRINT-BUF
     MOVE '      <DIV CLASS="Report1-RwLn-1d"></DIV>' TO PRINT-BUF
     WRITE PRINTF-R FROM PRINT-BUF AFTER 001
     INITIALIZE PRINT-BUF
*    AfterPrint
* RPT.Line : Report1-RwLn-2a
*    BeforePrint
     MOVE '      <!-- Line (Report1-RwLn-2a) -->' TO PRINT-BUF
     WRITE PRINTF-R FROM PRINT-BUF AFTER 001
     INITIALIZE PRINT-BUF
     MOVE '      <DIV CLASS="Report1-RwLn-2a"></DIV>' TO PRINT-BUF
     WRITE PRINTF-R FROM PRINT-BUF AFTER 001
     INITIALIZE PRINT-BUF
*    AfterPrint
* RPT.Line : Report1-RwLn-2ab
*    BeforePrint
     MOVE '      <!-- Line (Report1-RwLn-2ab) -->' TO PRINT-BUF
     WRITE PRINTF-R FROM PRINT-BUF AFTER 001
     INITIALIZE PRINT-BUF
     MOVE '      <DIV CLASS="Report1-RwLn-2ab"></DIV>' TO PRINT-BUF
     WRITE PRINTF-R FROM PRINT-BUF AFTER 001
     INITIALIZE PRINT-BUF
*    AfterPrint
* RPT.Line : Report1-RwLn-2aba
*    BeforePrint
     MOVE '      <!-- Line (Report1-RwLn-2aba) -->' TO PRINT-BUF
     WRITE PRINTF-R FROM PRINT-BUF AFTER 001
     INITIALIZE PRINT-BUF
     MOVE '      <DIV CLASS="Report1-RwLn-2aba"></DIV>' TO PRINT-BUF
     WRITE PRINTF-R FROM PRINT-BUF AFTER 001
     INITIALIZE PRINT-BUF
*    AfterPrint
* RPT.Line : Report1-RwLn-2abb
*    BeforePrint
     MOVE '      <!-- Line (Report1-RwLn-2abb) -->' TO PRINT-BUF
     WRITE PRINTF-R FROM PRINT-BUF AFTER 001
     INITIALIZE PRINT-BUF
     MOVE '      <DIV CLASS="Report1-RwLn-2abb"></DIV>' TO PRINT-BUF
     WRITE PRINTF-R FROM PRINT-BUF AFTER 001
     INITIALIZE PRINT-BUF
*    AfterPrint
* RPT.Line : Report1-RwLn-2abc
*    BeforePrint
     MOVE '      <!-- Line (Report1-RwLn-2abc) -->' TO PRINT-BUF
     WRITE PRINTF-R FROM PRINT-BUF AFTER 001
     INITIALIZE PRINT-BUF
     MOVE '      <DIV CLASS="Report1-RwLn-2abc"></DIV>' TO PRINT-BUF
     WRITE PRINTF-R FROM PRINT-BUF AFTER 001
     INITIALIZE PRINT-BUF
*    AfterPrint
* RPT.Line : Report1-RwLn-2abd
*    BeforePrint
     MOVE '      <!-- Line (Report1-RwLn-2abd) -->' TO PRINT-BUF
     WRITE PRINTF-R FROM PRINT-BUF AFTER 001
     INITIALIZE PRINT-BUF
     MOVE '      <DIV CLASS="Report1-RwLn-2abd"></DIV>' TO PRINT-BUF
     WRITE PRINTF-R FROM PRINT-BUF AFTER 001
     INITIALIZE PRINT-BUF
*    AfterPrint
     PERFORM Acu-Report1-Dtl-1-SEC-FOOT
     .

 Acu-Report1-RF-1-SEC-HEAD.
     MOVE '   <!-- Section (Report1-RF-1) -->' TO PRINT-BUF
     WRITE PRINTF-R FROM PRINT-BUF AFTER 001
     INITIALIZE PRINT-BUF
     COMPUTE TMP-PIXELS = CNT-INPAGEPIXELS - HIGH-OFFSET-IN
     STRING '   <DIV STYLE="',
            'POSITION:ABSOLUTE; TOP:', 
            TMP-PIXELS,
            '; LEFT:0',
            '; WIDTH:693; ',
            'FONT-SIZE:9pt; ',
            'FONT-FAMILY:MS Sans Serif; ',
            'COLOR:#000000; ',
            'BACKGROUND-COLOR:#FFFFFF; ',
            '">'
        DELIMITED BY SIZE INTO PRINT-BUF.
     WRITE PRINTF-R FROM PRINT-BUF AFTER 001
     INITIALIZE PRINT-BUF
     .

 Acu-Report1-RF-1-SEC-FOOT.
     MOVE '      <!-- Ending DIV : to fill the Div Height -->' TO
        PRINT-BUF
     WRITE PRINTF-R FROM PRINT-BUF AFTER 001
     INITIALIZE PRINT-BUF
     STRING '      <DIV STYLE="POSITION:RELATIVE; HEIGHT:',
            Report1-RF-1-HEIGHT OF Report1-HEIGHT, 
            ';"> </DIV>'
        DELIMITED BY SIZE INTO PRINT-BUF.
     WRITE PRINTF-R FROM PRINT-BUF AFTER 001
     INITIALIZE PRINT-BUF
     MOVE '   <!-- End(Section) --></DIV>' TO PRINT-BUF
     WRITE PRINTF-R FROM PRINT-BUF AFTER 001
     .

 Acu-Report1-RF-1-PRINT-RTN.
     MOVE 0 TO SECTION-HIGH-STACK
     MOVE Report1-RF-1-DEF-HEIGHT TO Report1-RF-1-HEIGHT
     PERFORM Acu-Report1-RF-1-SEC-HEAD
* RPT.Label : Report1-RwLa-3ba
*    BeforePrint
     MOVE '      <!-- Label (Report1-RwLa-3ba) -->' TO PRINT-BUF
     WRITE PRINTF-R FROM PRINT-BUF AFTER 001
     INITIALIZE PRINT-BUF
     MOVE '      <DIV CLASS="Report1-RwLa-3ba" >' TO PRINT-BUF
     WRITE PRINTF-R FROM PRINT-BUF AFTER 001
     INITIALIZE PRINT-BUF
     STRING '         <P>',
            html-tutar-TOP,
            '</P></DIV>'
        DELIMITED BY SIZE INTO PRINT-BUF
     WRITE PRINTF-R FROM PRINT-BUF AFTER 001
     INITIALIZE PRINT-BUF
*    AfterPrint
* RPT.Line : Report1-RwLn-1da
*    BeforePrint
     MOVE '      <!-- Line (Report1-RwLn-1da) -->' TO PRINT-BUF
     WRITE PRINTF-R FROM PRINT-BUF AFTER 001
     INITIALIZE PRINT-BUF
     MOVE '      <DIV CLASS="Report1-RwLn-1da"></DIV>' TO PRINT-BUF
     WRITE PRINTF-R FROM PRINT-BUF AFTER 001
     INITIALIZE PRINT-BUF
*    AfterPrint
* RPT.Line : Report1-RwLn-2ac
*    BeforePrint
     MOVE '      <!-- Line (Report1-RwLn-2ac) -->' TO PRINT-BUF
     WRITE PRINTF-R FROM PRINT-BUF AFTER 001
     INITIALIZE PRINT-BUF
     MOVE '      <DIV CLASS="Report1-RwLn-2ac"></DIV>' TO PRINT-BUF
     WRITE PRINTF-R FROM PRINT-BUF AFTER 001
     INITIALIZE PRINT-BUF
*    AfterPrint
* RPT.Line : Report1-RwLn-2abca
*    BeforePrint
     MOVE '      <!-- Line (Report1-RwLn-2abca) -->' TO PRINT-BUF
     WRITE PRINTF-R FROM PRINT-BUF AFTER 001
     INITIALIZE PRINT-BUF
     MOVE '      <DIV CLASS="Report1-RwLn-2abca"></DIV>' TO PRINT-BUF
     WRITE PRINTF-R FROM PRINT-BUF AFTER 001
     INITIALIZE PRINT-BUF
*    AfterPrint
* RPT.Line : Report1-RwLn-2abda
*    BeforePrint
     MOVE '      <!-- Line (Report1-RwLn-2abda) -->' TO PRINT-BUF
     WRITE PRINTF-R FROM PRINT-BUF AFTER 001
     INITIALIZE PRINT-BUF
     MOVE '      <DIV CLASS="Report1-RwLn-2abda"></DIV>' TO PRINT-BUF
     WRITE PRINTF-R FROM PRINT-BUF AFTER 001
     INITIALIZE PRINT-BUF
*    AfterPrint
* RPT.Label : Report1-RwLa-3baa
*    BeforePrint
     MOVE '      <!-- Label (Report1-RwLa-3baa) -->' TO PRINT-BUF
     WRITE PRINTF-R FROM PRINT-BUF AFTER 001
     INITIALIZE PRINT-BUF
     MOVE '      <DIV CLASS="Report1-RwLa-3baa" >' TO PRINT-BUF
     WRITE PRINTF-R FROM PRINT-BUF AFTER 001
     INITIALIZE PRINT-BUF
     STRING '         <P>',
            'GENEL&nbsp;TOPLAM',
            '</P></DIV>'
        DELIMITED BY SIZE INTO PRINT-BUF
     WRITE PRINTF-R FROM PRINT-BUF AFTER 001
     INITIALIZE PRINT-BUF
*    AfterPrint
* RPT.Label : Report1-RwLa-3aba
*    BeforePrint
     MOVE '      <!-- Label (Report1-RwLa-3aba) -->' TO PRINT-BUF
     WRITE PRINTF-R FROM PRINT-BUF AFTER 001
     INITIALIZE PRINT-BUF
     MOVE '      <DIV CLASS="Report1-RwLa-3aba" >' TO PRINT-BUF
     WRITE PRINTF-R FROM PRINT-BUF AFTER 001
     INITIALIZE PRINT-BUF
     STRING '         <P><STRONG>',
            'ODEME&nbsp;YAPAN',
            '</STRONG></P></DIV>'
        DELIMITED BY SIZE INTO PRINT-BUF
     WRITE PRINTF-R FROM PRINT-BUF AFTER 001
     INITIALIZE PRINT-BUF
*    AfterPrint
* RPT.Label : Report1-RwLa-3abaa
*    BeforePrint
     MOVE '      <!-- Label (Report1-RwLa-3abaa) -->' TO PRINT-BUF
     WRITE PRINTF-R FROM PRINT-BUF AFTER 001
     INITIALIZE PRINT-BUF
     MOVE '      <DIV CLASS="Report1-RwLa-3abaa" >' TO PRINT-BUF
     WRITE PRINTF-R FROM PRINT-BUF AFTER 001
     INITIALIZE PRINT-BUF
     STRING '         <P><STRONG>',
            'TAHSILATI&nbsp;YAPAN',
            '</STRONG></P></DIV>'
        DELIMITED BY SIZE INTO PRINT-BUF
     WRITE PRINTF-R FROM PRINT-BUF AFTER 001
     INITIALIZE PRINT-BUF
*    AfterPrint
* RPT.Label : Report1-RwLa-3abaaa
*    BeforePrint
     MOVE '      <!-- Label (Report1-RwLa-3abaaa) -->' TO PRINT-BUF
     WRITE PRINTF-R FROM PRINT-BUF AFTER 001
     INITIALIZE PRINT-BUF
     MOVE '      <DIV CLASS="Report1-RwLa-3abaaa" >' TO PRINT-BUF
     WRITE PRINTF-R FROM PRINT-BUF AFTER 001
     INITIALIZE PRINT-BUF
     STRING '         <P><STRONG>',
            'IMZA',
            '</STRONG></P></DIV>'
        DELIMITED BY SIZE INTO PRINT-BUF
     WRITE PRINTF-R FROM PRINT-BUF AFTER 001
     INITIALIZE PRINT-BUF
*    AfterPrint
* RPT.Label : Report1-RwLa-3abaab
*    BeforePrint
     MOVE '      <!-- Label (Report1-RwLa-3abaab) -->' TO PRINT-BUF
     WRITE PRINTF-R FROM PRINT-BUF AFTER 001
     INITIALIZE PRINT-BUF
     MOVE '      <DIV CLASS="Report1-RwLa-3abaab" >' TO PRINT-BUF
     WRITE PRINTF-R FROM PRINT-BUF AFTER 001
     INITIALIZE PRINT-BUF
     STRING '         <P><STRONG>',
            '...................',
            '</STRONG></P></DIV>'
        DELIMITED BY SIZE INTO PRINT-BUF
     WRITE PRINTF-R FROM PRINT-BUF AFTER 001
     INITIALIZE PRINT-BUF
*    AfterPrint
* RPT.Label : Report1-RwLa-3abaaba
*    BeforePrint
     MOVE '      <!-- Label (Report1-RwLa-3abaaba) -->' TO PRINT-BUF
     WRITE PRINTF-R FROM PRINT-BUF AFTER 001
     INITIALIZE PRINT-BUF
     MOVE '      <DIV CLASS="Report1-RwLa-3abaaba" >' TO PRINT-BUF
     WRITE PRINTF-R FROM PRINT-BUF AFTER 001
     INITIALIZE PRINT-BUF
     STRING '         <P><STRONG>',
            '...........',
            '</STRONG></P></DIV>'
        DELIMITED BY SIZE INTO PRINT-BUF
     WRITE PRINTF-R FROM PRINT-BUF AFTER 001
     INITIALIZE PRINT-BUF
*    AfterPrint
* RPT.Label : Report1-RwLa-3abaabb
*    BeforePrint
     MOVE '      <!-- Label (Report1-RwLa-3abaabb) -->' TO PRINT-BUF
     WRITE PRINTF-R FROM PRINT-BUF AFTER 001
     INITIALIZE PRINT-BUF
     MOVE '      <DIV CLASS="Report1-RwLa-3abaabb" >' TO PRINT-BUF
     WRITE PRINTF-R FROM PRINT-BUF AFTER 001
     INITIALIZE PRINT-BUF
     STRING '         <P><STRONG>',
            '...................',
            '</STRONG></P></DIV>'
        DELIMITED BY SIZE INTO PRINT-BUF
     WRITE PRINTF-R FROM PRINT-BUF AFTER 001
     INITIALIZE PRINT-BUF
*    AfterPrint
* RPT.Label : Report1-RwLa-3abaabaa
*    BeforePrint
     MOVE '      <!-- Label (Report1-RwLa-3abaabaa) -->' TO PRINT-BUF
     WRITE PRINTF-R FROM PRINT-BUF AFTER 001
     INITIALIZE PRINT-BUF
     MOVE '      <DIV CLASS="Report1-RwLa-3abaabaa" >' TO PRINT-BUF
     WRITE PRINTF-R FROM PRINT-BUF AFTER 001
     INITIALIZE PRINT-BUF
     STRING '         <P><STRONG>',
            '...........',
            '</STRONG></P></DIV>'
        DELIMITED BY SIZE INTO PRINT-BUF
     WRITE PRINTF-R FROM PRINT-BUF AFTER 001
     INITIALIZE PRINT-BUF
*    AfterPrint
* RPT.Date-Time : Report1-RwDtTm-1a
*    BeforePrint
     MOVE '      <!-- Date-Time (Report1-RwDtTm-1a) -->' TO PRINT-BUF
     WRITE PRINTF-R FROM PRINT-BUF AFTER 001
     INITIALIZE PRINT-BUF
     MOVE '      <DIV CLASS="Report1-RwDtTm-1a" >' TO PRINT-BUF
     WRITE PRINTF-R FROM PRINT-BUF AFTER 001
     INITIALIZE PRINT-BUF
     MOVE '         <P><STRONG>' TO PRINT-BUF
     WRITE PRINTF-R FROM PRINT-BUF AFTER 001
     INITIALIZE PRINT-BUF
     PERFORM Acu-Report1-RwDtTm-1a-FORMAT-CONVERT
     MOVE WRK-DATE-REF OF Report1-RwDtTm-1a-DATEBUF TO PRINT-BUF
     WRITE PRINTF-R FROM PRINT-BUF AFTER 001
     INITIALIZE PRINT-BUF
     MOVE '         </STRONG></P></DIV>' TO PRINT-BUF
     WRITE PRINTF-R FROM PRINT-BUF AFTER 001
     INITIALIZE PRINT-BUF
*    AfterPrint
* RPT.Label : Report1-RwLa-3abaac
*    BeforePrint
     MOVE '      <!-- Label (Report1-RwLa-3abaac) -->' TO PRINT-BUF
     WRITE PRINTF-R FROM PRINT-BUF AFTER 001
     INITIALIZE PRINT-BUF
     MOVE '      <DIV CLASS="Report1-RwLa-3abaac" >' TO PRINT-BUF
     WRITE PRINTF-R FROM PRINT-BUF AFTER 001
     INITIALIZE PRINT-BUF
     STRING '         <P><STRONG>',
            'TARIH&nbsp;:',
            '</STRONG></P></DIV>'
        DELIMITED BY SIZE INTO PRINT-BUF
     WRITE PRINTF-R FROM PRINT-BUF AFTER 001
     INITIALIZE PRINT-BUF
*    AfterPrint
* RPT.Label : Report1-RwLa-3abaaaa
*    BeforePrint
     MOVE '      <!-- Label (Report1-RwLa-3abaaaa) -->' TO PRINT-BUF
     WRITE PRINTF-R FROM PRINT-BUF AFTER 001
     INITIALIZE PRINT-BUF
     MOVE '      <DIV CLASS="Report1-RwLa-3abaaaa" >' TO PRINT-BUF
     WRITE PRINTF-R FROM PRINT-BUF AFTER 001
     INITIALIZE PRINT-BUF
     STRING '         <P><STRONG>',
            'IMZA',
            '</STRONG></P></DIV>'
        DELIMITED BY SIZE INTO PRINT-BUF
     WRITE PRINTF-R FROM PRINT-BUF AFTER 001
     INITIALIZE PRINT-BUF
*    AfterPrint
     PERFORM Acu-Report1-RF-1-SEC-FOOT
     .

* Date/Time Format Convert
 Acu-Report1-RwDtTm-1-FORMAT-CONVERT.
     ACCEPT WRK-DATE OF Report1-RwDtTm-1-DATEBUF FROM CENTURY-DATE
     MOVE WRK-YEAR  OF Report1-RwDtTm-1-DATEBUF TO WRK-REF-YEAR  OF
        Report1-RwDtTm-1-DATEBUF
     MOVE WRK-MONTH OF Report1-RwDtTm-1-DATEBUF TO WRK-REF-MONTH OF
        Report1-RwDtTm-1-DATEBUF
     MOVE WRK-DAY   OF Report1-RwDtTm-1-DATEBUF TO WRK-REF-DAY   OF
        Report1-RwDtTm-1-DATEBUF
     ACCEPT WRK-TIME OF Report1-RwDtTm-1-DATEBUF FROM TIME
     MOVE WRK-HOUR   OF Report1-RwDtTm-1-DATEBUF TO WRK-REF-HOUR   OF
        Report1-RwDtTm-1-DATEBUF
     MOVE WRK-MINUTE OF Report1-RwDtTm-1-DATEBUF TO WRK-REF-MINUTE OF
        Report1-RwDtTm-1-DATEBUF
     MOVE WRK-SECOND OF Report1-RwDtTm-1-DATEBUF TO WRK-REF-SECOND OF
        Report1-RwDtTm-1-DATEBUF
     .

* Date/Time Format Convert
 Acu-Report1-RwDtTm-1a-FORMAT-CONVERT.
        ACCEPT WRK-DATE OF Report1-RwDtTm-1a-DATEBUF FROM CENTURY-DATE
        MOVE WRK-YEAR  OF Report1-RwDtTm-1a-DATEBUF TO WRK-REF-YEAR 
           OF Report1-RwDtTm-1a-DATEBUF
        MOVE WRK-MONTH OF Report1-RwDtTm-1a-DATEBUF TO WRK-REF-MONTH
           OF Report1-RwDtTm-1a-DATEBUF
        MOVE WRK-DAY   OF Report1-RwDtTm-1a-DATEBUF TO WRK-REF-DAY  
           OF Report1-RwDtTm-1a-DATEBUF
        ACCEPT WRK-TIME OF Report1-RwDtTm-1a-DATEBUF FROM TIME
     .


 Acu-PRINTF-OPEN-ROUTINE.
     OPEN   OUTPUT               PRINTF WITH NO REWIND.
     MOVE   STAT-PRINTF          TO    STAT-PRINTF.
     IF     NOT VALID-PRINTF
            MOVE   "PRINTF"      TO   ACU-ERR-FILE.

 Acu-PRINTF-CLOSE-ROUTINE.
     CLOSE       PRINTF.

 Acu-Format-Print-Buf.
     INITIALIZE NEW-PRINT-DATA-SIZE,      PRINT-BUF-SIZE            
                PRINT-BUF-LENGTH,        PRINT-BUF-TRAIL-SPACES    
                PRINT-BUF-TOTAL-SPACES,  PRINT-BUF-COUNT
     SET PRINT-BUF-LENGTH TO LENGTH OF PRINT-BUF
     INSPECT PRINT-BUF TALLYING PRINT-BUF-TRAIL-SPACES FOR 
     TRAILING SPACES
     INSPECT PRINT-BUF TALLYING PRINT-BUF-TOTAL-SPACES FOR  
     ALL SPACES
     COMPUTE PRINT-BUF-SIZE = 
             PRINT-BUF-LENGTH - PRINT-BUF-TRAIL-SPACES 
     IF PRINT-BUF-SIZE = 0  OR
        PRINT-BUF-TOTAL-SPACES = PRINT-BUF-TRAIL-SPACES
        MOVE PRINT-BUF TO NEW-PRINT-DATA
        INSPECT NEW-PRINT-DATA REPLACING TRAILING SPACES 
        BY LOW-VALUES
        EXIT PARAGRAPH
     END-IF
     INITIALIZE NEW-PRINT-DATA
     PERFORM VARYING  PRINT-BUF-COUNT FROM 1
                      BY +1 UNTIL
                      PRINT-BUF-COUNT > PRINT-BUF-SIZE OR
                      NEW-PRINT-DATA-SIZE > PRINT-BUF-LENGTH
             MOVE PRINT-BUF(PRINT-BUF-COUNT:1) TO 
                  PRINT-BUF-CHAR
             IF PRINT-BUF-CHAR = " "
                STRING NEW-PRINT-DATA DELIMITED BY SPACES
                       "&nbsp;"  DELIMITED BY SIZE
                       INTO NEW-PRINT-DATA
                END-STRING
                ADD 6 TO NEW-PRINT-DATA-SIZE
             ELSE
                STRING NEW-PRINT-DATA DELIMITED BY SPACES
                       PRINT-BUF-CHAR  DELIMITED BY SIZE
                       INTO NEW-PRINT-DATA
                END-STRING                      
                ADD 1 TO NEW-PRINT-DATA-SIZE
             END-IF
     END-PERFORM
     INSPECT NEW-PRINT-DATA REPLACING 
                      TRAILING SPACES BY LOW-VALUES
     .              

