* maklzr.rpt
* maklzr.rpt is generated from D:\asya\acugt.ytl\otel\maklzr.Psf
* This is a generated file. DO NOT modify this file directly.

 Acu-Report1-HTML-HEADER.
     MOVE '<HTML>' TO PRINT-BUF.
     WRITE PRINTF-R FROM PRINT-BUF AFTER 001
     INITIALIZE PRINT-BUF
     MOVE '<HEAD><TITLE>  </TITLE></HEAD>' 
        TO PRINT-BUF
     WRITE PRINTF-R FROM PRINT-BUF AFTER 001
     INITIALIZE PRINT-BUF
     PERFORM Acu-Report1-HTML-CSS
     MOVE '<BODY STYLE="BACKGROUND-COLOR:;">' TO PRINT-BUF
     WRITE PRINTF-R FROM PRINT-BUF AFTER 001
     INITIALIZE PRINT-BUF
     .

 Acu-Report1-HTML-FOOTER.
     MOVE '</BODY>' TO PRINT-BUF
     WRITE PRINTF-R FROM PRINT-BUF AFTER 001
     INITIALIZE PRINT-BUF
     MOVE '</HTML>' TO PRINT-BUF
     WRITE PRINTF-R FROM PRINT-BUF AFTER 001
     INITIALIZE PRINT-BUF
     .

 Acu-Report1-HTML-CSS.
     MOVE '<STYLE TYPE="TEXT/CSS">' TO PRINT-BUF
     WRITE PRINTF-R FROM PRINT-BUF AFTER 001
     INITIALIZE PRINT-BUF
* Report1-RwBox-1ba'S CSS SETTING
     MOVE 
        '   .Report1-RwBox-1ba {POSITION:ABSOLUTE; TOP:511; LEFT:3; WIDT
-       'H:750; HEIGHT:35; BORDER: 1px SOLID #000000; }' TO PRINT-BUF
     WRITE PRINTF-R FROM PRINT-BUF AFTER 001
     INITIALIZE PRINT-BUF
* Report1-RwBox-1b'S CSS SETTING
     MOVE 
        '   .Report1-RwBox-1b {POSITION:ABSOLUTE; TOP:43; LEFT:0; WIDTH:
-       '750; HEIGHT:35; BORDER: 1px SOLID #000000; }' TO PRINT-BUF
     WRITE PRINTF-R FROM PRINT-BUF AFTER 001
     INITIALIZE PRINT-BUF
* Report1-RwBox-2a'S CSS SETTING
     MOVE 
        '   .Report1-RwBox-2a {POSITION:ABSOLUTE; TOP:549; LEFT:3; WIDTH
-       ':750; HEIGHT:327; BORDER: 1px SOLID #000000; }' TO PRINT-BUF
     WRITE PRINTF-R FROM PRINT-BUF AFTER 001
     INITIALIZE PRINT-BUF
* Report1-RwBox-1a'S CSS SETTING
     MOVE 
        '   .Report1-RwBox-1a {POSITION:ABSOLUTE; TOP:473; LEFT:3; WIDTH
-       ':750; HEIGHT:35; BORDER: 1px SOLID #000000; }' TO PRINT-BUF
     WRITE PRINTF-R FROM PRINT-BUF AFTER 001
     INITIALIZE PRINT-BUF
* Report1-RwBox-2'S CSS SETTING
     MOVE 
        '   .Report1-RwBox-2 {POSITION:ABSOLUTE; TOP:81; LEFT:0; WIDTH:7
-       '50; HEIGHT:327; BORDER: 1px SOLID #000000; }' TO PRINT-BUF
     WRITE PRINTF-R FROM PRINT-BUF AFTER 001
     INITIALIZE PRINT-BUF
* Report1-RwBox-1'S CSS SETTING
     MOVE 
        '   .Report1-RwBox-1 {POSITION:ABSOLUTE; TOP:5; LEFT:0; WIDTH:75
-       '0; HEIGHT:35; BORDER: 1px SOLID #000000; }' TO PRINT-BUF
     WRITE PRINTF-R FROM PRINT-BUF AFTER 001
     INITIALIZE PRINT-BUF
* Report1-RwLa-1'S CSS SETTING
     MOVE 
        '   .Report1-RwLa-1 {POSITION:ABSOLUTE; TOP:10; LEFT:240; WIDTH:
-       '275; HEIGHT:20; TEXT-ALIGN:CENTER; FONT-SIZE:16pt; FONT-FAMILY:
-       'Courier New; BACKGROUND-COLOR:TRANSPARENT; }' TO PRINT-BUF
     WRITE PRINTF-R FROM PRINT-BUF AFTER 001
     INITIALIZE PRINT-BUF
* Report1-RwLa-2'S CSS SETTING
     MOVE 
        '   .Report1-RwLa-2 {POSITION:ABSOLUTE; TOP:90; LEFT:15; WIDTH:7
-       '2; HEIGHT:12; TEXT-ALIGN:RIGHT; FONT-SIZE:9pt; FONT-FAMILY:Luci
-       'da Console; BACKGROUND-COLOR:TRANSPARENT; }' TO PRINT-BUF
     WRITE PRINTF-R FROM PRINT-BUF AFTER 001
     INITIALIZE PRINT-BUF
* Report1-RwLa-2a'S CSS SETTING
     MOVE 
        '   .Report1-RwLa-2a {POSITION:ABSOLUTE; TOP:109; LEFT:15; WIDTH
-       ':72; HEIGHT:14; TEXT-ALIGN:RIGHT; FONT-SIZE:9pt; FONT-FAMILY:Lu
-       'cida Console; BACKGROUND-COLOR:TRANSPARENT; }' TO PRINT-BUF
     WRITE PRINTF-R FROM PRINT-BUF AFTER 001
     INITIALIZE PRINT-BUF
* Report1-RwLa-2aa'S CSS SETTING
     MOVE 
        '   .Report1-RwLa-2aa {POSITION:ABSOLUTE; TOP:127; LEFT:15; WIDT
-       'H:72; HEIGHT:14; TEXT-ALIGN:RIGHT; FONT-SIZE:9pt; FONT-FAMILY:L
-       'ucida Console; BACKGROUND-COLOR:TRANSPARENT; }' TO PRINT-BUF
     WRITE PRINTF-R FROM PRINT-BUF AFTER 001
     INITIALIZE PRINT-BUF
* Report1-RwLa-2b'S CSS SETTING
     MOVE 
        '   .Report1-RwLa-2b {POSITION:ABSOLUTE; TOP:90; LEFT:93; WIDTH:
-       '75; HEIGHT:15; TEXT-ALIGN:LEFT; FONT-SIZE:9pt; FONT-FAMILY:Luci
-       'da Console; BACKGROUND-COLOR:TRANSPARENT; }' TO PRINT-BUF
     WRITE PRINTF-R FROM PRINT-BUF AFTER 001
     INITIALIZE PRINT-BUF
* Report1-RwLa-2ba'S CSS SETTING
     MOVE 
        '   .Report1-RwLa-2ba {POSITION:ABSOLUTE; TOP:109; LEFT:93; WIDT
-       'H:75; HEIGHT:15; TEXT-ALIGN:LEFT; FONT-SIZE:9pt; FONT-FAMILY:Lu
-       'cida Console; BACKGROUND-COLOR:TRANSPARENT; }' TO PRINT-BUF
     WRITE PRINTF-R FROM PRINT-BUF AFTER 001
     INITIALIZE PRINT-BUF
* Report1-RwLa-2baa'S CSS SETTING
     MOVE 
        '   .Report1-RwLa-2baa {POSITION:ABSOLUTE; TOP:129; LEFT:93; WID
-       'TH:75; HEIGHT:16; TEXT-ALIGN:LEFT; FONT-SIZE:9pt; FONT-FAMILY:L
-       'ucida Console; BACKGROUND-COLOR:TRANSPARENT; }' TO PRINT-BUF
     WRITE PRINTF-R FROM PRINT-BUF AFTER 001
     INITIALIZE PRINT-BUF
* Report1-RwLa-2baaa'S CSS SETTING
     MOVE 
        '   .Report1-RwLa-2baaa {POSITION:ABSOLUTE; TOP:177; LEFT:684; W
-       'IDTH:48; HEIGHT:21; TEXT-ALIGN:LEFT; FONT-SIZE:18pt; FONT-FAMIL
-       'Y:Lucida Console; BACKGROUND-COLOR:TRANSPARENT; }' TO PRINT-BUF
     WRITE PRINTF-R FROM PRINT-BUF AFTER 001
     INITIALIZE PRINT-BUF
* Report1-RwLa-2baab'S CSS SETTING
     MOVE 
        '   .Report1-RwLa-2baab {POSITION:ABSOLUTE; TOP:201; LEFT:93; WI
-       'DTH:110; HEIGHT:11; TEXT-ALIGN:LEFT; FONT-SIZE:9pt; FONT-FAMILY
-       ':Lucida Console; BACKGROUND-COLOR:TRANSPARENT; }' TO PRINT-BUF
     WRITE PRINTF-R FROM PRINT-BUF AFTER 001
     INITIALIZE PRINT-BUF
* Report1-RwLa-2baaab'S CSS SETTING
     MOVE 
        '   .Report1-RwLa-2baaab {POSITION:ABSOLUTE; TOP:153; LEFT:489; 
-       'WIDTH:110; HEIGHT:12; TEXT-ALIGN:LEFT; FONT-SIZE:9pt; FONT-FAMI
-       'LY:Lucida Console; BACKGROUND-COLOR:TRANSPARENT; }'
         TO PRINT-BUF
     WRITE PRINTF-R FROM PRINT-BUF AFTER 001
     INITIALIZE PRINT-BUF
* Report1-RwLa-2bab'S CSS SETTING
     MOVE 
        '   .Report1-RwLa-2bab {POSITION:ABSOLUTE; TOP:183; LEFT:93; WID
-       'TH:109; HEIGHT:12; TEXT-ALIGN:LEFT; FONT-SIZE:9pt; FONT-FAMILY:
-       'Lucida Console; BACKGROUND-COLOR:TRANSPARENT; }' TO PRINT-BUF
     WRITE PRINTF-R FROM PRINT-BUF AFTER 001
     INITIALIZE PRINT-BUF
* Report1-RwLa-2bb'S CSS SETTING
     MOVE 
        '   .Report1-RwLa-2bb {POSITION:ABSOLUTE; TOP:147; LEFT:93; WIDT
-       'H:109; HEIGHT:15; TEXT-ALIGN:LEFT; FONT-SIZE:9pt; FONT-FAMILY:L
-       'ucida Console; BACKGROUND-COLOR:TRANSPARENT; }' TO PRINT-BUF
     WRITE PRINTF-R FROM PRINT-BUF AFTER 001
     INITIALIZE PRINT-BUF
* Report1-RwLa-2aaab'S CSS SETTING
     MOVE 
        '   .Report1-RwLa-2aaab {POSITION:ABSOLUTE; TOP:153; LEFT:366; W
-       'IDTH:117; HEIGHT:13; TEXT-ALIGN:RIGHT; FONT-SIZE:9pt; FONT-FAMI
-       'LY:Lucida Console; BACKGROUND-COLOR:TRANSPARENT; }'
         TO PRINT-BUF
     WRITE PRINTF-R FROM PRINT-BUF AFTER 001
     INITIALIZE PRINT-BUF
* Report1-RwLa-2aab'S CSS SETTING
     MOVE 
        '   .Report1-RwLa-2aab {POSITION:ABSOLUTE; TOP:201; LEFT:15; WID
-       'TH:72; HEIGHT:13; TEXT-ALIGN:RIGHT; FONT-SIZE:9pt; FONT-FAMILY:
-       'Lucida Console; BACKGROUND-COLOR:TRANSPARENT; }' TO PRINT-BUF
     WRITE PRINTF-R FROM PRINT-BUF AFTER 001
     INITIALIZE PRINT-BUF
* Report1-RwLa-2ab'S CSS SETTING
     MOVE 
        '   .Report1-RwLa-2ab {POSITION:ABSOLUTE; TOP:183; LEFT:15; WIDT
-       'H:72; HEIGHT:13; TEXT-ALIGN:RIGHT; FONT-SIZE:9pt; FONT-FAMILY:L
-       'ucida Console; BACKGROUND-COLOR:TRANSPARENT; }' TO PRINT-BUF
     WRITE PRINTF-R FROM PRINT-BUF AFTER 001
     INITIALIZE PRINT-BUF
* Report1-RwLa-2c'S CSS SETTING
     MOVE 
        '   .Report1-RwLa-2c {POSITION:ABSOLUTE; TOP:145; LEFT:15; WIDTH
-       ':72; HEIGHT:13; TEXT-ALIGN:RIGHT; FONT-SIZE:9pt; FONT-FAMILY:Lu
-       'cida Console; BACKGROUND-COLOR:TRANSPARENT; }' TO PRINT-BUF
     WRITE PRINTF-R FROM PRINT-BUF AFTER 001
     INITIALIZE PRINT-BUF
* Report1-RwDtTm-1'S CSS Setting
     MOVE 
        '   .Report1-RwDtTm-1 {POSITION:ABSOLUTE; TOP:10; LEFT:645; WIDT
-       'H:80; HEIGHT:25; TEXT-ALIGN:CENTER; COLOR:#800000; BACKGROUND-C
-       'OLOR:#FFFFFF; }' TO PRINT-BUF
     WRITE PRINTF-R FROM PRINT-BUF AFTER 001
     INITIALIZE PRINT-BUF
* Report1-RwLa-2aabaaaa'S CSS SETTING
     MOVE 
        '   .Report1-RwLa-2aabaaaa {POSITION:ABSOLUTE; TOP:165; LEFT:15;
-       ' WIDTH:72; HEIGHT:13; TEXT-ALIGN:RIGHT; FONT-SIZE:9pt; FONT-FAM
-       'ILY:Lucida Console; BACKGROUND-COLOR:TRANSPARENT; }'
         TO PRINT-BUF
     WRITE PRINTF-R FROM PRINT-BUF AFTER 001
     INITIALIZE PRINT-BUF
* Report1-RwLa-2baabaaaa'S CSS SETTING
     MOVE 
        '   .Report1-RwLa-2baabaaaa {POSITION:ABSOLUTE; TOP:165; LEFT:93
-       '; WIDTH:71; HEIGHT:14; TEXT-ALIGN:LEFT; FONT-SIZE:9pt; FONT-FAM
-       'ILY:Lucida Console; BACKGROUND-COLOR:TRANSPARENT; }'
         TO PRINT-BUF
     WRITE PRINTF-R FROM PRINT-BUF AFTER 001
     INITIALIZE PRINT-BUF
* Report1-RwLa-2ac'S CSS SETTING
     MOVE 
        '   .Report1-RwLa-2ac {POSITION:ABSOLUTE; TOP:90; LEFT:366; WIDT
-       'H:117; HEIGHT:13; TEXT-ALIGN:RIGHT; FONT-SIZE:9pt; FONT-FAMILY:
-       'Lucida Console; BACKGROUND-COLOR:TRANSPARENT; }' TO PRINT-BUF
     WRITE PRINTF-R FROM PRINT-BUF AFTER 001
     INITIALIZE PRINT-BUF
* Report1-RwLa-2bac'S CSS SETTING
     MOVE 
        '   .Report1-RwLa-2bac {POSITION:ABSOLUTE; TOP:90; LEFT:489; WID
-       'TH:75; HEIGHT:14; TEXT-ALIGN:LEFT; FONT-SIZE:9pt; FONT-FAMILY:L
-       'ucida Console; BACKGROUND-COLOR:TRANSPARENT; }' TO PRINT-BUF
     WRITE PRINTF-R FROM PRINT-BUF AFTER 001
     INITIALIZE PRINT-BUF
* Report1-RwLa-2baaaba'S CSS SETTING
     MOVE 
        '   .Report1-RwLa-2baaaba {POSITION:ABSOLUTE; TOP:111; LEFT:489;
-       ' WIDTH:165; HEIGHT:12; TEXT-ALIGN:LEFT; FONT-SIZE:9pt; FONT-FAM
-       'ILY:Lucida Console; BACKGROUND-COLOR:TRANSPARENT; }'
         TO PRINT-BUF
     WRITE PRINTF-R FROM PRINT-BUF AFTER 001
     INITIALIZE PRINT-BUF
* Report1-RwLa-2aaaba'S CSS SETTING
     MOVE 
        '   .Report1-RwLa-2aaaba {POSITION:ABSOLUTE; TOP:111; LEFT:366; 
-       'WIDTH:117; HEIGHT:13; TEXT-ALIGN:RIGHT; FONT-SIZE:9pt; FONT-FAM
-       'ILY:Lucida Console; BACKGROUND-COLOR:TRANSPARENT; }'
         TO PRINT-BUF
     WRITE PRINTF-R FROM PRINT-BUF AFTER 001
     INITIALIZE PRINT-BUF
* Report1-RwLa-2aaabaa'S CSS SETTING
     MOVE 
        '   .Report1-RwLa-2aaabaa {POSITION:ABSOLUTE; TOP:219; LEFT:15; 
-       'WIDTH:72; HEIGHT:13; TEXT-ALIGN:RIGHT; FONT-SIZE:9pt; FONT-FAMI
-       'LY:Lucida Console; BACKGROUND-COLOR:TRANSPARENT; }'
         TO PRINT-BUF
     WRITE PRINTF-R FROM PRINT-BUF AFTER 001
     INITIALIZE PRINT-BUF
* Report1-RwLa-2baaabaa'S CSS SETTING
     MOVE 
        '   .Report1-RwLa-2baaabaa {POSITION:ABSOLUTE; TOP:219; LEFT:93;
-       ' WIDTH:165; HEIGHT:12; TEXT-ALIGN:LEFT; FONT-SIZE:9pt; FONT-FAM
-       'ILY:Lucida Console; BACKGROUND-COLOR:TRANSPARENT; }'
         TO PRINT-BUF
     WRITE PRINTF-R FROM PRINT-BUF AFTER 001
     INITIALIZE PRINT-BUF
* Report1-RwLa-2aaaa'S CSS SETTING
     MOVE 
        '   .Report1-RwLa-2aaaa {POSITION:ABSOLUTE; TOP:177; LEFT:381; W
-       'IDTH:102; HEIGHT:15; TEXT-ALIGN:RIGHT; FONT-SIZE:9pt; FONT-FAMI
-       'LY:Lucida Console; BACKGROUND-COLOR:TRANSPARENT; }'
         TO PRINT-BUF
     WRITE PRINTF-R FROM PRINT-BUF AFTER 001
     INITIALIZE PRINT-BUF
* Report1-RwLa-2baaaa'S CSS SETTING
     MOVE 
        '   .Report1-RwLa-2baaaa {POSITION:ABSOLUTE; TOP:177; LEFT:510; 
-       'WIDTH:168; HEIGHT:21; TEXT-ALIGN:RIGHT; FONT-SIZE:18pt; FONT-FA
-       'MILY:Lucida Console; BACKGROUND-COLOR:TRANSPARENT; }'
         TO PRINT-BUF
     WRITE PRINTF-R FROM PRINT-BUF AFTER 001
     INITIALIZE PRINT-BUF
* Report1-RwLa-2aaaaa'S CSS SETTING
     MOVE 
        '   .Report1-RwLa-2aaaaa {POSITION:ABSOLUTE; TOP:222; LEFT:360; 
-       'WIDTH:123; HEIGHT:15; TEXT-ALIGN:RIGHT; FONT-SIZE:9pt; FONT-FAM
-       'ILY:Lucida Console; BACKGROUND-COLOR:TRANSPARENT; }'
         TO PRINT-BUF
     WRITE PRINTF-R FROM PRINT-BUF AFTER 001
     INITIALIZE PRINT-BUF
* Report1-RwLa-2baaaaa'S CSS SETTING
     MOVE 
        '   .Report1-RwLa-2baaaaa {POSITION:ABSOLUTE; TOP:219; LEFT:510;
-       ' WIDTH:168; HEIGHT:21; TEXT-ALIGN:RIGHT; FONT-SIZE:18pt; FONT-F
-       'AMILY:Lucida Console; BACKGROUND-COLOR:TRANSPARENT; }'
         TO PRINT-BUF
     WRITE PRINTF-R FROM PRINT-BUF AFTER 001
     INITIALIZE PRINT-BUF
* Report1-RwLa-2baaaaaa'S CSS SETTING
     MOVE 
        '   .Report1-RwLa-2baaaaaa {POSITION:ABSOLUTE; TOP:219; LEFT:684
-       '; WIDTH:30; HEIGHT:21; TEXT-ALIGN:LEFT; FONT-SIZE:18pt; FONT-FA
-       'MILY:Lucida Console; BACKGROUND-COLOR:TRANSPARENT; }'
         TO PRINT-BUF
     WRITE PRINTF-R FROM PRINT-BUF AFTER 001
     INITIALIZE PRINT-BUF
* Report1-RwLa-2baaaaac'S CSS SETTING
     MOVE 
        '   .Report1-RwLa-2baaaaac {POSITION:ABSOLUTE; TOP:273; LEFT:27;
-       ' WIDTH:297; HEIGHT:21; TEXT-ALIGN:LEFT; FONT-SIZE:18pt; FONT-FA
-       'MILY:Lucida Console; BACKGROUND-COLOR:TRANSPARENT; }'
         TO PRINT-BUF
     WRITE PRINTF-R FROM PRINT-BUF AFTER 001
     INITIALIZE PRINT-BUF
* Report1-RwLa-2aaba'S CSS SETTING
     MOVE 
        '   .Report1-RwLa-2aaba {POSITION:ABSOLUTE; TOP:417; LEFT:0; WID
-       'TH:72; HEIGHT:13; TEXT-ALIGN:RIGHT; FONT-SIZE:9pt; FONT-FAMILY:
-       'Lucida Console; BACKGROUND-COLOR:TRANSPARENT; }' TO PRINT-BUF
     WRITE PRINTF-R FROM PRINT-BUF AFTER 001
     INITIALIZE PRINT-BUF
* Report1-RwLa-2baaba'S CSS SETTING
     MOVE 
        '   .Report1-RwLa-2baaba {POSITION:ABSOLUTE; TOP:417; LEFT:75; W
-       'IDTH:660; HEIGHT:18; TEXT-ALIGN:LEFT; FONT-SIZE:9pt; FONT-FAMIL
-       'Y:Lucida Console; BACKGROUND-COLOR:TRANSPARENT; }' TO PRINT-BUF
     WRITE PRINTF-R FROM PRINT-BUF AFTER 001
     INITIALIZE PRINT-BUF
* Report1-RwLa-2aaabab'S CSS SETTING
     MOVE 
        '   .Report1-RwLa-2aaabab {POSITION:ABSOLUTE; TOP:132; LEFT:312;
-       ' WIDTH:171; HEIGHT:12; TEXT-ALIGN:RIGHT; FONT-SIZE:9pt; FONT-FA
-       'MILY:Lucida Console; BACKGROUND-COLOR:TRANSPARENT; }'
         TO PRINT-BUF
     WRITE PRINTF-R FROM PRINT-BUF AFTER 001
     INITIALIZE PRINT-BUF
* Report1-RwLa-2baaabab'S CSS SETTING
     MOVE 
        '   .Report1-RwLa-2baaabab {POSITION:ABSOLUTE; TOP:132; LEFT:489
-       '; WIDTH:165; HEIGHT:12; TEXT-ALIGN:LEFT; FONT-SIZE:9pt; FONT-FA
-       'MILY:Lucida Console; BACKGROUND-COLOR:TRANSPARENT; }'
         TO PRINT-BUF
     WRITE PRINTF-R FROM PRINT-BUF AFTER 001
     INITIALIZE PRINT-BUF
* Report1-RwLa-1a'S CSS SETTING
     MOVE 
        '   .Report1-RwLa-1a {POSITION:ABSOLUTE; TOP:478; LEFT:243; WIDT
-       'H:275; HEIGHT:20; TEXT-ALIGN:CENTER; FONT-SIZE:16pt; FONT-FAMIL
-       'Y:Courier New; BACKGROUND-COLOR:TRANSPARENT; }' TO PRINT-BUF
     WRITE PRINTF-R FROM PRINT-BUF AFTER 001
     INITIALIZE PRINT-BUF
* Report1-RwDtTm-1a'S CSS Setting
     MOVE 
        '   .Report1-RwDtTm-1a {POSITION:ABSOLUTE; TOP:478; LEFT:648; WI
-       'DTH:79; HEIGHT:25; TEXT-ALIGN:CENTER; COLOR:#800000; BACKGROUND
-       '-COLOR:#FFFFFF; }' TO PRINT-BUF
     WRITE PRINTF-R FROM PRINT-BUF AFTER 001
     INITIALIZE PRINT-BUF
* Report1-RwLa-2aabaa'S CSS SETTING
     MOVE 
        '   .Report1-RwLa-2aabaa {POSITION:ABSOLUTE; TOP:885; LEFT:3; WI
-       'DTH:72; HEIGHT:13; TEXT-ALIGN:RIGHT; FONT-SIZE:9pt; FONT-FAMILY
-       ':Lucida Console; BACKGROUND-COLOR:TRANSPARENT; }' TO PRINT-BUF
     WRITE PRINTF-R FROM PRINT-BUF AFTER 001
     INITIALIZE PRINT-BUF
* Report1-RwLa-2baabaa'S CSS SETTING
     MOVE 
        '   .Report1-RwLa-2baabaa {POSITION:ABSOLUTE; TOP:885; LEFT:78; 
-       'WIDTH:660; HEIGHT:18; TEXT-ALIGN:LEFT; FONT-SIZE:9pt; FONT-FAMI
-       'LY:Lucida Console; BACKGROUND-COLOR:TRANSPARENT; }'
         TO PRINT-BUF
     WRITE PRINTF-R FROM PRINT-BUF AFTER 001
     INITIALIZE PRINT-BUF
* Report1-RwLa-2d'S CSS SETTING
     MOVE 
        '   .Report1-RwLa-2d {POSITION:ABSOLUTE; TOP:558; LEFT:18; WIDTH
-       ':72; HEIGHT:12; TEXT-ALIGN:RIGHT; FONT-SIZE:9pt; FONT-FAMILY:Lu
-       'cida Console; BACKGROUND-COLOR:TRANSPARENT; }' TO PRINT-BUF
     WRITE PRINTF-R FROM PRINT-BUF AFTER 001
     INITIALIZE PRINT-BUF
* Report1-RwLa-2bc'S CSS SETTING
     MOVE 
        '   .Report1-RwLa-2bc {POSITION:ABSOLUTE; TOP:558; LEFT:96; WIDT
-       'H:75; HEIGHT:15; TEXT-ALIGN:LEFT; FONT-SIZE:9pt; FONT-FAMILY:Lu
-       'cida Console; BACKGROUND-COLOR:TRANSPARENT; }' TO PRINT-BUF
     WRITE PRINTF-R FROM PRINT-BUF AFTER 001
     INITIALIZE PRINT-BUF
* Report1-RwLa-2bad'S CSS SETTING
     MOVE 
        '   .Report1-RwLa-2bad {POSITION:ABSOLUTE; TOP:577; LEFT:96; WID
-       'TH:75; HEIGHT:15; TEXT-ALIGN:LEFT; FONT-SIZE:9pt; FONT-FAMILY:L
-       'ucida Console; BACKGROUND-COLOR:TRANSPARENT; }' TO PRINT-BUF
     WRITE PRINTF-R FROM PRINT-BUF AFTER 001
     INITIALIZE PRINT-BUF
* Report1-RwLa-2ad'S CSS SETTING
     MOVE 
        '   .Report1-RwLa-2ad {POSITION:ABSOLUTE; TOP:577; LEFT:18; WIDT
-       'H:72; HEIGHT:14; TEXT-ALIGN:RIGHT; FONT-SIZE:9pt; FONT-FAMILY:L
-       'ucida Console; BACKGROUND-COLOR:TRANSPARENT; }' TO PRINT-BUF
     WRITE PRINTF-R FROM PRINT-BUF AFTER 001
     INITIALIZE PRINT-BUF
* Report1-RwLa-2aaa'S CSS SETTING
     MOVE 
        '   .Report1-RwLa-2aaa {POSITION:ABSOLUTE; TOP:595; LEFT:18; WID
-       'TH:72; HEIGHT:14; TEXT-ALIGN:RIGHT; FONT-SIZE:9pt; FONT-FAMILY:
-       'Lucida Console; BACKGROUND-COLOR:TRANSPARENT; }' TO PRINT-BUF
     WRITE PRINTF-R FROM PRINT-BUF AFTER 001
     INITIALIZE PRINT-BUF
* Report1-RwLa-2baac'S CSS SETTING
     MOVE 
        '   .Report1-RwLa-2baac {POSITION:ABSOLUTE; TOP:597; LEFT:96; WI
-       'DTH:75; HEIGHT:16; TEXT-ALIGN:LEFT; FONT-SIZE:9pt; FONT-FAMILY:
-       'Lucida Console; BACKGROUND-COLOR:TRANSPARENT; }' TO PRINT-BUF
     WRITE PRINTF-R FROM PRINT-BUF AFTER 001
     INITIALIZE PRINT-BUF
* Report1-RwLa-2bba'S CSS SETTING
     MOVE 
        '   .Report1-RwLa-2bba {POSITION:ABSOLUTE; TOP:615; LEFT:96; WID
-       'TH:108; HEIGHT:15; TEXT-ALIGN:LEFT; FONT-SIZE:9pt; FONT-FAMILY:
-       'Lucida Console; BACKGROUND-COLOR:TRANSPARENT; }' TO PRINT-BUF
     WRITE PRINTF-R FROM PRINT-BUF AFTER 001
     INITIALIZE PRINT-BUF
* Report1-RwLa-2ca'S CSS SETTING
     MOVE 
        '   .Report1-RwLa-2ca {POSITION:ABSOLUTE; TOP:613; LEFT:18; WIDT
-       'H:72; HEIGHT:13; TEXT-ALIGN:RIGHT; FONT-SIZE:9pt; FONT-FAMILY:L
-       'ucida Console; BACKGROUND-COLOR:TRANSPARENT; }' TO PRINT-BUF
     WRITE PRINTF-R FROM PRINT-BUF AFTER 001
     INITIALIZE PRINT-BUF
* Report1-RwLa-2aabaaaaa'S CSS SETTING
     MOVE 
        '   .Report1-RwLa-2aabaaaaa {POSITION:ABSOLUTE; TOP:633; LEFT:18
-       '; WIDTH:72; HEIGHT:13; TEXT-ALIGN:RIGHT; FONT-SIZE:9pt; FONT-FA
-       'MILY:Lucida Console; BACKGROUND-COLOR:TRANSPARENT; }'
         TO PRINT-BUF
     WRITE PRINTF-R FROM PRINT-BUF AFTER 001
     INITIALIZE PRINT-BUF
* Report1-RwLa-2baabaaaaa'S CSS SETTING
     MOVE 
        '   .Report1-RwLa-2baabaaaaa {POSITION:ABSOLUTE; TOP:633; LEFT:9
-       '6; WIDTH:71; HEIGHT:14; TEXT-ALIGN:LEFT; FONT-SIZE:9pt; FONT-FA
-       'MILY:Lucida Console; BACKGROUND-COLOR:TRANSPARENT; }'
         TO PRINT-BUF
     WRITE PRINTF-R FROM PRINT-BUF AFTER 001
     INITIALIZE PRINT-BUF
* Report1-RwLa-2baba'S CSS SETTING
     MOVE 
        '   .Report1-RwLa-2baba {POSITION:ABSOLUTE; TOP:651; LEFT:96; WI
-       'DTH:108; HEIGHT:12; TEXT-ALIGN:LEFT; FONT-SIZE:9pt; FONT-FAMILY
-       ':Lucida Console; BACKGROUND-COLOR:TRANSPARENT; }' TO PRINT-BUF
     WRITE PRINTF-R FROM PRINT-BUF AFTER 001
     INITIALIZE PRINT-BUF
* Report1-RwLa-2aba'S CSS SETTING
     MOVE 
        '   .Report1-RwLa-2aba {POSITION:ABSOLUTE; TOP:651; LEFT:18; WID
-       'TH:72; HEIGHT:13; TEXT-ALIGN:RIGHT; FONT-SIZE:9pt; FONT-FAMILY:
-       'Lucida Console; BACKGROUND-COLOR:TRANSPARENT; }' TO PRINT-BUF
     WRITE PRINTF-R FROM PRINT-BUF AFTER 001
     INITIALIZE PRINT-BUF
* Report1-RwLa-2aabb'S CSS SETTING
     MOVE 
        '   .Report1-RwLa-2aabb {POSITION:ABSOLUTE; TOP:669; LEFT:18; WI
-       'DTH:72; HEIGHT:13; TEXT-ALIGN:RIGHT; FONT-SIZE:9pt; FONT-FAMILY
-       ':Lucida Console; BACKGROUND-COLOR:TRANSPARENT; }' TO PRINT-BUF
     WRITE PRINTF-R FROM PRINT-BUF AFTER 001
     INITIALIZE PRINT-BUF
* Report1-RwLa-2baabb'S CSS SETTING
     MOVE 
        '   .Report1-RwLa-2baabb {POSITION:ABSOLUTE; TOP:669; LEFT:96; W
-       'IDTH:109; HEIGHT:11; TEXT-ALIGN:LEFT; FONT-SIZE:9pt; FONT-FAMIL
-       'Y:Lucida Console; BACKGROUND-COLOR:TRANSPARENT; }' TO PRINT-BUF
     WRITE PRINTF-R FROM PRINT-BUF AFTER 001
     INITIALIZE PRINT-BUF
* Report1-RwLa-2baaabaaa'S CSS SETTING
     MOVE 
        '   .Report1-RwLa-2baaabaaa {POSITION:ABSOLUTE; TOP:687; LEFT:96
-       '; WIDTH:164; HEIGHT:12; TEXT-ALIGN:LEFT; FONT-SIZE:9pt; FONT-FA
-       'MILY:Lucida Console; BACKGROUND-COLOR:TRANSPARENT; }'
         TO PRINT-BUF
     WRITE PRINTF-R FROM PRINT-BUF AFTER 001
     INITIALIZE PRINT-BUF
* Report1-RwLa-2aaabaaa'S CSS SETTING
     MOVE 
        '   .Report1-RwLa-2aaabaaa {POSITION:ABSOLUTE; TOP:687; LEFT:18;
-       ' WIDTH:72; HEIGHT:13; TEXT-ALIGN:RIGHT; FONT-SIZE:9pt; FONT-FAM
-       'ILY:Lucida Console; BACKGROUND-COLOR:TRANSPARENT; }'
         TO PRINT-BUF
     WRITE PRINTF-R FROM PRINT-BUF AFTER 001
     INITIALIZE PRINT-BUF
* Report1-RwLa-2baaaaabc'S CSS SETTING
     MOVE 
        '   .Report1-RwLa-2baaaaabc {POSITION:ABSOLUTE; TOP:771; LEFT:72
-       '; WIDTH:138; HEIGHT:21; TEXT-ALIGN:LEFT; FONT-SIZE:15pt; FONT-F
-       'AMILY:Lucida Console; BACKGROUND-COLOR:TRANSPARENT; }'
         TO PRINT-BUF
     WRITE PRINTF-R FROM PRINT-BUF AFTER 001
     INITIALIZE PRINT-BUF
* Report1-RwLa-2baaaaaca'S CSS SETTING
     MOVE 
        '   .Report1-RwLa-2baaaaaca {POSITION:ABSOLUTE; TOP:741; LEFT:30
-       '; WIDTH:296; HEIGHT:21; TEXT-ALIGN:LEFT; FONT-SIZE:18pt; FONT-F
-       'AMILY:Lucida Console; BACKGROUND-COLOR:TRANSPARENT; }'
         TO PRINT-BUF
     WRITE PRINTF-R FROM PRINT-BUF AFTER 001
     INITIALIZE PRINT-BUF
* Report1-RwLa-2baaaaabba'S CSS SETTING
     MOVE 
        '   .Report1-RwLa-2baaaaabba {POSITION:ABSOLUTE; TOP:771; LEFT:4
-       '53; WIDTH:138; HEIGHT:21; TEXT-ALIGN:LEFT; FONT-SIZE:15pt; FONT
-       '-FAMILY:Lucida Console; BACKGROUND-COLOR:TRANSPARENT; }'
         TO PRINT-BUF
     WRITE PRINTF-R FROM PRINT-BUF AFTER 001
     INITIALIZE PRINT-BUF
* Report1-RwLa-2baaaaabaa'S CSS SETTING
     MOVE 
        '   .Report1-RwLa-2baaaaabaa {POSITION:ABSOLUTE; TOP:741; LEFT:4
-       '47; WIDTH:150; HEIGHT:21; TEXT-ALIGN:LEFT; FONT-SIZE:15pt; FONT
-       '-FAMILY:Lucida Console; BACKGROUND-COLOR:TRANSPARENT; }'
         TO PRINT-BUF
     WRITE PRINTF-R FROM PRINT-BUF AFTER 001
     INITIALIZE PRINT-BUF
* Report1-RwLa-2baaaaad'S CSS SETTING
     MOVE 
        '   .Report1-RwLa-2baaaaad {POSITION:ABSOLUTE; TOP:687; LEFT:513
-       '; WIDTH:168; HEIGHT:21; TEXT-ALIGN:RIGHT; FONT-SIZE:18pt; FONT-
-       'FAMILY:Lucida Console; BACKGROUND-COLOR:TRANSPARENT; }'
         TO PRINT-BUF
     WRITE PRINTF-R FROM PRINT-BUF AFTER 001
     INITIALIZE PRINT-BUF
* Report1-RwLa-2baaaaaaa'S CSS SETTING
     MOVE 
        '   .Report1-RwLa-2baaaaaaa {POSITION:ABSOLUTE; TOP:687; LEFT:68
-       '7; WIDTH:30; HEIGHT:21; TEXT-ALIGN:LEFT; FONT-SIZE:18pt; FONT-F
-       'AMILY:Lucida Console; BACKGROUND-COLOR:TRANSPARENT; }'
         TO PRINT-BUF
     WRITE PRINTF-R FROM PRINT-BUF AFTER 001
     INITIALIZE PRINT-BUF
* Report1-RwLa-2baaac'S CSS SETTING
     MOVE 
        '   .Report1-RwLa-2baaac {POSITION:ABSOLUTE; TOP:645; LEFT:687; 
-       'WIDTH:48; HEIGHT:21; TEXT-ALIGN:LEFT; FONT-SIZE:18pt; FONT-FAMI
-       'LY:Lucida Console; BACKGROUND-COLOR:TRANSPARENT; }'
         TO PRINT-BUF
     WRITE PRINTF-R FROM PRINT-BUF AFTER 001
     INITIALIZE PRINT-BUF
* Report1-RwLa-2baaaab'S CSS SETTING
     MOVE 
        '   .Report1-RwLa-2baaaab {POSITION:ABSOLUTE; TOP:645; LEFT:513;
-       ' WIDTH:168; HEIGHT:21; TEXT-ALIGN:RIGHT; FONT-SIZE:18pt; FONT-F
-       'AMILY:Lucida Console; BACKGROUND-COLOR:TRANSPARENT; }'
         TO PRINT-BUF
     WRITE PRINTF-R FROM PRINT-BUF AFTER 001
     INITIALIZE PRINT-BUF
* Report1-RwLa-2aaaab'S CSS SETTING
     MOVE 
        '   .Report1-RwLa-2aaaab {POSITION:ABSOLUTE; TOP:645; LEFT:384; 
-       'WIDTH:102; HEIGHT:15; TEXT-ALIGN:RIGHT; FONT-SIZE:9pt; FONT-FAM
-       'ILY:Lucida Console; BACKGROUND-COLOR:TRANSPARENT; }'
         TO PRINT-BUF
     WRITE PRINTF-R FROM PRINT-BUF AFTER 001
     INITIALIZE PRINT-BUF
* Report1-RwLa-2aaaaaa'S CSS SETTING
     MOVE 
        '   .Report1-RwLa-2aaaaaa {POSITION:ABSOLUTE; TOP:690; LEFT:363;
-       ' WIDTH:123; HEIGHT:15; TEXT-ALIGN:RIGHT; FONT-SIZE:9pt; FONT-FA
-       'MILY:Lucida Console; BACKGROUND-COLOR:TRANSPARENT; }'
         TO PRINT-BUF
     WRITE PRINTF-R FROM PRINT-BUF AFTER 001
     INITIALIZE PRINT-BUF
* Report1-RwLa-2baaabb'S CSS SETTING
     MOVE 
        '   .Report1-RwLa-2baaabb {POSITION:ABSOLUTE; TOP:621; LEFT:492;
-       ' WIDTH:109; HEIGHT:12; TEXT-ALIGN:LEFT; FONT-SIZE:9pt; FONT-FAM
-       'ILY:Lucida Console; BACKGROUND-COLOR:TRANSPARENT; }'
         TO PRINT-BUF
     WRITE PRINTF-R FROM PRINT-BUF AFTER 001
     INITIALIZE PRINT-BUF
* Report1-RwLa-2aaabb'S CSS SETTING
     MOVE 
        '   .Report1-RwLa-2aaabb {POSITION:ABSOLUTE; TOP:621; LEFT:369; 
-       'WIDTH:117; HEIGHT:13; TEXT-ALIGN:RIGHT; FONT-SIZE:9pt; FONT-FAM
-       'ILY:Lucida Console; BACKGROUND-COLOR:TRANSPARENT; }'
         TO PRINT-BUF
     WRITE PRINTF-R FROM PRINT-BUF AFTER 001
     INITIALIZE PRINT-BUF
* Report1-RwLa-2baaababa'S CSS SETTING
     MOVE 
        '   .Report1-RwLa-2baaababa {POSITION:ABSOLUTE; TOP:600; LEFT:49
-       '2; WIDTH:164; HEIGHT:12; TEXT-ALIGN:LEFT; FONT-SIZE:9pt; FONT-F
-       'AMILY:Lucida Console; BACKGROUND-COLOR:TRANSPARENT; }'
         TO PRINT-BUF
     WRITE PRINTF-R FROM PRINT-BUF AFTER 001
     INITIALIZE PRINT-BUF
* Report1-RwLa-2aaababa'S CSS SETTING
     MOVE 
        '   .Report1-RwLa-2aaababa {POSITION:ABSOLUTE; TOP:600; LEFT:315
-       '; WIDTH:171; HEIGHT:12; TEXT-ALIGN:RIGHT; FONT-SIZE:9pt; FONT-F
-       'AMILY:Lucida Console; BACKGROUND-COLOR:TRANSPARENT; }'
         TO PRINT-BUF
     WRITE PRINTF-R FROM PRINT-BUF AFTER 001
     INITIALIZE PRINT-BUF
* Report1-RwLa-2aaabac'S CSS SETTING
     MOVE 
        '   .Report1-RwLa-2aaabac {POSITION:ABSOLUTE; TOP:579; LEFT:369;
-       ' WIDTH:117; HEIGHT:13; TEXT-ALIGN:RIGHT; FONT-SIZE:9pt; FONT-FA
-       'MILY:Lucida Console; BACKGROUND-COLOR:TRANSPARENT; }'
         TO PRINT-BUF
     WRITE PRINTF-R FROM PRINT-BUF AFTER 001
     INITIALIZE PRINT-BUF
* Report1-RwLa-2baaabac'S CSS SETTING
     MOVE 
        '   .Report1-RwLa-2baaabac {POSITION:ABSOLUTE; TOP:579; LEFT:492
-       '; WIDTH:164; HEIGHT:12; TEXT-ALIGN:LEFT; FONT-SIZE:9pt; FONT-FA
-       'MILY:Lucida Console; BACKGROUND-COLOR:TRANSPARENT; }'
         TO PRINT-BUF
     WRITE PRINTF-R FROM PRINT-BUF AFTER 001
     INITIALIZE PRINT-BUF
* Report1-RwLa-2baca'S CSS SETTING
     MOVE 
        '   .Report1-RwLa-2baca {POSITION:ABSOLUTE; TOP:558; LEFT:492; W
-       'IDTH:75; HEIGHT:14; TEXT-ALIGN:LEFT; FONT-SIZE:9pt; FONT-FAMILY
-       ':Lucida Console; BACKGROUND-COLOR:TRANSPARENT; }' TO PRINT-BUF
     WRITE PRINTF-R FROM PRINT-BUF AFTER 001
     INITIALIZE PRINT-BUF
* Report1-RwLa-2aca'S CSS SETTING
     MOVE 
        '   .Report1-RwLa-2aca {POSITION:ABSOLUTE; TOP:558; LEFT:369; WI
-       'DTH:117; HEIGHT:13; TEXT-ALIGN:RIGHT; FONT-SIZE:9pt; FONT-FAMIL
-       'Y:Lucida Console; BACKGROUND-COLOR:TRANSPARENT; }' TO PRINT-BUF
     WRITE PRINTF-R FROM PRINT-BUF AFTER 001
     INITIALIZE PRINT-BUF
* Report1-RwLa-1b'S CSS SETTING
     MOVE 
        '   .Report1-RwLa-1b {POSITION:ABSOLUTE; TOP:54; LEFT:240; WIDTH
-       ':275; HEIGHT:19; TEXT-ALIGN:CENTER; FONT-SIZE:16pt; FONT-FAMILY
-       ':Courier New; BACKGROUND-COLOR:TRANSPARENT; }' TO PRINT-BUF
     WRITE PRINTF-R FROM PRINT-BUF AFTER 001
     INITIALIZE PRINT-BUF
* Report1-RwLa-1ba'S CSS SETTING
     MOVE 
        '   .Report1-RwLa-1ba {POSITION:ABSOLUTE; TOP:522; LEFT:243; WID
-       'TH:275; HEIGHT:19; TEXT-ALIGN:CENTER; FONT-SIZE:16pt; FONT-FAMI
-       'LY:Courier New; BACKGROUND-COLOR:TRANSPARENT; }' TO PRINT-BUF
     WRITE PRINTF-R FROM PRINT-BUF AFTER 001
     INITIALIZE PRINT-BUF
* Report1-RwLa-2baaaaacba'S CSS SETTING
     MOVE 
        '   .Report1-RwLa-2baaaaacba {POSITION:ABSOLUTE; TOP:816; LEFT:3
-       '3; WIDTH:195; HEIGHT:21; TEXT-ALIGN:LEFT; FONT-SIZE:18pt; FONT-
-       'FAMILY:Lucida Console; BACKGROUND-COLOR:TRANSPARENT; }'
         TO PRINT-BUF
     WRITE PRINTF-R FROM PRINT-BUF AFTER 001
     INITIALIZE PRINT-BUF
* Report1-RwLa-2baaaaabda'S CSS SETTING
     MOVE 
        '   .Report1-RwLa-2baaaaabda {POSITION:ABSOLUTE; TOP:849; LEFT:7
-       '2; WIDTH:138; HEIGHT:21; TEXT-ALIGN:LEFT; FONT-SIZE:15pt; FONT-
-       'FAMILY:Lucida Console; BACKGROUND-COLOR:TRANSPARENT; }'
         TO PRINT-BUF
     WRITE PRINTF-R FROM PRINT-BUF AFTER 001
     INITIALIZE PRINT-BUF
* Report1-RwLa-2aaabaab'S CSS SETTING
     MOVE 
        '   .Report1-RwLa-2aaabaab {POSITION:ABSOLUTE; TOP:237; LEFT:15;
-       ' WIDTH:72; HEIGHT:13; TEXT-ALIGN:RIGHT; FONT-SIZE:9pt; FONT-FAM
-       'ILY:Lucida Console; BACKGROUND-COLOR:TRANSPARENT; }'
         TO PRINT-BUF
     WRITE PRINTF-R FROM PRINT-BUF AFTER 001
     INITIALIZE PRINT-BUF
* Report1-RwLa-2baaabaab'S CSS SETTING
     MOVE 
        '   .Report1-RwLa-2baaabaab {POSITION:ABSOLUTE; TOP:237; LEFT:96
-       '; WIDTH:225; HEIGHT:12; TEXT-ALIGN:LEFT; FONT-SIZE:9pt; FONT-FA
-       'MILY:Lucida Console; BACKGROUND-COLOR:TRANSPARENT; }'
         TO PRINT-BUF
     WRITE PRINTF-R FROM PRINT-BUF AFTER 001
     INITIALIZE PRINT-BUF
* Report1-RwLa-2baaabaaba'S CSS SETTING
     MOVE 
        '   .Report1-RwLa-2baaabaaba {POSITION:ABSOLUTE; TOP:705; LEFT:9
-       '6; WIDTH:225; HEIGHT:12; TEXT-ALIGN:LEFT; FONT-SIZE:9pt; FONT-F
-       'AMILY:Lucida Console; BACKGROUND-COLOR:TRANSPARENT; }'
         TO PRINT-BUF
     WRITE PRINTF-R FROM PRINT-BUF AFTER 001
     INITIALIZE PRINT-BUF
* Report1-RwLa-2aaabaaba'S CSS SETTING
     MOVE 
        '   .Report1-RwLa-2aaabaaba {POSITION:ABSOLUTE; TOP:705; LEFT:18
-       '; WIDTH:72; HEIGHT:13; TEXT-ALIGN:RIGHT; FONT-SIZE:9pt; FONT-FA
-       'MILY:Lucida Console; BACKGROUND-COLOR:TRANSPARENT; }'
         TO PRINT-BUF
     WRITE PRINTF-R FROM PRINT-BUF AFTER 001
     INITIALIZE PRINT-BUF
* Report1-RwLa-2baaaaabb'S CSS SETTING
     MOVE 
        '   .Report1-RwLa-2baaaaabb {POSITION:ABSOLUTE; TOP:303; LEFT:45
-       '0; WIDTH:138; HEIGHT:21; TEXT-ALIGN:LEFT; FONT-SIZE:15pt; FONT-
-       'FAMILY:Lucida Console; BACKGROUND-COLOR:TRANSPARENT; }'
         TO PRINT-BUF
     WRITE PRINTF-R FROM PRINT-BUF AFTER 001
     INITIALIZE PRINT-BUF
* Report1-RwLa-2baaaaaba'S CSS SETTING
     MOVE 
        '   .Report1-RwLa-2baaaaaba {POSITION:ABSOLUTE; TOP:273; LEFT:44
-       '4; WIDTH:150; HEIGHT:21; TEXT-ALIGN:LEFT; FONT-SIZE:15pt; FONT-
-       'FAMILY:Lucida Console; BACKGROUND-COLOR:TRANSPARENT; }'
         TO PRINT-BUF
     WRITE PRINTF-R FROM PRINT-BUF AFTER 001
     INITIALIZE PRINT-BUF
* Report1-RwLa-2baaaaab'S CSS SETTING
     MOVE 
        '   .Report1-RwLa-2baaaaab {POSITION:ABSOLUTE; TOP:303; LEFT:69;
-       ' WIDTH:138; HEIGHT:21; TEXT-ALIGN:LEFT; FONT-SIZE:15pt; FONT-FA
-       'MILY:Lucida Console; BACKGROUND-COLOR:TRANSPARENT; }'
         TO PRINT-BUF
     WRITE PRINTF-R FROM PRINT-BUF AFTER 001
     INITIALIZE PRINT-BUF
* Report1-RwLa-2baaaaacb'S CSS SETTING
     MOVE 
        '   .Report1-RwLa-2baaaaacb {POSITION:ABSOLUTE; TOP:342; LEFT:30
-       '; WIDTH:195; HEIGHT:21; TEXT-ALIGN:LEFT; FONT-SIZE:18pt; FONT-F
-       'AMILY:Lucida Console; BACKGROUND-COLOR:TRANSPARENT; }'
         TO PRINT-BUF
     WRITE PRINTF-R FROM PRINT-BUF AFTER 001
     INITIALIZE PRINT-BUF
* Report1-RwLa-2baaaaabd'S CSS SETTING
     MOVE 
        '   .Report1-RwLa-2baaaaabd {POSITION:ABSOLUTE; TOP:375; LEFT:69
-       '; WIDTH:138; HEIGHT:21; TEXT-ALIGN:LEFT; FONT-SIZE:15pt; FONT-F
-       'AMILY:Lucida Console; BACKGROUND-COLOR:TRANSPARENT; }'
         TO PRINT-BUF
     WRITE PRINTF-R FROM PRINT-BUF AFTER 001
     INITIALIZE PRINT-BUF
     MOVE '</STYLE>' TO PRINT-BUF
     WRITE PRINTF-R FROM PRINT-BUF AFTER 001
     INITIALIZE PRINT-BUF
     .    

 Acu-Report1-PRINT-PARA.
     MOVE SPACES TO PRINT-FULLNAME
     CALL "C$FULLNAME" USING rapor-dosya, PRINT-FULLNAME,
          GIVING ACU-STATUS-CODE
     IF ACU-STATUS-CODE = 1
        MOVE 0 TO ACU-SETUPPRINT
        EXIT PARAGRAPH
     END-IF
     MOVE 0 TO ACU-IDX1
     INSPECT PRINT-FULLNAME TALLYING ACU-IDX1 FOR ALL "\"
     INSPECT PRINT-FULLNAME REPLACING TRAILING SPACE BY "*"
     IF ACU-IDX1 <= 0
        MOVE SPACES TO DUMY-LINE
        CALL "C$CHDIR" USING DUMY-LINE
        INSPECT DUMY-LINE REPLACING TRAILING SPACE BY "*"
        MOVE 0 TO ACU-STATUS-CODE
        PERFORM VARYING ACU-IDX2 FROM 1 BY 1 UNTIL
        ACU-STATUS-CODE = 1
           IF DUMY-LINE(ACU-IDX2:1) = "*"
              MOVE 1 TO ACU-STATUS-CODE
           END-IF
        END-PERFORM
        IF DUMY-LINE(ACU-IDX2 - 2:1) = "\"
           STRING DUMY-LINE, PRINT-FULLNAME, X"00"
              DELIMITED BY "*" INTO PRT-FULLFILENAME
        ELSE
           STRING DUMY-LINE, "\", PRINT-FULLNAME, X"00"
              DELIMITED BY "*" INTO PRT-FULLFILENAME
        END-IF
     ELSE
        STRING PRINT-FULLNAME , X"00" DELIMITED BY "*" INTO 
           PRT-FULLFILENAME
     END-IF

     STRING "A4", X"00" DELIMITED BY SIZE INTO 
        ACU-PAPER-SIZE
     STRING 
     "&w&bPage &p of &P"
     , X"00" DELIMITED BY SIZE INTO ACU-PAPER-HEADER
     MOVE X"00" TO ACU-PAPER-FOOTER
     MOVE "PORTRAIT" TO ACU-PAPER-ORIENTATION
     IF ACU-PAPER-ORIENTATION = "LANDSCAPE"
        MOVE 2 TO ACU-PAPER-ORIENTATIONINT
     ELSE
        MOVE 1 TO ACU-PAPER-ORIENTATIONINT
     END-IF
     STRING "PORTRAIT", X"00" DELIMITED BY SIZE INTO
        ACU-PAPER-ORIENTATION
     MOVE "20" to ACU-MARGIN-LEFT
     MOVE "20" to ACU-MARGIN-RIGHT
     MOVE "75" to ACU-MARGIN-TOP
     MOVE "75" to ACU-MARGIN-BOTTOM
     STRING ACU-PAPER-MARGIN, X"00" DELIMITED BY SIZE INTO 
        PRINT-BROWSER-PARA
     IF ACU-PAPER-COPIES = 0 
        OR ACU-PAPER-COPIES(1:) = spaces
           MOVE 1 to ACU-PAPER-COPIES
     END-IF
     MOVE SPACES TO DUMY-LINE
     .

 Acu-Report1-SETUP-PRINT.
     MOVE 1 TO ACU-SETUPPRINT
     PERFORM Acu-Report1-PRINT-PARA
     SET ENVIRONMENT "DLL_CONVENTION" to "1"
     CALL "AcuBenchPrintDummy"
        ON EXCEPTION CALL "AcuBenchPrint.dll" END-CALL
     END-CALL
     CALL "AcuBenchPrintExecWBPageSetup" USING
          BY CONTENT PRINT-BROWSER-PARA,
          BY CONTENT ACU-PAPER-SIZE, 
          BY VALUE   ACU-PAPER-ORIENTATIONINT,
          BY CONTENT ACU-PRINTER-NAME
          GIVING ACUPRINTDLL-STATUS
     END-CALL
     IF ACUPRINTDLL-SUCCESS
        MOVE 1 TO PRINT-UNIT-TYPE
        SET PRINT-PTR TO ADDRESS OF ACU-PAPER-MARGIN
        CALL "AcuBenchPrintGetMargins" USING BY 
           VALUE PRINT-UNIT-TYPE, PRINT-PTR
        SET PRINT-PTR TO ADDRESS OF ACU-PAPER-SIZEINT
        CALL "AcuBenchPrintGetPaperSize" USING BY 
           VALUE PRINT-UNIT-TYPE, PRINT-PTR
        COMPUTE PAGE-HEIGHT OF Report1-HEIGHT = 
           ACU-PAPER-HEIGHT - ACU-MARGIN-TOP 
           - ACU-MARGIN-BOTTOM
        COMPUTE PAGE-WIDTH OF Report1-HEIGHT = 
           ACU-PAPER-WIDTH - ACU-MARGIN-LEFT
           - ACU-MARGIN-RIGHT

        MOVE 2 TO PRINT-UNIT-TYPE
        SET PRINT-PTR TO ADDRESS OF ACU-PAPER-MARGIN
        CALL "AcuBenchPrintGetMargins" USING BY VALUE
           PRINT-UNIT-TYPE, PRINT-PTR
        STRING ACU-PAPER-MARGIN, X"00" DELIMITED BY SIZE INTO
           PRINT-BROWSER-PARA

        SET PRINT-PTR TO ADDRESS OF ACU-PAPER-SIZE
        CALL "AcuBenchPrintGetPaperName" USING BY VALUE PRINT-PTR
        CALL "AcuBenchPrintGetOrientation" GIVING 
           ACU-PAPER-ORIENTATIONINT
        CALL "AcuBenchPrintGetCopies" GIVING ACU-PAPER-COPIES
        SET PRINT-PTR TO ADDRESS OF ACU-PRINTER-NAME
        CALL "AcuBenchPrintGetPrinterName" USING BY VALUE 
           PRINT-PTR

        PERFORM Acu-Report1-PRINT-TOFILE
        PERFORM Acu-Report1-DO-PRINT
     END-IF
     .

 Acu-Report1-PRINT.
     MOVE 0 TO ACU-SETUPPRINT
     PERFORM Acu-Report1-PRINT-TOFILE
     PERFORM Acu-Report1-DO-PRINT
     .

 Acu-Report1-DO-PRINT.
     IF ACU-SETUPPRINT = 0
        PERFORM Acu-Report1-PRINT-PARA
        SET ENVIRONMENT "DLL_CONVENTION" to "1"
        CALL "AcuBenchPrintDummy"
           ON EXCEPTION CALL "AcuBenchPrint.dll" END-CALL
        END-CALL
     END-IF
     CALL "AcuBenchPrintExecWBPrint" USING
          BY CONTENT PRT-FULLFILENAME,
          OMITTED,
          BY CONTENT PRINT-BROWSER-PARA,
          BY CONTENT ACU-PAPER-HEADER, 
          BY CONTENT ACU-PAPER-FOOTER, 
          BY CONTENT ACU-PAPER-SIZE, 
          BY VALUE ACU-PAPER-ORIENTATIONINT,
          BY VALUE ACU-PAPER-COPIES,
          BY CONTENT ACU-PRINTER-NAME
     END-CALL
     MOVE 0 TO ACU-SETUPPRINT
     .

 Acu-Report1-PREVIEW.
     PERFORM Acu-Report1-PRINT-TOFILE
     PERFORM Acu-Report1-PRINT-PARA
     SET ENVIRONMENT "DLL_CONVENTION" to "1"
     CALL "AcuBenchPrintDummy"
        ON EXCEPTION CALL "AcuBenchPrint.dll" END-CALL
     END-CALL
     CALL "AcuBenchPrintExecWBPreview" USING
          BY CONTENT PRT-FULLFILENAME,
          BY CONTENT PRINT-BROWSER-PARA,
          BY CONTENT ACU-PAPER-HEADER, 
          BY CONTENT ACU-PAPER-FOOTER, 
          BY CONTENT ACU-PAPER-SIZE, 
          BY VALUE ACU-PAPER-ORIENTATIONINT,
          BY CONTENT ACU-PRINTER-NAME
     END-CALL
     .

 Acu-Report1-PRINT-TOFILE.
     MOVE rapor-dosya TO PTR-DEV-NAME.
     MOVE 1 TO CURRENT-COL
     MOVE 0 TO Report1-CLEFTOFFSET
     MOVE 0 TO CNT-PIXELS
     MOVE 1 TO NTOPCOLUMNNUM
     PERFORM Acu-PRINTF-OPEN-ROUTINE.
*    BeforePrint           
     PERFORM Acu-Report1-HTML-HEADER.
     PERFORM Acu-Report1-HTML-PAGE-HEADER.
     PERFORM Acu-RPT-Report1-PRINT-LOOP.
     PERFORM Acu-Report1-HTML-FOOTER.
*    AfterPrint
     PERFORM Acu-PRINTF-CLOSE-ROUTINE
     .

 Acu-RPT-Report1-PRINT-LOOP.
     MOVE 1 TO TMP-PRINTORNOT
     MOVE 0 TO CNT-INPAGEPIXELS
     MOVE 1 TO ACU-PAGENUM
     MOVE 1 TO ACU-PAGENUM-SYS
     MOVE 0 TO SYS-ENDPRIMARYFD
     
     PERFORM Acu-RPT-Report1-ALL-RESET
* Check Report Header
     PERFORM Acu-RPT-Report1-REPORT-HEADER
* Start Normal (Page H/F, Group H/F, Detail)
     PERFORM Acu-RPT-Report1-MASTER-PRINT-LOOP
* End Normal (Page H/F, Group H/F, Detail)
     PERFORM Acu-RPT-Report1-PAGE-HEADER
* Check Last Group Footer
     PERFORM Acu-RPT-Report1-GROUP-MUSTDSP
     PERFORM Acu-RPT-Report1-GROUP-FOOTER
* Check Report Footer
     IF ( REPORT-FOOTER-PRINT-AFTER-PAGE = 0 )
        PERFORM Acu-RPT-Report1-REPORT-FOOTER
     END-IF
* Normal Ending
     PERFORM Acu-Report1-FILL-DETAIL-FOR-ZEBRA
     IF ( REPORT-FOOTER-PRINT-AFTER-PAGE = 0 )
        MOVE 1 TO SYS-ENDPRIMARYFD   
        
        MOVE PAGE-HEIGHT OF Report1-HEIGHT TO CNT-INPAGEPIXELS
        PERFORM Acu-RPT-Report1-PAGE-FOOTER
     END-IF
* Check Report Footer
     IF ( REPORT-FOOTER-PRINT-AFTER-PAGE = 1 )
        PERFORM Acu-RPT-Report1-REPORT-FOOTER
     END-IF
     .

 Acu-Report1-HTML-PAGE-HEADER.
     MOVE ' <!-- Page DIV -->' TO PRINT-BUF
     WRITE PRINTF-R FROM PRINT-BUF AFTER 001
     INITIALIZE PRINT-BUF
     STRING ' <DIV STYLE="POSITION:ABSOLUTE; TOP:', 
            CNT-PIXELS, 
            '; LEFT:',
            Report1-CLEFTOFFSET,
            '; HEIGHT:', PAGE-HEIGHT OF Report1-HEIGHT, 
            '; WIDTH:', PAGE-WIDTH OF Report1-HEIGHT,
            ' ;">'
         DELIMITED BY SIZE INTO PRINT-BUF.
     WRITE PRINTF-R FROM PRINT-BUF AFTER 001
     INITIALIZE PRINT-BUF
     .

 Acu-Report1-HTML-PAGE-FOOTER.
     MOVE ' <!-- End(Page) --></DIV>' TO PRINT-BUF
     WRITE PRINTF-R FROM PRINT-BUF AFTER 001
     INITIALIZE PRINT-BUF
     .

 Acu-RPT-Report1-REPORT-HEADER.
     .

 Acu-RPT-Report1-REPORT-FOOTER.
     .

 Acu-RPT-Report1-PAGE-HEADER.
*    BeforePrint
     IF ( CNT-INPAGEPIXELS < Report1-PH-1-HEIGHT OF Report1-HEIGHT )
        OR ( REPORT-HEADER-PRINT-BEFORE-PAGE = 1 )
        PERFORM Acu-Report1-PH-1-PRINT-RTN
        ADD  Report1-PH-1-HEIGHT OF Report1-HEIGHT TO CNT-PIXELS
        IF ( REPORT-HEADER-PRINT-BEFORE-PAGE = 1 )
           ADD Report1-PH-1-HEIGHT OF Report1-HEIGHT TO CNT-INPAGEPIXELS
        ELSE
           MOVE Report1-PH-1-HEIGHT OF Report1-HEIGHT TO
        CNT-INPAGEPIXELS
        END-IF
     END-IF
*    AfterPrint
     .

 Acu-RPT-Report1-PAGE-FOOTER.         
     .

 Acu-RPT-Report1-PAGE-FOOTER-OVERPAGE.
     .

 Acu-RPT-Report1-DETAIL.
     .

 Acu-RPT-Report1-GROUP-HEADER.
* Cause there're possibly several Group.
     .

 Acu-RPT-Report1-GROUP-FOOTER.
     .

 Acu-RPT-Report1-GROUP-MUSTDSP.
     .

 Acu-RPT-Report1-GROUP-NOMUSTDSP.
     .

 Acu-RPT-Report1-ALL-RESET.
* Group Reset
     .

 Acu-RPT-Report1-DO-PRINT-RTN.
     MOVE 1 TO TMP-PRINTORNOT
* Check Group Footer
     PERFORM Acu-RPT-Report1-GROUP-FOOTER
* Init Detail's Height
     PERFORM Acu-RPT-Report1-PAGE-FOOTER
     PERFORM Acu-RPT-Report1-PAGE-HEADER
* Check Group Header
     PERFORM Acu-RPT-Report1-GROUP-HEADER
* Detail
     PERFORM Acu-RPT-Report1-DETAIL
     .

 Acu-Report1-Page-BREAK-RTN.
     IF CURRENT-COL < NTOPCOLUMNNUM
        COMPUTE CNT-PIXELS = (ACU-PAGENUM-SYS - 1) 
           * PAGE-HEIGHT OF Report1-HEIGHT
        COMPUTE Report1-CLEFTOFFSET = 
           Report1-CLEFTOFFSET + DETAIL-WIDTH
        MOVE 0 TO CNT-INPAGEPIXELS
        ADD 1 TO CURRENT-COL
     ELSE
        COMPUTE CNT-PIXELS = ACU-PAGENUM-SYS 
           * PAGE-HEIGHT OF Report1-HEIGHT
        MOVE 0 TO Report1-CLEFTOFFSET
        MOVE 0 TO CNT-INPAGEPIXELS
        ADD 1 TO ACU-PAGENUM-SYS
        ADD 1 TO ACU-PAGENUM
        MOVE 1 TO CURRENT-COL
     END-IF
     PERFORM Acu-Report1-HTML-PAGE-FOOTER
     IF SYS-ENDPRIMARYFD = 0
        PERFORM Acu-Report1-HTML-PAGE-HEADER
     END-IF
     .           

 Acu-Report1-FILL-DETAIL-FOR-ZEBRA.
     .

 Acu-Report1-ZEBRA-COLOR-CHANGE.
     .

 Acu-Report1-PH-1-SEC-HEAD.
     MOVE '   <!-- Section (Report1-PH-1) -->' TO PRINT-BUF
     WRITE PRINTF-R FROM PRINT-BUF AFTER 001
     INITIALIZE PRINT-BUF
     COMPUTE TMP-PIXELS = CNT-INPAGEPIXELS - HIGH-OFFSET-IN
     STRING '   <DIV STYLE="',
            'POSITION:ABSOLUTE; TOP:', 
            TMP-PIXELS,
            '; LEFT:0',
            '; WIDTH:791; ',
            'FONT-SIZE:9pt; ',
            'FONT-FAMILY:MS Sans Serif; ',
            'COLOR:#000000; ',
            'BACKGROUND-COLOR:#FFFFFF; ',
            '">'
        DELIMITED BY SIZE INTO PRINT-BUF.
     WRITE PRINTF-R FROM PRINT-BUF AFTER 001
     INITIALIZE PRINT-BUF
     .

 Acu-Report1-PH-1-SEC-FOOT.
     MOVE '      <!-- Ending DIV : to fill the Div Height -->' TO
        PRINT-BUF
     WRITE PRINTF-R FROM PRINT-BUF AFTER 001
     INITIALIZE PRINT-BUF
     STRING '      <DIV STYLE="POSITION:RELATIVE; HEIGHT:',
            Report1-PH-1-HEIGHT OF Report1-HEIGHT, 
            ';"> </DIV>'
        DELIMITED BY SIZE INTO PRINT-BUF.
     WRITE PRINTF-R FROM PRINT-BUF AFTER 001
     INITIALIZE PRINT-BUF
     MOVE '   <!-- End(Section) --></DIV>' TO PRINT-BUF
     WRITE PRINTF-R FROM PRINT-BUF AFTER 001
     .

 Acu-Report1-PH-1-PRINT-RTN.
     MOVE 0 TO SECTION-HIGH-STACK
     MOVE Report1-PH-1-DEF-HEIGHT TO Report1-PH-1-HEIGHT
     PERFORM Acu-Report1-PH-1-SEC-HEAD
* RPT.Box : Report1-RwBox-1ba
*    BeforePrint
     MOVE '      <!-- Box (Report1-RwBox-1ba) -->' TO PRINT-BUF
     WRITE PRINTF-R FROM PRINT-BUF AFTER 001
     INITIALIZE PRINT-BUF
     MOVE '      <DIV CLASS="Report1-RwBox-1ba"></DIV>' TO PRINT-BUF
     WRITE PRINTF-R FROM PRINT-BUF AFTER 001
     INITIALIZE PRINT-BUF
*    AfterPrint
* RPT.Box : Report1-RwBox-1b
*    BeforePrint
     MOVE '      <!-- Box (Report1-RwBox-1b) -->' TO PRINT-BUF
     WRITE PRINTF-R FROM PRINT-BUF AFTER 001
     INITIALIZE PRINT-BUF
     MOVE '      <DIV CLASS="Report1-RwBox-1b"></DIV>' TO PRINT-BUF
     WRITE PRINTF-R FROM PRINT-BUF AFTER 001
     INITIALIZE PRINT-BUF
*    AfterPrint
* RPT.Box : Report1-RwBox-2a
*    BeforePrint
     MOVE '      <!-- Box (Report1-RwBox-2a) -->' TO PRINT-BUF
     WRITE PRINTF-R FROM PRINT-BUF AFTER 001
     INITIALIZE PRINT-BUF
     MOVE '      <DIV CLASS="Report1-RwBox-2a"></DIV>' TO PRINT-BUF
     WRITE PRINTF-R FROM PRINT-BUF AFTER 001
     INITIALIZE PRINT-BUF
*    AfterPrint
* RPT.Box : Report1-RwBox-1a
*    BeforePrint
     MOVE '      <!-- Box (Report1-RwBox-1a) -->' TO PRINT-BUF
     WRITE PRINTF-R FROM PRINT-BUF AFTER 001
     INITIALIZE PRINT-BUF
     MOVE '      <DIV CLASS="Report1-RwBox-1a"></DIV>' TO PRINT-BUF
     WRITE PRINTF-R FROM PRINT-BUF AFTER 001
     INITIALIZE PRINT-BUF
*    AfterPrint
* RPT.Box : Report1-RwBox-2
*    BeforePrint
     MOVE '      <!-- Box (Report1-RwBox-2) -->' TO PRINT-BUF
     WRITE PRINTF-R FROM PRINT-BUF AFTER 001
     INITIALIZE PRINT-BUF
     MOVE '      <DIV CLASS="Report1-RwBox-2"></DIV>' TO PRINT-BUF
     WRITE PRINTF-R FROM PRINT-BUF AFTER 001
     INITIALIZE PRINT-BUF
*    AfterPrint
* RPT.Box : Report1-RwBox-1
*    BeforePrint
     MOVE '      <!-- Box (Report1-RwBox-1) -->' TO PRINT-BUF
     WRITE PRINTF-R FROM PRINT-BUF AFTER 001
     INITIALIZE PRINT-BUF
     MOVE '      <DIV CLASS="Report1-RwBox-1"></DIV>' TO PRINT-BUF
     WRITE PRINTF-R FROM PRINT-BUF AFTER 001
     INITIALIZE PRINT-BUF
*    AfterPrint
* RPT.Label : Report1-RwLa-1
*    BeforePrint
     MOVE '      <!-- Label (Report1-RwLa-1) -->' TO PRINT-BUF
     WRITE PRINTF-R FROM PRINT-BUF AFTER 001
     INITIALIZE PRINT-BUF
     MOVE '      <DIV CLASS="Report1-RwLa-1" >' TO PRINT-BUF
     WRITE PRINTF-R FROM PRINT-BUF AFTER 001
     INITIALIZE PRINT-BUF
     STRING '         <P><STRONG>',
            '.:.MAKBUZ/RECEIPT.:.',
            '</STRONG></P></DIV>'
        DELIMITED BY SIZE INTO PRINT-BUF
     WRITE PRINTF-R FROM PRINT-BUF AFTER 001
     INITIALIZE PRINT-BUF
*    AfterPrint
* RPT.Label : Report1-RwLa-2
*    BeforePrint
     MOVE '      <!-- Label (Report1-RwLa-2) -->' TO PRINT-BUF
     WRITE PRINTF-R FROM PRINT-BUF AFTER 001
     INITIALIZE PRINT-BUF
     MOVE '      <DIV CLASS="Report1-RwLa-2" >' TO PRINT-BUF
     WRITE PRINTF-R FROM PRINT-BUF AFTER 001
     INITIALIZE PRINT-BUF
     STRING '         <P>',
            'Oda&nbsp;No&nbsp;:',
            '</P></DIV>'
        DELIMITED BY SIZE INTO PRINT-BUF
     WRITE PRINTF-R FROM PRINT-BUF AFTER 001
     INITIALIZE PRINT-BUF
*    AfterPrint
* RPT.Label : Report1-RwLa-2a
*    BeforePrint
     MOVE '      <!-- Label (Report1-RwLa-2a) -->' TO PRINT-BUF
     WRITE PRINTF-R FROM PRINT-BUF AFTER 001
     INITIALIZE PRINT-BUF
     MOVE '      <DIV CLASS="Report1-RwLa-2a" >' TO PRINT-BUF
     WRITE PRINTF-R FROM PRINT-BUF AFTER 001
     INITIALIZE PRINT-BUF
     STRING '         <P>',
            'C/In&nbsp;:',
            '</P></DIV>'
        DELIMITED BY SIZE INTO PRINT-BUF
     WRITE PRINTF-R FROM PRINT-BUF AFTER 001
     INITIALIZE PRINT-BUF
*    AfterPrint
* RPT.Label : Report1-RwLa-2aa
*    BeforePrint
     MOVE '      <!-- Label (Report1-RwLa-2aa) -->' TO PRINT-BUF
     WRITE PRINTF-R FROM PRINT-BUF AFTER 001
     INITIALIZE PRINT-BUF
     MOVE '      <DIV CLASS="Report1-RwLa-2aa" >' TO PRINT-BUF
     WRITE PRINTF-R FROM PRINT-BUF AFTER 001
     INITIALIZE PRINT-BUF
     STRING '         <P>',
            'C/Out&nbsp;:',
            '</P></DIV>'
        DELIMITED BY SIZE INTO PRINT-BUF
     WRITE PRINTF-R FROM PRINT-BUF AFTER 001
     INITIALIZE PRINT-BUF
*    AfterPrint
* RPT.Label : Report1-RwLa-2b
*    BeforePrint
     MOVE '      <!-- Label (Report1-RwLa-2b) -->' TO PRINT-BUF
     WRITE PRINTF-R FROM PRINT-BUF AFTER 001
     INITIALIZE PRINT-BUF
     MOVE '      <DIV CLASS="Report1-RwLa-2b" >' TO PRINT-BUF
     WRITE PRINTF-R FROM PRINT-BUF AFTER 001
     INITIALIZE PRINT-BUF
     STRING '         <P>',
            html-odano,
            '</P></DIV>'
        DELIMITED BY SIZE INTO PRINT-BUF
     WRITE PRINTF-R FROM PRINT-BUF AFTER 001
     INITIALIZE PRINT-BUF
*    AfterPrint
* RPT.Label : Report1-RwLa-2ba
*    BeforePrint
     MOVE '      <!-- Label (Report1-RwLa-2ba) -->' TO PRINT-BUF
     WRITE PRINTF-R FROM PRINT-BUF AFTER 001
     INITIALIZE PRINT-BUF
     MOVE '      <DIV CLASS="Report1-RwLa-2ba" >' TO PRINT-BUF
     WRITE PRINTF-R FROM PRINT-BUF AFTER 001
     INITIALIZE PRINT-BUF
     STRING '         <P>',
            html-cin-tarih,
            '</P></DIV>'
        DELIMITED BY SIZE INTO PRINT-BUF
     WRITE PRINTF-R FROM PRINT-BUF AFTER 001
     INITIALIZE PRINT-BUF
*    AfterPrint
* RPT.Label : Report1-RwLa-2baa
*    BeforePrint
     MOVE '      <!-- Label (Report1-RwLa-2baa) -->' TO PRINT-BUF
     WRITE PRINTF-R FROM PRINT-BUF AFTER 001
     INITIALIZE PRINT-BUF
     MOVE '      <DIV CLASS="Report1-RwLa-2baa" >' TO PRINT-BUF
     WRITE PRINTF-R FROM PRINT-BUF AFTER 001
     INITIALIZE PRINT-BUF
     STRING '         <P>',
            html-cout-tarih,
            '</P></DIV>'
        DELIMITED BY SIZE INTO PRINT-BUF
     WRITE PRINTF-R FROM PRINT-BUF AFTER 001
     INITIALIZE PRINT-BUF
*    AfterPrint
* RPT.Label : Report1-RwLa-2baaa
*    BeforePrint
     MOVE '      <!-- Label (Report1-RwLa-2baaa) -->' TO PRINT-BUF
     WRITE PRINTF-R FROM PRINT-BUF AFTER 001
     INITIALIZE PRINT-BUF
     MOVE '      <DIV CLASS="Report1-RwLa-2baaa" >' TO PRINT-BUF
     WRITE PRINTF-R FROM PRINT-BUF AFTER 001
     INITIALIZE PRINT-BUF
     STRING '         <P><STRONG>',
            html-doviz,
            '</STRONG></P></DIV>'
        DELIMITED BY SIZE INTO PRINT-BUF
     WRITE PRINTF-R FROM PRINT-BUF AFTER 001
     INITIALIZE PRINT-BUF
*    AfterPrint
* RPT.Label : Report1-RwLa-2baab
*    BeforePrint
     MOVE '      <!-- Label (Report1-RwLa-2baab) -->' TO PRINT-BUF
     WRITE PRINTF-R FROM PRINT-BUF AFTER 001
     INITIALIZE PRINT-BUF
     MOVE '      <DIV CLASS="Report1-RwLa-2baab" >' TO PRINT-BUF
     WRITE PRINTF-R FROM PRINT-BUF AFTER 001
     INITIALIZE PRINT-BUF
     STRING '         <P>',
            html-soyadi,
            '</P></DIV>'
        DELIMITED BY SIZE INTO PRINT-BUF
     WRITE PRINTF-R FROM PRINT-BUF AFTER 001
     INITIALIZE PRINT-BUF
*    AfterPrint
* RPT.Label : Report1-RwLa-2baaab
*    BeforePrint
     MOVE '      <!-- Label (Report1-RwLa-2baaab) -->' TO PRINT-BUF
     WRITE PRINTF-R FROM PRINT-BUF AFTER 001
     INITIALIZE PRINT-BUF
     MOVE '      <DIV CLASS="Report1-RwLa-2baaab" >' TO PRINT-BUF
     WRITE PRINTF-R FROM PRINT-BUF AFTER 001
     INITIALIZE PRINT-BUF
     STRING '         <P>',
            html-kur,
            '</P></DIV>'
        DELIMITED BY SIZE INTO PRINT-BUF
     WRITE PRINTF-R FROM PRINT-BUF AFTER 001
     INITIALIZE PRINT-BUF
*    AfterPrint
* RPT.Label : Report1-RwLa-2bab
*    BeforePrint
     MOVE '      <!-- Label (Report1-RwLa-2bab) -->' TO PRINT-BUF
     WRITE PRINTF-R FROM PRINT-BUF AFTER 001
     INITIALIZE PRINT-BUF
     MOVE '      <DIV CLASS="Report1-RwLa-2bab" >' TO PRINT-BUF
     WRITE PRINTF-R FROM PRINT-BUF AFTER 001
     INITIALIZE PRINT-BUF
     STRING '         <P>',
            html-adi,
            '</P></DIV>'
        DELIMITED BY SIZE INTO PRINT-BUF
     WRITE PRINTF-R FROM PRINT-BUF AFTER 001
     INITIALIZE PRINT-BUF
*    AfterPrint
* RPT.Label : Report1-RwLa-2bb
*    BeforePrint
     MOVE '      <!-- Label (Report1-RwLa-2bb) -->' TO PRINT-BUF
     WRITE PRINTF-R FROM PRINT-BUF AFTER 001
     INITIALIZE PRINT-BUF
     MOVE '      <DIV CLASS="Report1-RwLa-2bb" >' TO PRINT-BUF
     WRITE PRINTF-R FROM PRINT-BUF AFTER 001
     INITIALIZE PRINT-BUF
     STRING '         <P>',
            html-folio,
            '</P></DIV>'
        DELIMITED BY SIZE INTO PRINT-BUF
     WRITE PRINTF-R FROM PRINT-BUF AFTER 001
     INITIALIZE PRINT-BUF
*    AfterPrint
* RPT.Label : Report1-RwLa-2aaab
*    BeforePrint
     MOVE '      <!-- Label (Report1-RwLa-2aaab) -->' TO PRINT-BUF
     WRITE PRINTF-R FROM PRINT-BUF AFTER 001
     INITIALIZE PRINT-BUF
     MOVE '      <DIV CLASS="Report1-RwLa-2aaab" >' TO PRINT-BUF
     WRITE PRINTF-R FROM PRINT-BUF AFTER 001
     INITIALIZE PRINT-BUF
     STRING '         <P>',
            'Kur&nbsp;&nbsp;:',
            '</P></DIV>'
        DELIMITED BY SIZE INTO PRINT-BUF
     WRITE PRINTF-R FROM PRINT-BUF AFTER 001
     INITIALIZE PRINT-BUF
*    AfterPrint
* RPT.Label : Report1-RwLa-2aab
*    BeforePrint
     MOVE '      <!-- Label (Report1-RwLa-2aab) -->' TO PRINT-BUF
     WRITE PRINTF-R FROM PRINT-BUF AFTER 001
     INITIALIZE PRINT-BUF
     MOVE '      <DIV CLASS="Report1-RwLa-2aab" >' TO PRINT-BUF
     WRITE PRINTF-R FROM PRINT-BUF AFTER 001
     INITIALIZE PRINT-BUF
     STRING '         <P>',
            'Soyadi&nbsp;:',
            '</P></DIV>'
        DELIMITED BY SIZE INTO PRINT-BUF
     WRITE PRINTF-R FROM PRINT-BUF AFTER 001
     INITIALIZE PRINT-BUF
*    AfterPrint
* RPT.Label : Report1-RwLa-2ab
*    BeforePrint
     MOVE '      <!-- Label (Report1-RwLa-2ab) -->' TO PRINT-BUF
     WRITE PRINTF-R FROM PRINT-BUF AFTER 001
     INITIALIZE PRINT-BUF
     MOVE '      <DIV CLASS="Report1-RwLa-2ab" >' TO PRINT-BUF
     WRITE PRINTF-R FROM PRINT-BUF AFTER 001
     INITIALIZE PRINT-BUF
     STRING '         <P>',
            'Adi&nbsp;:',
            '</P></DIV>'
        DELIMITED BY SIZE INTO PRINT-BUF
     WRITE PRINTF-R FROM PRINT-BUF AFTER 001
     INITIALIZE PRINT-BUF
*    AfterPrint
* RPT.Label : Report1-RwLa-2c
*    BeforePrint
     MOVE '      <!-- Label (Report1-RwLa-2c) -->' TO PRINT-BUF
     WRITE PRINTF-R FROM PRINT-BUF AFTER 001
     INITIALIZE PRINT-BUF
     MOVE '      <DIV CLASS="Report1-RwLa-2c" >' TO PRINT-BUF
     WRITE PRINTF-R FROM PRINT-BUF AFTER 001
     INITIALIZE PRINT-BUF
     STRING '         <P>',
            'Folio&nbsp;No&nbsp;:',
            '</P></DIV>'
        DELIMITED BY SIZE INTO PRINT-BUF
     WRITE PRINTF-R FROM PRINT-BUF AFTER 001
     INITIALIZE PRINT-BUF
*    AfterPrint
* RPT.Date-Time : Report1-RwDtTm-1
*    BeforePrint
     MOVE '      <!-- Date-Time (Report1-RwDtTm-1) -->' TO PRINT-BUF
     WRITE PRINTF-R FROM PRINT-BUF AFTER 001
     INITIALIZE PRINT-BUF
     MOVE '      <DIV CLASS="Report1-RwDtTm-1" >' TO PRINT-BUF
     WRITE PRINTF-R FROM PRINT-BUF AFTER 001
     INITIALIZE PRINT-BUF
     MOVE '         <P><STRONG>' TO PRINT-BUF
     WRITE PRINTF-R FROM PRINT-BUF AFTER 001
     INITIALIZE PRINT-BUF
     PERFORM Acu-Report1-RwDtTm-1-FORMAT-CONVERT
     STRING WRK-DATE-REF OF Report1-RwDtTm-1-DATEBUF,
            " ",
            WRK-TIME-REF OF Report1-RwDtTm-1-DATEBUF
        DELIMITED BY SIZE INTO PRINT-BUF
     WRITE PRINTF-R FROM PRINT-BUF AFTER 001
     INITIALIZE PRINT-BUF
     MOVE '         </STRONG></P></DIV>' TO PRINT-BUF
     WRITE PRINTF-R FROM PRINT-BUF AFTER 001
     INITIALIZE PRINT-BUF
*    AfterPrint
* RPT.Label : Report1-RwLa-2aabaaaa
*    BeforePrint
     MOVE '      <!-- Label (Report1-RwLa-2aabaaaa) -->' TO PRINT-BUF
     WRITE PRINTF-R FROM PRINT-BUF AFTER 001
     INITIALIZE PRINT-BUF
     MOVE '      <DIV CLASS="Report1-RwLa-2aabaaaa" >' TO PRINT-BUF
     WRITE PRINTF-R FROM PRINT-BUF AFTER 001
     INITIALIZE PRINT-BUF
     STRING '         <P>',
            'Rez&nbsp;No&nbsp;:',
            '</P></DIV>'
        DELIMITED BY SIZE INTO PRINT-BUF
     WRITE PRINTF-R FROM PRINT-BUF AFTER 001
     INITIALIZE PRINT-BUF
*    AfterPrint
* RPT.Label : Report1-RwLa-2baabaaaa
*    BeforePrint
     MOVE '      <!-- Label (Report1-RwLa-2baabaaaa) -->' TO PRINT-BUF
     WRITE PRINTF-R FROM PRINT-BUF AFTER 001
     INITIALIZE PRINT-BUF
     MOVE '      <DIV CLASS="Report1-RwLa-2baabaaaa" >' TO PRINT-BUF
     WRITE PRINTF-R FROM PRINT-BUF AFTER 001
     INITIALIZE PRINT-BUF
     STRING '         <P>',
            html-rez-no,
            '</P></DIV>'
        DELIMITED BY SIZE INTO PRINT-BUF
     WRITE PRINTF-R FROM PRINT-BUF AFTER 001
     INITIALIZE PRINT-BUF
*    AfterPrint
* RPT.Label : Report1-RwLa-2ac
*    BeforePrint
     MOVE '      <!-- Label (Report1-RwLa-2ac) -->' TO PRINT-BUF
     WRITE PRINTF-R FROM PRINT-BUF AFTER 001
     INITIALIZE PRINT-BUF
     MOVE '      <DIV CLASS="Report1-RwLa-2ac" >' TO PRINT-BUF
     WRITE PRINTF-R FROM PRINT-BUF AFTER 001
     INITIALIZE PRINT-BUF
     STRING '         <P>',
            'Kayit&nbsp;Tarihi&nbsp;:',
            '</P></DIV>'
        DELIMITED BY SIZE INTO PRINT-BUF
     WRITE PRINTF-R FROM PRINT-BUF AFTER 001
     INITIALIZE PRINT-BUF
*    AfterPrint
* RPT.Label : Report1-RwLa-2bac
*    BeforePrint
     MOVE '      <!-- Label (Report1-RwLa-2bac) -->' TO PRINT-BUF
     WRITE PRINTF-R FROM PRINT-BUF AFTER 001
     INITIALIZE PRINT-BUF
     MOVE '      <DIV CLASS="Report1-RwLa-2bac" >' TO PRINT-BUF
     WRITE PRINTF-R FROM PRINT-BUF AFTER 001
     INITIALIZE PRINT-BUF
     STRING '         <P>',
            html-kay-tarih,
            '</P></DIV>'
        DELIMITED BY SIZE INTO PRINT-BUF
     WRITE PRINTF-R FROM PRINT-BUF AFTER 001
     INITIALIZE PRINT-BUF
*    AfterPrint
* RPT.Label : Report1-RwLa-2baaaba
*    BeforePrint
     MOVE '      <!-- Label (Report1-RwLa-2baaaba) -->' TO PRINT-BUF
     WRITE PRINTF-R FROM PRINT-BUF AFTER 001
     INITIALIZE PRINT-BUF
     MOVE '      <DIV CLASS="Report1-RwLa-2baaaba" >' TO PRINT-BUF
     WRITE PRINTF-R FROM PRINT-BUF AFTER 001
     INITIALIZE PRINT-BUF
     STRING '         <P>',
            html-departman-adi,
            '</P></DIV>'
        DELIMITED BY SIZE INTO PRINT-BUF
     WRITE PRINTF-R FROM PRINT-BUF AFTER 001
     INITIALIZE PRINT-BUF
*    AfterPrint
* RPT.Label : Report1-RwLa-2aaaba
*    BeforePrint
     MOVE '      <!-- Label (Report1-RwLa-2aaaba) -->' TO PRINT-BUF
     WRITE PRINTF-R FROM PRINT-BUF AFTER 001
     INITIALIZE PRINT-BUF
     MOVE '      <DIV CLASS="Report1-RwLa-2aaaba" >' TO PRINT-BUF
     WRITE PRINTF-R FROM PRINT-BUF AFTER 001
     INITIALIZE PRINT-BUF
     STRING '         <P>',
            'Departman&nbsp;:',
            '</P></DIV>'
        DELIMITED BY SIZE INTO PRINT-BUF
     WRITE PRINTF-R FROM PRINT-BUF AFTER 001
     INITIALIZE PRINT-BUF
*    AfterPrint
* RPT.Label : Report1-RwLa-2aaabaa
*    BeforePrint
     MOVE '      <!-- Label (Report1-RwLa-2aaabaa) -->' TO PRINT-BUF
     WRITE PRINTF-R FROM PRINT-BUF AFTER 001
     INITIALIZE PRINT-BUF
     MOVE '      <DIV CLASS="Report1-RwLa-2aaabaa" >' TO PRINT-BUF
     WRITE PRINTF-R FROM PRINT-BUF AFTER 001
     INITIALIZE PRINT-BUF
     STRING '         <P>',
            'Cek&nbsp;No&nbsp;:',
            '</P></DIV>'
        DELIMITED BY SIZE INTO PRINT-BUF
     WRITE PRINTF-R FROM PRINT-BUF AFTER 001
     INITIALIZE PRINT-BUF
*    AfterPrint
* RPT.Label : Report1-RwLa-2baaabaa
*    BeforePrint
     MOVE '      <!-- Label (Report1-RwLa-2baaabaa) -->' TO PRINT-BUF
     WRITE PRINTF-R FROM PRINT-BUF AFTER 001
     INITIALIZE PRINT-BUF
     MOVE '      <DIV CLASS="Report1-RwLa-2baaabaa" >' TO PRINT-BUF
     WRITE PRINTF-R FROM PRINT-BUF AFTER 001
     INITIALIZE PRINT-BUF
     STRING '         <P>',
            html-cek-no,
            '</P></DIV>'
        DELIMITED BY SIZE INTO PRINT-BUF
     WRITE PRINTF-R FROM PRINT-BUF AFTER 001
     INITIALIZE PRINT-BUF
*    AfterPrint
* RPT.Label : Report1-RwLa-2aaaa
*    BeforePrint
     MOVE '      <!-- Label (Report1-RwLa-2aaaa) -->' TO PRINT-BUF
     WRITE PRINTF-R FROM PRINT-BUF AFTER 001
     INITIALIZE PRINT-BUF
     MOVE '      <DIV CLASS="Report1-RwLa-2aaaa" >' TO PRINT-BUF
     WRITE PRINTF-R FROM PRINT-BUF AFTER 001
     INITIALIZE PRINT-BUF
     STRING '         <P>',
            'Dviz&nbsp;Tutari&nbsp;:',
            '</P></DIV>'
        DELIMITED BY SIZE INTO PRINT-BUF
     WRITE PRINTF-R FROM PRINT-BUF AFTER 001
     INITIALIZE PRINT-BUF
*    AfterPrint
* RPT.Label : Report1-RwLa-2baaaa
*    BeforePrint
     MOVE '      <!-- Label (Report1-RwLa-2baaaa) -->' TO PRINT-BUF
     WRITE PRINTF-R FROM PRINT-BUF AFTER 001
     INITIALIZE PRINT-BUF
     MOVE '      <DIV CLASS="Report1-RwLa-2baaaa" >' TO PRINT-BUF
     WRITE PRINTF-R FROM PRINT-BUF AFTER 001
     INITIALIZE PRINT-BUF
     STRING '         <P><STRONG>',
            html-doviz-tut,
            '</STRONG></P></DIV>'
        DELIMITED BY SIZE INTO PRINT-BUF
     WRITE PRINTF-R FROM PRINT-BUF AFTER 001
     INITIALIZE PRINT-BUF
*    AfterPrint
* RPT.Label : Report1-RwLa-2aaaaa
*    BeforePrint
     MOVE '      <!-- Label (Report1-RwLa-2aaaaa) -->' TO PRINT-BUF
     WRITE PRINTF-R FROM PRINT-BUF AFTER 001
     INITIALIZE PRINT-BUF
     MOVE '      <DIV CLASS="Report1-RwLa-2aaaaa" >' TO PRINT-BUF
     WRITE PRINTF-R FROM PRINT-BUF AFTER 001
     INITIALIZE PRINT-BUF
     STRING '         <P>',
            'Dviz&nbsp;Tutari&nbsp;TL&nbsp;:',
            '</P></DIV>'
        DELIMITED BY SIZE INTO PRINT-BUF
     WRITE PRINTF-R FROM PRINT-BUF AFTER 001
     INITIALIZE PRINT-BUF
*    AfterPrint
* RPT.Label : Report1-RwLa-2baaaaa
*    BeforePrint
     MOVE '      <!-- Label (Report1-RwLa-2baaaaa) -->' TO PRINT-BUF
     WRITE PRINTF-R FROM PRINT-BUF AFTER 001
     INITIALIZE PRINT-BUF
     MOVE '      <DIV CLASS="Report1-RwLa-2baaaaa" >' TO PRINT-BUF
     WRITE PRINTF-R FROM PRINT-BUF AFTER 001
     INITIALIZE PRINT-BUF
     STRING '         <P><STRONG>',
            html-tl-tut,
            '</STRONG></P></DIV>'
        DELIMITED BY SIZE INTO PRINT-BUF
     WRITE PRINTF-R FROM PRINT-BUF AFTER 001
     INITIALIZE PRINT-BUF
*    AfterPrint
* RPT.Label : Report1-RwLa-2baaaaaa
*    BeforePrint
     MOVE '      <!-- Label (Report1-RwLa-2baaaaaa) -->' TO PRINT-BUF
     WRITE PRINTF-R FROM PRINT-BUF AFTER 001
     INITIALIZE PRINT-BUF
     MOVE '      <DIV CLASS="Report1-RwLa-2baaaaaa" >' TO PRINT-BUF
     WRITE PRINTF-R FROM PRINT-BUF AFTER 001
     INITIALIZE PRINT-BUF
     STRING '         <P><STRONG>',
            'TL',
            '</STRONG></P></DIV>'
        DELIMITED BY SIZE INTO PRINT-BUF
     WRITE PRINTF-R FROM PRINT-BUF AFTER 001
     INITIALIZE PRINT-BUF
*    AfterPrint
* RPT.Label : Report1-RwLa-2baaaaac
*    BeforePrint
     MOVE '      <!-- Label (Report1-RwLa-2baaaaac) -->' TO PRINT-BUF
     WRITE PRINTF-R FROM PRINT-BUF AFTER 001
     INITIALIZE PRINT-BUF
     MOVE '      <DIV CLASS="Report1-RwLa-2baaaaac" >' TO PRINT-BUF
     WRITE PRINTF-R FROM PRINT-BUF AFTER 001
     INITIALIZE PRINT-BUF
     STRING '         <P><STRONG>',
            html-islem-yapan-adi,
            '</STRONG></P></DIV>'
        DELIMITED BY SIZE INTO PRINT-BUF
     WRITE PRINTF-R FROM PRINT-BUF AFTER 001
     INITIALIZE PRINT-BUF
*    AfterPrint
* RPT.Label : Report1-RwLa-2aaba
*    BeforePrint
     MOVE '      <!-- Label (Report1-RwLa-2aaba) -->' TO PRINT-BUF
     WRITE PRINTF-R FROM PRINT-BUF AFTER 001
     INITIALIZE PRINT-BUF
     MOVE '      <DIV CLASS="Report1-RwLa-2aaba" >' TO PRINT-BUF
     WRITE PRINTF-R FROM PRINT-BUF AFTER 001
     INITIALIZE PRINT-BUF
     STRING '         <P>',
            'Neden&nbsp;:',
            '</P></DIV>'
        DELIMITED BY SIZE INTO PRINT-BUF
     WRITE PRINTF-R FROM PRINT-BUF AFTER 001
     INITIALIZE PRINT-BUF
*    AfterPrint
* RPT.Label : Report1-RwLa-2baaba
*    BeforePrint
     MOVE '      <!-- Label (Report1-RwLa-2baaba) -->' TO PRINT-BUF
     WRITE PRINTF-R FROM PRINT-BUF AFTER 001
     INITIALIZE PRINT-BUF
     MOVE '      <DIV CLASS="Report1-RwLa-2baaba" >' TO PRINT-BUF
     WRITE PRINTF-R FROM PRINT-BUF AFTER 001
     INITIALIZE PRINT-BUF
     STRING '         <P>',
            html-islem-neden,
            '</P></DIV>'
        DELIMITED BY SIZE INTO PRINT-BUF
     WRITE PRINTF-R FROM PRINT-BUF AFTER 001
     INITIALIZE PRINT-BUF
*    AfterPrint
* RPT.Label : Report1-RwLa-2aaabab
*    BeforePrint
     MOVE '      <!-- Label (Report1-RwLa-2aaabab) -->' TO PRINT-BUF
     WRITE PRINTF-R FROM PRINT-BUF AFTER 001
     INITIALIZE PRINT-BUF
     MOVE '      <DIV CLASS="Report1-RwLa-2aaabab" >' TO PRINT-BUF
     WRITE PRINTF-R FROM PRINT-BUF AFTER 001
     INITIALIZE PRINT-BUF
     STRING '         <P>',
            'Duzeltilen&nbsp;Departman&nbsp;:',
            '</P></DIV>'
        DELIMITED BY SIZE INTO PRINT-BUF
     WRITE PRINTF-R FROM PRINT-BUF AFTER 001
     INITIALIZE PRINT-BUF
*    AfterPrint
* RPT.Label : Report1-RwLa-2baaabab
*    BeforePrint
     MOVE '      <!-- Label (Report1-RwLa-2baaabab) -->' TO PRINT-BUF
     WRITE PRINTF-R FROM PRINT-BUF AFTER 001
     INITIALIZE PRINT-BUF
     MOVE '      <DIV CLASS="Report1-RwLa-2baaabab" >' TO PRINT-BUF
     WRITE PRINTF-R FROM PRINT-BUF AFTER 001
     INITIALIZE PRINT-BUF
     STRING '         <P>',
            html-duzeltme-departman-adi,
            '</P></DIV>'
        DELIMITED BY SIZE INTO PRINT-BUF
     WRITE PRINTF-R FROM PRINT-BUF AFTER 001
     INITIALIZE PRINT-BUF
*    AfterPrint
* RPT.Label : Report1-RwLa-1a
*    BeforePrint
     MOVE '      <!-- Label (Report1-RwLa-1a) -->' TO PRINT-BUF
     WRITE PRINTF-R FROM PRINT-BUF AFTER 001
     INITIALIZE PRINT-BUF
     MOVE '      <DIV CLASS="Report1-RwLa-1a" >' TO PRINT-BUF
     WRITE PRINTF-R FROM PRINT-BUF AFTER 001
     INITIALIZE PRINT-BUF
     STRING '         <P><STRONG>',
            '.:.MAKBUZ/RECEIPT.:.',
            '</STRONG></P></DIV>'
        DELIMITED BY SIZE INTO PRINT-BUF
     WRITE PRINTF-R FROM PRINT-BUF AFTER 001
     INITIALIZE PRINT-BUF
*    AfterPrint
* RPT.Date-Time : Report1-RwDtTm-1a
*    BeforePrint
     MOVE '      <!-- Date-Time (Report1-RwDtTm-1a) -->' TO PRINT-BUF
     WRITE PRINTF-R FROM PRINT-BUF AFTER 001
     INITIALIZE PRINT-BUF
     MOVE '      <DIV CLASS="Report1-RwDtTm-1a" >' TO PRINT-BUF
     WRITE PRINTF-R FROM PRINT-BUF AFTER 001
     INITIALIZE PRINT-BUF
     MOVE '         <P><STRONG>' TO PRINT-BUF
     WRITE PRINTF-R FROM PRINT-BUF AFTER 001
     INITIALIZE PRINT-BUF
     PERFORM Acu-Report1-RwDtTm-1a-FORMAT-CONVERT
     STRING WRK-DATE-REF OF Report1-RwDtTm-1a-DATEBUF,
            " ",
            WRK-TIME-REF OF Report1-RwDtTm-1a-DATEBUF
        DELIMITED BY SIZE INTO PRINT-BUF
     WRITE PRINTF-R FROM PRINT-BUF AFTER 001
     INITIALIZE PRINT-BUF
     MOVE '         </STRONG></P></DIV>' TO PRINT-BUF
     WRITE PRINTF-R FROM PRINT-BUF AFTER 001
     INITIALIZE PRINT-BUF
*    AfterPrint
* RPT.Label : Report1-RwLa-2aabaa
*    BeforePrint
     MOVE '      <!-- Label (Report1-RwLa-2aabaa) -->' TO PRINT-BUF
     WRITE PRINTF-R FROM PRINT-BUF AFTER 001
     INITIALIZE PRINT-BUF
     MOVE '      <DIV CLASS="Report1-RwLa-2aabaa" >' TO PRINT-BUF
     WRITE PRINTF-R FROM PRINT-BUF AFTER 001
     INITIALIZE PRINT-BUF
     STRING '         <P>',
            'Neden&nbsp;:',
            '</P></DIV>'
        DELIMITED BY SIZE INTO PRINT-BUF
     WRITE PRINTF-R FROM PRINT-BUF AFTER 001
     INITIALIZE PRINT-BUF
*    AfterPrint
* RPT.Label : Report1-RwLa-2baabaa
*    BeforePrint
     MOVE '      <!-- Label (Report1-RwLa-2baabaa) -->' TO PRINT-BUF
     WRITE PRINTF-R FROM PRINT-BUF AFTER 001
     INITIALIZE PRINT-BUF
     MOVE '      <DIV CLASS="Report1-RwLa-2baabaa" >' TO PRINT-BUF
     WRITE PRINTF-R FROM PRINT-BUF AFTER 001
     INITIALIZE PRINT-BUF
     STRING '         <P>',
            html-islem-neden,
            '</P></DIV>'
        DELIMITED BY SIZE INTO PRINT-BUF
     WRITE PRINTF-R FROM PRINT-BUF AFTER 001
     INITIALIZE PRINT-BUF
*    AfterPrint
* RPT.Label : Report1-RwLa-2d
*    BeforePrint
     MOVE '      <!-- Label (Report1-RwLa-2d) -->' TO PRINT-BUF
     WRITE PRINTF-R FROM PRINT-BUF AFTER 001
     INITIALIZE PRINT-BUF
     MOVE '      <DIV CLASS="Report1-RwLa-2d" >' TO PRINT-BUF
     WRITE PRINTF-R FROM PRINT-BUF AFTER 001
     INITIALIZE PRINT-BUF
     STRING '         <P>',
            'Oda&nbsp;No&nbsp;:',
            '</P></DIV>'
        DELIMITED BY SIZE INTO PRINT-BUF
     WRITE PRINTF-R FROM PRINT-BUF AFTER 001
     INITIALIZE PRINT-BUF
*    AfterPrint
* RPT.Label : Report1-RwLa-2bc
*    BeforePrint
     MOVE '      <!-- Label (Report1-RwLa-2bc) -->' TO PRINT-BUF
     WRITE PRINTF-R FROM PRINT-BUF AFTER 001
     INITIALIZE PRINT-BUF
     MOVE '      <DIV CLASS="Report1-RwLa-2bc" >' TO PRINT-BUF
     WRITE PRINTF-R FROM PRINT-BUF AFTER 001
     INITIALIZE PRINT-BUF
     STRING '         <P>',
            html-odano,
            '</P></DIV>'
        DELIMITED BY SIZE INTO PRINT-BUF
     WRITE PRINTF-R FROM PRINT-BUF AFTER 001
     INITIALIZE PRINT-BUF
*    AfterPrint
* RPT.Label : Report1-RwLa-2bad
*    BeforePrint
     MOVE '      <!-- Label (Report1-RwLa-2bad) -->' TO PRINT-BUF
     WRITE PRINTF-R FROM PRINT-BUF AFTER 001
     INITIALIZE PRINT-BUF
     MOVE '      <DIV CLASS="Report1-RwLa-2bad" >' TO PRINT-BUF
     WRITE PRINTF-R FROM PRINT-BUF AFTER 001
     INITIALIZE PRINT-BUF
     STRING '         <P>',
            html-cin-tarih,
            '</P></DIV>'
        DELIMITED BY SIZE INTO PRINT-BUF
     WRITE PRINTF-R FROM PRINT-BUF AFTER 001
     INITIALIZE PRINT-BUF
*    AfterPrint
* RPT.Label : Report1-RwLa-2ad
*    BeforePrint
     MOVE '      <!-- Label (Report1-RwLa-2ad) -->' TO PRINT-BUF
     WRITE PRINTF-R FROM PRINT-BUF AFTER 001
     INITIALIZE PRINT-BUF
     MOVE '      <DIV CLASS="Report1-RwLa-2ad" >' TO PRINT-BUF
     WRITE PRINTF-R FROM PRINT-BUF AFTER 001
     INITIALIZE PRINT-BUF
     STRING '         <P>',
            'C/In&nbsp;:',
            '</P></DIV>'
        DELIMITED BY SIZE INTO PRINT-BUF
     WRITE PRINTF-R FROM PRINT-BUF AFTER 001
     INITIALIZE PRINT-BUF
*    AfterPrint
* RPT.Label : Report1-RwLa-2aaa
*    BeforePrint
     MOVE '      <!-- Label (Report1-RwLa-2aaa) -->' TO PRINT-BUF
     WRITE PRINTF-R FROM PRINT-BUF AFTER 001
     INITIALIZE PRINT-BUF
     MOVE '      <DIV CLASS="Report1-RwLa-2aaa" >' TO PRINT-BUF
     WRITE PRINTF-R FROM PRINT-BUF AFTER 001
     INITIALIZE PRINT-BUF
     STRING '         <P>',
            'C/Out&nbsp;:',
            '</P></DIV>'
        DELIMITED BY SIZE INTO PRINT-BUF
     WRITE PRINTF-R FROM PRINT-BUF AFTER 001
     INITIALIZE PRINT-BUF
*    AfterPrint
* RPT.Label : Report1-RwLa-2baac
*    BeforePrint
     MOVE '      <!-- Label (Report1-RwLa-2baac) -->' TO PRINT-BUF
     WRITE PRINTF-R FROM PRINT-BUF AFTER 001
     INITIALIZE PRINT-BUF
     MOVE '      <DIV CLASS="Report1-RwLa-2baac" >' TO PRINT-BUF
     WRITE PRINTF-R FROM PRINT-BUF AFTER 001
     INITIALIZE PRINT-BUF
     STRING '         <P>',
            html-cout-tarih,
            '</P></DIV>'
        DELIMITED BY SIZE INTO PRINT-BUF
     WRITE PRINTF-R FROM PRINT-BUF AFTER 001
     INITIALIZE PRINT-BUF
*    AfterPrint
* RPT.Label : Report1-RwLa-2bba
*    BeforePrint
     MOVE '      <!-- Label (Report1-RwLa-2bba) -->' TO PRINT-BUF
     WRITE PRINTF-R FROM PRINT-BUF AFTER 001
     INITIALIZE PRINT-BUF
     MOVE '      <DIV CLASS="Report1-RwLa-2bba" >' TO PRINT-BUF
     WRITE PRINTF-R FROM PRINT-BUF AFTER 001
     INITIALIZE PRINT-BUF
     STRING '         <P>',
            html-folio,
            '</P></DIV>'
        DELIMITED BY SIZE INTO PRINT-BUF
     WRITE PRINTF-R FROM PRINT-BUF AFTER 001
     INITIALIZE PRINT-BUF
*    AfterPrint
* RPT.Label : Report1-RwLa-2ca
*    BeforePrint
     MOVE '      <!-- Label (Report1-RwLa-2ca) -->' TO PRINT-BUF
     WRITE PRINTF-R FROM PRINT-BUF AFTER 001
     INITIALIZE PRINT-BUF
     MOVE '      <DIV CLASS="Report1-RwLa-2ca" >' TO PRINT-BUF
     WRITE PRINTF-R FROM PRINT-BUF AFTER 001
     INITIALIZE PRINT-BUF
     STRING '         <P>',
            'Folio&nbsp;No&nbsp;:',
            '</P></DIV>'
        DELIMITED BY SIZE INTO PRINT-BUF
     WRITE PRINTF-R FROM PRINT-BUF AFTER 001
     INITIALIZE PRINT-BUF
*    AfterPrint
* RPT.Label : Report1-RwLa-2aabaaaaa
*    BeforePrint
     MOVE '      <!-- Label (Report1-RwLa-2aabaaaaa) -->' TO PRINT-BUF
     WRITE PRINTF-R FROM PRINT-BUF AFTER 001
     INITIALIZE PRINT-BUF
     MOVE '      <DIV CLASS="Report1-RwLa-2aabaaaaa" >' TO PRINT-BUF
     WRITE PRINTF-R FROM PRINT-BUF AFTER 001
     INITIALIZE PRINT-BUF
     STRING '         <P>',
            'Rez&nbsp;No&nbsp;:',
            '</P></DIV>'
        DELIMITED BY SIZE INTO PRINT-BUF
     WRITE PRINTF-R FROM PRINT-BUF AFTER 001
     INITIALIZE PRINT-BUF
*    AfterPrint
* RPT.Label : Report1-RwLa-2baabaaaaa
*    BeforePrint
     MOVE '      <!-- Label (Report1-RwLa-2baabaaaaa) -->' TO PRINT-BUF
     WRITE PRINTF-R FROM PRINT-BUF AFTER 001
     INITIALIZE PRINT-BUF
     MOVE '      <DIV CLASS="Report1-RwLa-2baabaaaaa" >' TO PRINT-BUF
     WRITE PRINTF-R FROM PRINT-BUF AFTER 001
     INITIALIZE PRINT-BUF
     STRING '         <P>',
            html-rez-no,
            '</P></DIV>'
        DELIMITED BY SIZE INTO PRINT-BUF
     WRITE PRINTF-R FROM PRINT-BUF AFTER 001
     INITIALIZE PRINT-BUF
*    AfterPrint
* RPT.Label : Report1-RwLa-2baba
*    BeforePrint
     MOVE '      <!-- Label (Report1-RwLa-2baba) -->' TO PRINT-BUF
     WRITE PRINTF-R FROM PRINT-BUF AFTER 001
     INITIALIZE PRINT-BUF
     MOVE '      <DIV CLASS="Report1-RwLa-2baba" >' TO PRINT-BUF
     WRITE PRINTF-R FROM PRINT-BUF AFTER 001
     INITIALIZE PRINT-BUF
     STRING '         <P>',
            html-adi,
            '</P></DIV>'
        DELIMITED BY SIZE INTO PRINT-BUF
     WRITE PRINTF-R FROM PRINT-BUF AFTER 001
     INITIALIZE PRINT-BUF
*    AfterPrint
* RPT.Label : Report1-RwLa-2aba
*    BeforePrint
     MOVE '      <!-- Label (Report1-RwLa-2aba) -->' TO PRINT-BUF
     WRITE PRINTF-R FROM PRINT-BUF AFTER 001
     INITIALIZE PRINT-BUF
     MOVE '      <DIV CLASS="Report1-RwLa-2aba" >' TO PRINT-BUF
     WRITE PRINTF-R FROM PRINT-BUF AFTER 001
     INITIALIZE PRINT-BUF
     STRING '         <P>',
            'Adi&nbsp;:',
            '</P></DIV>'
        DELIMITED BY SIZE INTO PRINT-BUF
     WRITE PRINTF-R FROM PRINT-BUF AFTER 001
     INITIALIZE PRINT-BUF
*    AfterPrint
* RPT.Label : Report1-RwLa-2aabb
*    BeforePrint
     MOVE '      <!-- Label (Report1-RwLa-2aabb) -->' TO PRINT-BUF
     WRITE PRINTF-R FROM PRINT-BUF AFTER 001
     INITIALIZE PRINT-BUF
     MOVE '      <DIV CLASS="Report1-RwLa-2aabb" >' TO PRINT-BUF
     WRITE PRINTF-R FROM PRINT-BUF AFTER 001
     INITIALIZE PRINT-BUF
     STRING '         <P>',
            'Soyadi&nbsp;:',
            '</P></DIV>'
        DELIMITED BY SIZE INTO PRINT-BUF
     WRITE PRINTF-R FROM PRINT-BUF AFTER 001
     INITIALIZE PRINT-BUF
*    AfterPrint
* RPT.Label : Report1-RwLa-2baabb
*    BeforePrint
     MOVE '      <!-- Label (Report1-RwLa-2baabb) -->' TO PRINT-BUF
     WRITE PRINTF-R FROM PRINT-BUF AFTER 001
     INITIALIZE PRINT-BUF
     MOVE '      <DIV CLASS="Report1-RwLa-2baabb" >' TO PRINT-BUF
     WRITE PRINTF-R FROM PRINT-BUF AFTER 001
     INITIALIZE PRINT-BUF
     STRING '         <P>',
            html-soyadi,
            '</P></DIV>'
        DELIMITED BY SIZE INTO PRINT-BUF
     WRITE PRINTF-R FROM PRINT-BUF AFTER 001
     INITIALIZE PRINT-BUF
*    AfterPrint
* RPT.Label : Report1-RwLa-2baaabaaa
*    BeforePrint
     MOVE '      <!-- Label (Report1-RwLa-2baaabaaa) -->' TO PRINT-BUF
     WRITE PRINTF-R FROM PRINT-BUF AFTER 001
     INITIALIZE PRINT-BUF
     MOVE '      <DIV CLASS="Report1-RwLa-2baaabaaa" >' TO PRINT-BUF
     WRITE PRINTF-R FROM PRINT-BUF AFTER 001
     INITIALIZE PRINT-BUF
     STRING '         <P>',
            html-cek-no,
            '</P></DIV>'
        DELIMITED BY SIZE INTO PRINT-BUF
     WRITE PRINTF-R FROM PRINT-BUF AFTER 001
     INITIALIZE PRINT-BUF
*    AfterPrint
* RPT.Label : Report1-RwLa-2aaabaaa
*    BeforePrint
     MOVE '      <!-- Label (Report1-RwLa-2aaabaaa) -->' TO PRINT-BUF
     WRITE PRINTF-R FROM PRINT-BUF AFTER 001
     INITIALIZE PRINT-BUF
     MOVE '      <DIV CLASS="Report1-RwLa-2aaabaaa" >' TO PRINT-BUF
     WRITE PRINTF-R FROM PRINT-BUF AFTER 001
     INITIALIZE PRINT-BUF
     STRING '         <P>',
            'Cek&nbsp;No&nbsp;:',
            '</P></DIV>'
        DELIMITED BY SIZE INTO PRINT-BUF
     WRITE PRINTF-R FROM PRINT-BUF AFTER 001
     INITIALIZE PRINT-BUF
*    AfterPrint
* RPT.Label : Report1-RwLa-2baaaaabc
*    BeforePrint
     MOVE '      <!-- Label (Report1-RwLa-2baaaaabc) -->' TO PRINT-BUF
     WRITE PRINTF-R FROM PRINT-BUF AFTER 001
     INITIALIZE PRINT-BUF
     MOVE '      <DIV CLASS="Report1-RwLa-2baaaaabc" >' TO PRINT-BUF
     WRITE PRINTF-R FROM PRINT-BUF AFTER 001
     INITIALIZE PRINT-BUF
     STRING '         <P><STRONG>',
            'Imza&nbsp;/&nbsp;Sign',
            '</STRONG></P></DIV>'
        DELIMITED BY SIZE INTO PRINT-BUF
     WRITE PRINTF-R FROM PRINT-BUF AFTER 001
     INITIALIZE PRINT-BUF
*    AfterPrint
* RPT.Label : Report1-RwLa-2baaaaaca
*    BeforePrint
     MOVE '      <!-- Label (Report1-RwLa-2baaaaaca) -->' TO PRINT-BUF
     WRITE PRINTF-R FROM PRINT-BUF AFTER 001
     INITIALIZE PRINT-BUF
     MOVE '      <DIV CLASS="Report1-RwLa-2baaaaaca" >' TO PRINT-BUF
     WRITE PRINTF-R FROM PRINT-BUF AFTER 001
     INITIALIZE PRINT-BUF
     STRING '         <P><STRONG>',
            html-islem-yapan-adi,
            '</STRONG></P></DIV>'
        DELIMITED BY SIZE INTO PRINT-BUF
     WRITE PRINTF-R FROM PRINT-BUF AFTER 001
     INITIALIZE PRINT-BUF
*    AfterPrint
* RPT.Label : Report1-RwLa-2baaaaabba
*    BeforePrint
     MOVE '      <!-- Label (Report1-RwLa-2baaaaabba) -->' TO PRINT-BUF
     WRITE PRINTF-R FROM PRINT-BUF AFTER 001
     INITIALIZE PRINT-BUF
     MOVE '      <DIV CLASS="Report1-RwLa-2baaaaabba" >' TO PRINT-BUF
     WRITE PRINTF-R FROM PRINT-BUF AFTER 001
     INITIALIZE PRINT-BUF
     STRING '         <P><STRONG>',
            'Guest&nbsp;Sign',
            '</STRONG></P></DIV>'
        DELIMITED BY SIZE INTO PRINT-BUF
     WRITE PRINTF-R FROM PRINT-BUF AFTER 001
     INITIALIZE PRINT-BUF
*    AfterPrint
* RPT.Label : Report1-RwLa-2baaaaabaa
*    BeforePrint
     MOVE '      <!-- Label (Report1-RwLa-2baaaaabaa) -->' TO PRINT-BUF
     WRITE PRINTF-R FROM PRINT-BUF AFTER 001
     INITIALIZE PRINT-BUF
     MOVE '      <DIV CLASS="Report1-RwLa-2baaaaabaa" >' TO PRINT-BUF
     WRITE PRINTF-R FROM PRINT-BUF AFTER 001
     INITIALIZE PRINT-BUF
     STRING '         <P><STRONG>',
            'Misafir&nbsp;Imza',
            '</STRONG></P></DIV>'
        DELIMITED BY SIZE INTO PRINT-BUF
     WRITE PRINTF-R FROM PRINT-BUF AFTER 001
     INITIALIZE PRINT-BUF
*    AfterPrint
* RPT.Label : Report1-RwLa-2baaaaad
*    BeforePrint
     MOVE '      <!-- Label (Report1-RwLa-2baaaaad) -->' TO PRINT-BUF
     WRITE PRINTF-R FROM PRINT-BUF AFTER 001
     INITIALIZE PRINT-BUF
     MOVE '      <DIV CLASS="Report1-RwLa-2baaaaad" >' TO PRINT-BUF
     WRITE PRINTF-R FROM PRINT-BUF AFTER 001
     INITIALIZE PRINT-BUF
     STRING '         <P><STRONG>',
            html-tl-tut,
            '</STRONG></P></DIV>'
        DELIMITED BY SIZE INTO PRINT-BUF
     WRITE PRINTF-R FROM PRINT-BUF AFTER 001
     INITIALIZE PRINT-BUF
*    AfterPrint
* RPT.Label : Report1-RwLa-2baaaaaaa
*    BeforePrint
     MOVE '      <!-- Label (Report1-RwLa-2baaaaaaa) -->' TO PRINT-BUF
     WRITE PRINTF-R FROM PRINT-BUF AFTER 001
     INITIALIZE PRINT-BUF
     MOVE '      <DIV CLASS="Report1-RwLa-2baaaaaaa" >' TO PRINT-BUF
     WRITE PRINTF-R FROM PRINT-BUF AFTER 001
     INITIALIZE PRINT-BUF
     STRING '         <P><STRONG>',
            'TL',
            '</STRONG></P></DIV>'
        DELIMITED BY SIZE INTO PRINT-BUF
     WRITE PRINTF-R FROM PRINT-BUF AFTER 001
     INITIALIZE PRINT-BUF
*    AfterPrint
* RPT.Label : Report1-RwLa-2baaac
*    BeforePrint
     MOVE '      <!-- Label (Report1-RwLa-2baaac) -->' TO PRINT-BUF
     WRITE PRINTF-R FROM PRINT-BUF AFTER 001
     INITIALIZE PRINT-BUF
     MOVE '      <DIV CLASS="Report1-RwLa-2baaac" >' TO PRINT-BUF
     WRITE PRINTF-R FROM PRINT-BUF AFTER 001
     INITIALIZE PRINT-BUF
     STRING '         <P><STRONG>',
            html-doviz,
            '</STRONG></P></DIV>'
        DELIMITED BY SIZE INTO PRINT-BUF
     WRITE PRINTF-R FROM PRINT-BUF AFTER 001
     INITIALIZE PRINT-BUF
*    AfterPrint
* RPT.Label : Report1-RwLa-2baaaab
*    BeforePrint
     MOVE '      <!-- Label (Report1-RwLa-2baaaab) -->' TO PRINT-BUF
     WRITE PRINTF-R FROM PRINT-BUF AFTER 001
     INITIALIZE PRINT-BUF
     MOVE '      <DIV CLASS="Report1-RwLa-2baaaab" >' TO PRINT-BUF
     WRITE PRINTF-R FROM PRINT-BUF AFTER 001
     INITIALIZE PRINT-BUF
     STRING '         <P><STRONG>',
            html-doviz-tut,
            '</STRONG></P></DIV>'
        DELIMITED BY SIZE INTO PRINT-BUF
     WRITE PRINTF-R FROM PRINT-BUF AFTER 001
     INITIALIZE PRINT-BUF
*    AfterPrint
* RPT.Label : Report1-RwLa-2aaaab
*    BeforePrint
     MOVE '      <!-- Label (Report1-RwLa-2aaaab) -->' TO PRINT-BUF
     WRITE PRINTF-R FROM PRINT-BUF AFTER 001
     INITIALIZE PRINT-BUF
     MOVE '      <DIV CLASS="Report1-RwLa-2aaaab" >' TO PRINT-BUF
     WRITE PRINTF-R FROM PRINT-BUF AFTER 001
     INITIALIZE PRINT-BUF
     STRING '         <P>',
            'Dviz&nbsp;Tutari&nbsp;:',
            '</P></DIV>'
        DELIMITED BY SIZE INTO PRINT-BUF
     WRITE PRINTF-R FROM PRINT-BUF AFTER 001
     INITIALIZE PRINT-BUF
*    AfterPrint
* RPT.Label : Report1-RwLa-2aaaaaa
*    BeforePrint
     MOVE '      <!-- Label (Report1-RwLa-2aaaaaa) -->' TO PRINT-BUF
     WRITE PRINTF-R FROM PRINT-BUF AFTER 001
     INITIALIZE PRINT-BUF
     MOVE '      <DIV CLASS="Report1-RwLa-2aaaaaa" >' TO PRINT-BUF
     WRITE PRINTF-R FROM PRINT-BUF AFTER 001
     INITIALIZE PRINT-BUF
     STRING '         <P>',
            'Dviz&nbsp;Tutari&nbsp;TL&nbsp;:',
            '</P></DIV>'
        DELIMITED BY SIZE INTO PRINT-BUF
     WRITE PRINTF-R FROM PRINT-BUF AFTER 001
     INITIALIZE PRINT-BUF
*    AfterPrint
* RPT.Label : Report1-RwLa-2baaabb
*    BeforePrint
     MOVE '      <!-- Label (Report1-RwLa-2baaabb) -->' TO PRINT-BUF
     WRITE PRINTF-R FROM PRINT-BUF AFTER 001
     INITIALIZE PRINT-BUF
     MOVE '      <DIV CLASS="Report1-RwLa-2baaabb" >' TO PRINT-BUF
     WRITE PRINTF-R FROM PRINT-BUF AFTER 001
     INITIALIZE PRINT-BUF
     STRING '         <P>',
            html-kur,
            '</P></DIV>'
        DELIMITED BY SIZE INTO PRINT-BUF
     WRITE PRINTF-R FROM PRINT-BUF AFTER 001
     INITIALIZE PRINT-BUF
*    AfterPrint
* RPT.Label : Report1-RwLa-2aaabb
*    BeforePrint
     MOVE '      <!-- Label (Report1-RwLa-2aaabb) -->' TO PRINT-BUF
     WRITE PRINTF-R FROM PRINT-BUF AFTER 001
     INITIALIZE PRINT-BUF
     MOVE '      <DIV CLASS="Report1-RwLa-2aaabb" >' TO PRINT-BUF
     WRITE PRINTF-R FROM PRINT-BUF AFTER 001
     INITIALIZE PRINT-BUF
     STRING '         <P>',
            'Kur&nbsp;&nbsp;:',
            '</P></DIV>'
        DELIMITED BY SIZE INTO PRINT-BUF
     WRITE PRINTF-R FROM PRINT-BUF AFTER 001
     INITIALIZE PRINT-BUF
*    AfterPrint
* RPT.Label : Report1-RwLa-2baaababa
*    BeforePrint
     MOVE '      <!-- Label (Report1-RwLa-2baaababa) -->' TO PRINT-BUF
     WRITE PRINTF-R FROM PRINT-BUF AFTER 001
     INITIALIZE PRINT-BUF
     MOVE '      <DIV CLASS="Report1-RwLa-2baaababa" >' TO PRINT-BUF
     WRITE PRINTF-R FROM PRINT-BUF AFTER 001
     INITIALIZE PRINT-BUF
     STRING '         <P>',
            html-duzeltme-departman-adi,
            '</P></DIV>'
        DELIMITED BY SIZE INTO PRINT-BUF
     WRITE PRINTF-R FROM PRINT-BUF AFTER 001
     INITIALIZE PRINT-BUF
*    AfterPrint
* RPT.Label : Report1-RwLa-2aaababa
*    BeforePrint
     MOVE '      <!-- Label (Report1-RwLa-2aaababa) -->' TO PRINT-BUF
     WRITE PRINTF-R FROM PRINT-BUF AFTER 001
     INITIALIZE PRINT-BUF
     MOVE '      <DIV CLASS="Report1-RwLa-2aaababa" >' TO PRINT-BUF
     WRITE PRINTF-R FROM PRINT-BUF AFTER 001
     INITIALIZE PRINT-BUF
     STRING '         <P>',
            'Duzeltilen&nbsp;Departman&nbsp;:',
            '</P></DIV>'
        DELIMITED BY SIZE INTO PRINT-BUF
     WRITE PRINTF-R FROM PRINT-BUF AFTER 001
     INITIALIZE PRINT-BUF
*    AfterPrint
* RPT.Label : Report1-RwLa-2aaabac
*    BeforePrint
     MOVE '      <!-- Label (Report1-RwLa-2aaabac) -->' TO PRINT-BUF
     WRITE PRINTF-R FROM PRINT-BUF AFTER 001
     INITIALIZE PRINT-BUF
     MOVE '      <DIV CLASS="Report1-RwLa-2aaabac" >' TO PRINT-BUF
     WRITE PRINTF-R FROM PRINT-BUF AFTER 001
     INITIALIZE PRINT-BUF
     STRING '         <P>',
            'Departman&nbsp;:',
            '</P></DIV>'
        DELIMITED BY SIZE INTO PRINT-BUF
     WRITE PRINTF-R FROM PRINT-BUF AFTER 001
     INITIALIZE PRINT-BUF
*    AfterPrint
* RPT.Label : Report1-RwLa-2baaabac
*    BeforePrint
     MOVE '      <!-- Label (Report1-RwLa-2baaabac) -->' TO PRINT-BUF
     WRITE PRINTF-R FROM PRINT-BUF AFTER 001
     INITIALIZE PRINT-BUF
     MOVE '      <DIV CLASS="Report1-RwLa-2baaabac" >' TO PRINT-BUF
     WRITE PRINTF-R FROM PRINT-BUF AFTER 001
     INITIALIZE PRINT-BUF
     STRING '         <P>',
            html-departman-adi,
            '</P></DIV>'
        DELIMITED BY SIZE INTO PRINT-BUF
     WRITE PRINTF-R FROM PRINT-BUF AFTER 001
     INITIALIZE PRINT-BUF
*    AfterPrint
* RPT.Label : Report1-RwLa-2baca
*    BeforePrint
     MOVE '      <!-- Label (Report1-RwLa-2baca) -->' TO PRINT-BUF
     WRITE PRINTF-R FROM PRINT-BUF AFTER 001
     INITIALIZE PRINT-BUF
     MOVE '      <DIV CLASS="Report1-RwLa-2baca" >' TO PRINT-BUF
     WRITE PRINTF-R FROM PRINT-BUF AFTER 001
     INITIALIZE PRINT-BUF
     STRING '         <P>',
            html-kay-tarih,
            '</P></DIV>'
        DELIMITED BY SIZE INTO PRINT-BUF
     WRITE PRINTF-R FROM PRINT-BUF AFTER 001
     INITIALIZE PRINT-BUF
*    AfterPrint
* RPT.Label : Report1-RwLa-2aca
*    BeforePrint
     MOVE '      <!-- Label (Report1-RwLa-2aca) -->' TO PRINT-BUF
     WRITE PRINTF-R FROM PRINT-BUF AFTER 001
     INITIALIZE PRINT-BUF
     MOVE '      <DIV CLASS="Report1-RwLa-2aca" >' TO PRINT-BUF
     WRITE PRINTF-R FROM PRINT-BUF AFTER 001
     INITIALIZE PRINT-BUF
     STRING '         <P>',
            'Kayit&nbsp;Tarihi&nbsp;:',
            '</P></DIV>'
        DELIMITED BY SIZE INTO PRINT-BUF
     WRITE PRINTF-R FROM PRINT-BUF AFTER 001
     INITIALIZE PRINT-BUF
*    AfterPrint
* RPT.Label : Report1-RwLa-1b
*    BeforePrint
     MOVE '      <!-- Label (Report1-RwLa-1b) -->' TO PRINT-BUF
     WRITE PRINTF-R FROM PRINT-BUF AFTER 001
     INITIALIZE PRINT-BUF
     MOVE '      <DIV CLASS="Report1-RwLa-1b" >' TO PRINT-BUF
     WRITE PRINTF-R FROM PRINT-BUF AFTER 001
     INITIALIZE PRINT-BUF
     STRING '         <P><STRONG>',
            tit-deg,
            '</STRONG></P></DIV>'
        DELIMITED BY SIZE INTO PRINT-BUF
     WRITE PRINTF-R FROM PRINT-BUF AFTER 001
     INITIALIZE PRINT-BUF
*    AfterPrint
* RPT.Label : Report1-RwLa-1ba
*    BeforePrint
     MOVE '      <!-- Label (Report1-RwLa-1ba) -->' TO PRINT-BUF
     WRITE PRINTF-R FROM PRINT-BUF AFTER 001
     INITIALIZE PRINT-BUF
     MOVE '      <DIV CLASS="Report1-RwLa-1ba" >' TO PRINT-BUF
     WRITE PRINTF-R FROM PRINT-BUF AFTER 001
     INITIALIZE PRINT-BUF
     STRING '         <P><STRONG>',
            tit-deg,
            '</STRONG></P></DIV>'
        DELIMITED BY SIZE INTO PRINT-BUF
     WRITE PRINTF-R FROM PRINT-BUF AFTER 001
     INITIALIZE PRINT-BUF
*    AfterPrint
* RPT.Label : Report1-RwLa-2baaaaacba
*    BeforePrint
     MOVE '      <!-- Label (Report1-RwLa-2baaaaacba) -->' TO PRINT-BUF
     WRITE PRINTF-R FROM PRINT-BUF AFTER 001
     INITIALIZE PRINT-BUF
     MOVE '      <DIV CLASS="Report1-RwLa-2baaaaacba" >' TO PRINT-BUF
     WRITE PRINTF-R FROM PRINT-BUF AFTER 001
     INITIALIZE PRINT-BUF
     STRING '         <P><STRONG>',
            'Onburo&nbsp;Muduru',
            '</STRONG></P></DIV>'
        DELIMITED BY SIZE INTO PRINT-BUF
     WRITE PRINTF-R FROM PRINT-BUF AFTER 001
     INITIALIZE PRINT-BUF
*    AfterPrint
* RPT.Label : Report1-RwLa-2baaaaabda
*    BeforePrint
     MOVE '      <!-- Label (Report1-RwLa-2baaaaabda) -->' TO PRINT-BUF
     WRITE PRINTF-R FROM PRINT-BUF AFTER 001
     INITIALIZE PRINT-BUF
     MOVE '      <DIV CLASS="Report1-RwLa-2baaaaabda" >' TO PRINT-BUF
     WRITE PRINTF-R FROM PRINT-BUF AFTER 001
     INITIALIZE PRINT-BUF
     STRING '         <P><STRONG>',
            'Imza&nbsp;/&nbsp;Sign',
            '</STRONG></P></DIV>'
        DELIMITED BY SIZE INTO PRINT-BUF
     WRITE PRINTF-R FROM PRINT-BUF AFTER 001
     INITIALIZE PRINT-BUF
*    AfterPrint
* RPT.Label : Report1-RwLa-2aaabaab
*    BeforePrint
     MOVE '      <!-- Label (Report1-RwLa-2aaabaab) -->' TO PRINT-BUF
     WRITE PRINTF-R FROM PRINT-BUF AFTER 001
     INITIALIZE PRINT-BUF
     MOVE '      <DIV CLASS="Report1-RwLa-2aaabaab" >' TO PRINT-BUF
     WRITE PRINTF-R FROM PRINT-BUF AFTER 001
     INITIALIZE PRINT-BUF
     STRING '         <P>',
            'Acenta&nbsp;:',
            '</P></DIV>'
        DELIMITED BY SIZE INTO PRINT-BUF
     WRITE PRINTF-R FROM PRINT-BUF AFTER 001
     INITIALIZE PRINT-BUF
*    AfterPrint
* RPT.Label : Report1-RwLa-2baaabaab
*    BeforePrint
     MOVE '      <!-- Label (Report1-RwLa-2baaabaab) -->' TO PRINT-BUF
     WRITE PRINTF-R FROM PRINT-BUF AFTER 001
     INITIALIZE PRINT-BUF
     MOVE '      <DIV CLASS="Report1-RwLa-2baaabaab" >' TO PRINT-BUF
     WRITE PRINTF-R FROM PRINT-BUF AFTER 001
     INITIALIZE PRINT-BUF
     STRING '         <P>',
            html-acenta-adi,
            '</P></DIV>'
        DELIMITED BY SIZE INTO PRINT-BUF
     WRITE PRINTF-R FROM PRINT-BUF AFTER 001
     INITIALIZE PRINT-BUF
*    AfterPrint
* RPT.Label : Report1-RwLa-2baaabaaba
*    BeforePrint
     MOVE '      <!-- Label (Report1-RwLa-2baaabaaba) -->' TO PRINT-BUF
     WRITE PRINTF-R FROM PRINT-BUF AFTER 001
     INITIALIZE PRINT-BUF
     MOVE '      <DIV CLASS="Report1-RwLa-2baaabaaba" >' TO PRINT-BUF
     WRITE PRINTF-R FROM PRINT-BUF AFTER 001
     INITIALIZE PRINT-BUF
     STRING '         <P>',
            html-acenta-adi,
            '</P></DIV>'
        DELIMITED BY SIZE INTO PRINT-BUF
     WRITE PRINTF-R FROM PRINT-BUF AFTER 001
     INITIALIZE PRINT-BUF
*    AfterPrint
* RPT.Label : Report1-RwLa-2aaabaaba
*    BeforePrint
     MOVE '      <!-- Label (Report1-RwLa-2aaabaaba) -->' TO PRINT-BUF
     WRITE PRINTF-R FROM PRINT-BUF AFTER 001
     INITIALIZE PRINT-BUF
     MOVE '      <DIV CLASS="Report1-RwLa-2aaabaaba" >' TO PRINT-BUF
     WRITE PRINTF-R FROM PRINT-BUF AFTER 001
     INITIALIZE PRINT-BUF
     STRING '         <P>',
            'Acenta&nbsp;:',
            '</P></DIV>'
        DELIMITED BY SIZE INTO PRINT-BUF
     WRITE PRINTF-R FROM PRINT-BUF AFTER 001
     INITIALIZE PRINT-BUF
*    AfterPrint
* RPT.Label : Report1-RwLa-2baaaaabb
*    BeforePrint
     MOVE '      <!-- Label (Report1-RwLa-2baaaaabb) -->' TO PRINT-BUF
     WRITE PRINTF-R FROM PRINT-BUF AFTER 001
     INITIALIZE PRINT-BUF
     MOVE '      <DIV CLASS="Report1-RwLa-2baaaaabb" >' TO PRINT-BUF
     WRITE PRINTF-R FROM PRINT-BUF AFTER 001
     INITIALIZE PRINT-BUF
     STRING '         <P><STRONG>',
            'Guest&nbsp;Sign',
            '</STRONG></P></DIV>'
        DELIMITED BY SIZE INTO PRINT-BUF
     WRITE PRINTF-R FROM PRINT-BUF AFTER 001
     INITIALIZE PRINT-BUF
*    AfterPrint
* RPT.Label : Report1-RwLa-2baaaaaba
*    BeforePrint
     MOVE '      <!-- Label (Report1-RwLa-2baaaaaba) -->' TO PRINT-BUF
     WRITE PRINTF-R FROM PRINT-BUF AFTER 001
     INITIALIZE PRINT-BUF
     MOVE '      <DIV CLASS="Report1-RwLa-2baaaaaba" >' TO PRINT-BUF
     WRITE PRINTF-R FROM PRINT-BUF AFTER 001
     INITIALIZE PRINT-BUF
     STRING '         <P><STRONG>',
            'Misafir&nbsp;Imza',
            '</STRONG></P></DIV>'
        DELIMITED BY SIZE INTO PRINT-BUF
     WRITE PRINTF-R FROM PRINT-BUF AFTER 001
     INITIALIZE PRINT-BUF
*    AfterPrint
* RPT.Label : Report1-RwLa-2baaaaab
*    BeforePrint
     MOVE '      <!-- Label (Report1-RwLa-2baaaaab) -->' TO PRINT-BUF
     WRITE PRINTF-R FROM PRINT-BUF AFTER 001
     INITIALIZE PRINT-BUF
     MOVE '      <DIV CLASS="Report1-RwLa-2baaaaab" >' TO PRINT-BUF
     WRITE PRINTF-R FROM PRINT-BUF AFTER 001
     INITIALIZE PRINT-BUF
     STRING '         <P><STRONG>',
            'Imza&nbsp;/&nbsp;Sign',
            '</STRONG></P></DIV>'
        DELIMITED BY SIZE INTO PRINT-BUF
     WRITE PRINTF-R FROM PRINT-BUF AFTER 001
     INITIALIZE PRINT-BUF
*    AfterPrint
* RPT.Label : Report1-RwLa-2baaaaacb
*    BeforePrint
     MOVE '      <!-- Label (Report1-RwLa-2baaaaacb) -->' TO PRINT-BUF
     WRITE PRINTF-R FROM PRINT-BUF AFTER 001
     INITIALIZE PRINT-BUF
     MOVE '      <DIV CLASS="Report1-RwLa-2baaaaacb" >' TO PRINT-BUF
     WRITE PRINTF-R FROM PRINT-BUF AFTER 001
     INITIALIZE PRINT-BUF
     STRING '         <P><STRONG>',
            'Onburo&nbsp;Muduru',
            '</STRONG></P></DIV>'
        DELIMITED BY SIZE INTO PRINT-BUF
     WRITE PRINTF-R FROM PRINT-BUF AFTER 001
     INITIALIZE PRINT-BUF
*    AfterPrint
* RPT.Label : Report1-RwLa-2baaaaabd
*    BeforePrint
     MOVE '      <!-- Label (Report1-RwLa-2baaaaabd) -->' TO PRINT-BUF
     WRITE PRINTF-R FROM PRINT-BUF AFTER 001
     INITIALIZE PRINT-BUF
     MOVE '      <DIV CLASS="Report1-RwLa-2baaaaabd" >' TO PRINT-BUF
     WRITE PRINTF-R FROM PRINT-BUF AFTER 001
     INITIALIZE PRINT-BUF
     STRING '         <P><STRONG>',
            'Imza&nbsp;/&nbsp;Sign',
            '</STRONG></P></DIV>'
        DELIMITED BY SIZE INTO PRINT-BUF
     WRITE PRINTF-R FROM PRINT-BUF AFTER 001
     INITIALIZE PRINT-BUF
*    AfterPrint
     PERFORM Acu-Report1-PH-1-SEC-FOOT
     .

* Date/Time Format Convert
 Acu-Report1-RwDtTm-1-FORMAT-CONVERT.
     ACCEPT WRK-DATE OF Report1-RwDtTm-1-DATEBUF FROM CENTURY-DATE
     MOVE WRK-YEAR  OF Report1-RwDtTm-1-DATEBUF TO WRK-REF-YEAR  OF
        Report1-RwDtTm-1-DATEBUF
     MOVE WRK-MONTH OF Report1-RwDtTm-1-DATEBUF TO WRK-REF-MONTH OF
        Report1-RwDtTm-1-DATEBUF
     MOVE WRK-DAY   OF Report1-RwDtTm-1-DATEBUF TO WRK-REF-DAY   OF
        Report1-RwDtTm-1-DATEBUF
     ACCEPT WRK-TIME OF Report1-RwDtTm-1-DATEBUF FROM TIME
     MOVE WRK-HOUR   OF Report1-RwDtTm-1-DATEBUF TO WRK-REF-HOUR   OF
        Report1-RwDtTm-1-DATEBUF
     MOVE WRK-MINUTE OF Report1-RwDtTm-1-DATEBUF TO WRK-REF-MINUTE OF
        Report1-RwDtTm-1-DATEBUF
     MOVE WRK-SECOND OF Report1-RwDtTm-1-DATEBUF TO WRK-REF-SECOND OF
        Report1-RwDtTm-1-DATEBUF
     .

* Date/Time Format Convert
 Acu-Report1-RwDtTm-1a-FORMAT-CONVERT.
        ACCEPT WRK-DATE OF Report1-RwDtTm-1a-DATEBUF FROM CENTURY-DATE
        MOVE WRK-YEAR  OF Report1-RwDtTm-1a-DATEBUF TO WRK-REF-YEAR 
           OF Report1-RwDtTm-1a-DATEBUF
        MOVE WRK-MONTH OF Report1-RwDtTm-1a-DATEBUF TO WRK-REF-MONTH
           OF Report1-RwDtTm-1a-DATEBUF
        MOVE WRK-DAY   OF Report1-RwDtTm-1a-DATEBUF TO WRK-REF-DAY  
           OF Report1-RwDtTm-1a-DATEBUF
        ACCEPT WRK-TIME OF Report1-RwDtTm-1a-DATEBUF FROM TIME
        MOVE WRK-HOUR   OF Report1-RwDtTm-1a-DATEBUF TO WRK-REF-HOUR 
            OF Report1-RwDtTm-1a-DATEBUF
        MOVE WRK-MINUTE OF Report1-RwDtTm-1a-DATEBUF TO
           WRK-REF-MINUTE OF Report1-RwDtTm-1a-DATEBUF
        MOVE WRK-SECOND OF Report1-RwDtTm-1a-DATEBUF TO
           WRK-REF-SECOND OF Report1-RwDtTm-1a-DATEBUF
     .


 Acu-PRINTF-OPEN-ROUTINE.
     OPEN   OUTPUT               PRINTF WITH NO REWIND.
     MOVE   STAT-PRINTF          TO    STAT-PRINTF.
     IF     NOT VALID-PRINTF
            MOVE   "PRINTF"      TO   ACU-ERR-FILE.

 Acu-PRINTF-CLOSE-ROUTINE.
     CLOSE       PRINTF.

 Acu-Format-Print-Buf.
     INITIALIZE NEW-PRINT-DATA-SIZE,      PRINT-BUF-SIZE            
                PRINT-BUF-LENGTH,        PRINT-BUF-TRAIL-SPACES    
                PRINT-BUF-TOTAL-SPACES,  PRINT-BUF-COUNT
     SET PRINT-BUF-LENGTH TO LENGTH OF PRINT-BUF
     INSPECT PRINT-BUF TALLYING PRINT-BUF-TRAIL-SPACES FOR 
     TRAILING SPACES
     INSPECT PRINT-BUF TALLYING PRINT-BUF-TOTAL-SPACES FOR  
     ALL SPACES
     COMPUTE PRINT-BUF-SIZE = 
             PRINT-BUF-LENGTH - PRINT-BUF-TRAIL-SPACES 
     IF PRINT-BUF-SIZE = 0  OR
        PRINT-BUF-TOTAL-SPACES = PRINT-BUF-TRAIL-SPACES
        MOVE PRINT-BUF TO NEW-PRINT-DATA
        INSPECT NEW-PRINT-DATA REPLACING TRAILING SPACES 
        BY LOW-VALUES
        EXIT PARAGRAPH
     END-IF
     INITIALIZE NEW-PRINT-DATA
     PERFORM VARYING  PRINT-BUF-COUNT FROM 1
                      BY +1 UNTIL
                      PRINT-BUF-COUNT > PRINT-BUF-SIZE OR
                      NEW-PRINT-DATA-SIZE > PRINT-BUF-LENGTH
             MOVE PRINT-BUF(PRINT-BUF-COUNT:1) TO 
                  PRINT-BUF-CHAR
             IF PRINT-BUF-CHAR = " "
                STRING NEW-PRINT-DATA DELIMITED BY SPACES
                       "&nbsp;"  DELIMITED BY SIZE
                       INTO NEW-PRINT-DATA
                END-STRING
                ADD 6 TO NEW-PRINT-DATA-SIZE
             ELSE
                STRING NEW-PRINT-DATA DELIMITED BY SPACES
                       PRINT-BUF-CHAR  DELIMITED BY SIZE
                       INTO NEW-PRINT-DATA
                END-STRING                      
                ADD 1 TO NEW-PRINT-DATA-SIZE
             END-IF
     END-PERFORM
     INSPECT NEW-PRINT-DATA REPLACING 
                      TRAILING SPACES BY LOW-VALUES
     .              

