* sayaclzr.rpt
* sayaclzr.rpt is generated from D:\asya\acugt.ytl\otel\sayaclzr.Psf
* This is a generated file. DO NOT modify this file directly.

 Acu-Report1-HTML-HEADER.
     MOVE '<HTML>' TO PRINT-BUF.
     WRITE PRINTF-R FROM PRINT-BUF AFTER 001
     INITIALIZE PRINT-BUF
     MOVE '<HEAD><TITLE>  </TITLE></HEAD>' 
        TO PRINT-BUF
     WRITE PRINTF-R FROM PRINT-BUF AFTER 001
     INITIALIZE PRINT-BUF
     PERFORM Acu-Report1-HTML-CSS
     MOVE '<BODY STYLE="BACKGROUND-COLOR:#FFFFFF;">' TO PRINT-BUF
     WRITE PRINTF-R FROM PRINT-BUF AFTER 001
     INITIALIZE PRINT-BUF
     .

 Acu-Report1-HTML-FOOTER.
     MOVE '</BODY>' TO PRINT-BUF
     WRITE PRINTF-R FROM PRINT-BUF AFTER 001
     INITIALIZE PRINT-BUF
     MOVE '</HTML>' TO PRINT-BUF
     WRITE PRINTF-R FROM PRINT-BUF AFTER 001
     INITIALIZE PRINT-BUF
     .

 Acu-Report1-HTML-CSS.
     MOVE '<STYLE TYPE="TEXT/CSS">' TO PRINT-BUF
     WRITE PRINTF-R FROM PRINT-BUF AFTER 001
     INITIALIZE PRINT-BUF
* Report1-RwLa-2aa'S CSS SETTING
     MOVE 
        '   .Report1-RwLa-2aa {POSITION:ABSOLUTE; TOP:72; LEFT:40; WIDTH
-       ':74; HEIGHT:12; TEXT-ALIGN:RIGHT; FONT-SIZE:10pt; FONT-FAMILY:L
-       'ucida Console; BACKGROUND-COLOR:TRANSPARENT; }' TO PRINT-BUF
     WRITE PRINTF-R FROM PRINT-BUF AFTER 001
     INITIALIZE PRINT-BUF
* Report1-RwLa-2aaa'S CSS SETTING
     MOVE 
        '   .Report1-RwLa-2aaa {POSITION:ABSOLUTE; TOP:91; LEFT:48; WIDT
-       'H:65; HEIGHT:12; TEXT-ALIGN:RIGHT; FONT-SIZE:10pt; FONT-FAMILY:
-       'Lucida Console; BACKGROUND-COLOR:TRANSPARENT; }' TO PRINT-BUF
     WRITE PRINTF-R FROM PRINT-BUF AFTER 001
     INITIALIZE PRINT-BUF
* Report1-RwDtTm-1'S CSS Setting
     MOVE 
        '   .Report1-RwDtTm-1 {POSITION:ABSOLUTE; TOP:0; LEFT:399; WIDTH
-       ':153; HEIGHT:12; TEXT-ALIGN:CENTER; COLOR:#800000; BACKGROUND-C
-       'OLOR:#FFFFFF; }' TO PRINT-BUF
     WRITE PRINTF-R FROM PRINT-BUF AFTER 001
     INITIALIZE PRINT-BUF
* Report1-RwLa-2b'S CSS SETTING
     MOVE 
        '   .Report1-RwLa-2b {POSITION:ABSOLUTE; TOP:30; LEFT:142; WIDTH
-       ':138; HEIGHT:12; FONT-SIZE:10pt; FONT-FAMILY:Lucida Console; BA
-       'CKGROUND-COLOR:TRANSPARENT; }' TO PRINT-BUF
     WRITE PRINTF-R FROM PRINT-BUF AFTER 001
     INITIALIZE PRINT-BUF
* Report1-RwLa-2ba'S CSS SETTING
     MOVE 
        '   .Report1-RwLa-2ba {POSITION:ABSOLUTE; TOP:30; LEFT:287; WIDT
-       'H:264; HEIGHT:12; FONT-SIZE:10pt; FONT-FAMILY:Lucida Console; B
-       'ACKGROUND-COLOR:TRANSPARENT; }' TO PRINT-BUF
     WRITE PRINTF-R FROM PRINT-BUF AFTER 001
     INITIALIZE PRINT-BUF
* Report1-RwLa-2aaaa'S CSS SETTING
     MOVE 
        '   .Report1-RwLa-2aaaa {POSITION:ABSOLUTE; TOP:47; LEFT:168; WI
-       'DTH:354; HEIGHT:12; TEXT-ALIGN:LEFT; FONT-SIZE:10pt; FONT-FAMIL
-       'Y:Lucida Console; BACKGROUND-COLOR:TRANSPARENT; }' TO PRINT-BUF
     WRITE PRINTF-R FROM PRINT-BUF AFTER 001
     INITIALIZE PRINT-BUF
* Report1-RwLn-1a'S CSS SETTING
     MOVE 
        '   .Report1-RwLn-1a {POSITION:ABSOLUTE; TOP:178; LEFT:51; WIDTH
-       ':510; HEIGHT:1; BORDER-TOP: 1px solid; COLOR:#000000; }'
         TO PRINT-BUF
     WRITE PRINTF-R FROM PRINT-BUF AFTER 001
     INITIALIZE PRINT-BUF
* Report1-RwLa-2aab'S CSS SETTING
     MOVE 
        '   .Report1-RwLa-2aab {POSITION:ABSOLUTE; TOP:72; LEFT:124; WID
-       'TH:64; HEIGHT:12; TEXT-ALIGN:LEFT; FONT-SIZE:10pt; FONT-FAMILY:
-       'Lucida Console; BACKGROUND-COLOR:TRANSPARENT; }' TO PRINT-BUF
     WRITE PRINTF-R FROM PRINT-BUF AFTER 001
     INITIALIZE PRINT-BUF
* Report1-RwLa-2aaab'S CSS SETTING
     MOVE 
        '   .Report1-RwLa-2aaab {POSITION:ABSOLUTE; TOP:108; LEFT:48; WI
-       'DTH:65; HEIGHT:12; TEXT-ALIGN:RIGHT; FONT-SIZE:10pt; FONT-FAMIL
-       'Y:Lucida Console; BACKGROUND-COLOR:TRANSPARENT; }' TO PRINT-BUF
     WRITE PRINTF-R FROM PRINT-BUF AFTER 001
     INITIALIZE PRINT-BUF
* Report1-RwLa-2baaabab'S CSS SETTING
     MOVE 
        '   .Report1-RwLa-2baaabab {POSITION:ABSOLUTE; TOP:150; LEFT:51;
-       ' WIDTH:419; HEIGHT:18; TEXT-ALIGN:LEFT; FONT-SIZE:9pt; FONT-FAM
-       'ILY:Lucida Console; BACKGROUND-COLOR:TRANSPARENT; }'
         TO PRINT-BUF
     WRITE PRINTF-R FROM PRINT-BUF AFTER 001
     INITIALIZE PRINT-BUF
* Report1-RwLa-2aaba'S CSS SETTING
     MOVE 
        '   .Report1-RwLa-2aaba {POSITION:ABSOLUTE; TOP:90; LEFT:124; WI
-       'DTH:107; HEIGHT:12; TEXT-ALIGN:LEFT; FONT-SIZE:10pt; FONT-FAMIL
-       'Y:Lucida Console; BACKGROUND-COLOR:TRANSPARENT; }' TO PRINT-BUF
     WRITE PRINTF-R FROM PRINT-BUF AFTER 001
     INITIALIZE PRINT-BUF
* Report1-RwLa-2aabaa'S CSS SETTING
     MOVE 
        '   .Report1-RwLa-2aabaa {POSITION:ABSOLUTE; TOP:109; LEFT:124; 
-       'WIDTH:107; HEIGHT:13; TEXT-ALIGN:LEFT; FONT-SIZE:10pt; FONT-FAM
-       'ILY:Lucida Console; BACKGROUND-COLOR:TRANSPARENT; }'
         TO PRINT-BUF
     WRITE PRINTF-R FROM PRINT-BUF AFTER 001
     INITIALIZE PRINT-BUF
* Report1-RwLn-2'S CSS SETTING
     MOVE 
        '   .Report1-RwLn-2 {POSITION:ABSOLUTE; TOP:178; LEFT:51; WIDTH=
-       '1; HEIGHT:20; BORDER-LEFT: 1px solid; COLOR:#000000; }'
         TO PRINT-BUF
     WRITE PRINTF-R FROM PRINT-BUF AFTER 001
     INITIALIZE PRINT-BUF
* Report1-RwLn-1'S CSS SETTING
     MOVE 
        '   .Report1-RwLn-1 {POSITION:ABSOLUTE; TOP:198; LEFT:51; WIDTH:
-       '510; HEIGHT:1; BORDER-TOP: 1px solid; COLOR:#000000; }'
         TO PRINT-BUF
     WRITE PRINTF-R FROM PRINT-BUF AFTER 001
     INITIALIZE PRINT-BUF
* Report1-RwLa-2baaab'S CSS SETTING
     MOVE 
        '   .Report1-RwLa-2baaab {POSITION:ABSOLUTE; TOP:184; LEFT:60; W
-       'IDTH:113; HEIGHT:9; FONT-SIZE:9pt; FONT-FAMILY:Lucida Console; 
-       'BACKGROUND-COLOR:TRANSPARENT; }' TO PRINT-BUF
     WRITE PRINTF-R FROM PRINT-BUF AFTER 001
     INITIALIZE PRINT-BUF
* Report1-RwLn-2aa'S CSS SETTING
     MOVE 
        '   .Report1-RwLn-2aa {POSITION:ABSOLUTE; TOP:178; LEFT:178; WID
-       'TH=1; HEIGHT:20; BORDER-LEFT: 1px solid; COLOR:#000000; }'
         TO PRINT-BUF
     WRITE PRINTF-R FROM PRINT-BUF AFTER 001
     INITIALIZE PRINT-BUF
* Report1-RwLn-2aaa'S CSS SETTING
     MOVE 
        '   .Report1-RwLn-2aaa {POSITION:ABSOLUTE; TOP:178; LEFT:306; WI
-       'DTH=1; HEIGHT:20; BORDER-LEFT: 1px solid; COLOR:#000000; }'
         TO PRINT-BUF
     WRITE PRINTF-R FROM PRINT-BUF AFTER 001
     INITIALIZE PRINT-BUF
* Report1-RwLn-2ba'S CSS SETTING
     MOVE 
        '   .Report1-RwLn-2ba {POSITION:ABSOLUTE; TOP:178; LEFT:450; WID
-       'TH=1; HEIGHT:20; BORDER-LEFT: 1px solid; COLOR:#000000; }'
         TO PRINT-BUF
     WRITE PRINTF-R FROM PRINT-BUF AFTER 001
     INITIALIZE PRINT-BUF
* Report1-RwLn-2baa'S CSS SETTING
     MOVE 
        '   .Report1-RwLn-2baa {POSITION:ABSOLUTE; TOP:178; LEFT:558; WI
-       'DTH=1; HEIGHT:20; BORDER-LEFT: 1px solid; COLOR:#000000; }'
         TO PRINT-BUF
     WRITE PRINTF-R FROM PRINT-BUF AFTER 001
     INITIALIZE PRINT-BUF
* Report1-RwLa-2baaaba'S CSS SETTING
     MOVE 
        '   .Report1-RwLa-2baaaba {POSITION:ABSOLUTE; TOP:184; LEFT:319;
-       ' WIDTH:113; HEIGHT:9; FONT-SIZE:9pt; FONT-FAMILY:Lucida Console
-       '; BACKGROUND-COLOR:TRANSPARENT; }' TO PRINT-BUF
     WRITE PRINTF-R FROM PRINT-BUF AFTER 001
     INITIALIZE PRINT-BUF
* Report1-RwLn-2b'S CSS SETTING
     MOVE 
        '   .Report1-RwLn-2b {POSITION:ABSOLUTE; TOP:198; LEFT:51; WIDTH
-       '=1; HEIGHT:21; BORDER-LEFT: 1px solid; COLOR:#000000; }'
         TO PRINT-BUF
     WRITE PRINTF-R FROM PRINT-BUF AFTER 001
     INITIALIZE PRINT-BUF
* Report1-RwLn-1b'S CSS SETTING
     MOVE 
        '   .Report1-RwLn-1b {POSITION:ABSOLUTE; TOP:216; LEFT:51; WIDTH
-       ':510; HEIGHT:1; BORDER-TOP: 1px solid; COLOR:#000000; }'
         TO PRINT-BUF
     WRITE PRINTF-R FROM PRINT-BUF AFTER 001
     INITIALIZE PRINT-BUF
* Report1-RwLa-2baaabb'S CSS SETTING
     MOVE 
        '   .Report1-RwLa-2baaabb {POSITION:ABSOLUTE; TOP:204; LEFT:60; 
-       'WIDTH:123; HEIGHT:10; FONT-SIZE:9pt; FONT-FAMILY:Lucida Console
-       '; BACKGROUND-COLOR:TRANSPARENT; }' TO PRINT-BUF
     WRITE PRINTF-R FROM PRINT-BUF AFTER 001
     INITIALIZE PRINT-BUF
* Report1-RwLn-2aab'S CSS SETTING
     MOVE 
        '   .Report1-RwLn-2aab {POSITION:ABSOLUTE; TOP:198; LEFT:178; WI
-       'DTH=1; HEIGHT:21; BORDER-LEFT: 1px solid; COLOR:#000000; }'
         TO PRINT-BUF
     WRITE PRINTF-R FROM PRINT-BUF AFTER 001
     INITIALIZE PRINT-BUF
* Report1-RwLn-2aaaa'S CSS SETTING
     MOVE 
        '   .Report1-RwLn-2aaaa {POSITION:ABSOLUTE; TOP:198; LEFT:306; W
-       'IDTH=1; HEIGHT:21; BORDER-LEFT: 1px solid; COLOR:#000000; }'
         TO PRINT-BUF
     WRITE PRINTF-R FROM PRINT-BUF AFTER 001
     INITIALIZE PRINT-BUF
* Report1-RwLn-2bab'S CSS SETTING
     MOVE 
        '   .Report1-RwLn-2bab {POSITION:ABSOLUTE; TOP:198; LEFT:450; WI
-       'DTH=1; HEIGHT:21; BORDER-LEFT: 1px solid; COLOR:#000000; }'
         TO PRINT-BUF
     WRITE PRINTF-R FROM PRINT-BUF AFTER 001
     INITIALIZE PRINT-BUF
* Report1-RwLn-2baaa'S CSS SETTING
     MOVE 
        '   .Report1-RwLn-2baaa {POSITION:ABSOLUTE; TOP:198; LEFT:558; W
-       'IDTH=1; HEIGHT:18; BORDER-LEFT: 1px solid; COLOR:#000000; }'
         TO PRINT-BUF
     WRITE PRINTF-R FROM PRINT-BUF AFTER 001
     INITIALIZE PRINT-BUF
* Report1-RwLa-2baaabaa'S CSS SETTING
     MOVE 
        '   .Report1-RwLa-2baaabaa {POSITION:ABSOLUTE; TOP:204; LEFT:319
-       '; WIDTH:113; HEIGHT:9; FONT-SIZE:9pt; FONT-FAMILY:Lucida Consol
-       'e; BACKGROUND-COLOR:TRANSPARENT; }' TO PRINT-BUF
     WRITE PRINTF-R FROM PRINT-BUF AFTER 001
     INITIALIZE PRINT-BUF
* Report1-RwLn-2bb'S CSS SETTING
     MOVE 
        '   .Report1-RwLn-2bb {POSITION:ABSOLUTE; TOP:216; LEFT:51; WIDT
-       'H=1; HEIGHT:23; BORDER-LEFT: 1px solid; COLOR:#000000; }'
         TO PRINT-BUF
     WRITE PRINTF-R FROM PRINT-BUF AFTER 001
     INITIALIZE PRINT-BUF
* Report1-RwLn-1ba'S CSS SETTING
     MOVE 
        '   .Report1-RwLn-1ba {POSITION:ABSOLUTE; TOP:238; LEFT:51; WIDT
-       'H:510; HEIGHT:1; BORDER-TOP: 1px solid; COLOR:#000000; }'
         TO PRINT-BUF
     WRITE PRINTF-R FROM PRINT-BUF AFTER 001
     INITIALIZE PRINT-BUF
* Report1-RwLn-2aaba'S CSS SETTING
     MOVE 
        '   .Report1-RwLn-2aaba {POSITION:ABSOLUTE; TOP:216; LEFT:178; W
-       'IDTH=1; HEIGHT:23; BORDER-LEFT: 1px solid; COLOR:#000000; }'
         TO PRINT-BUF
     WRITE PRINTF-R FROM PRINT-BUF AFTER 001
     INITIALIZE PRINT-BUF
* Report1-RwLn-2aaaaa'S CSS SETTING
     MOVE 
        '   .Report1-RwLn-2aaaaa {POSITION:ABSOLUTE; TOP:216; LEFT:306; 
-       'WIDTH=1; HEIGHT:23; BORDER-LEFT: 1px solid; COLOR:#000000; }'
         TO PRINT-BUF
     WRITE PRINTF-R FROM PRINT-BUF AFTER 001
     INITIALIZE PRINT-BUF
* Report1-RwLn-2baba'S CSS SETTING
     MOVE 
        '   .Report1-RwLn-2baba {POSITION:ABSOLUTE; TOP:216; LEFT:450; W
-       'IDTH=1; HEIGHT:23; BORDER-LEFT: 1px solid; COLOR:#000000; }'
         TO PRINT-BUF
     WRITE PRINTF-R FROM PRINT-BUF AFTER 001
     INITIALIZE PRINT-BUF
* Report1-RwLn-2baaaa'S CSS SETTING
     MOVE 
        '   .Report1-RwLn-2baaaa {POSITION:ABSOLUTE; TOP:216; LEFT:558; 
-       'WIDTH=1; HEIGHT:22; BORDER-LEFT: 1px solid; COLOR:#000000; }'
         TO PRINT-BUF
     WRITE PRINTF-R FROM PRINT-BUF AFTER 001
     INITIALIZE PRINT-BUF
* Report1-RwLa-2baaabaaa'S CSS SETTING
     MOVE 
        '   .Report1-RwLa-2baaabaaa {POSITION:ABSOLUTE; TOP:244; LEFT:31
-       '9; WIDTH:113; HEIGHT:9; FONT-SIZE:9pt; FONT-FAMILY:Lucida Conso
-       'le; BACKGROUND-COLOR:TRANSPARENT; }' TO PRINT-BUF
     WRITE PRINTF-R FROM PRINT-BUF AFTER 001
     INITIALIZE PRINT-BUF
* Report1-RwLn-2bba'S CSS SETTING
     MOVE 
        '   .Report1-RwLn-2bba {POSITION:ABSOLUTE; TOP:238; LEFT:51; WID
-       'TH=1; HEIGHT:20; BORDER-LEFT: 1px solid; COLOR:#000000; }'
         TO PRINT-BUF
     WRITE PRINTF-R FROM PRINT-BUF AFTER 001
     INITIALIZE PRINT-BUF
* Report1-RwLn-1baa'S CSS SETTING
     MOVE 
        '   .Report1-RwLn-1baa {POSITION:ABSOLUTE; TOP:258; LEFT:51; WID
-       'TH:510; HEIGHT:1; BORDER-TOP: 1px solid; COLOR:#000000; }'
         TO PRINT-BUF
     WRITE PRINTF-R FROM PRINT-BUF AFTER 001
     INITIALIZE PRINT-BUF
* Report1-RwLn-2aabaa'S CSS SETTING
     MOVE 
        '   .Report1-RwLn-2aabaa {POSITION:ABSOLUTE; TOP:238; LEFT:178; 
-       'WIDTH=1; HEIGHT:20; BORDER-LEFT: 1px solid; COLOR:#000000; }'
         TO PRINT-BUF
     WRITE PRINTF-R FROM PRINT-BUF AFTER 001
     INITIALIZE PRINT-BUF
* Report1-RwLn-2aaaaaa'S CSS SETTING
     MOVE 
        '   .Report1-RwLn-2aaaaaa {POSITION:ABSOLUTE; TOP:238; LEFT:306;
-       ' WIDTH=1; HEIGHT:20; BORDER-LEFT: 1px solid; COLOR:#000000; }'
         TO PRINT-BUF
     WRITE PRINTF-R FROM PRINT-BUF AFTER 001
     INITIALIZE PRINT-BUF
* Report1-RwLn-2babaa'S CSS SETTING
     MOVE 
        '   .Report1-RwLn-2babaa {POSITION:ABSOLUTE; TOP:238; LEFT:450; 
-       'WIDTH=1; HEIGHT:20; BORDER-LEFT: 1px solid; COLOR:#000000; }'
         TO PRINT-BUF
     WRITE PRINTF-R FROM PRINT-BUF AFTER 001
     INITIALIZE PRINT-BUF
* Report1-RwLn-2baaaaa'S CSS SETTING
     MOVE 
        '   .Report1-RwLn-2baaaaa {POSITION:ABSOLUTE; TOP:238; LEFT:558;
-       ' WIDTH=1; HEIGHT:20; BORDER-LEFT: 1px solid; COLOR:#000000; }'
         TO PRINT-BUF
     WRITE PRINTF-R FROM PRINT-BUF AFTER 001
     INITIALIZE PRINT-BUF
* Report1-RwLa-2baaabaaab'S CSS SETTING
     MOVE 
        '   .Report1-RwLa-2baaabaaab {POSITION:ABSOLUTE; TOP:264; LEFT:3
-       '19; WIDTH:113; HEIGHT:9; FONT-SIZE:9pt; FONT-FAMILY:Lucida Cons
-       'ole; BACKGROUND-COLOR:TRANSPARENT; }' TO PRINT-BUF
     WRITE PRINTF-R FROM PRINT-BUF AFTER 001
     INITIALIZE PRINT-BUF
* Report1-RwLn-2bbaa'S CSS SETTING
     MOVE 
        '   .Report1-RwLn-2bbaa {POSITION:ABSOLUTE; TOP:258; LEFT:51; WI
-       'DTH=1; HEIGHT:21; BORDER-LEFT: 1px solid; COLOR:#000000; }'
         TO PRINT-BUF
     WRITE PRINTF-R FROM PRINT-BUF AFTER 001
     INITIALIZE PRINT-BUF
* Report1-RwLn-1baaa'S CSS SETTING
     MOVE 
        '   .Report1-RwLn-1baaa {POSITION:ABSOLUTE; TOP:276; LEFT:51; WI
-       'DTH:510; HEIGHT:1; BORDER-TOP: 1px solid; COLOR:#000000; }'
         TO PRINT-BUF
     WRITE PRINTF-R FROM PRINT-BUF AFTER 001
     INITIALIZE PRINT-BUF
* Report1-RwLn-2aabaaa'S CSS SETTING
     MOVE 
        '   .Report1-RwLn-2aabaaa {POSITION:ABSOLUTE; TOP:258; LEFT:178;
-       ' WIDTH=1; HEIGHT:21; BORDER-LEFT: 1px solid; COLOR:#000000; }'
         TO PRINT-BUF
     WRITE PRINTF-R FROM PRINT-BUF AFTER 001
     INITIALIZE PRINT-BUF
* Report1-RwLn-2aaaaaaa'S CSS SETTING
     MOVE 
        '   .Report1-RwLn-2aaaaaaa {POSITION:ABSOLUTE; TOP:258; LEFT:306
-       '; WIDTH=1; HEIGHT:21; BORDER-LEFT: 1px solid; COLOR:#000000; }'
         TO PRINT-BUF
     WRITE PRINTF-R FROM PRINT-BUF AFTER 001
     INITIALIZE PRINT-BUF
* Report1-RwLn-2babaaa'S CSS SETTING
     MOVE 
        '   .Report1-RwLn-2babaaa {POSITION:ABSOLUTE; TOP:258; LEFT:450;
-       ' WIDTH=1; HEIGHT:21; BORDER-LEFT: 1px solid; COLOR:#000000; }'
         TO PRINT-BUF
     WRITE PRINTF-R FROM PRINT-BUF AFTER 001
     INITIALIZE PRINT-BUF
* Report1-RwLn-2baaaaaa'S CSS SETTING
     MOVE 
        '   .Report1-RwLn-2baaaaaa {POSITION:ABSOLUTE; TOP:258; LEFT:558
-       '; WIDTH=1; HEIGHT:18; BORDER-LEFT: 1px solid; COLOR:#000000; }'
         TO PRINT-BUF
     WRITE PRINTF-R FROM PRINT-BUF AFTER 001
     INITIALIZE PRINT-BUF
* Report1-RwLn-2bbaaa'S CSS SETTING
     MOVE 
        '   .Report1-RwLn-2bbaaa {POSITION:ABSOLUTE; TOP:276; LEFT:51; W
-       'IDTH=1; HEIGHT:23; BORDER-LEFT: 1px solid; COLOR:#000000; }'
         TO PRINT-BUF
     WRITE PRINTF-R FROM PRINT-BUF AFTER 001
     INITIALIZE PRINT-BUF
* Report1-RwLn-1baaaa'S CSS SETTING
     MOVE 
        '   .Report1-RwLn-1baaaa {POSITION:ABSOLUTE; TOP:298; LEFT:51; W
-       'IDTH:510; HEIGHT:1; BORDER-TOP: 1px solid; COLOR:#000000; }'
         TO PRINT-BUF
     WRITE PRINTF-R FROM PRINT-BUF AFTER 001
     INITIALIZE PRINT-BUF
* Report1-RwLn-2aabaaaa'S CSS SETTING
     MOVE 
        '   .Report1-RwLn-2aabaaaa {POSITION:ABSOLUTE; TOP:276; LEFT:178
-       '; WIDTH=1; HEIGHT:23; BORDER-LEFT: 1px solid; COLOR:#000000; }'
         TO PRINT-BUF
     WRITE PRINTF-R FROM PRINT-BUF AFTER 001
     INITIALIZE PRINT-BUF
* Report1-RwLn-2aaaaaaaa'S CSS SETTING
     MOVE 
        '   .Report1-RwLn-2aaaaaaaa {POSITION:ABSOLUTE; TOP:276; LEFT:30
-       '6; WIDTH=1; HEIGHT:23; BORDER-LEFT: 1px solid; COLOR:#000000; }
-       '' TO PRINT-BUF
     WRITE PRINTF-R FROM PRINT-BUF AFTER 001
     INITIALIZE PRINT-BUF
* Report1-RwLn-2babaaaa'S CSS SETTING
     MOVE 
        '   .Report1-RwLn-2babaaaa {POSITION:ABSOLUTE; TOP:276; LEFT:450
-       '; WIDTH=1; HEIGHT:23; BORDER-LEFT: 1px solid; COLOR:#000000; }'
         TO PRINT-BUF
     WRITE PRINTF-R FROM PRINT-BUF AFTER 001
     INITIALIZE PRINT-BUF
* Report1-RwLn-2baaaaaaa'S CSS SETTING
     MOVE 
        '   .Report1-RwLn-2baaaaaaa {POSITION:ABSOLUTE; TOP:276; LEFT:55
-       '8; WIDTH=1; HEIGHT:22; BORDER-LEFT: 1px solid; COLOR:#000000; }
-       '' TO PRINT-BUF
     WRITE PRINTF-R FROM PRINT-BUF AFTER 001
     INITIALIZE PRINT-BUF
* Report1-RwLa-2baaabaaaaaa'S CSS SETTING
     MOVE 
        '   .Report1-RwLa-2baaabaaaaaa {POSITION:ABSOLUTE; TOP:283; LEFT
-       ':319; WIDTH:113; HEIGHT:10; FONT-SIZE:9pt; FONT-FAMILY:Lucida C
-       'onsole; BACKGROUND-COLOR:TRANSPARENT; }' TO PRINT-BUF
     WRITE PRINTF-R FROM PRINT-BUF AFTER 001
     INITIALIZE PRINT-BUF
* Report1-RwLa-2baaabaaaba'S CSS SETTING
     MOVE 
        '   .Report1-RwLa-2baaabaaaba {POSITION:ABSOLUTE; TOP:283; LEFT:
-       '319; WIDTH:113; HEIGHT:10; FONT-SIZE:9pt; FONT-FAMILY:Lucida Co
-       'nsole; BACKGROUND-COLOR:TRANSPARENT; }' TO PRINT-BUF
     WRITE PRINTF-R FROM PRINT-BUF AFTER 001
     INITIALIZE PRINT-BUF
* Report1-RwLa-2baaabaaaa'S CSS SETTING
     MOVE 
        '   .Report1-RwLa-2baaabaaaa {POSITION:ABSOLUTE; TOP:223; LEFT:3
-       '19; WIDTH:113; HEIGHT:10; FONT-SIZE:9pt; FONT-FAMILY:Lucida Con
-       'sole; BACKGROUND-COLOR:TRANSPARENT; }' TO PRINT-BUF
     WRITE PRINTF-R FROM PRINT-BUF AFTER 001
     INITIALIZE PRINT-BUF
* Report1-RwLa-2baaabba'S CSS SETTING
     MOVE 
        '   .Report1-RwLa-2baaabba {POSITION:ABSOLUTE; TOP:223; LEFT:60;
-       ' WIDTH:123; HEIGHT:11; FONT-SIZE:9pt; FONT-FAMILY:Lucida Consol
-       'e; BACKGROUND-COLOR:TRANSPARENT; }' TO PRINT-BUF
     WRITE PRINTF-R FROM PRINT-BUF AFTER 001
     INITIALIZE PRINT-BUF
* Report1-RwLa-2baaabc'S CSS SETTING
     MOVE 
        '   .Report1-RwLa-2baaabc {POSITION:ABSOLUTE; TOP:184; LEFT:190;
-       ' WIDTH:113; HEIGHT:9; FONT-SIZE:9pt; FONT-FAMILY:Lucida Console
-       '; BACKGROUND-COLOR:TRANSPARENT; }' TO PRINT-BUF
     WRITE PRINTF-R FROM PRINT-BUF AFTER 001
     INITIALIZE PRINT-BUF
* Report1-RwLa-2baaabca'S CSS SETTING
     MOVE 
        '   .Report1-RwLa-2baaabca {POSITION:ABSOLUTE; TOP:184; LEFT:460
-       '; WIDTH:80; HEIGHT:9; TEXT-ALIGN:RIGHT; FONT-SIZE:9pt; FONT-FAM
-       'ILY:Lucida Console; BACKGROUND-COLOR:TRANSPARENT; }'
         TO PRINT-BUF
     WRITE PRINTF-R FROM PRINT-BUF AFTER 001
     INITIALIZE PRINT-BUF
* Report1-RwLa-2baaabcaa'S CSS SETTING
     MOVE 
        '   .Report1-RwLa-2baaabcaa {POSITION:ABSOLUTE; TOP:204; LEFT:19
-       '0; WIDTH:92; HEIGHT:9; FONT-SIZE:9pt; FONT-FAMILY:Lucida Consol
-       'e; BACKGROUND-COLOR:TRANSPARENT; }' TO PRINT-BUF
     WRITE PRINTF-R FROM PRINT-BUF AFTER 001
     INITIALIZE PRINT-BUF
* Report1-RwLa-2baaabcab'S CSS SETTING
     MOVE 
        '   .Report1-RwLa-2baaabcab {POSITION:ABSOLUTE; TOP:204; LEFT:46
-       '0; WIDTH:80; HEIGHT:10; TEXT-ALIGN:RIGHT; FONT-SIZE:9pt; FONT-F
-       'AMILY:Lucida Console; BACKGROUND-COLOR:TRANSPARENT; }'
         TO PRINT-BUF
     WRITE PRINTF-R FROM PRINT-BUF AFTER 001
     INITIALIZE PRINT-BUF
* Report1-RwLa-2baaabcaba'S CSS SETTING
     MOVE 
        '   .Report1-RwLa-2baaabcaba {POSITION:ABSOLUTE; TOP:223; LEFT:4
-       '60; WIDTH:80; HEIGHT:11; TEXT-ALIGN:RIGHT; FONT-SIZE:9pt; FONT-
-       'FAMILY:Lucida Console; BACKGROUND-COLOR:TRANSPARENT; }'
         TO PRINT-BUF
     WRITE PRINTF-R FROM PRINT-BUF AFTER 001
     INITIALIZE PRINT-BUF
* Report1-RwLa-2baaabcabaa'S CSS SETTING
     MOVE 
        '   .Report1-RwLa-2baaabcabaa {POSITION:ABSOLUTE; TOP:244; LEFT:
-       '460; WIDTH:80; HEIGHT:9; TEXT-ALIGN:RIGHT; FONT-SIZE:9pt; FONT-
-       'FAMILY:Lucida Console; BACKGROUND-COLOR:TRANSPARENT; }'
         TO PRINT-BUF
     WRITE PRINTF-R FROM PRINT-BUF AFTER 001
     INITIALIZE PRINT-BUF
* Report1-RwLa-2baaabcabaaa'S CSS SETTING
     MOVE 
        '   .Report1-RwLa-2baaabcabaaa {POSITION:ABSOLUTE; TOP:264; LEFT
-       ':460; WIDTH:80; HEIGHT:10; TEXT-ALIGN:RIGHT; FONT-SIZE:9pt; FON
-       'T-FAMILY:Lucida Console; BACKGROUND-COLOR:TRANSPARENT; }'
         TO PRINT-BUF
     WRITE PRINTF-R FROM PRINT-BUF AFTER 001
     INITIALIZE PRINT-BUF
* Report1-RwLa-2baaabcabaaaa'S CSS SETTING
     MOVE 
        '   .Report1-RwLa-2baaabcabaaaa {POSITION:ABSOLUTE; TOP:283; LEF
-       'T:460; WIDTH:80; HEIGHT:11; TEXT-ALIGN:RIGHT; FONT-SIZE:9pt; FO
-       'NT-FAMILY:Lucida Console; BACKGROUND-COLOR:TRANSPARENT; }'
         TO PRINT-BUF
     WRITE PRINTF-R FROM PRINT-BUF AFTER 001
     INITIALIZE PRINT-BUF
* Report1-RwLa-2baaababa'S CSS SETTING
     MOVE 
        '   .Report1-RwLa-2baaababa {POSITION:ABSOLUTE; TOP:79; LEFT:373
-       '; WIDTH:89; HEIGHT:18; TEXT-ALIGN:RIGHT; FONT-SIZE:9pt; FONT-FA
-       'MILY:Lucida Console; BACKGROUND-COLOR:TRANSPARENT; }'
         TO PRINT-BUF
     WRITE PRINTF-R FROM PRINT-BUF AFTER 001
     INITIALIZE PRINT-BUF
* Report1-RwLa-2baaababaa'S CSS SETTING
     MOVE 
        '   .Report1-RwLa-2baaababaa {POSITION:ABSOLUTE; TOP:79; LEFT:47
-       '0; WIDTH:179; HEIGHT:18; TEXT-ALIGN:LEFT; FONT-SIZE:9pt; FONT-F
-       'AMILY:Lucida Console; BACKGROUND-COLOR:TRANSPARENT; }'
         TO PRINT-BUF
     WRITE PRINTF-R FROM PRINT-BUF AFTER 001
     INITIALIZE PRINT-BUF
* Report1-RwLa-2baaababab'S CSS SETTING
     MOVE 
        '   .Report1-RwLa-2baaababab {POSITION:ABSOLUTE; TOP:100; LEFT:3
-       '43; WIDTH:119; HEIGHT:18; TEXT-ALIGN:RIGHT; FONT-SIZE:9pt; FONT
-       '-FAMILY:Lucida Console; BACKGROUND-COLOR:TRANSPARENT; }'
         TO PRINT-BUF
     WRITE PRINTF-R FROM PRINT-BUF AFTER 001
     INITIALIZE PRINT-BUF
* Report1-RwLa-2baaababaaa'S CSS SETTING
     MOVE 
        '   .Report1-RwLa-2baaababaaa {POSITION:ABSOLUTE; TOP:100; LEFT:
-       '469; WIDTH:89; HEIGHT:18; TEXT-ALIGN:LEFT; FONT-SIZE:9pt; FONT-
-       'FAMILY:Lucida Console; BACKGROUND-COLOR:TRANSPARENT; }'
         TO PRINT-BUF
     WRITE PRINTF-R FROM PRINT-BUF AFTER 001
     INITIALIZE PRINT-BUF
* Report1-RwLa-2baaabbaa'S CSS SETTING
     MOVE 
        '   .Report1-RwLa-2baaabbaa {POSITION:ABSOLUTE; TOP:223; LEFT:19
-       '0; WIDTH:123; HEIGHT:11; FONT-SIZE:9pt; FONT-FAMILY:Lucida Cons
-       'ole; BACKGROUND-COLOR:TRANSPARENT; }' TO PRINT-BUF
     WRITE PRINTF-R FROM PRINT-BUF AFTER 001
     INITIALIZE PRINT-BUF
* Report1-RwLa-3aba'S CSS SETTING
     MOVE 
        '   .Report1-RwLa-3aba {POSITION:ABSOLUTE; TOP:40; LEFT:40; WIDT
-       'H:126; HEIGHT:12; FONT-SIZE:10pt; FONT-FAMILY:Lucida Console; B
-       'ACKGROUND-COLOR:TRANSPARENT; }' TO PRINT-BUF
     WRITE PRINTF-R FROM PRINT-BUF AFTER 001
     INITIALIZE PRINT-BUF
* Report1-RwLa-3abaa'S CSS SETTING
     MOVE 
        '   .Report1-RwLa-3abaa {POSITION:ABSOLUTE; TOP:40; LEFT:348; WI
-       'DTH:167; HEIGHT:12; FONT-SIZE:10pt; FONT-FAMILY:Lucida Console;
-       ' BACKGROUND-COLOR:TRANSPARENT; }' TO PRINT-BUF
     WRITE PRINTF-R FROM PRINT-BUF AFTER 001
     INITIALIZE PRINT-BUF
* Report1-RwLa-3abaaa'S CSS SETTING
     MOVE 
        '   .Report1-RwLa-3abaaa {POSITION:ABSOLUTE; TOP:40; LEFT:540; W
-       'IDTH:45; HEIGHT:12; FONT-SIZE:10pt; FONT-FAMILY:Lucida Console;
-       ' BACKGROUND-COLOR:TRANSPARENT; }' TO PRINT-BUF
     WRITE PRINTF-R FROM PRINT-BUF AFTER 001
     INITIALIZE PRINT-BUF
* Report1-RwLa-3abaab'S CSS SETTING
     MOVE 
        '   .Report1-RwLa-3abaab {POSITION:ABSOLUTE; TOP:78; LEFT:330; W
-       'IDTH:165; HEIGHT:12; FONT-SIZE:10pt; FONT-FAMILY:Lucida Console
-       '; BACKGROUND-COLOR:TRANSPARENT; }' TO PRINT-BUF
     WRITE PRINTF-R FROM PRINT-BUF AFTER 001
     INITIALIZE PRINT-BUF
* Report1-RwLa-3abaaba'S CSS SETTING
     MOVE 
        '   .Report1-RwLa-3abaaba {POSITION:ABSOLUTE; TOP:78; LEFT:520; 
-       'WIDTH:96; HEIGHT:12; FONT-SIZE:10pt; FONT-FAMILY:Lucida Console
-       '; BACKGROUND-COLOR:TRANSPARENT; }' TO PRINT-BUF
     WRITE PRINTF-R FROM PRINT-BUF AFTER 001
     INITIALIZE PRINT-BUF
* Report1-RwLa-3abaabb'S CSS SETTING
     MOVE 
        '   .Report1-RwLa-3abaabb {POSITION:ABSOLUTE; TOP:78; LEFT:40; W
-       'IDTH:150; HEIGHT:12; FONT-SIZE:10pt; FONT-FAMILY:Lucida Console
-       '; BACKGROUND-COLOR:TRANSPARENT; }' TO PRINT-BUF
     WRITE PRINTF-R FROM PRINT-BUF AFTER 001
     INITIALIZE PRINT-BUF
* Report1-RwLa-3abaabaa'S CSS SETTING
     MOVE 
        '   .Report1-RwLa-3abaabaa {POSITION:ABSOLUTE; TOP:78; LEFT:210;
-       ' WIDTH:76; HEIGHT:12; FONT-SIZE:10pt; FONT-FAMILY:Lucida Consol
-       'e; BACKGROUND-COLOR:TRANSPARENT; }' TO PRINT-BUF
     WRITE PRINTF-R FROM PRINT-BUF AFTER 001
     INITIALIZE PRINT-BUF
* Report1-RwDtTm-1a'S CSS Setting
     MOVE 
        '   .Report1-RwDtTm-1a {POSITION:ABSOLUTE; TOP:23; LEFT:100; WID
-       'TH:93; HEIGHT:11; TEXT-ALIGN:CENTER; FONT-SIZE:9pt; FONT-FAMILY
-       ':Lucida Console; BACKGROUND-COLOR:TRANSPARENT; }' TO PRINT-BUF
     WRITE PRINTF-R FROM PRINT-BUF AFTER 001
     INITIALIZE PRINT-BUF
* Report1-RwLa-3abaac'S CSS SETTING
     MOVE 
        '   .Report1-RwLa-3abaac {POSITION:ABSOLUTE; TOP:22; LEFT:36; WI
-       'DTH:66; HEIGHT:12; FONT-SIZE:10pt; FONT-FAMILY:Lucida Console; 
-       'BACKGROUND-COLOR:TRANSPARENT; }' TO PRINT-BUF
     WRITE PRINTF-R FROM PRINT-BUF AFTER 001
     INITIALIZE PRINT-BUF
* Report1-RwLa-3abaaaa'S CSS SETTING
     MOVE 
        '   .Report1-RwLa-3abaaaa {POSITION:ABSOLUTE; TOP:40; LEFT:210; 
-       'WIDTH:84; HEIGHT:12; FONT-SIZE:10pt; FONT-FAMILY:Lucida Console
-       '; BACKGROUND-COLOR:TRANSPARENT; }' TO PRINT-BUF
     WRITE PRINTF-R FROM PRINT-BUF AFTER 001
     INITIALIZE PRINT-BUF
     MOVE '</STYLE>' TO PRINT-BUF
     WRITE PRINTF-R FROM PRINT-BUF AFTER 001
     INITIALIZE PRINT-BUF
     .    

 Acu-Report1-PRINT-PARA.
     MOVE SPACES TO PRINT-FULLNAME
     CALL "C$FULLNAME" USING rapor-dosya, PRINT-FULLNAME,
          GIVING ACU-STATUS-CODE
     IF ACU-STATUS-CODE = 1
        MOVE 0 TO ACU-SETUPPRINT
        EXIT PARAGRAPH
     END-IF
     MOVE 0 TO ACU-IDX1
     INSPECT PRINT-FULLNAME TALLYING ACU-IDX1 FOR ALL "\"
     INSPECT PRINT-FULLNAME REPLACING TRAILING SPACE BY "*"
     IF ACU-IDX1 <= 0
        MOVE SPACES TO DUMY-LINE
        CALL "C$CHDIR" USING DUMY-LINE
        INSPECT DUMY-LINE REPLACING TRAILING SPACE BY "*"
        MOVE 0 TO ACU-STATUS-CODE
        PERFORM VARYING ACU-IDX2 FROM 1 BY 1 UNTIL
        ACU-STATUS-CODE = 1
           IF DUMY-LINE(ACU-IDX2:1) = "*"
              MOVE 1 TO ACU-STATUS-CODE
           END-IF
        END-PERFORM
        IF DUMY-LINE(ACU-IDX2 - 2:1) = "\"
           STRING DUMY-LINE, PRINT-FULLNAME, X"00"
              DELIMITED BY "*" INTO PRT-FULLFILENAME
        ELSE
           STRING DUMY-LINE, "\", PRINT-FULLNAME, X"00"
              DELIMITED BY "*" INTO PRT-FULLFILENAME
        END-IF
     ELSE
        STRING PRINT-FULLNAME , X"00" DELIMITED BY "*" INTO 
           PRT-FULLFILENAME
     END-IF

     STRING "A4", X"00" DELIMITED BY SIZE INTO 
        ACU-PAPER-SIZE
     STRING 
     "&w&bPage &p of &P"
     , X"00" DELIMITED BY SIZE INTO ACU-PAPER-HEADER
     MOVE X"00" TO ACU-PAPER-FOOTER
     MOVE "PORTRAIT" TO ACU-PAPER-ORIENTATION
     IF ACU-PAPER-ORIENTATION = "LANDSCAPE"
        MOVE 2 TO ACU-PAPER-ORIENTATIONINT
     ELSE
        MOVE 1 TO ACU-PAPER-ORIENTATIONINT
     END-IF
     STRING "PORTRAIT", X"00" DELIMITED BY SIZE INTO
        ACU-PAPER-ORIENTATION
     MOVE "20" to ACU-MARGIN-LEFT
     MOVE "20" to ACU-MARGIN-RIGHT
     MOVE "75" to ACU-MARGIN-TOP
     MOVE "75" to ACU-MARGIN-BOTTOM
     STRING ACU-PAPER-MARGIN, X"00" DELIMITED BY SIZE INTO 
        PRINT-BROWSER-PARA
     IF ACU-PAPER-COPIES = 0 
        OR ACU-PAPER-COPIES(1:) = spaces
           MOVE 1 to ACU-PAPER-COPIES
     END-IF
     MOVE SPACES TO DUMY-LINE
     .

 Acu-Report1-SETUP-PRINT.
     MOVE 1 TO ACU-SETUPPRINT
     PERFORM Acu-Report1-PRINT-PARA
     SET ENVIRONMENT "DLL_CONVENTION" to "1"
     CALL "AcuBenchPrintDummy"
        ON EXCEPTION CALL "AcuBenchPrint.dll" END-CALL
     END-CALL
     CALL "AcuBenchPrintExecWBPageSetup" USING
          BY CONTENT PRINT-BROWSER-PARA,
          BY CONTENT ACU-PAPER-SIZE, 
          BY VALUE   ACU-PAPER-ORIENTATIONINT,
          BY CONTENT ACU-PRINTER-NAME
          GIVING ACUPRINTDLL-STATUS
     END-CALL
     IF ACUPRINTDLL-SUCCESS
        MOVE 1 TO PRINT-UNIT-TYPE
        SET PRINT-PTR TO ADDRESS OF ACU-PAPER-MARGIN
        CALL "AcuBenchPrintGetMargins" USING BY 
           VALUE PRINT-UNIT-TYPE, PRINT-PTR
        SET PRINT-PTR TO ADDRESS OF ACU-PAPER-SIZEINT
        CALL "AcuBenchPrintGetPaperSize" USING BY 
           VALUE PRINT-UNIT-TYPE, PRINT-PTR
        COMPUTE PAGE-HEIGHT OF Report1-HEIGHT = 
           ACU-PAPER-HEIGHT - ACU-MARGIN-TOP 
           - ACU-MARGIN-BOTTOM
        COMPUTE PAGE-WIDTH OF Report1-HEIGHT = 
           ACU-PAPER-WIDTH - ACU-MARGIN-LEFT
           - ACU-MARGIN-RIGHT

        MOVE 2 TO PRINT-UNIT-TYPE
        SET PRINT-PTR TO ADDRESS OF ACU-PAPER-MARGIN
        CALL "AcuBenchPrintGetMargins" USING BY VALUE
           PRINT-UNIT-TYPE, PRINT-PTR
        STRING ACU-PAPER-MARGIN, X"00" DELIMITED BY SIZE INTO
           PRINT-BROWSER-PARA

        SET PRINT-PTR TO ADDRESS OF ACU-PAPER-SIZE
        CALL "AcuBenchPrintGetPaperName" USING BY VALUE PRINT-PTR
        CALL "AcuBenchPrintGetOrientation" GIVING 
           ACU-PAPER-ORIENTATIONINT
        CALL "AcuBenchPrintGetCopies" GIVING ACU-PAPER-COPIES
        SET PRINT-PTR TO ADDRESS OF ACU-PRINTER-NAME
        CALL "AcuBenchPrintGetPrinterName" USING BY VALUE 
           PRINT-PTR

        PERFORM Acu-Report1-PRINT-TOFILE
        PERFORM Acu-Report1-DO-PRINT
     END-IF
     .

 Acu-Report1-PRINT.
     MOVE 0 TO ACU-SETUPPRINT
     PERFORM Acu-Report1-PRINT-TOFILE
     PERFORM Acu-Report1-DO-PRINT
     .

 Acu-Report1-DO-PRINT.
     IF ACU-SETUPPRINT = 0
        PERFORM Acu-Report1-PRINT-PARA
        SET ENVIRONMENT "DLL_CONVENTION" to "1"
        CALL "AcuBenchPrintDummy"
           ON EXCEPTION CALL "AcuBenchPrint.dll" END-CALL
        END-CALL
     END-IF
     CALL "AcuBenchPrintExecWBPrint" USING
          BY CONTENT PRT-FULLFILENAME,
          OMITTED,
          BY CONTENT PRINT-BROWSER-PARA,
          BY CONTENT ACU-PAPER-HEADER, 
          BY CONTENT ACU-PAPER-FOOTER, 
          BY CONTENT ACU-PAPER-SIZE, 
          BY VALUE ACU-PAPER-ORIENTATIONINT,
          BY VALUE ACU-PAPER-COPIES,
          BY CONTENT ACU-PRINTER-NAME
     END-CALL
     MOVE 0 TO ACU-SETUPPRINT
     .

 Acu-Report1-PREVIEW.
     PERFORM Acu-Report1-PRINT-TOFILE
     PERFORM Acu-Report1-PRINT-PARA
     SET ENVIRONMENT "DLL_CONVENTION" to "1"
     CALL "AcuBenchPrintDummy"
        ON EXCEPTION CALL "AcuBenchPrint.dll" END-CALL
     END-CALL
     CALL "AcuBenchPrintExecWBPreview" USING
          BY CONTENT PRT-FULLFILENAME,
          BY CONTENT PRINT-BROWSER-PARA,
          BY CONTENT ACU-PAPER-HEADER, 
          BY CONTENT ACU-PAPER-FOOTER, 
          BY CONTENT ACU-PAPER-SIZE, 
          BY VALUE ACU-PAPER-ORIENTATIONINT,
          BY CONTENT ACU-PRINTER-NAME
     END-CALL
     .

 Acu-Report1-PRINT-TOFILE.
     MOVE rapor-dosya TO PTR-DEV-NAME.
     MOVE 1 TO CURRENT-COL
     MOVE 0 TO Report1-CLEFTOFFSET
     MOVE 0 TO CNT-PIXELS
     MOVE 1 TO NTOPCOLUMNNUM
     PERFORM Acu-PRINTF-OPEN-ROUTINE.
*    BeforePrint           
     PERFORM Acu-Report1-HTML-HEADER.
     PERFORM Acu-Report1-HTML-PAGE-HEADER.
     PERFORM Acu-RPT-Report1-PRINT-LOOP.
     PERFORM Acu-Report1-HTML-FOOTER.
*    AfterPrint
     PERFORM Acu-PRINTF-CLOSE-ROUTINE
     .

 Acu-RPT-Report1-PRINT-LOOP.
     MOVE 1 TO TMP-PRINTORNOT
     MOVE 0 TO CNT-INPAGEPIXELS
     MOVE 1 TO ACU-PAGENUM
     MOVE 1 TO ACU-PAGENUM-SYS
     MOVE 0 TO SYS-ENDPRIMARYFD
     MOVE 0 TO REPORT-FOOTER-PRINT-AFTER-PAGE
     PERFORM Acu-RPT-Report1-ALL-RESET
* Check Report Header
     PERFORM Acu-RPT-Report1-REPORT-HEADER
* Start Normal (Page H/F, Group H/F, Detail)
     PERFORM Acu-RPT-Report1-MASTER-PRINT-LOOP
* End Normal (Page H/F, Group H/F, Detail)
     PERFORM Acu-RPT-Report1-PAGE-HEADER
* Check Last Group Footer
     PERFORM Acu-RPT-Report1-GROUP-MUSTDSP
     PERFORM Acu-RPT-Report1-GROUP-FOOTER
* Check Report Footer
     IF ( REPORT-FOOTER-PRINT-AFTER-PAGE = 0 )
        PERFORM Acu-RPT-Report1-REPORT-FOOTER
     END-IF
* Normal Ending
     PERFORM Acu-Report1-FILL-DETAIL-FOR-ZEBRA
     IF ( REPORT-FOOTER-PRINT-AFTER-PAGE = 0 )
        MOVE 1 TO SYS-ENDPRIMARYFD   
        
        MOVE PAGE-HEIGHT OF Report1-HEIGHT TO CNT-INPAGEPIXELS
        PERFORM Acu-RPT-Report1-PAGE-FOOTER
     END-IF
* Check Report Footer
     IF ( REPORT-FOOTER-PRINT-AFTER-PAGE = 1 )
        PERFORM Acu-RPT-Report1-REPORT-FOOTER
     END-IF
     .

 Acu-Report1-HTML-PAGE-HEADER.
     MOVE ' <!-- Page DIV -->' TO PRINT-BUF
     WRITE PRINTF-R FROM PRINT-BUF AFTER 001
     INITIALIZE PRINT-BUF
     STRING ' <DIV STYLE="POSITION:ABSOLUTE; TOP:', 
            CNT-PIXELS, 
            '; LEFT:',
            Report1-CLEFTOFFSET,
            '; HEIGHT:', PAGE-HEIGHT OF Report1-HEIGHT, 
            '; WIDTH:', PAGE-WIDTH OF Report1-HEIGHT,
            ' ;">'
         DELIMITED BY SIZE INTO PRINT-BUF.
     WRITE PRINTF-R FROM PRINT-BUF AFTER 001
     INITIALIZE PRINT-BUF
     .

 Acu-Report1-HTML-PAGE-FOOTER.
     MOVE ' <!-- End(Page) --></DIV>' TO PRINT-BUF
     WRITE PRINTF-R FROM PRINT-BUF AFTER 001
     INITIALIZE PRINT-BUF
     .

 Acu-RPT-Report1-REPORT-HEADER.
     .

 Acu-RPT-Report1-REPORT-FOOTER.
*    BeforePrint
     MOVE Report1-RF-1-DEF-HEIGHT OF Report1-HEIGHT TO CURRENT-HEIGHT
     PERFORM Acu-RPT-Report1-PAGE-FOOTER
     PERFORM Acu-RPT-Report1-PAGE-HEADER
     PERFORM Acu-Report1-RF-1-PRINT-RTN
     ADD Report1-RF-1-HEIGHT OF Report1-HEIGHT TO CNT-PIXELS
     ADD Report1-RF-1-HEIGHT OF Report1-HEIGHT TO CNT-INPAGEPIXELS
*    AfterPrint
     .

 Acu-RPT-Report1-PAGE-HEADER.
*    BeforePrint
* Visible Variable Checking
     IF rapor-vis-0 = 0
        EXIT PARAGRAPH
     END-IF
     IF ( CNT-INPAGEPIXELS < Report1-PH-1-HEIGHT OF Report1-HEIGHT )
        OR ( REPORT-HEADER-PRINT-BEFORE-PAGE = 1 )
        PERFORM Acu-Report1-PH-1-PRINT-RTN
        ADD  Report1-PH-1-HEIGHT OF Report1-HEIGHT TO CNT-PIXELS
        IF ( REPORT-HEADER-PRINT-BEFORE-PAGE = 1 )
           ADD Report1-PH-1-HEIGHT OF Report1-HEIGHT TO CNT-INPAGEPIXELS
        ELSE
           MOVE Report1-PH-1-HEIGHT OF Report1-HEIGHT TO
        CNT-INPAGEPIXELS
        END-IF
     END-IF
*    AfterPrint
     .

 Acu-RPT-Report1-PAGE-FOOTER.         
     .

 Acu-RPT-Report1-PAGE-FOOTER-OVERPAGE.
     .

 Acu-RPT-Report1-DETAIL.
     PERFORM Acu-Report1-Dtl-1-DETAIL-PRINT.
     .

 Acu-RPT-Report1-GROUP-HEADER.
* Cause there're possibly several Group.
     .

 Acu-RPT-Report1-GROUP-FOOTER.
     .

 Acu-RPT-Report1-GROUP-MUSTDSP.
     .

 Acu-RPT-Report1-GROUP-NOMUSTDSP.
     .

 Acu-RPT-Report1-ALL-RESET.
* Group Reset
     .

 Acu-RPT-Report1-DO-PRINT-RTN.
     MOVE 1 TO TMP-PRINTORNOT
* Check Group Footer
     PERFORM Acu-RPT-Report1-GROUP-FOOTER
* Init Detail's Height
     MOVE Report1-Dtl-1-HEIGHT OF Report1-HEIGHT TO CURRENT-HEIGHT
     PERFORM Acu-RPT-Report1-PAGE-FOOTER
     PERFORM Acu-RPT-Report1-PAGE-HEADER
* Check Group Header
     PERFORM Acu-RPT-Report1-GROUP-HEADER
* Detail
     PERFORM Acu-RPT-Report1-DETAIL
     .

 Acu-Report1-Page-BREAK-RTN.
     IF CURRENT-COL < NTOPCOLUMNNUM
        COMPUTE CNT-PIXELS = (ACU-PAGENUM-SYS - 1) 
           * PAGE-HEIGHT OF Report1-HEIGHT
        COMPUTE Report1-CLEFTOFFSET = 
           Report1-CLEFTOFFSET + DETAIL-WIDTH
        MOVE 0 TO CNT-INPAGEPIXELS
        ADD 1 TO CURRENT-COL
     ELSE
        COMPUTE CNT-PIXELS = ACU-PAGENUM-SYS 
           * PAGE-HEIGHT OF Report1-HEIGHT
        MOVE 0 TO Report1-CLEFTOFFSET
        MOVE 0 TO CNT-INPAGEPIXELS
        ADD 1 TO ACU-PAGENUM-SYS
        ADD 1 TO ACU-PAGENUM
        MOVE 1 TO CURRENT-COL
     END-IF
     PERFORM Acu-Report1-HTML-PAGE-FOOTER
     IF SYS-ENDPRIMARYFD = 0
        PERFORM Acu-Report1-HTML-PAGE-HEADER
     END-IF
     .           

 Acu-Report1-FILL-DETAIL-FOR-ZEBRA.
     .

 Acu-Report1-ZEBRA-COLOR-CHANGE.
     .

 Acu-Report1-Dtl-1-DETAIL-PRINT.
     MOVE 693 TO DETAIL-WIDTH
*    BeforePrint
* Visible Variable Checking
     IF rapor-vis-1 = 0
        EXIT PARAGRAPH
     END-IF
     MOVE Report1-Dtl-1-HEIGHT OF Report1-HEIGHT TO CURRENT-HEIGHT
     PERFORM Acu-RPT-Report1-PAGE-FOOTER
     PERFORM Acu-RPT-Report1-PAGE-HEADER
     PERFORM Acu-Report1-Dtl-1-PRINT-RTN
     ADD Report1-Dtl-1-HEIGHT OF Report1-HEIGHT TO CNT-PIXELS
     ADD Report1-Dtl-1-HEIGHT OF Report1-HEIGHT TO CNT-INPAGEPIXELS
     MOVE Report1-Dtl-1-DEF-HEIGHT OF Report1-HEIGHT TO
        Report1-Dtl-1-HEIGHT OF Report1-HEIGHT
     PERFORM Acu-Report1-ZEBRA-COLOR-CHANGE
*    AfterPrint
     .

 Acu-Report1-PH-1-SEC-HEAD.
     MOVE '   <!-- Section (Report1-PH-1) -->' TO PRINT-BUF
     WRITE PRINTF-R FROM PRINT-BUF AFTER 001
     INITIALIZE PRINT-BUF
     COMPUTE TMP-PIXELS = CNT-INPAGEPIXELS - HIGH-OFFSET-IN
     STRING '   <DIV STYLE="',
            'POSITION:ABSOLUTE; TOP:', 
            TMP-PIXELS,
            '; LEFT:0',
            '; WIDTH:693; ',
            'FONT-SIZE:9pt; ',
            'FONT-FAMILY:MS Sans Serif; ',
            'COLOR:#000000; ',
            'BACKGROUND-COLOR:#FFFFFF; ',
            '">'
        DELIMITED BY SIZE INTO PRINT-BUF.
     WRITE PRINTF-R FROM PRINT-BUF AFTER 001
     INITIALIZE PRINT-BUF
     .

 Acu-Report1-PH-1-SEC-FOOT.
     MOVE '      <!-- Ending DIV : to fill the Div Height -->' TO
        PRINT-BUF
     WRITE PRINTF-R FROM PRINT-BUF AFTER 001
     INITIALIZE PRINT-BUF
     STRING '      <DIV STYLE="POSITION:RELATIVE; HEIGHT:',
            Report1-PH-1-HEIGHT OF Report1-HEIGHT, 
            ';"> </DIV>'
        DELIMITED BY SIZE INTO PRINT-BUF.
     WRITE PRINTF-R FROM PRINT-BUF AFTER 001
     INITIALIZE PRINT-BUF
     MOVE '   <!-- End(Section) --></DIV>' TO PRINT-BUF
     WRITE PRINTF-R FROM PRINT-BUF AFTER 001
     .

 Acu-Report1-PH-1-PRINT-RTN.
     MOVE 0 TO SECTION-HIGH-STACK
     MOVE Report1-PH-1-DEF-HEIGHT TO Report1-PH-1-HEIGHT
     PERFORM Acu-Report1-PH-1-SEC-HEAD
* RPT.Label : Report1-RwLa-2aa
*    BeforePrint
     MOVE '      <!-- Label (Report1-RwLa-2aa) -->' TO PRINT-BUF
     WRITE PRINTF-R FROM PRINT-BUF AFTER 001
     INITIALIZE PRINT-BUF
     MOVE '      <DIV CLASS="Report1-RwLa-2aa" >' TO PRINT-BUF
     WRITE PRINTF-R FROM PRINT-BUF AFTER 001
     INITIALIZE PRINT-BUF
     STRING '         <P><STRONG>',
            'Oda&nbsp;:',
            '</STRONG></P></DIV>'
        DELIMITED BY SIZE INTO PRINT-BUF
     WRITE PRINTF-R FROM PRINT-BUF AFTER 001
     INITIALIZE PRINT-BUF
*    AfterPrint
* RPT.Label : Report1-RwLa-2aaa
*    BeforePrint
     MOVE '      <!-- Label (Report1-RwLa-2aaa) -->' TO PRINT-BUF
     WRITE PRINTF-R FROM PRINT-BUF AFTER 001
     INITIALIZE PRINT-BUF
     MOVE '      <DIV CLASS="Report1-RwLa-2aaa" >' TO PRINT-BUF
     WRITE PRINTF-R FROM PRINT-BUF AFTER 001
     INITIALIZE PRINT-BUF
     STRING '         <P><STRONG>',
            'Konum&nbsp;:',
            '</STRONG></P></DIV>'
        DELIMITED BY SIZE INTO PRINT-BUF
     WRITE PRINTF-R FROM PRINT-BUF AFTER 001
     INITIALIZE PRINT-BUF
*    AfterPrint
* RPT.Date-Time : Report1-RwDtTm-1
*    BeforePrint
     MOVE '      <!-- Date-Time (Report1-RwDtTm-1) -->' TO PRINT-BUF
     WRITE PRINTF-R FROM PRINT-BUF AFTER 001
     INITIALIZE PRINT-BUF
     MOVE '      <DIV CLASS="Report1-RwDtTm-1" >' TO PRINT-BUF
     WRITE PRINTF-R FROM PRINT-BUF AFTER 001
     INITIALIZE PRINT-BUF
     MOVE '         <P><STRONG>' TO PRINT-BUF
     WRITE PRINTF-R FROM PRINT-BUF AFTER 001
     INITIALIZE PRINT-BUF
     PERFORM Acu-Report1-RwDtTm-1-FORMAT-CONVERT
     STRING WRK-DATE-REF OF Report1-RwDtTm-1-DATEBUF,
            " ",
            WRK-TIME-REF OF Report1-RwDtTm-1-DATEBUF
        DELIMITED BY SIZE INTO PRINT-BUF
     WRITE PRINTF-R FROM PRINT-BUF AFTER 001
     INITIALIZE PRINT-BUF
     MOVE '         </STRONG></P></DIV>' TO PRINT-BUF
     WRITE PRINTF-R FROM PRINT-BUF AFTER 001
     INITIALIZE PRINT-BUF
*    AfterPrint
* RPT.Label : Report1-RwLa-2b
*    BeforePrint
     MOVE '      <!-- Label (Report1-RwLa-2b) -->' TO PRINT-BUF
     WRITE PRINTF-R FROM PRINT-BUF AFTER 001
     INITIALIZE PRINT-BUF
     MOVE '      <DIV CLASS="Report1-RwLa-2b" >' TO PRINT-BUF
     WRITE PRINTF-R FROM PRINT-BUF AFTER 001
     INITIALIZE PRINT-BUF
     STRING '         <P><STRONG>',
            'ÇÝFTEHAN&nbsp;TERMAL',
            '</STRONG></P></DIV>'
        DELIMITED BY SIZE INTO PRINT-BUF
     WRITE PRINTF-R FROM PRINT-BUF AFTER 001
     INITIALIZE PRINT-BUF
*    AfterPrint
* RPT.Label : Report1-RwLa-2ba
*    BeforePrint
     MOVE '      <!-- Label (Report1-RwLa-2ba) -->' TO PRINT-BUF
     WRITE PRINTF-R FROM PRINT-BUF AFTER 001
     INITIALIZE PRINT-BUF
     MOVE '      <DIV CLASS="Report1-RwLa-2ba" >' TO PRINT-BUF
     WRITE PRINTF-R FROM PRINT-BUF AFTER 001
     INITIALIZE PRINT-BUF
     STRING '         <P><STRONG>',
            'TURÝZM&nbsp;ÝNÞAAT&nbsp;SAN.VE&nbsp;TÝC.A.Þ.',
            '</STRONG></P></DIV>'
        DELIMITED BY SIZE INTO PRINT-BUF
     WRITE PRINTF-R FROM PRINT-BUF AFTER 001
     INITIALIZE PRINT-BUF
*    AfterPrint
* RPT.Label : Report1-RwLa-2aaaa
*    BeforePrint
     MOVE '      <!-- Label (Report1-RwLa-2aaaa) -->' TO PRINT-BUF
     WRITE PRINTF-R FROM PRINT-BUF AFTER 001
     INITIALIZE PRINT-BUF
     MOVE '      <DIV CLASS="Report1-RwLa-2aaaa" >' TO PRINT-BUF
     WRITE PRINTF-R FROM PRINT-BUF AFTER 001
     INITIALIZE PRINT-BUF
     STRING '         <P><STRONG>',
            'TAHSILATI&nbsp;YAPILAN&nbsp;ELEKTRIK&nbsp;/&nbsp;SU&nbsp;UC
-       'RETI',
            '</STRONG></P></DIV>'
        DELIMITED BY SIZE INTO PRINT-BUF
     WRITE PRINTF-R FROM PRINT-BUF AFTER 001
     INITIALIZE PRINT-BUF
*    AfterPrint
* RPT.Line : Report1-RwLn-1a
*    BeforePrint
     MOVE '      <!-- Line (Report1-RwLn-1a) -->' TO PRINT-BUF
     WRITE PRINTF-R FROM PRINT-BUF AFTER 001
     INITIALIZE PRINT-BUF
     MOVE '      <DIV CLASS="Report1-RwLn-1a"></DIV>' TO PRINT-BUF
     WRITE PRINTF-R FROM PRINT-BUF AFTER 001
     INITIALIZE PRINT-BUF
*    AfterPrint
* RPT.Label : Report1-RwLa-2aab
*    BeforePrint
     MOVE '      <!-- Label (Report1-RwLa-2aab) -->' TO PRINT-BUF
     WRITE PRINTF-R FROM PRINT-BUF AFTER 001
     INITIALIZE PRINT-BUF
     MOVE '      <DIV CLASS="Report1-RwLa-2aab" >' TO PRINT-BUF
     WRITE PRINTF-R FROM PRINT-BUF AFTER 001
     INITIALIZE PRINT-BUF
     STRING '         <P><STRONG>',
            html-oda-no,
            '</STRONG></P></DIV>'
        DELIMITED BY SIZE INTO PRINT-BUF
     WRITE PRINTF-R FROM PRINT-BUF AFTER 001
     INITIALIZE PRINT-BUF
*    AfterPrint
* RPT.Label : Report1-RwLa-2aaab
*    BeforePrint
     MOVE '      <!-- Label (Report1-RwLa-2aaab) -->' TO PRINT-BUF
     WRITE PRINTF-R FROM PRINT-BUF AFTER 001
     INITIALIZE PRINT-BUF
     MOVE '      <DIV CLASS="Report1-RwLa-2aaab" >' TO PRINT-BUF
     WRITE PRINTF-R FROM PRINT-BUF AFTER 001
     INITIALIZE PRINT-BUF
     STRING '         <P><STRONG>',
            'Folio&nbsp;:',
            '</STRONG></P></DIV>'
        DELIMITED BY SIZE INTO PRINT-BUF
     WRITE PRINTF-R FROM PRINT-BUF AFTER 001
     INITIALIZE PRINT-BUF
*    AfterPrint
* RPT.Label : Report1-RwLa-2baaabab
*    BeforePrint
     MOVE '      <!-- Label (Report1-RwLa-2baaabab) -->' TO PRINT-BUF
     WRITE PRINTF-R FROM PRINT-BUF AFTER 001
     INITIALIZE PRINT-BUF
     MOVE '      <DIV CLASS="Report1-RwLa-2baaabab" >' TO PRINT-BUF
     WRITE PRINTF-R FROM PRINT-BUF AFTER 001
     INITIALIZE PRINT-BUF
     STRING '         <P><STRONG>',
            'UCRETI&nbsp;ALINANN&nbsp;SAYAC&nbsp;OKUMA&nbsp;BILGILERI',
            '</STRONG></P></DIV>'
        DELIMITED BY SIZE INTO PRINT-BUF
     WRITE PRINTF-R FROM PRINT-BUF AFTER 001
     INITIALIZE PRINT-BUF
*    AfterPrint
* RPT.Label : Report1-RwLa-2aaba
*    BeforePrint
     MOVE '      <!-- Label (Report1-RwLa-2aaba) -->' TO PRINT-BUF
     WRITE PRINTF-R FROM PRINT-BUF AFTER 001
     INITIALIZE PRINT-BUF
     MOVE '      <DIV CLASS="Report1-RwLa-2aaba" >' TO PRINT-BUF
     WRITE PRINTF-R FROM PRINT-BUF AFTER 001
     INITIALIZE PRINT-BUF
     STRING '         <P><STRONG>',
            html-konum,
            '</STRONG></P></DIV>'
        DELIMITED BY SIZE INTO PRINT-BUF
     WRITE PRINTF-R FROM PRINT-BUF AFTER 001
     INITIALIZE PRINT-BUF
*    AfterPrint
* RPT.Label : Report1-RwLa-2aabaa
*    BeforePrint
     MOVE '      <!-- Label (Report1-RwLa-2aabaa) -->' TO PRINT-BUF
     WRITE PRINTF-R FROM PRINT-BUF AFTER 001
     INITIALIZE PRINT-BUF
     MOVE '      <DIV CLASS="Report1-RwLa-2aabaa" >' TO PRINT-BUF
     WRITE PRINTF-R FROM PRINT-BUF AFTER 001
     INITIALIZE PRINT-BUF
     STRING '         <P><STRONG>',
            html-folio,
            '</STRONG></P></DIV>'
        DELIMITED BY SIZE INTO PRINT-BUF
     WRITE PRINTF-R FROM PRINT-BUF AFTER 001
     INITIALIZE PRINT-BUF
*    AfterPrint
* RPT.Line : Report1-RwLn-2
*    BeforePrint
     MOVE '      <!-- Line (Report1-RwLn-2) -->' TO PRINT-BUF
     WRITE PRINTF-R FROM PRINT-BUF AFTER 001
     INITIALIZE PRINT-BUF
     MOVE '      <DIV CLASS="Report1-RwLn-2"></DIV>' TO PRINT-BUF
     WRITE PRINTF-R FROM PRINT-BUF AFTER 001
     INITIALIZE PRINT-BUF
*    AfterPrint
* RPT.Line : Report1-RwLn-1
*    BeforePrint
     MOVE '      <!-- Line (Report1-RwLn-1) -->' TO PRINT-BUF
     WRITE PRINTF-R FROM PRINT-BUF AFTER 001
     INITIALIZE PRINT-BUF
     MOVE '      <DIV CLASS="Report1-RwLn-1"></DIV>' TO PRINT-BUF
     WRITE PRINTF-R FROM PRINT-BUF AFTER 001
     INITIALIZE PRINT-BUF
*    AfterPrint
* RPT.Label : Report1-RwLa-2baaab
*    BeforePrint
     MOVE '      <!-- Label (Report1-RwLa-2baaab) -->' TO PRINT-BUF
     WRITE PRINTF-R FROM PRINT-BUF AFTER 001
     INITIALIZE PRINT-BUF
     MOVE '      <DIV CLASS="Report1-RwLa-2baaab" >' TO PRINT-BUF
     WRITE PRINTF-R FROM PRINT-BUF AFTER 001
     INITIALIZE PRINT-BUF
     STRING '         <P>',
            'ILK&nbsp;OKUMA&nbsp;TARIH',
            '</P></DIV>'
        DELIMITED BY SIZE INTO PRINT-BUF
     WRITE PRINTF-R FROM PRINT-BUF AFTER 001
     INITIALIZE PRINT-BUF
*    AfterPrint
* RPT.Line : Report1-RwLn-2aa
*    BeforePrint
     MOVE '      <!-- Line (Report1-RwLn-2aa) -->' TO PRINT-BUF
     WRITE PRINTF-R FROM PRINT-BUF AFTER 001
     INITIALIZE PRINT-BUF
     MOVE '      <DIV CLASS="Report1-RwLn-2aa"></DIV>' TO PRINT-BUF
     WRITE PRINTF-R FROM PRINT-BUF AFTER 001
     INITIALIZE PRINT-BUF
*    AfterPrint
* RPT.Line : Report1-RwLn-2aaa
*    BeforePrint
     MOVE '      <!-- Line (Report1-RwLn-2aaa) -->' TO PRINT-BUF
     WRITE PRINTF-R FROM PRINT-BUF AFTER 001
     INITIALIZE PRINT-BUF
     MOVE '      <DIV CLASS="Report1-RwLn-2aaa"></DIV>' TO PRINT-BUF
     WRITE PRINTF-R FROM PRINT-BUF AFTER 001
     INITIALIZE PRINT-BUF
*    AfterPrint
* RPT.Line : Report1-RwLn-2ba
*    BeforePrint
     MOVE '      <!-- Line (Report1-RwLn-2ba) -->' TO PRINT-BUF
     WRITE PRINTF-R FROM PRINT-BUF AFTER 001
     INITIALIZE PRINT-BUF
     MOVE '      <DIV CLASS="Report1-RwLn-2ba"></DIV>' TO PRINT-BUF
     WRITE PRINTF-R FROM PRINT-BUF AFTER 001
     INITIALIZE PRINT-BUF
*    AfterPrint
* RPT.Line : Report1-RwLn-2baa
*    BeforePrint
     MOVE '      <!-- Line (Report1-RwLn-2baa) -->' TO PRINT-BUF
     WRITE PRINTF-R FROM PRINT-BUF AFTER 001
     INITIALIZE PRINT-BUF
     MOVE '      <DIV CLASS="Report1-RwLn-2baa"></DIV>' TO PRINT-BUF
     WRITE PRINTF-R FROM PRINT-BUF AFTER 001
     INITIALIZE PRINT-BUF
*    AfterPrint
* RPT.Label : Report1-RwLa-2baaaba
*    BeforePrint
     MOVE '      <!-- Label (Report1-RwLa-2baaaba) -->' TO PRINT-BUF
     WRITE PRINTF-R FROM PRINT-BUF AFTER 001
     INITIALIZE PRINT-BUF
     MOVE '      <DIV CLASS="Report1-RwLa-2baaaba" >' TO PRINT-BUF
     WRITE PRINTF-R FROM PRINT-BUF AFTER 001
     INITIALIZE PRINT-BUF
     STRING '         <P>',
            'ILK&nbsp;OKUMA&nbsp;ENDEKS',
            '</P></DIV>'
        DELIMITED BY SIZE INTO PRINT-BUF
     WRITE PRINTF-R FROM PRINT-BUF AFTER 001
     INITIALIZE PRINT-BUF
*    AfterPrint
* RPT.Line : Report1-RwLn-2b
*    BeforePrint
     MOVE '      <!-- Line (Report1-RwLn-2b) -->' TO PRINT-BUF
     WRITE PRINTF-R FROM PRINT-BUF AFTER 001
     INITIALIZE PRINT-BUF
     MOVE '      <DIV CLASS="Report1-RwLn-2b"></DIV>' TO PRINT-BUF
     WRITE PRINTF-R FROM PRINT-BUF AFTER 001
     INITIALIZE PRINT-BUF
*    AfterPrint
* RPT.Line : Report1-RwLn-1b
*    BeforePrint
     MOVE '      <!-- Line (Report1-RwLn-1b) -->' TO PRINT-BUF
     WRITE PRINTF-R FROM PRINT-BUF AFTER 001
     INITIALIZE PRINT-BUF
     MOVE '      <DIV CLASS="Report1-RwLn-1b"></DIV>' TO PRINT-BUF
     WRITE PRINTF-R FROM PRINT-BUF AFTER 001
     INITIALIZE PRINT-BUF
*    AfterPrint
* RPT.Label : Report1-RwLa-2baaabb
*    BeforePrint
     MOVE '      <!-- Label (Report1-RwLa-2baaabb) -->' TO PRINT-BUF
     WRITE PRINTF-R FROM PRINT-BUF AFTER 001
     INITIALIZE PRINT-BUF
     MOVE '      <DIV CLASS="Report1-RwLa-2baaabb" >' TO PRINT-BUF
     WRITE PRINTF-R FROM PRINT-BUF AFTER 001
     INITIALIZE PRINT-BUF
     STRING '         <P>',
            'SON&nbsp;OKUMA&nbsp;TARIH',
            '</P></DIV>'
        DELIMITED BY SIZE INTO PRINT-BUF
     WRITE PRINTF-R FROM PRINT-BUF AFTER 001
     INITIALIZE PRINT-BUF
*    AfterPrint
* RPT.Line : Report1-RwLn-2aab
*    BeforePrint
     MOVE '      <!-- Line (Report1-RwLn-2aab) -->' TO PRINT-BUF
     WRITE PRINTF-R FROM PRINT-BUF AFTER 001
     INITIALIZE PRINT-BUF
     MOVE '      <DIV CLASS="Report1-RwLn-2aab"></DIV>' TO PRINT-BUF
     WRITE PRINTF-R FROM PRINT-BUF AFTER 001
     INITIALIZE PRINT-BUF
*    AfterPrint
* RPT.Line : Report1-RwLn-2aaaa
*    BeforePrint
     MOVE '      <!-- Line (Report1-RwLn-2aaaa) -->' TO PRINT-BUF
     WRITE PRINTF-R FROM PRINT-BUF AFTER 001
     INITIALIZE PRINT-BUF
     MOVE '      <DIV CLASS="Report1-RwLn-2aaaa"></DIV>' TO PRINT-BUF
     WRITE PRINTF-R FROM PRINT-BUF AFTER 001
     INITIALIZE PRINT-BUF
*    AfterPrint
* RPT.Line : Report1-RwLn-2bab
*    BeforePrint
     MOVE '      <!-- Line (Report1-RwLn-2bab) -->' TO PRINT-BUF
     WRITE PRINTF-R FROM PRINT-BUF AFTER 001
     INITIALIZE PRINT-BUF
     MOVE '      <DIV CLASS="Report1-RwLn-2bab"></DIV>' TO PRINT-BUF
     WRITE PRINTF-R FROM PRINT-BUF AFTER 001
     INITIALIZE PRINT-BUF
*    AfterPrint
* RPT.Line : Report1-RwLn-2baaa
*    BeforePrint
     MOVE '      <!-- Line (Report1-RwLn-2baaa) -->' TO PRINT-BUF
     WRITE PRINTF-R FROM PRINT-BUF AFTER 001
     INITIALIZE PRINT-BUF
     MOVE '      <DIV CLASS="Report1-RwLn-2baaa"></DIV>' TO PRINT-BUF
     WRITE PRINTF-R FROM PRINT-BUF AFTER 001
     INITIALIZE PRINT-BUF
*    AfterPrint
* RPT.Label : Report1-RwLa-2baaabaa
*    BeforePrint
     MOVE '      <!-- Label (Report1-RwLa-2baaabaa) -->' TO PRINT-BUF
     WRITE PRINTF-R FROM PRINT-BUF AFTER 001
     INITIALIZE PRINT-BUF
     MOVE '      <DIV CLASS="Report1-RwLa-2baaabaa" >' TO PRINT-BUF
     WRITE PRINTF-R FROM PRINT-BUF AFTER 001
     INITIALIZE PRINT-BUF
     STRING '         <P>',
            'SON&nbsp;OKUMA&nbsp;ENDEKS',
            '</P></DIV>'
        DELIMITED BY SIZE INTO PRINT-BUF
     WRITE PRINTF-R FROM PRINT-BUF AFTER 001
     INITIALIZE PRINT-BUF
*    AfterPrint
* RPT.Line : Report1-RwLn-2bb
*    BeforePrint
     MOVE '      <!-- Line (Report1-RwLn-2bb) -->' TO PRINT-BUF
     WRITE PRINTF-R FROM PRINT-BUF AFTER 001
     INITIALIZE PRINT-BUF
     MOVE '      <DIV CLASS="Report1-RwLn-2bb"></DIV>' TO PRINT-BUF
     WRITE PRINTF-R FROM PRINT-BUF AFTER 001
     INITIALIZE PRINT-BUF
*    AfterPrint
* RPT.Line : Report1-RwLn-1ba
*    BeforePrint
     MOVE '      <!-- Line (Report1-RwLn-1ba) -->' TO PRINT-BUF
     WRITE PRINTF-R FROM PRINT-BUF AFTER 001
     INITIALIZE PRINT-BUF
     MOVE '      <DIV CLASS="Report1-RwLn-1ba"></DIV>' TO PRINT-BUF
     WRITE PRINTF-R FROM PRINT-BUF AFTER 001
     INITIALIZE PRINT-BUF
*    AfterPrint
* RPT.Line : Report1-RwLn-2aaba
*    BeforePrint
     MOVE '      <!-- Line (Report1-RwLn-2aaba) -->' TO PRINT-BUF
     WRITE PRINTF-R FROM PRINT-BUF AFTER 001
     INITIALIZE PRINT-BUF
     MOVE '      <DIV CLASS="Report1-RwLn-2aaba"></DIV>' TO PRINT-BUF
     WRITE PRINTF-R FROM PRINT-BUF AFTER 001
     INITIALIZE PRINT-BUF
*    AfterPrint
* RPT.Line : Report1-RwLn-2aaaaa
*    BeforePrint
     MOVE '      <!-- Line (Report1-RwLn-2aaaaa) -->' TO PRINT-BUF
     WRITE PRINTF-R FROM PRINT-BUF AFTER 001
     INITIALIZE PRINT-BUF
     MOVE '      <DIV CLASS="Report1-RwLn-2aaaaa"></DIV>' TO PRINT-BUF
     WRITE PRINTF-R FROM PRINT-BUF AFTER 001
     INITIALIZE PRINT-BUF
*    AfterPrint
* RPT.Line : Report1-RwLn-2baba
*    BeforePrint
     MOVE '      <!-- Line (Report1-RwLn-2baba) -->' TO PRINT-BUF
     WRITE PRINTF-R FROM PRINT-BUF AFTER 001
     INITIALIZE PRINT-BUF
     MOVE '      <DIV CLASS="Report1-RwLn-2baba"></DIV>' TO PRINT-BUF
     WRITE PRINTF-R FROM PRINT-BUF AFTER 001
     INITIALIZE PRINT-BUF
*    AfterPrint
* RPT.Line : Report1-RwLn-2baaaa
*    BeforePrint
     MOVE '      <!-- Line (Report1-RwLn-2baaaa) -->' TO PRINT-BUF
     WRITE PRINTF-R FROM PRINT-BUF AFTER 001
     INITIALIZE PRINT-BUF
     MOVE '      <DIV CLASS="Report1-RwLn-2baaaa"></DIV>' TO PRINT-BUF
     WRITE PRINTF-R FROM PRINT-BUF AFTER 001
     INITIALIZE PRINT-BUF
*    AfterPrint
* RPT.Label : Report1-RwLa-2baaabaaa
*    BeforePrint
     MOVE '      <!-- Label (Report1-RwLa-2baaabaaa) -->' TO PRINT-BUF
     WRITE PRINTF-R FROM PRINT-BUF AFTER 001
     INITIALIZE PRINT-BUF
     MOVE '      <DIV CLASS="Report1-RwLa-2baaabaaa" >' TO PRINT-BUF
     WRITE PRINTF-R FROM PRINT-BUF AFTER 001
     INITIALIZE PRINT-BUF
     STRING '         <P>',
            'FARK&nbsp;TUTAR',
            '</P></DIV>'
        DELIMITED BY SIZE INTO PRINT-BUF
     WRITE PRINTF-R FROM PRINT-BUF AFTER 001
     INITIALIZE PRINT-BUF
*    AfterPrint
* RPT.Line : Report1-RwLn-2bba
*    BeforePrint
     MOVE '      <!-- Line (Report1-RwLn-2bba) -->' TO PRINT-BUF
     WRITE PRINTF-R FROM PRINT-BUF AFTER 001
     INITIALIZE PRINT-BUF
     MOVE '      <DIV CLASS="Report1-RwLn-2bba"></DIV>' TO PRINT-BUF
     WRITE PRINTF-R FROM PRINT-BUF AFTER 001
     INITIALIZE PRINT-BUF
*    AfterPrint
* RPT.Line : Report1-RwLn-1baa
*    BeforePrint
     MOVE '      <!-- Line (Report1-RwLn-1baa) -->' TO PRINT-BUF
     WRITE PRINTF-R FROM PRINT-BUF AFTER 001
     INITIALIZE PRINT-BUF
     MOVE '      <DIV CLASS="Report1-RwLn-1baa"></DIV>' TO PRINT-BUF
     WRITE PRINTF-R FROM PRINT-BUF AFTER 001
     INITIALIZE PRINT-BUF
*    AfterPrint
* RPT.Line : Report1-RwLn-2aabaa
*    BeforePrint
     MOVE '      <!-- Line (Report1-RwLn-2aabaa) -->' TO PRINT-BUF
     WRITE PRINTF-R FROM PRINT-BUF AFTER 001
     INITIALIZE PRINT-BUF
     MOVE '      <DIV CLASS="Report1-RwLn-2aabaa"></DIV>' TO PRINT-BUF
     WRITE PRINTF-R FROM PRINT-BUF AFTER 001
     INITIALIZE PRINT-BUF
*    AfterPrint
* RPT.Line : Report1-RwLn-2aaaaaa
*    BeforePrint
     MOVE '      <!-- Line (Report1-RwLn-2aaaaaa) -->' TO PRINT-BUF
     WRITE PRINTF-R FROM PRINT-BUF AFTER 001
     INITIALIZE PRINT-BUF
     MOVE '      <DIV CLASS="Report1-RwLn-2aaaaaa"></DIV>' TO PRINT-BUF
     WRITE PRINTF-R FROM PRINT-BUF AFTER 001
     INITIALIZE PRINT-BUF
*    AfterPrint
* RPT.Line : Report1-RwLn-2babaa
*    BeforePrint
     MOVE '      <!-- Line (Report1-RwLn-2babaa) -->' TO PRINT-BUF
     WRITE PRINTF-R FROM PRINT-BUF AFTER 001
     INITIALIZE PRINT-BUF
     MOVE '      <DIV CLASS="Report1-RwLn-2babaa"></DIV>' TO PRINT-BUF
     WRITE PRINTF-R FROM PRINT-BUF AFTER 001
     INITIALIZE PRINT-BUF
*    AfterPrint
* RPT.Line : Report1-RwLn-2baaaaa
*    BeforePrint
     MOVE '      <!-- Line (Report1-RwLn-2baaaaa) -->' TO PRINT-BUF
     WRITE PRINTF-R FROM PRINT-BUF AFTER 001
     INITIALIZE PRINT-BUF
     MOVE '      <DIV CLASS="Report1-RwLn-2baaaaa"></DIV>' TO PRINT-BUF
     WRITE PRINTF-R FROM PRINT-BUF AFTER 001
     INITIALIZE PRINT-BUF
*    AfterPrint
* RPT.Label : Report1-RwLa-2baaabaaab
*    BeforePrint
     MOVE '      <!-- Label (Report1-RwLa-2baaabaaab) -->' TO PRINT-BUF
     WRITE PRINTF-R FROM PRINT-BUF AFTER 001
     INITIALIZE PRINT-BUF
     MOVE '      <DIV CLASS="Report1-RwLa-2baaabaaab" >' TO PRINT-BUF
     WRITE PRINTF-R FROM PRINT-BUF AFTER 001
     INITIALIZE PRINT-BUF
     STRING '         <P>',
            'KOTA&nbsp;/&nbsp;ISKONTO',
            '</P></DIV>'
        DELIMITED BY SIZE INTO PRINT-BUF
     WRITE PRINTF-R FROM PRINT-BUF AFTER 001
     INITIALIZE PRINT-BUF
*    AfterPrint
* RPT.Line : Report1-RwLn-2bbaa
*    BeforePrint
     MOVE '      <!-- Line (Report1-RwLn-2bbaa) -->' TO PRINT-BUF
     WRITE PRINTF-R FROM PRINT-BUF AFTER 001
     INITIALIZE PRINT-BUF
     MOVE '      <DIV CLASS="Report1-RwLn-2bbaa"></DIV>' TO PRINT-BUF
     WRITE PRINTF-R FROM PRINT-BUF AFTER 001
     INITIALIZE PRINT-BUF
*    AfterPrint
* RPT.Line : Report1-RwLn-1baaa
*    BeforePrint
     MOVE '      <!-- Line (Report1-RwLn-1baaa) -->' TO PRINT-BUF
     WRITE PRINTF-R FROM PRINT-BUF AFTER 001
     INITIALIZE PRINT-BUF
     MOVE '      <DIV CLASS="Report1-RwLn-1baaa"></DIV>' TO PRINT-BUF
     WRITE PRINTF-R FROM PRINT-BUF AFTER 001
     INITIALIZE PRINT-BUF
*    AfterPrint
* RPT.Line : Report1-RwLn-2aabaaa
*    BeforePrint
     MOVE '      <!-- Line (Report1-RwLn-2aabaaa) -->' TO PRINT-BUF
     WRITE PRINTF-R FROM PRINT-BUF AFTER 001
     INITIALIZE PRINT-BUF
     MOVE '      <DIV CLASS="Report1-RwLn-2aabaaa"></DIV>' TO PRINT-BUF
     WRITE PRINTF-R FROM PRINT-BUF AFTER 001
     INITIALIZE PRINT-BUF
*    AfterPrint
* RPT.Line : Report1-RwLn-2aaaaaaa
*    BeforePrint
     MOVE '      <!-- Line (Report1-RwLn-2aaaaaaa) -->' TO PRINT-BUF
     WRITE PRINTF-R FROM PRINT-BUF AFTER 001
     INITIALIZE PRINT-BUF
     MOVE '      <DIV CLASS="Report1-RwLn-2aaaaaaa"></DIV>' TO PRINT-BUF
     WRITE PRINTF-R FROM PRINT-BUF AFTER 001
     INITIALIZE PRINT-BUF
*    AfterPrint
* RPT.Line : Report1-RwLn-2babaaa
*    BeforePrint
     MOVE '      <!-- Line (Report1-RwLn-2babaaa) -->' TO PRINT-BUF
     WRITE PRINTF-R FROM PRINT-BUF AFTER 001
     INITIALIZE PRINT-BUF
     MOVE '      <DIV CLASS="Report1-RwLn-2babaaa"></DIV>' TO PRINT-BUF
     WRITE PRINTF-R FROM PRINT-BUF AFTER 001
     INITIALIZE PRINT-BUF
*    AfterPrint
* RPT.Line : Report1-RwLn-2baaaaaa
*    BeforePrint
     MOVE '      <!-- Line (Report1-RwLn-2baaaaaa) -->' TO PRINT-BUF
     WRITE PRINTF-R FROM PRINT-BUF AFTER 001
     INITIALIZE PRINT-BUF
     MOVE '      <DIV CLASS="Report1-RwLn-2baaaaaa"></DIV>' TO PRINT-BUF
     WRITE PRINTF-R FROM PRINT-BUF AFTER 001
     INITIALIZE PRINT-BUF
*    AfterPrint
* RPT.Line : Report1-RwLn-2bbaaa
*    BeforePrint
     MOVE '      <!-- Line (Report1-RwLn-2bbaaa) -->' TO PRINT-BUF
     WRITE PRINTF-R FROM PRINT-BUF AFTER 001
     INITIALIZE PRINT-BUF
     MOVE '      <DIV CLASS="Report1-RwLn-2bbaaa"></DIV>' TO PRINT-BUF
     WRITE PRINTF-R FROM PRINT-BUF AFTER 001
     INITIALIZE PRINT-BUF
*    AfterPrint
* RPT.Line : Report1-RwLn-1baaaa
*    BeforePrint
     MOVE '      <!-- Line (Report1-RwLn-1baaaa) -->' TO PRINT-BUF
     WRITE PRINTF-R FROM PRINT-BUF AFTER 001
     INITIALIZE PRINT-BUF
     MOVE '      <DIV CLASS="Report1-RwLn-1baaaa"></DIV>' TO PRINT-BUF
     WRITE PRINTF-R FROM PRINT-BUF AFTER 001
     INITIALIZE PRINT-BUF
*    AfterPrint
* RPT.Line : Report1-RwLn-2aabaaaa
*    BeforePrint
     MOVE '      <!-- Line (Report1-RwLn-2aabaaaa) -->' TO PRINT-BUF
     WRITE PRINTF-R FROM PRINT-BUF AFTER 001
     INITIALIZE PRINT-BUF
     MOVE '      <DIV CLASS="Report1-RwLn-2aabaaaa"></DIV>' TO PRINT-BUF
     WRITE PRINTF-R FROM PRINT-BUF AFTER 001
     INITIALIZE PRINT-BUF
*    AfterPrint
* RPT.Line : Report1-RwLn-2aaaaaaaa
*    BeforePrint
     MOVE '      <!-- Line (Report1-RwLn-2aaaaaaaa) -->' TO PRINT-BUF
     WRITE PRINTF-R FROM PRINT-BUF AFTER 001
     INITIALIZE PRINT-BUF
     MOVE '      <DIV CLASS="Report1-RwLn-2aaaaaaaa"></DIV>' TO
        PRINT-BUF
     WRITE PRINTF-R FROM PRINT-BUF AFTER 001
     INITIALIZE PRINT-BUF
*    AfterPrint
* RPT.Line : Report1-RwLn-2babaaaa
*    BeforePrint
     MOVE '      <!-- Line (Report1-RwLn-2babaaaa) -->' TO PRINT-BUF
     WRITE PRINTF-R FROM PRINT-BUF AFTER 001
     INITIALIZE PRINT-BUF
     MOVE '      <DIV CLASS="Report1-RwLn-2babaaaa"></DIV>' TO PRINT-BUF
     WRITE PRINTF-R FROM PRINT-BUF AFTER 001
     INITIALIZE PRINT-BUF
*    AfterPrint
* RPT.Line : Report1-RwLn-2baaaaaaa
*    BeforePrint
     MOVE '      <!-- Line (Report1-RwLn-2baaaaaaa) -->' TO PRINT-BUF
     WRITE PRINTF-R FROM PRINT-BUF AFTER 001
     INITIALIZE PRINT-BUF
     MOVE '      <DIV CLASS="Report1-RwLn-2baaaaaaa"></DIV>' TO
        PRINT-BUF
     WRITE PRINTF-R FROM PRINT-BUF AFTER 001
     INITIALIZE PRINT-BUF
*    AfterPrint
* RPT.Label : Report1-RwLa-2baaabaaaaaa
*    BeforePrint
     MOVE '      <!-- Label (Report1-RwLa-2baaabaaaaaa) -->' TO
        PRINT-BUF
     WRITE PRINTF-R FROM PRINT-BUF AFTER 001
     INITIALIZE PRINT-BUF
     MOVE '      <DIV CLASS="Report1-RwLa-2baaabaaaaaa" >' TO PRINT-BUF
     WRITE PRINTF-R FROM PRINT-BUF AFTER 001
     INITIALIZE PRINT-BUF
     STRING '         <P>',
            '',
            '</P></DIV>'
        DELIMITED BY SIZE INTO PRINT-BUF
     WRITE PRINTF-R FROM PRINT-BUF AFTER 001
     INITIALIZE PRINT-BUF
*    AfterPrint
* RPT.Label : Report1-RwLa-2baaabaaaba
*    BeforePrint
     MOVE '      <!-- Label (Report1-RwLa-2baaabaaaba) -->' TO PRINT-BUF
     WRITE PRINTF-R FROM PRINT-BUF AFTER 001
     INITIALIZE PRINT-BUF
     MOVE '      <DIV CLASS="Report1-RwLa-2baaabaaaba" >' TO PRINT-BUF
     WRITE PRINTF-R FROM PRINT-BUF AFTER 001
     INITIALIZE PRINT-BUF
     STRING '         <P>',
            'ODENECEK&nbsp;TUTAR',
            '</P></DIV>'
        DELIMITED BY SIZE INTO PRINT-BUF
     WRITE PRINTF-R FROM PRINT-BUF AFTER 001
     INITIALIZE PRINT-BUF
*    AfterPrint
* RPT.Label : Report1-RwLa-2baaabaaaa
*    BeforePrint
     MOVE '      <!-- Label (Report1-RwLa-2baaabaaaa) -->' TO PRINT-BUF
     WRITE PRINTF-R FROM PRINT-BUF AFTER 001
     INITIALIZE PRINT-BUF
     MOVE '      <DIV CLASS="Report1-RwLa-2baaabaaaa" >' TO PRINT-BUF
     WRITE PRINTF-R FROM PRINT-BUF AFTER 001
     INITIALIZE PRINT-BUF
     STRING '         <P>',
            'FARK&nbsp;ENDEKS',
            '</P></DIV>'
        DELIMITED BY SIZE INTO PRINT-BUF
     WRITE PRINTF-R FROM PRINT-BUF AFTER 001
     INITIALIZE PRINT-BUF
*    AfterPrint
* RPT.Label : Report1-RwLa-2baaabba
*    BeforePrint
     MOVE '      <!-- Label (Report1-RwLa-2baaabba) -->' TO PRINT-BUF
     WRITE PRINTF-R FROM PRINT-BUF AFTER 001
     INITIALIZE PRINT-BUF
     MOVE '      <DIV CLASS="Report1-RwLa-2baaabba" >' TO PRINT-BUF
     WRITE PRINTF-R FROM PRINT-BUF AFTER 001
     INITIALIZE PRINT-BUF
     STRING '         <P>',
            'ENDEKS&nbsp;DEGERI',
            '</P></DIV>'
        DELIMITED BY SIZE INTO PRINT-BUF
     WRITE PRINTF-R FROM PRINT-BUF AFTER 001
     INITIALIZE PRINT-BUF
*    AfterPrint
* RPT.Label : Report1-RwLa-2baaabc
*    BeforePrint
     MOVE '      <!-- Label (Report1-RwLa-2baaabc) -->' TO PRINT-BUF
     WRITE PRINTF-R FROM PRINT-BUF AFTER 001
     INITIALIZE PRINT-BUF
     MOVE '      <DIV CLASS="Report1-RwLa-2baaabc" >' TO PRINT-BUF
     WRITE PRINTF-R FROM PRINT-BUF AFTER 001
     INITIALIZE PRINT-BUF
     STRING '         <P>',
            html-ilk-oku-tar,
            '</P></DIV>'
        DELIMITED BY SIZE INTO PRINT-BUF
     WRITE PRINTF-R FROM PRINT-BUF AFTER 001
     INITIALIZE PRINT-BUF
*    AfterPrint
* RPT.Label : Report1-RwLa-2baaabca
*    BeforePrint
     MOVE '      <!-- Label (Report1-RwLa-2baaabca) -->' TO PRINT-BUF
     WRITE PRINTF-R FROM PRINT-BUF AFTER 001
     INITIALIZE PRINT-BUF
     MOVE '      <DIV CLASS="Report1-RwLa-2baaabca" >' TO PRINT-BUF
     WRITE PRINTF-R FROM PRINT-BUF AFTER 001
     INITIALIZE PRINT-BUF
     STRING '         <P>',
            html-ilk-oku-deger,
            '</P></DIV>'
        DELIMITED BY SIZE INTO PRINT-BUF
     WRITE PRINTF-R FROM PRINT-BUF AFTER 001
     INITIALIZE PRINT-BUF
*    AfterPrint
* RPT.Label : Report1-RwLa-2baaabcaa
*    BeforePrint
     MOVE '      <!-- Label (Report1-RwLa-2baaabcaa) -->' TO PRINT-BUF
     WRITE PRINTF-R FROM PRINT-BUF AFTER 001
     INITIALIZE PRINT-BUF
     MOVE '      <DIV CLASS="Report1-RwLa-2baaabcaa" >' TO PRINT-BUF
     WRITE PRINTF-R FROM PRINT-BUF AFTER 001
     INITIALIZE PRINT-BUF
     STRING '         <P>',
            html-son-oku-tar,
            '</P></DIV>'
        DELIMITED BY SIZE INTO PRINT-BUF
     WRITE PRINTF-R FROM PRINT-BUF AFTER 001
     INITIALIZE PRINT-BUF
*    AfterPrint
* RPT.Label : Report1-RwLa-2baaabcab
*    BeforePrint
     MOVE '      <!-- Label (Report1-RwLa-2baaabcab) -->' TO PRINT-BUF
     WRITE PRINTF-R FROM PRINT-BUF AFTER 001
     INITIALIZE PRINT-BUF
     MOVE '      <DIV CLASS="Report1-RwLa-2baaabcab" >' TO PRINT-BUF
     WRITE PRINTF-R FROM PRINT-BUF AFTER 001
     INITIALIZE PRINT-BUF
     STRING '         <P>',
            html-son-oku-deger,
            '</P></DIV>'
        DELIMITED BY SIZE INTO PRINT-BUF
     WRITE PRINTF-R FROM PRINT-BUF AFTER 001
     INITIALIZE PRINT-BUF
*    AfterPrint
* RPT.Label : Report1-RwLa-2baaabcaba
*    BeforePrint
     MOVE '      <!-- Label (Report1-RwLa-2baaabcaba) -->' TO PRINT-BUF
     WRITE PRINTF-R FROM PRINT-BUF AFTER 001
     INITIALIZE PRINT-BUF
     MOVE '      <DIV CLASS="Report1-RwLa-2baaabcaba" >' TO PRINT-BUF
     WRITE PRINTF-R FROM PRINT-BUF AFTER 001
     INITIALIZE PRINT-BUF
     STRING '         <P>',
            html-fark-endeks,
            '</P></DIV>'
        DELIMITED BY SIZE INTO PRINT-BUF
     WRITE PRINTF-R FROM PRINT-BUF AFTER 001
     INITIALIZE PRINT-BUF
*    AfterPrint
* RPT.Label : Report1-RwLa-2baaabcabaa
*    BeforePrint
     MOVE '      <!-- Label (Report1-RwLa-2baaabcabaa) -->' TO PRINT-BUF
     WRITE PRINTF-R FROM PRINT-BUF AFTER 001
     INITIALIZE PRINT-BUF
     MOVE '      <DIV CLASS="Report1-RwLa-2baaabcabaa" >' TO PRINT-BUF
     WRITE PRINTF-R FROM PRINT-BUF AFTER 001
     INITIALIZE PRINT-BUF
     STRING '         <P>',
            html-fark-tutar,
            '</P></DIV>'
        DELIMITED BY SIZE INTO PRINT-BUF
     WRITE PRINTF-R FROM PRINT-BUF AFTER 001
     INITIALIZE PRINT-BUF
*    AfterPrint
* RPT.Label : Report1-RwLa-2baaabcabaaa
*    BeforePrint
     MOVE '      <!-- Label (Report1-RwLa-2baaabcabaaa) -->' TO
        PRINT-BUF
     WRITE PRINTF-R FROM PRINT-BUF AFTER 001
     INITIALIZE PRINT-BUF
     MOVE '      <DIV CLASS="Report1-RwLa-2baaabcabaaa" >' TO PRINT-BUF
     WRITE PRINTF-R FROM PRINT-BUF AFTER 001
     INITIALIZE PRINT-BUF
     STRING '         <P>',
            html-kota,
            '</P></DIV>'
        DELIMITED BY SIZE INTO PRINT-BUF
     WRITE PRINTF-R FROM PRINT-BUF AFTER 001
     INITIALIZE PRINT-BUF
*    AfterPrint
* RPT.Label : Report1-RwLa-2baaabcabaaaa
*    BeforePrint
     MOVE '      <!-- Label (Report1-RwLa-2baaabcabaaaa) -->' TO
        PRINT-BUF
     WRITE PRINTF-R FROM PRINT-BUF AFTER 001
     INITIALIZE PRINT-BUF
     MOVE '      <DIV CLASS="Report1-RwLa-2baaabcabaaaa" >' TO PRINT-BUF
     WRITE PRINTF-R FROM PRINT-BUF AFTER 001
     INITIALIZE PRINT-BUF
     STRING '         <P>',
            html-odenecek-tutar,
            '</P></DIV>'
        DELIMITED BY SIZE INTO PRINT-BUF
     WRITE PRINTF-R FROM PRINT-BUF AFTER 001
     INITIALIZE PRINT-BUF
*    AfterPrint
* RPT.Label : Report1-RwLa-2baaababa
*    BeforePrint
     MOVE '      <!-- Label (Report1-RwLa-2baaababa) -->' TO PRINT-BUF
     WRITE PRINTF-R FROM PRINT-BUF AFTER 001
     INITIALIZE PRINT-BUF
     MOVE '      <DIV CLASS="Report1-RwLa-2baaababa" >' TO PRINT-BUF
     WRITE PRINTF-R FROM PRINT-BUF AFTER 001
     INITIALIZE PRINT-BUF
     STRING '         <P><STRONG>',
            'Sayac&nbsp;Adi&nbsp;:',
            '</STRONG></P></DIV>'
        DELIMITED BY SIZE INTO PRINT-BUF
     WRITE PRINTF-R FROM PRINT-BUF AFTER 001
     INITIALIZE PRINT-BUF
*    AfterPrint
* RPT.Label : Report1-RwLa-2baaababaa
*    BeforePrint
     MOVE '      <!-- Label (Report1-RwLa-2baaababaa) -->' TO PRINT-BUF
     WRITE PRINTF-R FROM PRINT-BUF AFTER 001
     INITIALIZE PRINT-BUF
     MOVE '      <DIV CLASS="Report1-RwLa-2baaababaa" >' TO PRINT-BUF
     WRITE PRINTF-R FROM PRINT-BUF AFTER 001
     INITIALIZE PRINT-BUF
     STRING '         <P><STRONG>',
            html-sayac-adi,
            '</STRONG></P></DIV>'
        DELIMITED BY SIZE INTO PRINT-BUF
     WRITE PRINTF-R FROM PRINT-BUF AFTER 001
     INITIALIZE PRINT-BUF
*    AfterPrint
* RPT.Label : Report1-RwLa-2baaababab
*    BeforePrint
     MOVE '      <!-- Label (Report1-RwLa-2baaababab) -->' TO PRINT-BUF
     WRITE PRINTF-R FROM PRINT-BUF AFTER 001
     INITIALIZE PRINT-BUF
     MOVE '      <DIV CLASS="Report1-RwLa-2baaababab" >' TO PRINT-BUF
     WRITE PRINTF-R FROM PRINT-BUF AFTER 001
     INITIALIZE PRINT-BUF
     STRING '         <P><STRONG>',
            'Endeks&nbsp;Deger&nbsp;:',
            '</STRONG></P></DIV>'
        DELIMITED BY SIZE INTO PRINT-BUF
     WRITE PRINTF-R FROM PRINT-BUF AFTER 001
     INITIALIZE PRINT-BUF
*    AfterPrint
* RPT.Label : Report1-RwLa-2baaababaaa
*    BeforePrint
     MOVE '      <!-- Label (Report1-RwLa-2baaababaaa) -->' TO PRINT-BUF
     WRITE PRINTF-R FROM PRINT-BUF AFTER 001
     INITIALIZE PRINT-BUF
     MOVE '      <DIV CLASS="Report1-RwLa-2baaababaaa" >' TO PRINT-BUF
     WRITE PRINTF-R FROM PRINT-BUF AFTER 001
     INITIALIZE PRINT-BUF
     STRING '         <P><STRONG>',
            html-sayac-endeks,
            '</STRONG></P></DIV>'
        DELIMITED BY SIZE INTO PRINT-BUF
     WRITE PRINTF-R FROM PRINT-BUF AFTER 001
     INITIALIZE PRINT-BUF
*    AfterPrint
* RPT.Label : Report1-RwLa-2baaabbaa
*    BeforePrint
     MOVE '      <!-- Label (Report1-RwLa-2baaabbaa) -->' TO PRINT-BUF
     WRITE PRINTF-R FROM PRINT-BUF AFTER 001
     INITIALIZE PRINT-BUF
     MOVE '      <DIV CLASS="Report1-RwLa-2baaabbaa" >' TO PRINT-BUF
     WRITE PRINTF-R FROM PRINT-BUF AFTER 001
     INITIALIZE PRINT-BUF
     STRING '         <P>',
            html-sayac-endeks,
            '</P></DIV>'
        DELIMITED BY SIZE INTO PRINT-BUF
     WRITE PRINTF-R FROM PRINT-BUF AFTER 001
     INITIALIZE PRINT-BUF
*    AfterPrint
     PERFORM Acu-Report1-PH-1-SEC-FOOT
     .

 Acu-Report1-Dtl-1-SEC-HEAD.
     MOVE '   <!-- Section (Report1-Dtl-1) -->' TO PRINT-BUF
     WRITE PRINTF-R FROM PRINT-BUF AFTER 001
     INITIALIZE PRINT-BUF
     COMPUTE TMP-PIXELS = CNT-INPAGEPIXELS - HIGH-OFFSET-IN
     STRING '   <DIV STYLE="',
            'POSITION:ABSOLUTE; TOP:', 
            TMP-PIXELS,
            '; LEFT:0',
            '; WIDTH:693; ',
            'FONT-SIZE:9pt; ',
            'FONT-FAMILY:Lucida Console; ',
            'COLOR:#000000; ',
            'BACKGROUND-COLOR:', Report1-Dtl-1-BGCOLOR ,
            '">'
        DELIMITED BY SIZE INTO PRINT-BUF.
     WRITE PRINTF-R FROM PRINT-BUF AFTER 001
     INITIALIZE PRINT-BUF
     .

 Acu-Report1-Dtl-1-SEC-FOOT.
     MOVE '      <!-- Ending DIV : to fill the Div Height -->' TO
        PRINT-BUF
     WRITE PRINTF-R FROM PRINT-BUF AFTER 001
     INITIALIZE PRINT-BUF
     STRING '      <DIV STYLE="POSITION:RELATIVE; HEIGHT:',
            Report1-Dtl-1-HEIGHT OF Report1-HEIGHT, 
            ';"> </DIV>'
        DELIMITED BY SIZE INTO PRINT-BUF.
     WRITE PRINTF-R FROM PRINT-BUF AFTER 001
     INITIALIZE PRINT-BUF
     MOVE '   <!-- End(Section) --></DIV>' TO PRINT-BUF
     WRITE PRINTF-R FROM PRINT-BUF AFTER 001
     .

 Acu-Report1-Dtl-1-PRINT-RTN.
     MOVE 0 TO SECTION-HIGH-STACK
     MOVE Report1-Dtl-1-DEF-HEIGHT TO Report1-Dtl-1-HEIGHT
     PERFORM Acu-Report1-Dtl-1-SEC-HEAD
     PERFORM Acu-Report1-Dtl-1-SEC-FOOT
     .

 Acu-Report1-RF-1-SEC-HEAD.
     MOVE '   <!-- Section (Report1-RF-1) -->' TO PRINT-BUF
     WRITE PRINTF-R FROM PRINT-BUF AFTER 001
     INITIALIZE PRINT-BUF
     COMPUTE TMP-PIXELS = CNT-INPAGEPIXELS - HIGH-OFFSET-IN
     STRING '   <DIV STYLE="',
            'POSITION:ABSOLUTE; TOP:', 
            TMP-PIXELS,
            '; LEFT:0',
            '; WIDTH:693; ',
            'FONT-SIZE:9pt; ',
            'FONT-FAMILY:MS Sans Serif; ',
            'COLOR:#000000; ',
            'BACKGROUND-COLOR:#FFFFFF; ',
            '">'
        DELIMITED BY SIZE INTO PRINT-BUF.
     WRITE PRINTF-R FROM PRINT-BUF AFTER 001
     INITIALIZE PRINT-BUF
     .

 Acu-Report1-RF-1-SEC-FOOT.
     MOVE '      <!-- Ending DIV : to fill the Div Height -->' TO
        PRINT-BUF
     WRITE PRINTF-R FROM PRINT-BUF AFTER 001
     INITIALIZE PRINT-BUF
     STRING '      <DIV STYLE="POSITION:RELATIVE; HEIGHT:',
            Report1-RF-1-HEIGHT OF Report1-HEIGHT, 
            ';"> </DIV>'
        DELIMITED BY SIZE INTO PRINT-BUF.
     WRITE PRINTF-R FROM PRINT-BUF AFTER 001
     INITIALIZE PRINT-BUF
     MOVE '   <!-- End(Section) --></DIV>' TO PRINT-BUF
     WRITE PRINTF-R FROM PRINT-BUF AFTER 001
     .

 Acu-Report1-RF-1-PRINT-RTN.
     MOVE 0 TO SECTION-HIGH-STACK
     MOVE Report1-RF-1-DEF-HEIGHT TO Report1-RF-1-HEIGHT
     PERFORM Acu-Report1-RF-1-SEC-HEAD
* RPT.Label : Report1-RwLa-3aba
*    BeforePrint
     MOVE '      <!-- Label (Report1-RwLa-3aba) -->' TO PRINT-BUF
     WRITE PRINTF-R FROM PRINT-BUF AFTER 001
     INITIALIZE PRINT-BUF
     MOVE '      <DIV CLASS="Report1-RwLa-3aba" >' TO PRINT-BUF
     WRITE PRINTF-R FROM PRINT-BUF AFTER 001
     INITIALIZE PRINT-BUF
     STRING '         <P><STRONG>',
            'ODEME&nbsp;YAPAN',
            '</STRONG></P></DIV>'
        DELIMITED BY SIZE INTO PRINT-BUF
     WRITE PRINTF-R FROM PRINT-BUF AFTER 001
     INITIALIZE PRINT-BUF
*    AfterPrint
* RPT.Label : Report1-RwLa-3abaa
*    BeforePrint
     MOVE '      <!-- Label (Report1-RwLa-3abaa) -->' TO PRINT-BUF
     WRITE PRINTF-R FROM PRINT-BUF AFTER 001
     INITIALIZE PRINT-BUF
     MOVE '      <DIV CLASS="Report1-RwLa-3abaa" >' TO PRINT-BUF
     WRITE PRINTF-R FROM PRINT-BUF AFTER 001
     INITIALIZE PRINT-BUF
     STRING '         <P><STRONG>',
            'TAHSILATI&nbsp;YAPAN',
            '</STRONG></P></DIV>'
        DELIMITED BY SIZE INTO PRINT-BUF
     WRITE PRINTF-R FROM PRINT-BUF AFTER 001
     INITIALIZE PRINT-BUF
*    AfterPrint
* RPT.Label : Report1-RwLa-3abaaa
*    BeforePrint
     MOVE '      <!-- Label (Report1-RwLa-3abaaa) -->' TO PRINT-BUF
     WRITE PRINTF-R FROM PRINT-BUF AFTER 001
     INITIALIZE PRINT-BUF
     MOVE '      <DIV CLASS="Report1-RwLa-3abaaa" >' TO PRINT-BUF
     WRITE PRINTF-R FROM PRINT-BUF AFTER 001
     INITIALIZE PRINT-BUF
     STRING '         <P><STRONG>',
            'IMZA',
            '</STRONG></P></DIV>'
        DELIMITED BY SIZE INTO PRINT-BUF
     WRITE PRINTF-R FROM PRINT-BUF AFTER 001
     INITIALIZE PRINT-BUF
*    AfterPrint
* RPT.Label : Report1-RwLa-3abaab
*    BeforePrint
     MOVE '      <!-- Label (Report1-RwLa-3abaab) -->' TO PRINT-BUF
     WRITE PRINTF-R FROM PRINT-BUF AFTER 001
     INITIALIZE PRINT-BUF
     MOVE '      <DIV CLASS="Report1-RwLa-3abaab" >' TO PRINT-BUF
     WRITE PRINTF-R FROM PRINT-BUF AFTER 001
     INITIALIZE PRINT-BUF
     STRING '         <P><STRONG>',
            '...................',
            '</STRONG></P></DIV>'
        DELIMITED BY SIZE INTO PRINT-BUF
     WRITE PRINTF-R FROM PRINT-BUF AFTER 001
     INITIALIZE PRINT-BUF
*    AfterPrint
* RPT.Label : Report1-RwLa-3abaaba
*    BeforePrint
     MOVE '      <!-- Label (Report1-RwLa-3abaaba) -->' TO PRINT-BUF
     WRITE PRINTF-R FROM PRINT-BUF AFTER 001
     INITIALIZE PRINT-BUF
     MOVE '      <DIV CLASS="Report1-RwLa-3abaaba" >' TO PRINT-BUF
     WRITE PRINTF-R FROM PRINT-BUF AFTER 001
     INITIALIZE PRINT-BUF
     STRING '         <P><STRONG>',
            '...........',
            '</STRONG></P></DIV>'
        DELIMITED BY SIZE INTO PRINT-BUF
     WRITE PRINTF-R FROM PRINT-BUF AFTER 001
     INITIALIZE PRINT-BUF
*    AfterPrint
* RPT.Label : Report1-RwLa-3abaabb
*    BeforePrint
     MOVE '      <!-- Label (Report1-RwLa-3abaabb) -->' TO PRINT-BUF
     WRITE PRINTF-R FROM PRINT-BUF AFTER 001
     INITIALIZE PRINT-BUF
     MOVE '      <DIV CLASS="Report1-RwLa-3abaabb" >' TO PRINT-BUF
     WRITE PRINTF-R FROM PRINT-BUF AFTER 001
     INITIALIZE PRINT-BUF
     STRING '         <P><STRONG>',
            '...................',
            '</STRONG></P></DIV>'
        DELIMITED BY SIZE INTO PRINT-BUF
     WRITE PRINTF-R FROM PRINT-BUF AFTER 001
     INITIALIZE PRINT-BUF
*    AfterPrint
* RPT.Label : Report1-RwLa-3abaabaa
*    BeforePrint
     MOVE '      <!-- Label (Report1-RwLa-3abaabaa) -->' TO PRINT-BUF
     WRITE PRINTF-R FROM PRINT-BUF AFTER 001
     INITIALIZE PRINT-BUF
     MOVE '      <DIV CLASS="Report1-RwLa-3abaabaa" >' TO PRINT-BUF
     WRITE PRINTF-R FROM PRINT-BUF AFTER 001
     INITIALIZE PRINT-BUF
     STRING '         <P><STRONG>',
            '...........',
            '</STRONG></P></DIV>'
        DELIMITED BY SIZE INTO PRINT-BUF
     WRITE PRINTF-R FROM PRINT-BUF AFTER 001
     INITIALIZE PRINT-BUF
*    AfterPrint
* RPT.Date-Time : Report1-RwDtTm-1a
*    BeforePrint
     MOVE '      <!-- Date-Time (Report1-RwDtTm-1a) -->' TO PRINT-BUF
     WRITE PRINTF-R FROM PRINT-BUF AFTER 001
     INITIALIZE PRINT-BUF
     MOVE '      <DIV CLASS="Report1-RwDtTm-1a" >' TO PRINT-BUF
     WRITE PRINTF-R FROM PRINT-BUF AFTER 001
     INITIALIZE PRINT-BUF
     MOVE '         <P><STRONG>' TO PRINT-BUF
     WRITE PRINTF-R FROM PRINT-BUF AFTER 001
     INITIALIZE PRINT-BUF
     PERFORM Acu-Report1-RwDtTm-1a-FORMAT-CONVERT
     MOVE WRK-DATE-REF OF Report1-RwDtTm-1a-DATEBUF TO PRINT-BUF
     WRITE PRINTF-R FROM PRINT-BUF AFTER 001
     INITIALIZE PRINT-BUF
     MOVE '         </STRONG></P></DIV>' TO PRINT-BUF
     WRITE PRINTF-R FROM PRINT-BUF AFTER 001
     INITIALIZE PRINT-BUF
*    AfterPrint
* RPT.Label : Report1-RwLa-3abaac
*    BeforePrint
     MOVE '      <!-- Label (Report1-RwLa-3abaac) -->' TO PRINT-BUF
     WRITE PRINTF-R FROM PRINT-BUF AFTER 001
     INITIALIZE PRINT-BUF
     MOVE '      <DIV CLASS="Report1-RwLa-3abaac" >' TO PRINT-BUF
     WRITE PRINTF-R FROM PRINT-BUF AFTER 001
     INITIALIZE PRINT-BUF
     STRING '         <P><STRONG>',
            'TARIH&nbsp;:',
            '</STRONG></P></DIV>'
        DELIMITED BY SIZE INTO PRINT-BUF
     WRITE PRINTF-R FROM PRINT-BUF AFTER 001
     INITIALIZE PRINT-BUF
*    AfterPrint
* RPT.Label : Report1-RwLa-3abaaaa
*    BeforePrint
     MOVE '      <!-- Label (Report1-RwLa-3abaaaa) -->' TO PRINT-BUF
     WRITE PRINTF-R FROM PRINT-BUF AFTER 001
     INITIALIZE PRINT-BUF
     MOVE '      <DIV CLASS="Report1-RwLa-3abaaaa" >' TO PRINT-BUF
     WRITE PRINTF-R FROM PRINT-BUF AFTER 001
     INITIALIZE PRINT-BUF
     STRING '         <P><STRONG>',
            'IMZA',
            '</STRONG></P></DIV>'
        DELIMITED BY SIZE INTO PRINT-BUF
     WRITE PRINTF-R FROM PRINT-BUF AFTER 001
     INITIALIZE PRINT-BUF
*    AfterPrint
     PERFORM Acu-Report1-RF-1-SEC-FOOT
     .

* Date/Time Format Convert
 Acu-Report1-RwDtTm-1-FORMAT-CONVERT.
     ACCEPT WRK-DATE OF Report1-RwDtTm-1-DATEBUF FROM CENTURY-DATE
     MOVE WRK-YEAR  OF Report1-RwDtTm-1-DATEBUF TO WRK-REF-YEAR  OF
        Report1-RwDtTm-1-DATEBUF
     MOVE WRK-MONTH OF Report1-RwDtTm-1-DATEBUF TO WRK-REF-MONTH OF
        Report1-RwDtTm-1-DATEBUF
     MOVE WRK-DAY   OF Report1-RwDtTm-1-DATEBUF TO WRK-REF-DAY   OF
        Report1-RwDtTm-1-DATEBUF
     ACCEPT WRK-TIME OF Report1-RwDtTm-1-DATEBUF FROM TIME
     MOVE WRK-HOUR   OF Report1-RwDtTm-1-DATEBUF TO WRK-REF-HOUR   OF
        Report1-RwDtTm-1-DATEBUF
     MOVE WRK-MINUTE OF Report1-RwDtTm-1-DATEBUF TO WRK-REF-MINUTE OF
        Report1-RwDtTm-1-DATEBUF
     MOVE WRK-SECOND OF Report1-RwDtTm-1-DATEBUF TO WRK-REF-SECOND OF
        Report1-RwDtTm-1-DATEBUF
     .

* Date/Time Format Convert
 Acu-Report1-RwDtTm-1a-FORMAT-CONVERT.
        ACCEPT WRK-DATE OF Report1-RwDtTm-1a-DATEBUF FROM CENTURY-DATE
        MOVE WRK-YEAR  OF Report1-RwDtTm-1a-DATEBUF TO WRK-REF-YEAR 
           OF Report1-RwDtTm-1a-DATEBUF
        MOVE WRK-MONTH OF Report1-RwDtTm-1a-DATEBUF TO WRK-REF-MONTH
           OF Report1-RwDtTm-1a-DATEBUF
        MOVE WRK-DAY   OF Report1-RwDtTm-1a-DATEBUF TO WRK-REF-DAY  
           OF Report1-RwDtTm-1a-DATEBUF
        ACCEPT WRK-TIME OF Report1-RwDtTm-1a-DATEBUF FROM TIME
     .


 Acu-PRINTF-OPEN-ROUTINE.
     OPEN   OUTPUT               PRINTF WITH NO REWIND.
     MOVE   STAT-PRINTF          TO    STAT-PRINTF.
     IF     NOT VALID-PRINTF
            MOVE   "PRINTF"      TO   ACU-ERR-FILE.

 Acu-PRINTF-CLOSE-ROUTINE.
     CLOSE       PRINTF.

 Acu-Format-Print-Buf.
     INITIALIZE NEW-PRINT-DATA-SIZE,      PRINT-BUF-SIZE            
                PRINT-BUF-LENGTH,        PRINT-BUF-TRAIL-SPACES    
                PRINT-BUF-TOTAL-SPACES,  PRINT-BUF-COUNT
     SET PRINT-BUF-LENGTH TO LENGTH OF PRINT-BUF
     INSPECT PRINT-BUF TALLYING PRINT-BUF-TRAIL-SPACES FOR 
     TRAILING SPACES
     INSPECT PRINT-BUF TALLYING PRINT-BUF-TOTAL-SPACES FOR  
     ALL SPACES
     COMPUTE PRINT-BUF-SIZE = 
             PRINT-BUF-LENGTH - PRINT-BUF-TRAIL-SPACES 
     IF PRINT-BUF-SIZE = 0  OR
        PRINT-BUF-TOTAL-SPACES = PRINT-BUF-TRAIL-SPACES
        MOVE PRINT-BUF TO NEW-PRINT-DATA
        INSPECT NEW-PRINT-DATA REPLACING TRAILING SPACES 
        BY LOW-VALUES
        EXIT PARAGRAPH
     END-IF
     INITIALIZE NEW-PRINT-DATA
     PERFORM VARYING  PRINT-BUF-COUNT FROM 1
                      BY +1 UNTIL
                      PRINT-BUF-COUNT > PRINT-BUF-SIZE OR
                      NEW-PRINT-DATA-SIZE > PRINT-BUF-LENGTH
             MOVE PRINT-BUF(PRINT-BUF-COUNT:1) TO 
                  PRINT-BUF-CHAR
             IF PRINT-BUF-CHAR = " "
                STRING NEW-PRINT-DATA DELIMITED BY SPACES
                       "&nbsp;"  DELIMITED BY SIZE
                       INTO NEW-PRINT-DATA
                END-STRING
                ADD 6 TO NEW-PRINT-DATA-SIZE
             ELSE
                STRING NEW-PRINT-DATA DELIMITED BY SPACES
                       PRINT-BUF-CHAR  DELIMITED BY SIZE
                       INTO NEW-PRINT-DATA
                END-STRING                      
                ADD 1 TO NEW-PRINT-DATA-SIZE
             END-IF
     END-PERFORM
     INSPECT NEW-PRINT-DATA REPLACING 
                      TRAILING SPACES BY LOW-VALUES
     .              

