* slaserdok.rpt
* slaserdok.rpt is generated from C:\asya\Acugt.ytl\OTEL DEVREMULK\slaserdok.Psf
* This is a generated file. DO NOT modify this file directly.

 Acu-Report1-HTML-HEADER.
     MOVE '<HTML>' TO PRINT-BUF.
     WRITE PRINTF-R FROM PRINT-BUF AFTER 001
     INITIALIZE PRINT-BUF
     MOVE '<HEAD><TITLE>  </TITLE></HEAD>' 
        TO PRINT-BUF
     WRITE PRINTF-R FROM PRINT-BUF AFTER 001
     INITIALIZE PRINT-BUF
     PERFORM Acu-Report1-HTML-CSS
     MOVE '<BODY STYLE="BACKGROUND-COLOR:#FFFFFF;">' TO PRINT-BUF
     WRITE PRINTF-R FROM PRINT-BUF AFTER 001
     INITIALIZE PRINT-BUF
     .

 Acu-Report1-HTML-FOOTER.
     MOVE '</BODY>' TO PRINT-BUF
     WRITE PRINTF-R FROM PRINT-BUF AFTER 001
     INITIALIZE PRINT-BUF
     MOVE '</HTML>' TO PRINT-BUF
     WRITE PRINTF-R FROM PRINT-BUF AFTER 001
     INITIALIZE PRINT-BUF
     .

 Acu-Report1-HTML-CSS.
     MOVE '<STYLE TYPE="TEXT/CSS">' TO PRINT-BUF
     WRITE PRINTF-R FROM PRINT-BUF AFTER 001
     INITIALIZE PRINT-BUF
* Report1-RwBox-1'S CSS SETTING
     MOVE 
        '   .Report1-RwBox-1 {POSITION:ABSOLUTE; TOP:5; LEFT:0; WIDTH:73
-       '5; HEIGHT:40; BORDER: 1px SOLID #000000; }' TO PRINT-BUF
     WRITE PRINTF-R FROM PRINT-BUF AFTER 001
     INITIALIZE PRINT-BUF
* Report1-RwLa-2'S CSS SETTING
     MOVE 
        '   .Report1-RwLa-2 {POSITION:ABSOLUTE; TOP:15; LEFT:5; WIDTH:29
-       '4; HEIGHT:20; FONT-SIZE:12pt; FONT-FAMILY:MS Sans Serif; BACKGR
-       'OUND-COLOR:TRANSPARENT; }' TO PRINT-BUF
     WRITE PRINTF-R FROM PRINT-BUF AFTER 001
     INITIALIZE PRINT-BUF
* Report1-RwLn-2'S CSS SETTING
     MOVE 
        '   .Report1-RwLn-2 {POSITION:ABSOLUTE; TOP:78; LEFT:5; WIDTH:73
-       '0; HEIGHT:1; BORDER-TOP: 1px solid; COLOR:#000000; }'
         TO PRINT-BUF
     WRITE PRINTF-R FROM PRINT-BUF AFTER 001
     INITIALIZE PRINT-BUF
* Report1-RwLa-3'S CSS SETTING
     MOVE 
        '   .Report1-RwLa-3 {POSITION:ABSOLUTE; TOP:45; LEFT:148; WIDTH:
-       '425; HEIGHT:30; TEXT-ALIGN:CENTER; FONT-SIZE:18pt; FONT-FAMILY:
-       'MS Sans Serif; BACKGROUND-COLOR:TRANSPARENT; }' TO PRINT-BUF
     WRITE PRINTF-R FROM PRINT-BUF AFTER 001
     INITIALIZE PRINT-BUF
* Report1-RwLa-2a'S CSS SETTING
     MOVE 
        '   .Report1-RwLa-2a {POSITION:ABSOLUTE; TOP:84; LEFT:5; WIDTH:9
-       '8; HEIGHT:16; TEXT-ALIGN:LEFT; FONT-SIZE:9pt; FONT-FAMILY:Micro
-       'soft Sans Serif; BACKGROUND-COLOR:TRANSPARENT; }' TO PRINT-BUF
     WRITE PRINTF-R FROM PRINT-BUF AFTER 001
     INITIALIZE PRINT-BUF
* Report1-RwLa-2aa'S CSS SETTING
     MOVE 
        '   .Report1-RwLa-2aa {POSITION:ABSOLUTE; TOP:84; LEFT:120; WIDT
-       'H:75; HEIGHT:16; TEXT-ALIGN:LEFT; FONT-SIZE:9pt; FONT-FAMILY:MS
-       ' Sans Serif; BACKGROUND-COLOR:TRANSPARENT; }' TO PRINT-BUF
     WRITE PRINTF-R FROM PRINT-BUF AFTER 001
     INITIALIZE PRINT-BUF
* Report1-RwLa-2ab'S CSS SETTING
     MOVE 
        '   .Report1-RwLa-2ab {POSITION:ABSOLUTE; TOP:105; LEFT:5; WIDTH
-       ':98; HEIGHT:15; TEXT-ALIGN:LEFT; FONT-SIZE:9pt; FONT-FAMILY:Mic
-       'rosoft Sans Serif; BACKGROUND-COLOR:TRANSPARENT; }'
         TO PRINT-BUF
     WRITE PRINTF-R FROM PRINT-BUF AFTER 001
     INITIALIZE PRINT-BUF
* Report1-RwLa-2aba'S CSS SETTING
     MOVE 
        '   .Report1-RwLa-2aba {POSITION:ABSOLUTE; TOP:125; LEFT:5; WIDT
-       'H:98; HEIGHT:16; TEXT-ALIGN:LEFT; FONT-SIZE:9pt; FONT-FAMILY:Mi
-       'crosoft Sans Serif; BACKGROUND-COLOR:TRANSPARENT; }'
         TO PRINT-BUF
     WRITE PRINTF-R FROM PRINT-BUF AFTER 001
     INITIALIZE PRINT-BUF
* Report1-RwLa-2aaa'S CSS SETTING
     MOVE 
        '   .Report1-RwLa-2aaa {POSITION:ABSOLUTE; TOP:105; LEFT:120; WI
-       'DTH:75; HEIGHT:15; TEXT-ALIGN:LEFT; FONT-SIZE:9pt; FONT-FAMILY:
-       'MS Sans Serif; BACKGROUND-COLOR:TRANSPARENT; }' TO PRINT-BUF
     WRITE PRINTF-R FROM PRINT-BUF AFTER 001
     INITIALIZE PRINT-BUF
* Report1-RwLa-2aaaa'S CSS SETTING
     MOVE 
        '   .Report1-RwLa-2aaaa {POSITION:ABSOLUTE; TOP:125; LEFT:120; W
-       'IDTH:75; HEIGHT:15; TEXT-ALIGN:LEFT; FONT-SIZE:9pt; FONT-FAMILY
-       ':MS Sans Serif; BACKGROUND-COLOR:TRANSPARENT; }' TO PRINT-BUF
     WRITE PRINTF-R FROM PRINT-BUF AFTER 001
     INITIALIZE PRINT-BUF
* Report1-RwLa-2aaab'S CSS SETTING
     MOVE 
        '   .Report1-RwLa-2aaab {POSITION:ABSOLUTE; TOP:105; LEFT:223; W
-       'IDTH:172; HEIGHT:15; TEXT-ALIGN:LEFT; FONT-SIZE:9pt; FONT-FAMIL
-       'Y:MS Sans Serif; BACKGROUND-COLOR:TRANSPARENT; }' TO PRINT-BUF
     WRITE PRINTF-R FROM PRINT-BUF AFTER 001
     INITIALIZE PRINT-BUF
* Report1-RwLa-2aaaba'S CSS SETTING
     MOVE 
        '   .Report1-RwLa-2aaaba {POSITION:ABSOLUTE; TOP:125; LEFT:223; 
-       'WIDTH:172; HEIGHT:13; TEXT-ALIGN:LEFT; FONT-SIZE:9pt; FONT-FAMI
-       'LY:MS Sans Serif; BACKGROUND-COLOR:TRANSPARENT; }' TO PRINT-BUF
     WRITE PRINTF-R FROM PRINT-BUF AFTER 001
     INITIALIZE PRINT-BUF
* Report1-RwLa-2ac'S CSS SETTING
     MOVE 
        '   .Report1-RwLa-2ac {POSITION:ABSOLUTE; TOP:84; LEFT:455; WIDT
-       'H:74; HEIGHT:16; TEXT-ALIGN:LEFT; FONT-SIZE:9pt; FONT-FAMILY:Mi
-       'crosoft Sans Serif; BACKGROUND-COLOR:TRANSPARENT; }'
         TO PRINT-BUF
     WRITE PRINTF-R FROM PRINT-BUF AFTER 001
     INITIALIZE PRINT-BUF
* Report1-RwLa-2abb'S CSS SETTING
     MOVE 
        '   .Report1-RwLa-2abb {POSITION:ABSOLUTE; TOP:105; LEFT:455; WI
-       'DTH:74; HEIGHT:15; TEXT-ALIGN:LEFT; FONT-SIZE:9pt; FONT-FAMILY:
-       'Microsoft Sans Serif; BACKGROUND-COLOR:TRANSPARENT; }'
         TO PRINT-BUF
     WRITE PRINTF-R FROM PRINT-BUF AFTER 001
     INITIALIZE PRINT-BUF
* Report1-RwLa-2abab'S CSS SETTING
     MOVE 
        '   .Report1-RwLa-2abab {POSITION:ABSOLUTE; TOP:125; LEFT:455; W
-       'IDTH:74; HEIGHT:13; TEXT-ALIGN:LEFT; FONT-SIZE:9pt; FONT-FAMILY
-       ':Microsoft Sans Serif; BACKGROUND-COLOR:TRANSPARENT; }'
         TO PRINT-BUF
     WRITE PRINTF-R FROM PRINT-BUF AFTER 001
     INITIALIZE PRINT-BUF
* Report1-RwLa-2aab'S CSS SETTING
     MOVE 
        '   .Report1-RwLa-2aab {POSITION:ABSOLUTE; TOP:84; LEFT:223; WID
-       'TH:76; HEIGHT:15; TEXT-ALIGN:LEFT; FONT-SIZE:9pt; FONT-FAMILY:M
-       'S Sans Serif; BACKGROUND-COLOR:TRANSPARENT; }' TO PRINT-BUF
     WRITE PRINTF-R FROM PRINT-BUF AFTER 001
     INITIALIZE PRINT-BUF
* Report1-RwLa-2aaabaaa'S CSS SETTING
     MOVE 
        '   .Report1-RwLa-2aaabaaa {POSITION:ABSOLUTE; TOP:84; LEFT:544;
-       ' WIDTH:170; HEIGHT:15; TEXT-ALIGN:LEFT; FONT-SIZE:9pt; FONT-FAM
-       'ILY:MS Sans Serif; BACKGROUND-COLOR:TRANSPARENT; }'
         TO PRINT-BUF
     WRITE PRINTF-R FROM PRINT-BUF AFTER 001
     INITIALIZE PRINT-BUF
* Report1-RwLa-2aaabaaaa'S CSS SETTING
     MOVE 
        '   .Report1-RwLa-2aaabaaaa {POSITION:ABSOLUTE; TOP:105; LEFT:54
-       '4; WIDTH:170; HEIGHT:15; TEXT-ALIGN:LEFT; FONT-SIZE:9pt; FONT-F
-       'AMILY:MS Sans Serif; BACKGROUND-COLOR:TRANSPARENT; }'
         TO PRINT-BUF
     WRITE PRINTF-R FROM PRINT-BUF AFTER 001
     INITIALIZE PRINT-BUF
* Report1-RwLa-2aaabaaaaa'S CSS SETTING
     MOVE 
        '   .Report1-RwLa-2aaabaaaaa {POSITION:ABSOLUTE; TOP:125; LEFT:5
-       '44; WIDTH:170; HEIGHT:13; TEXT-ALIGN:LEFT; FONT-SIZE:9pt; FONT-
-       'FAMILY:MS Sans Serif; BACKGROUND-COLOR:TRANSPARENT; }'
         TO PRINT-BUF
     WRITE PRINTF-R FROM PRINT-BUF AFTER 001
     INITIALIZE PRINT-BUF
* Report1-RwLa-1ab'S CSS SETTING
     MOVE 
        '   .Report1-RwLa-1ab {POSITION:ABSOLUTE; TOP:185; LEFT:5; WIDTH
-       ':55; HEIGHT:19; FONT-SIZE:9pt; FONT-FAMILY:MS Sans Serif; BACKG
-       'ROUND-COLOR:TRANSPARENT; }' TO PRINT-BUF
     WRITE PRINTF-R FROM PRINT-BUF AFTER 001
     INITIALIZE PRINT-BUF
* Report1-RwLa-1aab'S CSS SETTING
     MOVE 
        '   .Report1-RwLa-1aab {POSITION:ABSOLUTE; TOP:185; LEFT:70; WID
-       'TH:189; HEIGHT:19; FONT-SIZE:9pt; FONT-FAMILY:MS Sans Serif; BA
-       'CKGROUND-COLOR:TRANSPARENT; }' TO PRINT-BUF
     WRITE PRINTF-R FROM PRINT-BUF AFTER 001
     INITIALIZE PRINT-BUF
* Report1-RwLn-1b'S CSS SETTING
     MOVE 
        '   .Report1-RwLn-1b {POSITION:ABSOLUTE; TOP:203; LEFT:5; WIDTH:
-       '730; HEIGHT:1; BORDER-TOP: 1px solid; COLOR:#000000; }'
         TO PRINT-BUF
     WRITE PRINTF-R FROM PRINT-BUF AFTER 001
     INITIALIZE PRINT-BUF
* Report1-RwLa-1aaab'S CSS SETTING
     MOVE 
        '   .Report1-RwLa-1aaab {POSITION:ABSOLUTE; TOP:185; LEFT:399; W
-       'IDTH:20; HEIGHT:19; FONT-SIZE:9pt; FONT-FAMILY:MS Sans Serif; B
-       'ACKGROUND-COLOR:TRANSPARENT; }' TO PRINT-BUF
     WRITE PRINTF-R FROM PRINT-BUF AFTER 001
     INITIALIZE PRINT-BUF
* Report1-RwLa-1aaaab'S CSS SETTING
     MOVE 
        '   .Report1-RwLa-1aaaab {POSITION:ABSOLUTE; TOP:185; LEFT:424; 
-       'WIDTH:70; HEIGHT:19; TEXT-ALIGN:CENTER; FONT-SIZE:9pt; FONT-FAM
-       'ILY:MS Sans Serif; BACKGROUND-COLOR:TRANSPARENT; }'
         TO PRINT-BUF
     WRITE PRINTF-R FROM PRINT-BUF AFTER 001
     INITIALIZE PRINT-BUF
* Report1-RwLa-1aaaaabb'S CSS SETTING
     MOVE 
        '   .Report1-RwLa-1aaaaabb {POSITION:ABSOLUTE; TOP:185; LEFT:607
-       '; WIDTH:60; HEIGHT:19; TEXT-ALIGN:CENTER; FONT-SIZE:9pt; FONT-F
-       'AMILY:MS Sans Serif; BACKGROUND-COLOR:TRANSPARENT; }'
         TO PRINT-BUF
     WRITE PRINTF-R FROM PRINT-BUF AFTER 001
     INITIALIZE PRINT-BUF
* Report1-RwLa-1aaaaabab'S CSS SETTING
     MOVE 
        '   .Report1-RwLa-1aaaaabab {POSITION:ABSOLUTE; TOP:185; LEFT:67
-       '3; WIDTH:60; HEIGHT:19; TEXT-ALIGN:CENTER; FONT-SIZE:9pt; FONT-
-       'FAMILY:MS Sans Serif; BACKGROUND-COLOR:TRANSPARENT; }'
         TO PRINT-BUF
     WRITE PRINTF-R FROM PRINT-BUF AFTER 001
     INITIALIZE PRINT-BUF
* Report1-RwLn-1aa'S CSS SETTING
     MOVE 
        '   .Report1-RwLn-1aa {POSITION:ABSOLUTE; TOP:180; LEFT:5; WIDTH
-       ':730; HEIGHT:1; BORDER-TOP: 1px solid; COLOR:#000000; }'
         TO PRINT-BUF
     WRITE PRINTF-R FROM PRINT-BUF AFTER 001
     INITIALIZE PRINT-BUF
* Report1-RwDtTm-1'S CSS Setting
     MOVE 
        '   .Report1-RwDtTm-1 {POSITION:ABSOLUTE; TOP:10; LEFT:654; WIDT
-       'H:71; HEIGHT:25; TEXT-ALIGN:CENTER; BACKGROUND-COLOR:TRANSPAREN
-       'T; }' TO PRINT-BUF
     WRITE PRINTF-R FROM PRINT-BUF AFTER 001
     INITIALIZE PRINT-BUF
* Report1-RwLa-2abaaa'S CSS SETTING
     MOVE 
        '   .Report1-RwLa-2abaaa {POSITION:ABSOLUTE; TOP:162; LEFT:5; WI
-       'DTH:98; HEIGHT:17; TEXT-ALIGN:LEFT; FONT-SIZE:9pt; FONT-FAMILY:
-       'Microsoft Sans Serif; BACKGROUND-COLOR:TRANSPARENT; }'
         TO PRINT-BUF
     WRITE PRINTF-R FROM PRINT-BUF AFTER 001
     INITIALIZE PRINT-BUF
* Report1-RwLa-20'S CSS SETTING
     MOVE 
        '   .Report1-RwLa-20 {POSITION:ABSOLUTE; TOP:160; LEFT:120; WIDT
-       'H:540; HEIGHT:14; BACKGROUND-COLOR:TRANSPARENT; }' TO PRINT-BUF
     WRITE PRINTF-R FROM PRINT-BUF AFTER 001
     INITIALIZE PRINT-BUF
* Report1-RwLa-18b'S CSS SETTING
     MOVE 
        '   .Report1-RwLa-18b {POSITION:ABSOLUTE; TOP:84; LEFT:109; WIDT
-       'H:5; HEIGHT:15; BACKGROUND-COLOR:TRANSPARENT; }' TO PRINT-BUF
     WRITE PRINTF-R FROM PRINT-BUF AFTER 001
     INITIALIZE PRINT-BUF
* Report1-RwLa-18ba'S CSS SETTING
     MOVE 
        '   .Report1-RwLa-18ba {POSITION:ABSOLUTE; TOP:105; LEFT:109; WI
-       'DTH:5; HEIGHT:15; BACKGROUND-COLOR:TRANSPARENT; }' TO PRINT-BUF
     WRITE PRINTF-R FROM PRINT-BUF AFTER 001
     INITIALIZE PRINT-BUF
* Report1-RwLa-18baa'S CSS SETTING
     MOVE 
        '   .Report1-RwLa-18baa {POSITION:ABSOLUTE; TOP:125; LEFT:109; W
-       'IDTH:5; HEIGHT:14; BACKGROUND-COLOR:TRANSPARENT; }'
         TO PRINT-BUF
     WRITE PRINTF-R FROM PRINT-BUF AFTER 001
     INITIALIZE PRINT-BUF
* Report1-RwLa-18baaa'S CSS SETTING
     MOVE 
        '   .Report1-RwLa-18baaa {POSITION:ABSOLUTE; TOP:144; LEFT:109; 
-       'WIDTH:5; HEIGHT:15; BACKGROUND-COLOR:TRANSPARENT; }'
         TO PRINT-BUF
     WRITE PRINTF-R FROM PRINT-BUF AFTER 001
     INITIALIZE PRINT-BUF
* Report1-RwLa-18baaaa'S CSS SETTING
     MOVE 
        '   .Report1-RwLa-18baaaa {POSITION:ABSOLUTE; TOP:165; LEFT:109;
-       ' WIDTH:5; HEIGHT:15; BACKGROUND-COLOR:TRANSPARENT; }'
         TO PRINT-BUF
     WRITE PRINTF-R FROM PRINT-BUF AFTER 001
     INITIALIZE PRINT-BUF
* Report1-RwLa-18bb'S CSS SETTING
     MOVE 
        '   .Report1-RwLa-18bb {POSITION:ABSOLUTE; TOP:84; LEFT:534; WID
-       'TH:5; HEIGHT:14; BACKGROUND-COLOR:TRANSPARENT; }' TO PRINT-BUF
     WRITE PRINTF-R FROM PRINT-BUF AFTER 001
     INITIALIZE PRINT-BUF
* Report1-RwLa-18bab'S CSS SETTING
     MOVE 
        '   .Report1-RwLa-18bab {POSITION:ABSOLUTE; TOP:105; LEFT:534; W
-       'IDTH:5; HEIGHT:15; BACKGROUND-COLOR:TRANSPARENT; }'
         TO PRINT-BUF
     WRITE PRINTF-R FROM PRINT-BUF AFTER 001
     INITIALIZE PRINT-BUF
* Report1-RwLa-18baab'S CSS SETTING
     MOVE 
        '   .Report1-RwLa-18baab {POSITION:ABSOLUTE; TOP:125; LEFT:534; 
-       'WIDTH:5; HEIGHT:14; BACKGROUND-COLOR:TRANSPARENT; }'
         TO PRINT-BUF
     WRITE PRINTF-R FROM PRINT-BUF AFTER 001
     INITIALIZE PRINT-BUF
* Report1-RwLa-1aaaaac'S CSS SETTING
     MOVE 
        '   .Report1-RwLa-1aaaaac {POSITION:ABSOLUTE; TOP:185; LEFT:504;
-       ' WIDTH:95; HEIGHT:19; TEXT-ALIGN:CENTER; FONT-SIZE:9pt; FONT-FA
-       'MILY:MS Sans Serif; BACKGROUND-COLOR:TRANSPARENT; }'
         TO PRINT-BUF
     WRITE PRINTF-R FROM PRINT-BUF AFTER 001
     INITIALIZE PRINT-BUF
* Report1-RwLa-1aabb'S CSS SETTING
     MOVE 
        '   .Report1-RwLa-1aabb {POSITION:ABSOLUTE; TOP:185; LEFT:270; W
-       'IDTH:120; HEIGHT:19; FONT-SIZE:9pt; FONT-FAMILY:MS Sans Serif; 
-       'BACKGROUND-COLOR:TRANSPARENT; }' TO PRINT-BUF
     WRITE PRINTF-R FROM PRINT-BUF AFTER 001
     INITIALIZE PRINT-BUF
* Report1-RwLa-1aba'S CSS SETTING
     MOVE 
        '   .Report1-RwLa-1aba {POSITION:ABSOLUTE; TOP:5; LEFT:5; WIDTH:
-       '55; HEIGHT:19; TEXT-ALIGN:LEFT; FONT-SIZE:9pt; FONT-FAMILY:MS S
-       'ans Serif; BACKGROUND-COLOR:TRANSPARENT; }' TO PRINT-BUF
     WRITE PRINTF-R FROM PRINT-BUF AFTER 001
     INITIALIZE PRINT-BUF
* Report1-RwLa-1aaba'S CSS SETTING
     MOVE 
        '   .Report1-RwLa-1aaba {POSITION:ABSOLUTE; TOP:5; LEFT:70; WIDT
-       'H:189; HEIGHT:13; TEXT-ALIGN:LEFT; FONT-SIZE:9pt; FONT-FAMILY:M
-       'S Sans Serif; BACKGROUND-COLOR:TRANSPARENT; }' TO PRINT-BUF
     WRITE PRINTF-R FROM PRINT-BUF AFTER 001
     INITIALIZE PRINT-BUF
* Report1-RwLa-1aaaba'S CSS SETTING
     MOVE 
        '   .Report1-RwLa-1aaaba {POSITION:ABSOLUTE; TOP:5; LEFT:399; WI
-       'DTH:20; HEIGHT:13; TEXT-ALIGN:LEFT; FONT-SIZE:9pt; FONT-FAMILY:
-       'MS Sans Serif; BACKGROUND-COLOR:TRANSPARENT; }' TO PRINT-BUF
     WRITE PRINTF-R FROM PRINT-BUF AFTER 001
     INITIALIZE PRINT-BUF
* Report1-RwLa-1aaaaba'S CSS SETTING
     MOVE 
        '   .Report1-RwLa-1aaaaba {POSITION:ABSOLUTE; TOP:5; LEFT:424; W
-       'IDTH:70; HEIGHT:19; TEXT-ALIGN:RIGHT; FONT-SIZE:9pt; FONT-FAMIL
-       'Y:MS Sans Serif; BACKGROUND-COLOR:TRANSPARENT; }' TO PRINT-BUF
     WRITE PRINTF-R FROM PRINT-BUF AFTER 001
     INITIALIZE PRINT-BUF
* Report1-RwLn-5'S CSS SETTING
     MOVE 
        '   .Report1-RwLn-5 {POSITION:ABSOLUTE; TOP:18; LEFT:4; WIDTH:72
-       '8; HEIGHT:1; BORDER-TOP: 1px solid; COLOR:#000000; }'
         TO PRINT-BUF
     WRITE PRINTF-R FROM PRINT-BUF AFTER 001
     INITIALIZE PRINT-BUF
* Report1-RwLn-6'S CSS SETTING
     MOVE 
        '   .Report1-RwLn-6 {POSITION:ABSOLUTE; TOP:4; LEFT:498; WIDTH=1
-       '; HEIGHT:12; BORDER-LEFT: 1px solid; COLOR:#000000; }'
         TO PRINT-BUF
     WRITE PRINTF-R FROM PRINT-BUF AFTER 001
     INITIALIZE PRINT-BUF
* Report1-RwLn-6a'S CSS SETTING
     MOVE 
        '   .Report1-RwLn-6a {POSITION:ABSOLUTE; TOP:4; LEFT:600; WIDTH=
-       '1; HEIGHT:12; BORDER-LEFT: 1px solid; COLOR:#000000; }'
         TO PRINT-BUF
     WRITE PRINTF-R FROM PRINT-BUF AFTER 001
     INITIALIZE PRINT-BUF
* Report1-RwLn-6aa'S CSS SETTING
     MOVE 
        '   .Report1-RwLn-6aa {POSITION:ABSOLUTE; TOP:4; LEFT:669; WIDTH
-       '=1; HEIGHT:12; BORDER-LEFT: 1px solid; COLOR:#000000; }'
         TO PRINT-BUF
     WRITE PRINTF-R FROM PRINT-BUF AFTER 001
     INITIALIZE PRINT-BUF
* Report1-RwLa-1aabba'S CSS SETTING
     MOVE 
        '   .Report1-RwLa-1aabba {POSITION:ABSOLUTE; TOP:5; LEFT:270; WI
-       'DTH:120; HEIGHT:19; FONT-SIZE:9pt; FONT-FAMILY:MS Sans Serif; B
-       'ACKGROUND-COLOR:TRANSPARENT; }' TO PRINT-BUF
     WRITE PRINTF-R FROM PRINT-BUF AFTER 001
     INITIALIZE PRINT-BUF
* Report1-RwLa-1'S CSS SETTING
     MOVE 
        '   .Report1-RwLa-1 {POSITION:ABSOLUTE; TOP:15; LEFT:214; WIDTH:
-       '158; HEIGHT:15; BACKGROUND-COLOR:TRANSPARENT; }' TO PRINT-BUF
     WRITE PRINTF-R FROM PRINT-BUF AFTER 001
     INITIALIZE PRINT-BUF
* Report1-RwLa-1a'S CSS SETTING
     MOVE 
        '   .Report1-RwLa-1a {POSITION:ABSOLUTE; TOP:15; LEFT:576; WIDTH
-       ':159; HEIGHT:15; BACKGROUND-COLOR:TRANSPARENT; }' TO PRINT-BUF
     WRITE PRINTF-R FROM PRINT-BUF AFTER 001
     INITIALIZE PRINT-BUF
* Report1-RwLa-1b'S CSS SETTING
     MOVE 
        '   .Report1-RwLa-1b {POSITION:ABSOLUTE; TOP:15; LEFT:395; WIDTH
-       ':158; HEIGHT:15; BACKGROUND-COLOR:TRANSPARENT; }' TO PRINT-BUF
     WRITE PRINTF-R FROM PRINT-BUF AFTER 001
     INITIALIZE PRINT-BUF
* Report1-RwLa-21'S CSS SETTING
     MOVE 
        '   .Report1-RwLa-21 {POSITION:ABSOLUTE; TOP:15; LEFT:33; WIDTH:
-       '159; HEIGHT:15; BACKGROUND-COLOR:TRANSPARENT; }' TO PRINT-BUF
     WRITE PRINTF-R FROM PRINT-BUF AFTER 001
     INITIALIZE PRINT-BUF
* Report1-RwLa-2aac'S CSS SETTING
     MOVE 
        '   .Report1-RwLa-2aac {POSITION:ABSOLUTE; TOP:34; LEFT:10; WIDT
-       'H:180; HEIGHT:15; TEXT-ALIGN:CENTER; FONT-SIZE:9pt; FONT-FAMILY
-       ':MS Sans Serif; BACKGROUND-COLOR:TRANSPARENT; }' TO PRINT-BUF
     WRITE PRINTF-R FROM PRINT-BUF AFTER 001
     INITIALIZE PRINT-BUF
     MOVE '</STYLE>' TO PRINT-BUF
     WRITE PRINTF-R FROM PRINT-BUF AFTER 001
     INITIALIZE PRINT-BUF
     .    

 Acu-Report1-PRINT-PARA.
     MOVE SPACES TO PRINT-FULLNAME
     CALL "C$FULLNAME" USING rapor-dosya, PRINT-FULLNAME,
          GIVING ACU-STATUS-CODE
     IF ACU-STATUS-CODE = 1
        MOVE 0 TO ACU-SETUPPRINT
        EXIT PARAGRAPH
     END-IF
     MOVE 0 TO ACU-IDX1
     INSPECT PRINT-FULLNAME TALLYING ACU-IDX1 FOR ALL "\"
     INSPECT PRINT-FULLNAME REPLACING TRAILING SPACE BY "*"
     IF ACU-IDX1 <= 0
        MOVE SPACES TO DUMY-LINE
        CALL "C$CHDIR" USING DUMY-LINE
        INSPECT DUMY-LINE REPLACING TRAILING SPACE BY "*"
        MOVE 0 TO ACU-STATUS-CODE
        PERFORM VARYING ACU-IDX2 FROM 1 BY 1 UNTIL
        ACU-STATUS-CODE = 1
           IF DUMY-LINE(ACU-IDX2:1) = "*"
              MOVE 1 TO ACU-STATUS-CODE
           END-IF
        END-PERFORM
        IF DUMY-LINE(ACU-IDX2 - 2:1) = "\"
           STRING DUMY-LINE, PRINT-FULLNAME, X"00"
              DELIMITED BY "*" INTO PRT-FULLFILENAME
        ELSE
           STRING DUMY-LINE, "\", PRINT-FULLNAME, X"00"
              DELIMITED BY "*" INTO PRT-FULLFILENAME
        END-IF
     ELSE
        STRING PRINT-FULLNAME , X"00" DELIMITED BY "*" INTO 
           PRT-FULLFILENAME
     END-IF

     STRING "A4", X"00" DELIMITED BY SIZE INTO 
        ACU-PAPER-SIZE
     MOVE X"00" TO ACU-PAPER-HEADER
     MOVE X"00" TO ACU-PAPER-FOOTER
     MOVE "PORTRAIT" TO ACU-PAPER-ORIENTATION
     IF ACU-PAPER-ORIENTATION = "LANDSCAPE"
        MOVE 2 TO ACU-PAPER-ORIENTATIONINT
     ELSE
        MOVE 1 TO ACU-PAPER-ORIENTATIONINT
     END-IF
     STRING "PORTRAIT", X"00" DELIMITED BY SIZE INTO
        ACU-PAPER-ORIENTATION
     MOVE "25" to ACU-MARGIN-LEFT
     MOVE "25" to ACU-MARGIN-RIGHT
     MOVE "25" to ACU-MARGIN-TOP
     MOVE "25" to ACU-MARGIN-BOTTOM
     STRING ACU-PAPER-MARGIN, X"00" DELIMITED BY SIZE INTO 
        PRINT-BROWSER-PARA
     IF ACU-PAPER-COPIES = 0 
        OR ACU-PAPER-COPIES(1:) = spaces
           MOVE 1 to ACU-PAPER-COPIES
     END-IF
     MOVE SPACES TO DUMY-LINE
     .

 Acu-Report1-SETUP-PRINT.
     MOVE 1 TO ACU-SETUPPRINT
     PERFORM Acu-Report1-PRINT-PARA
     SET ENVIRONMENT "DLL_CONVENTION" to "1"
     CALL "AcuBenchPrintDummy"
        ON EXCEPTION CALL "AcuBenchPrint.dll" END-CALL
     END-CALL
     CALL "AcuBenchPrintExecWBPageSetup" USING
          BY CONTENT PRINT-BROWSER-PARA,
          BY CONTENT ACU-PAPER-SIZE, 
          BY VALUE   ACU-PAPER-ORIENTATIONINT,
          BY CONTENT ACU-PRINTER-NAME
          GIVING ACUPRINTDLL-STATUS
     END-CALL
     IF ACUPRINTDLL-SUCCESS
        MOVE 1 TO PRINT-UNIT-TYPE
        SET PRINT-PTR TO ADDRESS OF ACU-PAPER-MARGIN
        CALL "AcuBenchPrintGetMargins" USING BY 
           VALUE PRINT-UNIT-TYPE, PRINT-PTR
        SET PRINT-PTR TO ADDRESS OF ACU-PAPER-SIZEINT
        CALL "AcuBenchPrintGetPaperSize" USING BY 
           VALUE PRINT-UNIT-TYPE, PRINT-PTR
        COMPUTE PAGE-HEIGHT OF Report1-HEIGHT = 
           ACU-PAPER-HEIGHT - ACU-MARGIN-TOP 
           - ACU-MARGIN-BOTTOM
        COMPUTE PAGE-WIDTH OF Report1-HEIGHT = 
           ACU-PAPER-WIDTH - ACU-MARGIN-LEFT
           - ACU-MARGIN-RIGHT

        MOVE 2 TO PRINT-UNIT-TYPE
        SET PRINT-PTR TO ADDRESS OF ACU-PAPER-MARGIN
        CALL "AcuBenchPrintGetMargins" USING BY VALUE
           PRINT-UNIT-TYPE, PRINT-PTR
        STRING ACU-PAPER-MARGIN, X"00" DELIMITED BY SIZE INTO
           PRINT-BROWSER-PARA

        SET PRINT-PTR TO ADDRESS OF ACU-PAPER-SIZE
        CALL "AcuBenchPrintGetPaperName" USING BY VALUE PRINT-PTR
        CALL "AcuBenchPrintGetOrientation" GIVING 
           ACU-PAPER-ORIENTATIONINT
        CALL "AcuBenchPrintGetCopies" GIVING ACU-PAPER-COPIES
        SET PRINT-PTR TO ADDRESS OF ACU-PRINTER-NAME
        CALL "AcuBenchPrintGetPrinterName" USING BY VALUE 
           PRINT-PTR

        PERFORM Acu-Report1-PRINT-TOFILE
        PERFORM Acu-Report1-DO-PRINT
     END-IF
     .

 Acu-Report1-PRINT.
     MOVE 0 TO ACU-SETUPPRINT
     PERFORM Acu-Report1-PRINT-TOFILE
     PERFORM Acu-Report1-DO-PRINT
     .

 Acu-Report1-DO-PRINT.
     IF ACU-SETUPPRINT = 0
        PERFORM Acu-Report1-PRINT-PARA
        SET ENVIRONMENT "DLL_CONVENTION" to "1"
        CALL "AcuBenchPrintDummy"
           ON EXCEPTION CALL "AcuBenchPrint.dll" END-CALL
        END-CALL
     END-IF
     CALL "AcuBenchPrintExecWBPrint" USING
          BY CONTENT PRT-FULLFILENAME,
          OMITTED,
          BY CONTENT PRINT-BROWSER-PARA,
          BY CONTENT ACU-PAPER-HEADER, 
          BY CONTENT ACU-PAPER-FOOTER, 
          BY CONTENT ACU-PAPER-SIZE, 
          BY VALUE ACU-PAPER-ORIENTATIONINT,
          BY VALUE ACU-PAPER-COPIES,
          BY CONTENT ACU-PRINTER-NAME
     END-CALL
     MOVE 0 TO ACU-SETUPPRINT
     .

 Acu-Report1-PREVIEW.
     PERFORM Acu-Report1-PRINT-TOFILE
     PERFORM Acu-Report1-PRINT-PARA
     SET ENVIRONMENT "DLL_CONVENTION" to "1"
     CALL "AcuBenchPrintDummy"
        ON EXCEPTION CALL "AcuBenchPrint.dll" END-CALL
     END-CALL
     CALL "AcuBenchPrintExecWBPreview" USING
          BY CONTENT PRT-FULLFILENAME,
          BY CONTENT PRINT-BROWSER-PARA,
          BY CONTENT ACU-PAPER-HEADER, 
          BY CONTENT ACU-PAPER-FOOTER, 
          BY CONTENT ACU-PAPER-SIZE, 
          BY VALUE ACU-PAPER-ORIENTATIONINT,
          BY CONTENT ACU-PRINTER-NAME
     END-CALL
     .

 Acu-Report1-PRINT-TOFILE.
     MOVE rapor-dosya TO PTR-DEV-NAME.
     MOVE 1 TO CURRENT-COL
     MOVE 0 TO Report1-CLEFTOFFSET
     MOVE 0 TO CNT-PIXELS
     MOVE 1 TO NTOPCOLUMNNUM
     PERFORM Acu-PRINTF-OPEN-ROUTINE.
*    BeforePrint           
     PERFORM Acu-Report1-HTML-HEADER.
     PERFORM Acu-Report1-HTML-PAGE-HEADER.
     PERFORM Acu-RPT-Report1-PRINT-LOOP.
     PERFORM Acu-Report1-HTML-FOOTER.
*    AfterPrint
     PERFORM Acu-PRINTF-CLOSE-ROUTINE
     .

 Acu-RPT-Report1-PRINT-LOOP.
     MOVE 1 TO TMP-PRINTORNOT
     MOVE 0 TO CNT-INPAGEPIXELS
     MOVE 1 TO ACU-PAGENUM
     MOVE 1 TO ACU-PAGENUM-SYS
     MOVE 0 TO SYS-ENDPRIMARYFD
     MOVE 1 TO REPORT-FOOTER-PRINT-AFTER-PAGE
     PERFORM Acu-RPT-Report1-ALL-RESET
* Check Report Header
     PERFORM Acu-RPT-Report1-REPORT-HEADER
* Start Normal (Page H/F, Group H/F, Detail)
     PERFORM Acu-RPT-Report1-MASTER-PRINT-LOOP
* End Normal (Page H/F, Group H/F, Detail)
     PERFORM Acu-RPT-Report1-PAGE-HEADER
* Check Last Group Footer
     PERFORM Acu-RPT-Report1-GROUP-MUSTDSP
     PERFORM Acu-RPT-Report1-GROUP-FOOTER
* Check Report Footer
     IF ( REPORT-FOOTER-PRINT-AFTER-PAGE = 0 )
        PERFORM Acu-RPT-Report1-REPORT-FOOTER
     END-IF
* Normal Ending
     PERFORM Acu-Report1-FILL-DETAIL-FOR-ZEBRA
     IF ( REPORT-FOOTER-PRINT-AFTER-PAGE = 0 )
        MOVE 1 TO SYS-ENDPRIMARYFD   
        COMPUTE CNT-PIXELS = ACU-PAGENUM-SYS * PAGE-HEIGHT OF
           Report1-HEIGHT - Report1-PF-1-DEF-HEIGHT OF Report1-HEIGHT
        COMPUTE CNT-INPAGEPIXELS = PAGE-HEIGHT OF Report1-HEIGHT -
           Report1-PF-1-DEF-HEIGHT OF Report1-HEIGHT
        MOVE PAGE-HEIGHT OF Report1-HEIGHT TO CNT-INPAGEPIXELS
        PERFORM Acu-RPT-Report1-PAGE-FOOTER
     END-IF
* Check Report Footer
     IF ( REPORT-FOOTER-PRINT-AFTER-PAGE = 1 )
        PERFORM Acu-RPT-Report1-REPORT-FOOTER
     END-IF
     .

 Acu-Report1-HTML-PAGE-HEADER.
     MOVE ' <!-- Page DIV -->' TO PRINT-BUF
     WRITE PRINTF-R FROM PRINT-BUF AFTER 001
     INITIALIZE PRINT-BUF
     STRING ' <DIV STYLE="POSITION:ABSOLUTE; TOP:', 
            CNT-PIXELS, 
            '; LEFT:',
            Report1-CLEFTOFFSET,
            '; HEIGHT:', PAGE-HEIGHT OF Report1-HEIGHT, 
            '; WIDTH:', PAGE-WIDTH OF Report1-HEIGHT,
            ' ;">'
         DELIMITED BY SIZE INTO PRINT-BUF.
     WRITE PRINTF-R FROM PRINT-BUF AFTER 001
     INITIALIZE PRINT-BUF
     .

 Acu-Report1-HTML-PAGE-FOOTER.
     MOVE ' <!-- End(Page) --></DIV>' TO PRINT-BUF
     WRITE PRINTF-R FROM PRINT-BUF AFTER 001
     INITIALIZE PRINT-BUF
     .

 Acu-RPT-Report1-REPORT-HEADER.
     .

 Acu-RPT-Report1-REPORT-FOOTER.
     PERFORM Report1-RF-1-BeforePrint
     MOVE Report1-RF-1-DEF-HEIGHT OF Report1-HEIGHT TO CURRENT-HEIGHT
     PERFORM Acu-RPT-Report1-PAGE-FOOTER
     PERFORM Acu-Report1-RF-1-PRINT-RTN
     ADD Report1-RF-1-HEIGHT OF Report1-HEIGHT TO CNT-PIXELS
     ADD Report1-RF-1-HEIGHT OF Report1-HEIGHT TO CNT-INPAGEPIXELS
*    AfterPrint
     .

 Acu-RPT-Report1-PAGE-HEADER.
*    BeforePrint
     IF ( CNT-INPAGEPIXELS < Report1-PH-1-HEIGHT OF Report1-HEIGHT )
        OR ( REPORT-HEADER-PRINT-BEFORE-PAGE = 1 )
        PERFORM Acu-Report1-PH-1-PRINT-RTN
        ADD  Report1-PH-1-HEIGHT OF Report1-HEIGHT TO CNT-PIXELS
        IF ( REPORT-HEADER-PRINT-BEFORE-PAGE = 1 )
           ADD Report1-PH-1-HEIGHT OF Report1-HEIGHT TO CNT-INPAGEPIXELS
        ELSE
           MOVE Report1-PH-1-HEIGHT OF Report1-HEIGHT TO
        CNT-INPAGEPIXELS
        END-IF
     END-IF
*    AfterPrint
     .

 Acu-RPT-Report1-PAGE-FOOTER.
*    BeforePrint
     COMPUTE TMP-PIXELS = CNT-INPAGEPIXELS + CURRENT-HEIGHT +
        Report1-PF-1-HEIGHT OF Report1-HEIGHT
     IF TMP-PIXELS > PAGE-HEIGHT OF Report1-HEIGHT
        COMPUTE CNT-PIXELS = ACU-PAGENUM-SYS * PAGE-HEIGHT OF
        Report1-HEIGHT - Report1-PF-1-HEIGHT OF Report1-HEIGHT
        COMPUTE CNT-INPAGEPIXELS = PAGE-HEIGHT OF Report1-HEIGHT -
        Report1-PF-1-DEF-HEIGHT OF Report1-HEIGHT
        PERFORM Acu-Report1-PF-1-PRINT-RTN
        PERFORM Acu-Report1-Page-BREAK-RTN
        MOVE Report1-PF-1-DEF-HEIGHT OF Report1-HEIGHT TO
        Report1-PF-1-HEIGHT OF Report1-HEIGHT
     END-IF
*    AfterPrint         
     .

 Acu-RPT-Report1-PAGE-FOOTER-OVERPAGE.
     MOVE 0 TO RPT-RETURN-VALUE
     COMPUTE TMP-PIXELS = CNT-INPAGEPIXELS + CURRENT-HEIGHT +
        Report1-PF-1-HEIGHT OF Report1-HEIGHT
     IF TMP-PIXELS + 1 >= PAGE-HEIGHT OF Report1-HEIGHT
        MOVE 1 TO RPT-RETURN-VALUE
     END-IF
     .

 Acu-RPT-Report1-DETAIL.
     PERFORM Acu-rapor-detay1-DETAIL-PRINT.
     .

 Acu-RPT-Report1-GROUP-HEADER.
* Cause there're possibly several Group.
     .

 Acu-RPT-Report1-GROUP-FOOTER.
     .

 Acu-RPT-Report1-GROUP-MUSTDSP.
     .

 Acu-RPT-Report1-GROUP-NOMUSTDSP.
     .

 Acu-RPT-Report1-ALL-RESET.
* Group Reset
     .

 Acu-RPT-Report1-DO-PRINT-RTN.
     MOVE 1 TO TMP-PRINTORNOT
* Check Group Footer
     PERFORM Acu-RPT-Report1-GROUP-FOOTER
* Init Detail's Height
     MOVE rapor-detay1-HEIGHT OF Report1-HEIGHT TO CURRENT-HEIGHT
     PERFORM Acu-RPT-Report1-PAGE-FOOTER
     PERFORM Acu-RPT-Report1-PAGE-HEADER
* Check Group Header
     PERFORM Acu-RPT-Report1-GROUP-HEADER
* Detail
     PERFORM Acu-RPT-Report1-DETAIL
     .

 Acu-Report1-Page-BREAK-RTN.
     IF CURRENT-COL < NTOPCOLUMNNUM
        COMPUTE CNT-PIXELS = (ACU-PAGENUM-SYS - 1) 
           * PAGE-HEIGHT OF Report1-HEIGHT
        COMPUTE Report1-CLEFTOFFSET = 
           Report1-CLEFTOFFSET + DETAIL-WIDTH
        MOVE 0 TO CNT-INPAGEPIXELS
        ADD 1 TO CURRENT-COL
     ELSE
        COMPUTE CNT-PIXELS = ACU-PAGENUM-SYS 
           * PAGE-HEIGHT OF Report1-HEIGHT
        MOVE 0 TO Report1-CLEFTOFFSET
        MOVE 0 TO CNT-INPAGEPIXELS
        ADD 1 TO ACU-PAGENUM-SYS
        ADD 1 TO ACU-PAGENUM
        MOVE 1 TO CURRENT-COL
     END-IF
     PERFORM Acu-Report1-HTML-PAGE-FOOTER
     IF SYS-ENDPRIMARYFD = 0
        PERFORM Acu-Report1-HTML-PAGE-HEADER
     END-IF
     .           

 Acu-Report1-FILL-DETAIL-FOR-ZEBRA.
     .

 Acu-Report1-ZEBRA-COLOR-CHANGE.
     .

 Acu-rapor-detay1-DETAIL-PRINT.
     MOVE 809 TO DETAIL-WIDTH
*    BeforePrint
     IF NOT (rapor-detay1-yazdir = "E")
        EXIT PARAGRAPH
     END-IF
     MOVE rapor-detay1-HEIGHT OF Report1-HEIGHT TO CURRENT-HEIGHT
     PERFORM Acu-RPT-Report1-PAGE-FOOTER
     PERFORM Acu-RPT-Report1-PAGE-HEADER
     PERFORM Acu-rapor-detay1-PRINT-RTN
     ADD rapor-detay1-HEIGHT OF Report1-HEIGHT TO CNT-PIXELS
     ADD rapor-detay1-HEIGHT OF Report1-HEIGHT TO CNT-INPAGEPIXELS
     MOVE rapor-detay1-DEF-HEIGHT OF Report1-HEIGHT TO
        rapor-detay1-HEIGHT OF Report1-HEIGHT
     PERFORM Acu-Report1-ZEBRA-COLOR-CHANGE
*    AfterPrint
     .

 Acu-Report1-PH-1-SEC-HEAD.
     MOVE '   <!-- Section (Report1-PH-1) -->' TO PRINT-BUF
     WRITE PRINTF-R FROM PRINT-BUF AFTER 001
     INITIALIZE PRINT-BUF
     COMPUTE TMP-PIXELS = CNT-INPAGEPIXELS - HIGH-OFFSET-IN
     STRING '   <DIV STYLE="',
            'POSITION:ABSOLUTE; TOP:', 
            TMP-PIXELS,
            '; LEFT:0',
            '; WIDTH:809; ',
            'FONT-SIZE:9pt; ',
            'FONT-FAMILY:MS Sans Serif; ',
            'COLOR:#000000; ',
            'BACKGROUND-COLOR:#FFFFFF; ',
            '">'
        DELIMITED BY SIZE INTO PRINT-BUF.
     WRITE PRINTF-R FROM PRINT-BUF AFTER 001
     INITIALIZE PRINT-BUF
     .

 Acu-Report1-PH-1-SEC-FOOT.
     MOVE '      <!-- Ending DIV : to fill the Div Height -->' TO
        PRINT-BUF
     WRITE PRINTF-R FROM PRINT-BUF AFTER 001
     INITIALIZE PRINT-BUF
     STRING '      <DIV STYLE="POSITION:RELATIVE; HEIGHT:',
            Report1-PH-1-HEIGHT OF Report1-HEIGHT, 
            ';"> </DIV>'
        DELIMITED BY SIZE INTO PRINT-BUF.
     WRITE PRINTF-R FROM PRINT-BUF AFTER 001
     INITIALIZE PRINT-BUF
     MOVE '   <!-- End(Section) --></DIV>' TO PRINT-BUF
     WRITE PRINTF-R FROM PRINT-BUF AFTER 001
     .

 Acu-Report1-PH-1-PRINT-RTN.
     MOVE 0 TO SECTION-HIGH-STACK
     MOVE Report1-PH-1-DEF-HEIGHT TO Report1-PH-1-HEIGHT
     PERFORM Acu-Report1-PH-1-SEC-HEAD
* RPT.Box : Report1-RwBox-1
*    BeforePrint
     MOVE '      <!-- Box (Report1-RwBox-1) -->' TO PRINT-BUF
     WRITE PRINTF-R FROM PRINT-BUF AFTER 001
     INITIALIZE PRINT-BUF
     MOVE '      <DIV CLASS="Report1-RwBox-1"></DIV>' TO PRINT-BUF
     WRITE PRINTF-R FROM PRINT-BUF AFTER 001
     INITIALIZE PRINT-BUF
*    AfterPrint
* RPT.Label : Report1-RwLa-2
*    BeforePrint
     MOVE '      <!-- Label (Report1-RwLa-2) -->' TO PRINT-BUF
     WRITE PRINTF-R FROM PRINT-BUF AFTER 001
     INITIALIZE PRINT-BUF
     MOVE '      <DIV CLASS="Report1-RwLa-2" >' TO PRINT-BUF
     WRITE PRINTF-R FROM PRINT-BUF AFTER 001
     INITIALIZE PRINT-BUF
     STRING '         <P><STRONG>',
            'deneme',
            '</STRONG></P></DIV>'
        DELIMITED BY SIZE INTO PRINT-BUF
     WRITE PRINTF-R FROM PRINT-BUF AFTER 001
     INITIALIZE PRINT-BUF
*    AfterPrint
* RPT.Line : Report1-RwLn-2
*    BeforePrint
     MOVE '      <!-- Line (Report1-RwLn-2) -->' TO PRINT-BUF
     WRITE PRINTF-R FROM PRINT-BUF AFTER 001
     INITIALIZE PRINT-BUF
     MOVE '      <DIV CLASS="Report1-RwLn-2"></DIV>' TO PRINT-BUF
     WRITE PRINTF-R FROM PRINT-BUF AFTER 001
     INITIALIZE PRINT-BUF
*    AfterPrint
* RPT.Label : Report1-RwLa-3
*    BeforePrint
     MOVE '      <!-- Label (Report1-RwLa-3) -->' TO PRINT-BUF
     WRITE PRINTF-R FROM PRINT-BUF AFTER 001
     INITIALIZE PRINT-BUF
     MOVE '      <DIV CLASS="Report1-RwLa-3" >' TO PRINT-BUF
     WRITE PRINTF-R FROM PRINT-BUF AFTER 001
     INITIALIZE PRINT-BUF
     STRING '         <P><STRONG>',
            html-fis-adi,
            '</STRONG></P></DIV>'
        DELIMITED BY SIZE INTO PRINT-BUF
     WRITE PRINTF-R FROM PRINT-BUF AFTER 001
     INITIALIZE PRINT-BUF
*    AfterPrint
* RPT.Label : Report1-RwLa-2a
*    BeforePrint
     MOVE '      <!-- Label (Report1-RwLa-2a) -->' TO PRINT-BUF
     WRITE PRINTF-R FROM PRINT-BUF AFTER 001
     INITIALIZE PRINT-BUF
     MOVE '      <DIV CLASS="Report1-RwLa-2a" >' TO PRINT-BUF
     WRITE PRINTF-R FROM PRINT-BUF AFTER 001
     INITIALIZE PRINT-BUF
     STRING '         <P><STRONG>',
            'Fiþ&nbsp;Tarihi&nbsp;/&nbsp;No',
            '</STRONG></P></DIV>'
        DELIMITED BY SIZE INTO PRINT-BUF
     WRITE PRINTF-R FROM PRINT-BUF AFTER 001
     INITIALIZE PRINT-BUF
*    AfterPrint
* RPT.Label : Report1-RwLa-2aa
*    BeforePrint
     MOVE '      <!-- Label (Report1-RwLa-2aa) -->' TO PRINT-BUF
     WRITE PRINTF-R FROM PRINT-BUF AFTER 001
     INITIALIZE PRINT-BUF
     MOVE '      <DIV CLASS="Report1-RwLa-2aa" >' TO PRINT-BUF
     WRITE PRINTF-R FROM PRINT-BUF AFTER 001
     INITIALIZE PRINT-BUF
     STRING '         <P>',
            html-fis-tarih,
            '</P></DIV>'
        DELIMITED BY SIZE INTO PRINT-BUF
     WRITE PRINTF-R FROM PRINT-BUF AFTER 001
     INITIALIZE PRINT-BUF
*    AfterPrint
* RPT.Label : Report1-RwLa-2ab
*    BeforePrint
     MOVE '      <!-- Label (Report1-RwLa-2ab) -->' TO PRINT-BUF
     WRITE PRINTF-R FROM PRINT-BUF AFTER 001
     INITIALIZE PRINT-BUF
     MOVE '      <DIV CLASS="Report1-RwLa-2ab" >' TO PRINT-BUF
     WRITE PRINTF-R FROM PRINT-BUF AFTER 001
     INITIALIZE PRINT-BUF
     STRING '         <P><STRONG>',
            'Ambar&nbsp;Kodu',
            '</STRONG></P></DIV>'
        DELIMITED BY SIZE INTO PRINT-BUF
     WRITE PRINTF-R FROM PRINT-BUF AFTER 001
     INITIALIZE PRINT-BUF
*    AfterPrint
* RPT.Label : Report1-RwLa-2aba
*    BeforePrint
     MOVE '      <!-- Label (Report1-RwLa-2aba) -->' TO PRINT-BUF
     WRITE PRINTF-R FROM PRINT-BUF AFTER 001
     INITIALIZE PRINT-BUF
     MOVE '      <DIV CLASS="Report1-RwLa-2aba" >' TO PRINT-BUF
     WRITE PRINTF-R FROM PRINT-BUF AFTER 001
     INITIALIZE PRINT-BUF
     STRING '         <P><STRONG>',
            'Departman&nbsp;Kodu',
            '</STRONG></P></DIV>'
        DELIMITED BY SIZE INTO PRINT-BUF
     WRITE PRINTF-R FROM PRINT-BUF AFTER 001
     INITIALIZE PRINT-BUF
*    AfterPrint
* RPT.Label : Report1-RwLa-2aaa
*    BeforePrint
     MOVE '      <!-- Label (Report1-RwLa-2aaa) -->' TO PRINT-BUF
     WRITE PRINTF-R FROM PRINT-BUF AFTER 001
     INITIALIZE PRINT-BUF
     MOVE '      <DIV CLASS="Report1-RwLa-2aaa" >' TO PRINT-BUF
     WRITE PRINTF-R FROM PRINT-BUF AFTER 001
     INITIALIZE PRINT-BUF
     STRING '         <P>',
            html-ambar,
            '</P></DIV>'
        DELIMITED BY SIZE INTO PRINT-BUF
     WRITE PRINTF-R FROM PRINT-BUF AFTER 001
     INITIALIZE PRINT-BUF
*    AfterPrint
* RPT.Label : Report1-RwLa-2aaaa
*    BeforePrint
     MOVE '      <!-- Label (Report1-RwLa-2aaaa) -->' TO PRINT-BUF
     WRITE PRINTF-R FROM PRINT-BUF AFTER 001
     INITIALIZE PRINT-BUF
     MOVE '      <DIV CLASS="Report1-RwLa-2aaaa" >' TO PRINT-BUF
     WRITE PRINTF-R FROM PRINT-BUF AFTER 001
     INITIALIZE PRINT-BUF
     STRING '         <P>',
            html-depart,
            '</P></DIV>'
        DELIMITED BY SIZE INTO PRINT-BUF
     WRITE PRINTF-R FROM PRINT-BUF AFTER 001
     INITIALIZE PRINT-BUF
*    AfterPrint
* RPT.Label : Report1-RwLa-2aaab
*    BeforePrint
     MOVE '      <!-- Label (Report1-RwLa-2aaab) -->' TO PRINT-BUF
     WRITE PRINTF-R FROM PRINT-BUF AFTER 001
     INITIALIZE PRINT-BUF
     MOVE '      <DIV CLASS="Report1-RwLa-2aaab" >' TO PRINT-BUF
     WRITE PRINTF-R FROM PRINT-BUF AFTER 001
     INITIALIZE PRINT-BUF
     STRING '         <P>',
            html-ambar-adi,
            '</P></DIV>'
        DELIMITED BY SIZE INTO PRINT-BUF
     WRITE PRINTF-R FROM PRINT-BUF AFTER 001
     INITIALIZE PRINT-BUF
*    AfterPrint
* RPT.Label : Report1-RwLa-2aaaba
*    BeforePrint
     MOVE '      <!-- Label (Report1-RwLa-2aaaba) -->' TO PRINT-BUF
     WRITE PRINTF-R FROM PRINT-BUF AFTER 001
     INITIALIZE PRINT-BUF
     MOVE '      <DIV CLASS="Report1-RwLa-2aaaba" >' TO PRINT-BUF
     WRITE PRINTF-R FROM PRINT-BUF AFTER 001
     INITIALIZE PRINT-BUF
     STRING '         <P>',
            html-depart-adi,
            '</P></DIV>'
        DELIMITED BY SIZE INTO PRINT-BUF
     WRITE PRINTF-R FROM PRINT-BUF AFTER 001
     INITIALIZE PRINT-BUF
*    AfterPrint
* RPT.Label : Report1-RwLa-2ac
*    BeforePrint
     MOVE '      <!-- Label (Report1-RwLa-2ac) -->' TO PRINT-BUF
     WRITE PRINTF-R FROM PRINT-BUF AFTER 001
     INITIALIZE PRINT-BUF
     MOVE '      <DIV CLASS="Report1-RwLa-2ac" >' TO PRINT-BUF
     WRITE PRINTF-R FROM PRINT-BUF AFTER 001
     INITIALIZE PRINT-BUF
     STRING '         <P><STRONG>',
            'Fiþ&nbsp;Tipi',
            '</STRONG></P></DIV>'
        DELIMITED BY SIZE INTO PRINT-BUF
     WRITE PRINTF-R FROM PRINT-BUF AFTER 001
     INITIALIZE PRINT-BUF
*    AfterPrint
* RPT.Label : Report1-RwLa-2abb
*    BeforePrint
     MOVE '      <!-- Label (Report1-RwLa-2abb) -->' TO PRINT-BUF
     WRITE PRINTF-R FROM PRINT-BUF AFTER 001
     INITIALIZE PRINT-BUF
     MOVE '      <DIV CLASS="Report1-RwLa-2abb" >' TO PRINT-BUF
     WRITE PRINTF-R FROM PRINT-BUF AFTER 001
     INITIALIZE PRINT-BUF
     STRING '         <P><STRONG>',
            'Belge&nbsp;Tipi',
            '</STRONG></P></DIV>'
        DELIMITED BY SIZE INTO PRINT-BUF
     WRITE PRINTF-R FROM PRINT-BUF AFTER 001
     INITIALIZE PRINT-BUF
*    AfterPrint
* RPT.Label : Report1-RwLa-2abab
*    BeforePrint
     MOVE '      <!-- Label (Report1-RwLa-2abab) -->' TO PRINT-BUF
     WRITE PRINTF-R FROM PRINT-BUF AFTER 001
     INITIALIZE PRINT-BUF
     MOVE '      <DIV CLASS="Report1-RwLa-2abab" >' TO PRINT-BUF
     WRITE PRINTF-R FROM PRINT-BUF AFTER 001
     INITIALIZE PRINT-BUF
     STRING '         <P><STRONG>',
            'Fatura&nbsp;No',
            '</STRONG></P></DIV>'
        DELIMITED BY SIZE INTO PRINT-BUF
     WRITE PRINTF-R FROM PRINT-BUF AFTER 001
     INITIALIZE PRINT-BUF
*    AfterPrint
* RPT.Label : Report1-RwLa-2aab
*    BeforePrint
     MOVE '      <!-- Label (Report1-RwLa-2aab) -->' TO PRINT-BUF
     WRITE PRINTF-R FROM PRINT-BUF AFTER 001
     INITIALIZE PRINT-BUF
     MOVE '      <DIV CLASS="Report1-RwLa-2aab" >' TO PRINT-BUF
     WRITE PRINTF-R FROM PRINT-BUF AFTER 001
     INITIALIZE PRINT-BUF
     STRING '         <P>',
            html-fis-no,
            '</P></DIV>'
        DELIMITED BY SIZE INTO PRINT-BUF
     WRITE PRINTF-R FROM PRINT-BUF AFTER 001
     INITIALIZE PRINT-BUF
*    AfterPrint
* RPT.Label : Report1-RwLa-2aaabaaa
*    BeforePrint
     MOVE '      <!-- Label (Report1-RwLa-2aaabaaa) -->' TO PRINT-BUF
     WRITE PRINTF-R FROM PRINT-BUF AFTER 001
     INITIALIZE PRINT-BUF
     MOVE '      <DIV CLASS="Report1-RwLa-2aaabaaa" >' TO PRINT-BUF
     WRITE PRINTF-R FROM PRINT-BUF AFTER 001
     INITIALIZE PRINT-BUF
     STRING '         <P>',
            html-pesin-kredi,
            '</P></DIV>'
        DELIMITED BY SIZE INTO PRINT-BUF
     WRITE PRINTF-R FROM PRINT-BUF AFTER 001
     INITIALIZE PRINT-BUF
*    AfterPrint
* RPT.Label : Report1-RwLa-2aaabaaaa
*    BeforePrint
     MOVE '      <!-- Label (Report1-RwLa-2aaabaaaa) -->' TO PRINT-BUF
     WRITE PRINTF-R FROM PRINT-BUF AFTER 001
     INITIALIZE PRINT-BUF
     MOVE '      <DIV CLASS="Report1-RwLa-2aaabaaaa" >' TO PRINT-BUF
     WRITE PRINTF-R FROM PRINT-BUF AFTER 001
     INITIALIZE PRINT-BUF
     STRING '         <P>',
            html-belge-tipi,
            '</P></DIV>'
        DELIMITED BY SIZE INTO PRINT-BUF
     WRITE PRINTF-R FROM PRINT-BUF AFTER 001
     INITIALIZE PRINT-BUF
*    AfterPrint
* RPT.Label : Report1-RwLa-2aaabaaaaa
*    BeforePrint
     MOVE '      <!-- Label (Report1-RwLa-2aaabaaaaa) -->' TO PRINT-BUF
     WRITE PRINTF-R FROM PRINT-BUF AFTER 001
     INITIALIZE PRINT-BUF
     MOVE '      <DIV CLASS="Report1-RwLa-2aaabaaaaa" >' TO PRINT-BUF
     WRITE PRINTF-R FROM PRINT-BUF AFTER 001
     INITIALIZE PRINT-BUF
     STRING '         <P>',
            html-fatura-no,
            '</P></DIV>'
        DELIMITED BY SIZE INTO PRINT-BUF
     WRITE PRINTF-R FROM PRINT-BUF AFTER 001
     INITIALIZE PRINT-BUF
*    AfterPrint
* RPT.Label : Report1-RwLa-1ab
*    BeforePrint
     MOVE '      <!-- Label (Report1-RwLa-1ab) -->' TO PRINT-BUF
     WRITE PRINTF-R FROM PRINT-BUF AFTER 001
     INITIALIZE PRINT-BUF
     MOVE '      <DIV CLASS="Report1-RwLa-1ab" >' TO PRINT-BUF
     WRITE PRINTF-R FROM PRINT-BUF AFTER 001
     INITIALIZE PRINT-BUF
     STRING '         <P>',
            'Stok&nbsp;Kodu',
            '</P></DIV>'
        DELIMITED BY SIZE INTO PRINT-BUF
     WRITE PRINTF-R FROM PRINT-BUF AFTER 001
     INITIALIZE PRINT-BUF
*    AfterPrint
* RPT.Label : Report1-RwLa-1aab
*    BeforePrint
     MOVE '      <!-- Label (Report1-RwLa-1aab) -->' TO PRINT-BUF
     WRITE PRINTF-R FROM PRINT-BUF AFTER 001
     INITIALIZE PRINT-BUF
     MOVE '      <DIV CLASS="Report1-RwLa-1aab" >' TO PRINT-BUF
     WRITE PRINTF-R FROM PRINT-BUF AFTER 001
     INITIALIZE PRINT-BUF
     STRING '         <P>',
            'Stok&nbsp;Adi',
            '</P></DIV>'
        DELIMITED BY SIZE INTO PRINT-BUF
     WRITE PRINTF-R FROM PRINT-BUF AFTER 001
     INITIALIZE PRINT-BUF
*    AfterPrint
* RPT.Line : Report1-RwLn-1b
*    BeforePrint
     MOVE '      <!-- Line (Report1-RwLn-1b) -->' TO PRINT-BUF
     WRITE PRINTF-R FROM PRINT-BUF AFTER 001
     INITIALIZE PRINT-BUF
     MOVE '      <DIV CLASS="Report1-RwLn-1b"></DIV>' TO PRINT-BUF
     WRITE PRINTF-R FROM PRINT-BUF AFTER 001
     INITIALIZE PRINT-BUF
*    AfterPrint
* RPT.Label : Report1-RwLa-1aaab
*    BeforePrint
     MOVE '      <!-- Label (Report1-RwLa-1aaab) -->' TO PRINT-BUF
     WRITE PRINTF-R FROM PRINT-BUF AFTER 001
     INITIALIZE PRINT-BUF
     MOVE '      <DIV CLASS="Report1-RwLa-1aaab" >' TO PRINT-BUF
     WRITE PRINTF-R FROM PRINT-BUF AFTER 001
     INITIALIZE PRINT-BUF
     STRING '         <P>',
            'Br',
            '</P></DIV>'
        DELIMITED BY SIZE INTO PRINT-BUF
     WRITE PRINTF-R FROM PRINT-BUF AFTER 001
     INITIALIZE PRINT-BUF
*    AfterPrint
* RPT.Label : Report1-RwLa-1aaaab
*    BeforePrint
     MOVE '      <!-- Label (Report1-RwLa-1aaaab) -->' TO PRINT-BUF
     WRITE PRINTF-R FROM PRINT-BUF AFTER 001
     INITIALIZE PRINT-BUF
     MOVE '      <DIV CLASS="Report1-RwLa-1aaaab" >' TO PRINT-BUF
     WRITE PRINTF-R FROM PRINT-BUF AFTER 001
     INITIALIZE PRINT-BUF
     STRING '         <P>',
            'Miktar',
            '</P></DIV>'
        DELIMITED BY SIZE INTO PRINT-BUF
     WRITE PRINTF-R FROM PRINT-BUF AFTER 001
     INITIALIZE PRINT-BUF
*    AfterPrint
* RPT.Label : Report1-RwLa-1aaaaabb
*    BeforePrint
     MOVE '      <!-- Label (Report1-RwLa-1aaaaabb) -->' TO PRINT-BUF
     WRITE PRINTF-R FROM PRINT-BUF AFTER 001
     INITIALIZE PRINT-BUF
     MOVE '      <DIV CLASS="Report1-RwLa-1aaaaabb" >' TO PRINT-BUF
     WRITE PRINTF-R FROM PRINT-BUF AFTER 001
     INITIALIZE PRINT-BUF
     STRING '         <P>',
            'P1',
            '</P></DIV>'
        DELIMITED BY SIZE INTO PRINT-BUF
     WRITE PRINTF-R FROM PRINT-BUF AFTER 001
     INITIALIZE PRINT-BUF
*    AfterPrint
* RPT.Label : Report1-RwLa-1aaaaabab
*    BeforePrint
     MOVE '      <!-- Label (Report1-RwLa-1aaaaabab) -->' TO PRINT-BUF
     WRITE PRINTF-R FROM PRINT-BUF AFTER 001
     INITIALIZE PRINT-BUF
     MOVE '      <DIV CLASS="Report1-RwLa-1aaaaabab" >' TO PRINT-BUF
     WRITE PRINTF-R FROM PRINT-BUF AFTER 001
     INITIALIZE PRINT-BUF
     STRING '         <P>',
            'P2',
            '</P></DIV>'
        DELIMITED BY SIZE INTO PRINT-BUF
     WRITE PRINTF-R FROM PRINT-BUF AFTER 001
     INITIALIZE PRINT-BUF
*    AfterPrint
* RPT.Line : Report1-RwLn-1aa
*    BeforePrint
     MOVE '      <!-- Line (Report1-RwLn-1aa) -->' TO PRINT-BUF
     WRITE PRINTF-R FROM PRINT-BUF AFTER 001
     INITIALIZE PRINT-BUF
     MOVE '      <DIV CLASS="Report1-RwLn-1aa"></DIV>' TO PRINT-BUF
     WRITE PRINTF-R FROM PRINT-BUF AFTER 001
     INITIALIZE PRINT-BUF
*    AfterPrint
* RPT.Date-Time : Report1-RwDtTm-1
*    BeforePrint
     MOVE '      <!-- Date-Time (Report1-RwDtTm-1) -->' TO PRINT-BUF
     WRITE PRINTF-R FROM PRINT-BUF AFTER 001
     INITIALIZE PRINT-BUF
     MOVE '      <DIV CLASS="Report1-RwDtTm-1" >' TO PRINT-BUF
     WRITE PRINTF-R FROM PRINT-BUF AFTER 001
     INITIALIZE PRINT-BUF
     MOVE '         <P><STRONG>' TO PRINT-BUF
     WRITE PRINTF-R FROM PRINT-BUF AFTER 001
     INITIALIZE PRINT-BUF
     PERFORM Acu-Report1-RwDtTm-1-FORMAT-CONVERT
     STRING WRK-DATE-REF OF Report1-RwDtTm-1-DATEBUF,
            " ",
            WRK-TIME-REF OF Report1-RwDtTm-1-DATEBUF
        DELIMITED BY SIZE INTO PRINT-BUF
     WRITE PRINTF-R FROM PRINT-BUF AFTER 001
     INITIALIZE PRINT-BUF
     MOVE '         </STRONG></P></DIV>' TO PRINT-BUF
     WRITE PRINTF-R FROM PRINT-BUF AFTER 001
     INITIALIZE PRINT-BUF
*    AfterPrint
* RPT.Label : Report1-RwLa-2abaaa
*    BeforePrint
     MOVE '      <!-- Label (Report1-RwLa-2abaaa) -->' TO PRINT-BUF
     WRITE PRINTF-R FROM PRINT-BUF AFTER 001
     INITIALIZE PRINT-BUF
     MOVE '      <DIV CLASS="Report1-RwLa-2abaaa" >' TO PRINT-BUF
     WRITE PRINTF-R FROM PRINT-BUF AFTER 001
     INITIALIZE PRINT-BUF
     STRING '         <P><STRONG>',
            'NOT',
            '</STRONG></P></DIV>'
        DELIMITED BY SIZE INTO PRINT-BUF
     WRITE PRINTF-R FROM PRINT-BUF AFTER 001
     INITIALIZE PRINT-BUF
*    AfterPrint
* RPT.Label : Report1-RwLa-20
*    BeforePrint
     MOVE '      <!-- Label (Report1-RwLa-20) -->' TO PRINT-BUF
     WRITE PRINTF-R FROM PRINT-BUF AFTER 001
     INITIALIZE PRINT-BUF
     MOVE '      <DIV CLASS="Report1-RwLa-20" >' TO PRINT-BUF
     WRITE PRINTF-R FROM PRINT-BUF AFTER 001
     INITIALIZE PRINT-BUF
     STRING '         <P><STRONG>',
            html-not,
            '</STRONG></P></DIV>'
        DELIMITED BY SIZE INTO PRINT-BUF
     WRITE PRINTF-R FROM PRINT-BUF AFTER 001
     INITIALIZE PRINT-BUF
*    AfterPrint
* RPT.Label : Report1-RwLa-18b
*    BeforePrint
     MOVE '      <!-- Label (Report1-RwLa-18b) -->' TO PRINT-BUF
     WRITE PRINTF-R FROM PRINT-BUF AFTER 001
     INITIALIZE PRINT-BUF
     MOVE '      <DIV CLASS="Report1-RwLa-18b" >' TO PRINT-BUF
     WRITE PRINTF-R FROM PRINT-BUF AFTER 001
     INITIALIZE PRINT-BUF
     STRING '         <P><STRONG>',
            ':',
            '</STRONG></P></DIV>'
        DELIMITED BY SIZE INTO PRINT-BUF
     WRITE PRINTF-R FROM PRINT-BUF AFTER 001
     INITIALIZE PRINT-BUF
*    AfterPrint
* RPT.Label : Report1-RwLa-18ba
*    BeforePrint
     MOVE '      <!-- Label (Report1-RwLa-18ba) -->' TO PRINT-BUF
     WRITE PRINTF-R FROM PRINT-BUF AFTER 001
     INITIALIZE PRINT-BUF
     MOVE '      <DIV CLASS="Report1-RwLa-18ba" >' TO PRINT-BUF
     WRITE PRINTF-R FROM PRINT-BUF AFTER 001
     INITIALIZE PRINT-BUF
     STRING '         <P><STRONG>',
            ':',
            '</STRONG></P></DIV>'
        DELIMITED BY SIZE INTO PRINT-BUF
     WRITE PRINTF-R FROM PRINT-BUF AFTER 001
     INITIALIZE PRINT-BUF
*    AfterPrint
* RPT.Label : Report1-RwLa-18baa
*    BeforePrint
     MOVE '      <!-- Label (Report1-RwLa-18baa) -->' TO PRINT-BUF
     WRITE PRINTF-R FROM PRINT-BUF AFTER 001
     INITIALIZE PRINT-BUF
     MOVE '      <DIV CLASS="Report1-RwLa-18baa" >' TO PRINT-BUF
     WRITE PRINTF-R FROM PRINT-BUF AFTER 001
     INITIALIZE PRINT-BUF
     STRING '         <P><STRONG>',
            ':',
            '</STRONG></P></DIV>'
        DELIMITED BY SIZE INTO PRINT-BUF
     WRITE PRINTF-R FROM PRINT-BUF AFTER 001
     INITIALIZE PRINT-BUF
*    AfterPrint
* RPT.Label : Report1-RwLa-18baaa
*    BeforePrint
     MOVE '      <!-- Label (Report1-RwLa-18baaa) -->' TO PRINT-BUF
     WRITE PRINTF-R FROM PRINT-BUF AFTER 001
     INITIALIZE PRINT-BUF
     MOVE '      <DIV CLASS="Report1-RwLa-18baaa" >' TO PRINT-BUF
     WRITE PRINTF-R FROM PRINT-BUF AFTER 001
     INITIALIZE PRINT-BUF
     STRING '         <P><STRONG>',
            ':',
            '</STRONG></P></DIV>'
        DELIMITED BY SIZE INTO PRINT-BUF
     WRITE PRINTF-R FROM PRINT-BUF AFTER 001
     INITIALIZE PRINT-BUF
*    AfterPrint
* RPT.Label : Report1-RwLa-18baaaa
*    BeforePrint
     MOVE '      <!-- Label (Report1-RwLa-18baaaa) -->' TO PRINT-BUF
     WRITE PRINTF-R FROM PRINT-BUF AFTER 001
     INITIALIZE PRINT-BUF
     MOVE '      <DIV CLASS="Report1-RwLa-18baaaa" >' TO PRINT-BUF
     WRITE PRINTF-R FROM PRINT-BUF AFTER 001
     INITIALIZE PRINT-BUF
     STRING '         <P><STRONG>',
            ':',
            '</STRONG></P></DIV>'
        DELIMITED BY SIZE INTO PRINT-BUF
     WRITE PRINTF-R FROM PRINT-BUF AFTER 001
     INITIALIZE PRINT-BUF
*    AfterPrint
* RPT.Label : Report1-RwLa-18bb
*    BeforePrint
     MOVE '      <!-- Label (Report1-RwLa-18bb) -->' TO PRINT-BUF
     WRITE PRINTF-R FROM PRINT-BUF AFTER 001
     INITIALIZE PRINT-BUF
     MOVE '      <DIV CLASS="Report1-RwLa-18bb" >' TO PRINT-BUF
     WRITE PRINTF-R FROM PRINT-BUF AFTER 001
     INITIALIZE PRINT-BUF
     STRING '         <P><STRONG>',
            ':',
            '</STRONG></P></DIV>'
        DELIMITED BY SIZE INTO PRINT-BUF
     WRITE PRINTF-R FROM PRINT-BUF AFTER 001
     INITIALIZE PRINT-BUF
*    AfterPrint
* RPT.Label : Report1-RwLa-18bab
*    BeforePrint
     MOVE '      <!-- Label (Report1-RwLa-18bab) -->' TO PRINT-BUF
     WRITE PRINTF-R FROM PRINT-BUF AFTER 001
     INITIALIZE PRINT-BUF
     MOVE '      <DIV CLASS="Report1-RwLa-18bab" >' TO PRINT-BUF
     WRITE PRINTF-R FROM PRINT-BUF AFTER 001
     INITIALIZE PRINT-BUF
     STRING '         <P><STRONG>',
            ':',
            '</STRONG></P></DIV>'
        DELIMITED BY SIZE INTO PRINT-BUF
     WRITE PRINTF-R FROM PRINT-BUF AFTER 001
     INITIALIZE PRINT-BUF
*    AfterPrint
* RPT.Label : Report1-RwLa-18baab
*    BeforePrint
     MOVE '      <!-- Label (Report1-RwLa-18baab) -->' TO PRINT-BUF
     WRITE PRINTF-R FROM PRINT-BUF AFTER 001
     INITIALIZE PRINT-BUF
     MOVE '      <DIV CLASS="Report1-RwLa-18baab" >' TO PRINT-BUF
     WRITE PRINTF-R FROM PRINT-BUF AFTER 001
     INITIALIZE PRINT-BUF
     STRING '         <P><STRONG>',
            ':',
            '</STRONG></P></DIV>'
        DELIMITED BY SIZE INTO PRINT-BUF
     WRITE PRINTF-R FROM PRINT-BUF AFTER 001
     INITIALIZE PRINT-BUF
*    AfterPrint
* RPT.Label : Report1-RwLa-1aaaaac
*    BeforePrint
     MOVE '      <!-- Label (Report1-RwLa-1aaaaac) -->' TO PRINT-BUF
     WRITE PRINTF-R FROM PRINT-BUF AFTER 001
     INITIALIZE PRINT-BUF
     MOVE '      <DIV CLASS="Report1-RwLa-1aaaaac" >' TO PRINT-BUF
     WRITE PRINTF-R FROM PRINT-BUF AFTER 001
     INITIALIZE PRINT-BUF
     STRING '         <P>',
            'Depo&nbsp;Onay&nbsp;Miktari',
            '</P></DIV>'
        DELIMITED BY SIZE INTO PRINT-BUF
     WRITE PRINTF-R FROM PRINT-BUF AFTER 001
     INITIALIZE PRINT-BUF
*    AfterPrint
* RPT.Label : Report1-RwLa-1aabb
*    BeforePrint
     MOVE '      <!-- Label (Report1-RwLa-1aabb) -->' TO PRINT-BUF
     WRITE PRINTF-R FROM PRINT-BUF AFTER 001
     INITIALIZE PRINT-BUF
     MOVE '      <DIV CLASS="Report1-RwLa-1aabb" >' TO PRINT-BUF
     WRITE PRINTF-R FROM PRINT-BUF AFTER 001
     INITIALIZE PRINT-BUF
     STRING '         <P>',
            'Açýklama',
            '</P></DIV>'
        DELIMITED BY SIZE INTO PRINT-BUF
     WRITE PRINTF-R FROM PRINT-BUF AFTER 001
     INITIALIZE PRINT-BUF
*    AfterPrint
     PERFORM Acu-Report1-PH-1-SEC-FOOT
     .

 Acu-rapor-detay1-SEC-HEAD.
     MOVE '   <!-- Section (rapor-detay1) -->' TO PRINT-BUF
     WRITE PRINTF-R FROM PRINT-BUF AFTER 001
     INITIALIZE PRINT-BUF
     COMPUTE TMP-PIXELS = CNT-INPAGEPIXELS - HIGH-OFFSET-IN
     STRING '   <DIV STYLE="',
            'POSITION:ABSOLUTE; TOP:', 
            TMP-PIXELS,
            '; LEFT:0',
            '; WIDTH:809; ',
            'FONT-SIZE:9pt; ',
            'FONT-FAMILY:MS Sans Serif; ',
            'COLOR:#000000; ',
            'BACKGROUND-COLOR:', rapor-detay1-BGCOLOR ,
            '">'
        DELIMITED BY SIZE INTO PRINT-BUF.
     WRITE PRINTF-R FROM PRINT-BUF AFTER 001
     INITIALIZE PRINT-BUF
     .

 Acu-rapor-detay1-SEC-FOOT.
     MOVE '      <!-- Ending DIV : to fill the Div Height -->' TO
        PRINT-BUF
     WRITE PRINTF-R FROM PRINT-BUF AFTER 001
     INITIALIZE PRINT-BUF
     STRING '      <DIV STYLE="POSITION:RELATIVE; HEIGHT:',
            rapor-detay1-HEIGHT OF Report1-HEIGHT, 
            ';"> </DIV>'
        DELIMITED BY SIZE INTO PRINT-BUF.
     WRITE PRINTF-R FROM PRINT-BUF AFTER 001
     INITIALIZE PRINT-BUF
     MOVE '   <!-- End(Section) --></DIV>' TO PRINT-BUF
     WRITE PRINTF-R FROM PRINT-BUF AFTER 001
     .

 Acu-rapor-detay1-PRINT-RTN.
     MOVE 0 TO SECTION-HIGH-STACK
     MOVE rapor-detay1-DEF-HEIGHT TO rapor-detay1-HEIGHT
     PERFORM Acu-rapor-detay1-SEC-HEAD
* RPT.Label : Report1-RwLa-1aba
*    BeforePrint
     MOVE '      <!-- Label (Report1-RwLa-1aba) -->' TO PRINT-BUF
     WRITE PRINTF-R FROM PRINT-BUF AFTER 001
     INITIALIZE PRINT-BUF
     MOVE '      <DIV CLASS="Report1-RwLa-1aba" >' TO PRINT-BUF
     WRITE PRINTF-R FROM PRINT-BUF AFTER 001
     INITIALIZE PRINT-BUF
     STRING '         <P>',
            html-stk-kodu,
            '</P></DIV>'
        DELIMITED BY SIZE INTO PRINT-BUF
     WRITE PRINTF-R FROM PRINT-BUF AFTER 001
     INITIALIZE PRINT-BUF
*    AfterPrint
* RPT.Label : Report1-RwLa-1aaba
*    BeforePrint
     MOVE '      <!-- Label (Report1-RwLa-1aaba) -->' TO PRINT-BUF
     WRITE PRINTF-R FROM PRINT-BUF AFTER 001
     INITIALIZE PRINT-BUF
     MOVE '      <DIV CLASS="Report1-RwLa-1aaba" >' TO PRINT-BUF
     WRITE PRINTF-R FROM PRINT-BUF AFTER 001
     INITIALIZE PRINT-BUF
     STRING '         <P>',
            html-stk-adi,
            '</P></DIV>'
        DELIMITED BY SIZE INTO PRINT-BUF
     WRITE PRINTF-R FROM PRINT-BUF AFTER 001
     INITIALIZE PRINT-BUF
*    AfterPrint
* RPT.Label : Report1-RwLa-1aaaba
*    BeforePrint
     MOVE '      <!-- Label (Report1-RwLa-1aaaba) -->' TO PRINT-BUF
     WRITE PRINTF-R FROM PRINT-BUF AFTER 001
     INITIALIZE PRINT-BUF
     MOVE '      <DIV CLASS="Report1-RwLa-1aaaba" >' TO PRINT-BUF
     WRITE PRINTF-R FROM PRINT-BUF AFTER 001
     INITIALIZE PRINT-BUF
     STRING '         <P>',
            html-stk-birimi,
            '</P></DIV>'
        DELIMITED BY SIZE INTO PRINT-BUF
     WRITE PRINTF-R FROM PRINT-BUF AFTER 001
     INITIALIZE PRINT-BUF
*    AfterPrint
* RPT.Label : Report1-RwLa-1aaaaba
*    BeforePrint
     MOVE '      <!-- Label (Report1-RwLa-1aaaaba) -->' TO PRINT-BUF
     WRITE PRINTF-R FROM PRINT-BUF AFTER 001
     INITIALIZE PRINT-BUF
     MOVE '      <DIV CLASS="Report1-RwLa-1aaaaba" >' TO PRINT-BUF
     WRITE PRINTF-R FROM PRINT-BUF AFTER 001
     INITIALIZE PRINT-BUF
     STRING '         <P>',
            html-stk-miktar,
            '</P></DIV>'
        DELIMITED BY SIZE INTO PRINT-BUF
     WRITE PRINTF-R FROM PRINT-BUF AFTER 001
     INITIALIZE PRINT-BUF
*    AfterPrint
* RPT.Line : Report1-RwLn-5
*    BeforePrint
     MOVE '      <!-- Line (Report1-RwLn-5) -->' TO PRINT-BUF
     WRITE PRINTF-R FROM PRINT-BUF AFTER 001
     INITIALIZE PRINT-BUF
     MOVE '      <DIV CLASS="Report1-RwLn-5"></DIV>' TO PRINT-BUF
     WRITE PRINTF-R FROM PRINT-BUF AFTER 001
     INITIALIZE PRINT-BUF
*    AfterPrint
* RPT.Line : Report1-RwLn-6
*    BeforePrint
     MOVE '      <!-- Line (Report1-RwLn-6) -->' TO PRINT-BUF
     WRITE PRINTF-R FROM PRINT-BUF AFTER 001
     INITIALIZE PRINT-BUF
     MOVE '      <DIV CLASS="Report1-RwLn-6"></DIV>' TO PRINT-BUF
     WRITE PRINTF-R FROM PRINT-BUF AFTER 001
     INITIALIZE PRINT-BUF
*    AfterPrint
* RPT.Line : Report1-RwLn-6a
*    BeforePrint
     MOVE '      <!-- Line (Report1-RwLn-6a) -->' TO PRINT-BUF
     WRITE PRINTF-R FROM PRINT-BUF AFTER 001
     INITIALIZE PRINT-BUF
     MOVE '      <DIV CLASS="Report1-RwLn-6a"></DIV>' TO PRINT-BUF
     WRITE PRINTF-R FROM PRINT-BUF AFTER 001
     INITIALIZE PRINT-BUF
*    AfterPrint
* RPT.Line : Report1-RwLn-6aa
*    BeforePrint
     MOVE '      <!-- Line (Report1-RwLn-6aa) -->' TO PRINT-BUF
     WRITE PRINTF-R FROM PRINT-BUF AFTER 001
     INITIALIZE PRINT-BUF
     MOVE '      <DIV CLASS="Report1-RwLn-6aa"></DIV>' TO PRINT-BUF
     WRITE PRINTF-R FROM PRINT-BUF AFTER 001
     INITIALIZE PRINT-BUF
*    AfterPrint
* RPT.Label : Report1-RwLa-1aabba
*    BeforePrint
     MOVE '      <!-- Label (Report1-RwLa-1aabba) -->' TO PRINT-BUF
     WRITE PRINTF-R FROM PRINT-BUF AFTER 001
     INITIALIZE PRINT-BUF
     MOVE '      <DIV CLASS="Report1-RwLa-1aabba" >' TO PRINT-BUF
     WRITE PRINTF-R FROM PRINT-BUF AFTER 001
     INITIALIZE PRINT-BUF
     STRING '         <P>',
            html-stk-aciklama,
            '</P></DIV>'
        DELIMITED BY SIZE INTO PRINT-BUF
     WRITE PRINTF-R FROM PRINT-BUF AFTER 001
     INITIALIZE PRINT-BUF
*    AfterPrint
     PERFORM Acu-rapor-detay1-SEC-FOOT
     .

 Acu-Report1-PF-1-SEC-HEAD.
     MOVE '   <!-- Section (Report1-PF-1) -->' TO PRINT-BUF
     WRITE PRINTF-R FROM PRINT-BUF AFTER 001
     INITIALIZE PRINT-BUF
     COMPUTE TMP-PIXELS = CNT-INPAGEPIXELS - HIGH-OFFSET-IN
     STRING '   <DIV STYLE="',
            'POSITION:ABSOLUTE; TOP:', 
            TMP-PIXELS,
            '; LEFT:0',
            '; WIDTH:809; ',
            'FONT-SIZE:9pt; ',
            'FONT-FAMILY:MS Sans Serif; ',
            'COLOR:#000000; ',
            'BACKGROUND-COLOR:#FFFFFF; ',
            '">'
        DELIMITED BY SIZE INTO PRINT-BUF.
     WRITE PRINTF-R FROM PRINT-BUF AFTER 001
     INITIALIZE PRINT-BUF
     .

 Acu-Report1-PF-1-SEC-FOOT.
     MOVE '      <!-- Ending DIV : to fill the Div Height -->' TO
        PRINT-BUF
     WRITE PRINTF-R FROM PRINT-BUF AFTER 001
     INITIALIZE PRINT-BUF
     STRING '      <DIV STYLE="POSITION:RELATIVE; HEIGHT:',
            Report1-PF-1-HEIGHT OF Report1-HEIGHT, 
            ';"> </DIV>'
        DELIMITED BY SIZE INTO PRINT-BUF.
     WRITE PRINTF-R FROM PRINT-BUF AFTER 001
     INITIALIZE PRINT-BUF
     MOVE '   <!-- End(Section) --></DIV>' TO PRINT-BUF
     WRITE PRINTF-R FROM PRINT-BUF AFTER 001
     .

 Acu-Report1-PF-1-PRINT-RTN.
     MOVE 0 TO SECTION-HIGH-STACK
     MOVE Report1-PF-1-DEF-HEIGHT TO Report1-PF-1-HEIGHT
     PERFORM Acu-Report1-PF-1-SEC-HEAD
     PERFORM Acu-Report1-PF-1-SEC-FOOT
     .

 Acu-Report1-RF-1-SEC-HEAD.
     MOVE '   <!-- Section (Report1-RF-1) -->' TO PRINT-BUF
     WRITE PRINTF-R FROM PRINT-BUF AFTER 001
     INITIALIZE PRINT-BUF
     COMPUTE TMP-PIXELS = CNT-INPAGEPIXELS - HIGH-OFFSET-IN
     STRING '   <DIV STYLE="',
            'POSITION:ABSOLUTE; TOP:', 
            TMP-PIXELS,
            '; LEFT:0',
            '; WIDTH:809; ',
            'FONT-SIZE:9pt; ',
            'FONT-FAMILY:MS Sans Serif; ',
            'COLOR:#000000; ',
            'BACKGROUND-COLOR:#FFFFFF; ',
            '">'
        DELIMITED BY SIZE INTO PRINT-BUF.
     WRITE PRINTF-R FROM PRINT-BUF AFTER 001
     INITIALIZE PRINT-BUF
     .

 Acu-Report1-RF-1-SEC-FOOT.
     MOVE '      <!-- Ending DIV : to fill the Div Height -->' TO
        PRINT-BUF
     WRITE PRINTF-R FROM PRINT-BUF AFTER 001
     INITIALIZE PRINT-BUF
     STRING '      <DIV STYLE="POSITION:RELATIVE; HEIGHT:',
            Report1-RF-1-HEIGHT OF Report1-HEIGHT, 
            ';"> </DIV>'
        DELIMITED BY SIZE INTO PRINT-BUF.
     WRITE PRINTF-R FROM PRINT-BUF AFTER 001
     INITIALIZE PRINT-BUF
     MOVE '   <!-- End(Section) --></DIV>' TO PRINT-BUF
     WRITE PRINTF-R FROM PRINT-BUF AFTER 001
     .

 Acu-Report1-RF-1-PRINT-RTN.
     MOVE 0 TO SECTION-HIGH-STACK
     MOVE Report1-RF-1-DEF-HEIGHT TO Report1-RF-1-HEIGHT
     PERFORM Acu-Report1-RF-1-SEC-HEAD
* RPT.Label : Report1-RwLa-1
*    BeforePrint
     MOVE '      <!-- Label (Report1-RwLa-1) -->' TO PRINT-BUF
     WRITE PRINTF-R FROM PRINT-BUF AFTER 001
     INITIALIZE PRINT-BUF
     MOVE '      <DIV CLASS="Report1-RwLa-1" >' TO PRINT-BUF
     WRITE PRINTF-R FROM PRINT-BUF AFTER 001
     INITIALIZE PRINT-BUF
     STRING '         <P><STRONG>',
            'Depo&nbsp;Teslim&nbsp;Eden&nbsp;Personel',
            '</STRONG></P></DIV>'
        DELIMITED BY SIZE INTO PRINT-BUF
     WRITE PRINTF-R FROM PRINT-BUF AFTER 001
     INITIALIZE PRINT-BUF
*    AfterPrint
* RPT.Label : Report1-RwLa-1a
*    BeforePrint
     MOVE '      <!-- Label (Report1-RwLa-1a) -->' TO PRINT-BUF
     WRITE PRINTF-R FROM PRINT-BUF AFTER 001
     INITIALIZE PRINT-BUF
     MOVE '      <DIV CLASS="Report1-RwLa-1a" >' TO PRINT-BUF
     WRITE PRINTF-R FROM PRINT-BUF AFTER 001
     INITIALIZE PRINT-BUF
     STRING '         <P><STRONG>',
            'Teslim&nbsp;Alan&nbsp;Personel',
            '</STRONG></P></DIV>'
        DELIMITED BY SIZE INTO PRINT-BUF
     WRITE PRINTF-R FROM PRINT-BUF AFTER 001
     INITIALIZE PRINT-BUF
*    AfterPrint
* RPT.Label : Report1-RwLa-1b
*    BeforePrint
     MOVE '      <!-- Label (Report1-RwLa-1b) -->' TO PRINT-BUF
     WRITE PRINTF-R FROM PRINT-BUF AFTER 001
     INITIALIZE PRINT-BUF
     MOVE '      <DIV CLASS="Report1-RwLa-1b" >' TO PRINT-BUF
     WRITE PRINTF-R FROM PRINT-BUF AFTER 001
     INITIALIZE PRINT-BUF
     STRING '         <P><STRONG>',
            'Teslim&nbsp;Eden&nbsp;Personel',
            '</STRONG></P></DIV>'
        DELIMITED BY SIZE INTO PRINT-BUF
     WRITE PRINTF-R FROM PRINT-BUF AFTER 001
     INITIALIZE PRINT-BUF
*    AfterPrint
* RPT.Label : Report1-RwLa-21
*    BeforePrint
     MOVE '      <!-- Label (Report1-RwLa-21) -->' TO PRINT-BUF
     WRITE PRINTF-R FROM PRINT-BUF AFTER 001
     INITIALIZE PRINT-BUF
     MOVE '      <DIV CLASS="Report1-RwLa-21" >' TO PRINT-BUF
     WRITE PRINTF-R FROM PRINT-BUF AFTER 001
     INITIALIZE PRINT-BUF
     STRING '         <P><STRONG>',
            'Talep&nbsp;Eden&nbsp;Personel',
            '</STRONG></P></DIV>'
        DELIMITED BY SIZE INTO PRINT-BUF
     WRITE PRINTF-R FROM PRINT-BUF AFTER 001
     INITIALIZE PRINT-BUF
*    AfterPrint
* RPT.Label : Report1-RwLa-2aac
*    BeforePrint
     MOVE '      <!-- Label (Report1-RwLa-2aac) -->' TO PRINT-BUF
     WRITE PRINTF-R FROM PRINT-BUF AFTER 001
     INITIALIZE PRINT-BUF
     MOVE '      <DIV CLASS="Report1-RwLa-2aac" >' TO PRINT-BUF
     WRITE PRINTF-R FROM PRINT-BUF AFTER 001
     INITIALIZE PRINT-BUF
     STRING '         <P>',
            html-fis-talep-eden,
            '</P></DIV>'
        DELIMITED BY SIZE INTO PRINT-BUF
     WRITE PRINTF-R FROM PRINT-BUF AFTER 001
     INITIALIZE PRINT-BUF
*    AfterPrint
     PERFORM Acu-Report1-RF-1-SEC-FOOT
     .

* Date/Time Format Convert
 Acu-Report1-RwDtTm-1-FORMAT-CONVERT.
     ACCEPT WRK-DATE OF Report1-RwDtTm-1-DATEBUF FROM CENTURY-DATE
     MOVE WRK-YEAR  OF Report1-RwDtTm-1-DATEBUF TO WRK-REF-YEAR  OF
        Report1-RwDtTm-1-DATEBUF
     MOVE WRK-MONTH OF Report1-RwDtTm-1-DATEBUF TO WRK-REF-MONTH OF
        Report1-RwDtTm-1-DATEBUF
     MOVE WRK-DAY   OF Report1-RwDtTm-1-DATEBUF TO WRK-REF-DAY   OF
        Report1-RwDtTm-1-DATEBUF
     ACCEPT WRK-TIME OF Report1-RwDtTm-1-DATEBUF FROM TIME
     MOVE WRK-HOUR   OF Report1-RwDtTm-1-DATEBUF TO WRK-REF-HOUR   OF
        Report1-RwDtTm-1-DATEBUF
     MOVE WRK-MINUTE OF Report1-RwDtTm-1-DATEBUF TO WRK-REF-MINUTE OF
        Report1-RwDtTm-1-DATEBUF
     MOVE WRK-SECOND OF Report1-RwDtTm-1-DATEBUF TO WRK-REF-SECOND OF
        Report1-RwDtTm-1-DATEBUF
     .


 Acu-PRINTF-OPEN-ROUTINE.
     OPEN   OUTPUT               PRINTF WITH NO REWIND.
     MOVE   STAT-PRINTF          TO    STAT-PRINTF.
     IF     NOT VALID-PRINTF
            MOVE   "PRINTF"      TO   ACU-ERR-FILE.

 Acu-PRINTF-CLOSE-ROUTINE.
     CLOSE       PRINTF.
     
